[ 2017-09-08T11:22:05+08:00 ] 118.190.138.146 140.205.201.16 GET /
[ log ] tez.lyzfrj.com/ [运行时间：0.013979s][吞吐率：71.54req/s] [内存消耗：1,662.60kb] [文件加载：32]
[ info ] [ LANG ] /www/wwwroot/tez.lyzfrj.com/thinkphp/lang/zh-cn.php
[ info ] [ ROUTE ] array (
  'type' => 'module',
  'module' => 
  array (
    0 => '',
    1 => NULL,
    2 => NULL,
  ),
)
[ info ] [ HEADER ] array (
  'user-agent' => 'Mozilla/4.0 (compatible; MSIE 8.0; Trident/4.0; Windows NT 6.1; SLCC2 2.5.5231; .NET CLR 2.0.50727; .NET CLR 4.1.23457; .NET CLR 4.0.23457; Media Center PC 6.0; MS-WK 8)',
  'accept' => 'text/html,application/xhtml+xml,application/xml;q=0.9,*/*;q=0.8',
  'connection' => 'Keep-Alive',
  'accept-encoding' => 'gzip',
  'accept-language' => 'en-US,*',
  'host' => 'tez.lyzfrj.com',
  'content-type' => '',
  'content-length' => '',
)
[ info ] [ PARAM ] array (
)
[ info ] [ SESSION ] INIT array (
  'id' => '',
  'var_session_id' => '',
  'prefix' => 'think',
  'type' => '',
  'auto_start' => true,
)
[ info ] [ LOG ] INIT File

---------------------------------------------------------------
[ 2017-09-08T11:22:05+08:00 ] 118.190.138.146 140.205.201.16 GET /index.php
[ log ] tez.lyzfrj.com/index.php [运行时间：0.014500s][吞吐率：68.96req/s] [内存消耗：1,741.48kb] [文件加载：33]
[ info ] [ LANG ] /www/wwwroot/tez.lyzfrj.com/thinkphp/lang/zh-cn.php
[ info ] [ ROUTE ] array (
  'type' => 'module',
  'module' => 
  array (
    0 => '',
    1 => NULL,
    2 => NULL,
  ),
)
[ info ] [ HEADER ] array (
  'user-agent' => 'Mozilla/4.0 (compatible; MSIE 8.0; Trident/4.0; Windows NT 6.1; SLCC2 2.5.5231; .NET CLR 2.0.50727; .NET CLR 4.1.23457; .NET CLR 4.0.23457; Media Center PC 6.0; MS-WK 8)',
  'accept' => 'text/html,application/xhtml+xml,application/xml;q=0.9,*/*;q=0.8',
  'cookie' => 'PHPSESSID=b1n7a091gmreuf8trmpibacge3',
  'connection' => 'Keep-Alive',
  'accept-encoding' => 'gzip',
  'accept-language' => 'en-US,*',
  'host' => 'tez.lyzfrj.com',
  'content-type' => '',
  'content-length' => '',
)
[ info ] [ PARAM ] array (
)
[ info ] [ SESSION ] INIT array (
  'id' => '',
  'var_session_id' => '',
  'prefix' => 'think',
  'type' => '',
  'auto_start' => true,
)
[ info ] [ LOG ] INIT File

---------------------------------------------------------------
[ 2017-09-08T11:22:06+08:00 ] 118.190.138.146 140.205.201.16 GET /index.php/admin/login/login.html
[ log ] tez.lyzfrj.com/index.php/admin/login/login.html [运行时间：0.015123s][吞吐率：66.12req/s] [内存消耗：1,713.29kb] [文件加载：34]
[ info ] [ LANG ] /www/wwwroot/tez.lyzfrj.com/thinkphp/lang/zh-cn.php
[ info ] [ ROUTE ] array (
  'type' => 'module',
  'module' => 
  array (
    0 => 'admin',
    1 => 'login',
    2 => 'login',
  ),
)
[ info ] [ HEADER ] array (
  'user-agent' => 'Mozilla/4.0 (compatible; MSIE 8.0; Trident/4.0; Windows NT 6.1; SLCC2 2.5.5231; .NET CLR 2.0.50727; .NET CLR 4.1.23457; .NET CLR 4.0.23457; Media Center PC 6.0; MS-WK 8)',
  'accept' => 'text/html,application/xhtml+xml,application/xml;q=0.9,*/*;q=0.8',
  'cookie' => 'PHPSESSID=b1n7a091gmreuf8trmpibacge3',
  'connection' => 'Keep-Alive',
  'accept-encoding' => 'gzip',
  'accept-language' => 'en-US,*',
  'host' => 'tez.lyzfrj.com',
  'content-type' => '',
  'content-length' => '',
)
[ info ] [ PARAM ] array (
)
[ info ] [ RUN ] app\admin\controller\Login->login[ /www/wwwroot/tez.lyzfrj.com/application/admin/controller/Login.php ]
[ info ] [ VIEW ] /www/wwwroot/tez.lyzfrj.com/application/admin/view/login/login.html [ array (
  0 => 'headArr',
) ]
[ info ] [ LOG ] INIT File

---------------------------------------------------------------
[ 2017-09-08T11:22:06+08:00 ] 118.190.138.146 140.205.201.16 GET /index.php/admin/common/verify.html
[ log ] tez.lyzfrj.com/index.php/admin/common/verify.html [运行时间：0.013359s][吞吐率：74.86req/s] [内存消耗：1,460.52kb] [文件加载：28]
[ info ] [ LANG ] /www/wwwroot/tez.lyzfrj.com/thinkphp/lang/zh-cn.php
[ info ] [ ROUTE ] array (
  'type' => 'module',
  'module' => 
  array (
    0 => 'admin',
    1 => 'common',
    2 => 'verify',
  ),
)
[ info ] [ HEADER ] array (
  'user-agent' => 'Mozilla/4.0 (compatible; MSIE 8.0; Trident/4.0; Windows NT 6.1; SLCC2 2.5.5231; .NET CLR 2.0.50727; .NET CLR 4.1.23457; .NET CLR 4.0.23457; Media Center PC 6.0; MS-WK 8)',
  'referer' => 'http://tez.lyzfrj.com/index.php/admin/login/login.html',
  'accept' => '*/*',
  'cookie' => 'PHPSESSID=b1n7a091gmreuf8trmpibacge3',
  'connection' => 'Keep-Alive',
  'accept-encoding' => 'gzip',
  'accept-language' => 'en-US,*',
  'host' => 'tez.lyzfrj.com',
  'content-type' => '',
  'content-length' => '',
)
[ info ] [ PARAM ] array (
)
[ info ] [ RUN ] app\admin\controller\Common->verify[ /www/wwwroot/tez.lyzfrj.com/application/admin/controller/Common.php ]
[ info ] [ SESSION ] INIT array (
  'id' => '',
  'var_session_id' => '',
  'prefix' => 'think',
  'type' => '',
  'auto_start' => true,
)
[ info ] [ LOG ] INIT File

---------------------------------------------------------------
[ 2017-09-08T17:59:24+08:00 ] 118.190.138.146 106.11.242.190 GET /
[ log ] tez.lyzfrj.com/ [运行时间：0.014023s][吞吐率：71.31req/s] [内存消耗：1,662.74kb] [文件加载：32]
[ info ] [ LANG ] /www/wwwroot/tez.lyzfrj.com/thinkphp/lang/zh-cn.php
[ info ] [ ROUTE ] array (
  'type' => 'module',
  'module' => 
  array (
    0 => '',
    1 => NULL,
    2 => NULL,
  ),
)
[ info ] [ HEADER ] array (
  'accept-encoding' => 'gzip',
  'user-agent' => 'Mozilla/5.0 (iPad; CPU OS 9_1 like Mac OS X) AppleWebKit/601.1.46 (KHTML, like Gecko) Version/9.0 Mobile/13B143 Safari/601.1',
  'cache-control' => 'no-cache',
  'pragma' => 'no-cache',
  'host' => 'tez.lyzfrj.com',
  'accept' => 'text/html, image/gif, image/jpeg, *; q=.2, */*; q=.2',
  'connection' => 'keep-alive',
  'content-type' => '',
  'content-length' => '',
)
[ info ] [ PARAM ] array (
)
[ info ] [ SESSION ] INIT array (
  'id' => '',
  'var_session_id' => '',
  'prefix' => 'think',
  'type' => '',
  'auto_start' => true,
)
[ info ] [ LOG ] INIT File

---------------------------------------------------------------
