[ 2017-09-15T14:40:57+08:00 ] 118.190.138.146 123.151.42.57 GET /
[ log ] tez.lyzfrj.com/ [运行时间：0.013869s][吞吐率：72.10req/s] [内存消耗：1,663.13kb] [文件加载：32]
[ info ] [ LANG ] /www/wwwroot/tez.lyzfrj.com/thinkphp/lang/zh-cn.php
[ info ] [ ROUTE ] array (
  'type' => 'module',
  'module' => 
  array (
    0 => '',
    1 => NULL,
    2 => NULL,
  ),
)
[ info ] [ HEADER ] array (
  'accept' => 'text/html,application/xhtml+xml,application/xml;q=0.9,image/webp,image/wxpic,image/sharpp,*/*;q=0.8',
  'accept-encoding' => 'gzip',
  'accept-language' => 'zh-CN,en-US;q=0.8',
  'connection' => 'close',
  'cookie' => 'PHPSESSID=6ecsq2f74o8c3m7pjfe28fdgb3',
  'host' => 'tez.lyzfrj.com',
  'upgrade-insecure-requests' => '1',
  'user-agent' => 'Mozilla/5.0 (Linux; Android 6.0; Letv X500 Build/DBXCNOP5902605181S; wv) AppleWebKit/537.36 (KHTML, like Gecko) Version/4.0 Chrome/53.0.2785.49 Mobile MQQBrowser/6.2 TBS/043508 Safari/537.36 MicroMessenger/6.3.9.48_refecd3e.700 NetType/WIFI Language/zh_CN',
  'x-forwarded-for' => '27.218.140.117',
  'content-type' => '',
  'content-length' => '',
)
[ info ] [ PARAM ] array (
)
[ info ] [ SESSION ] INIT array (
  'id' => '',
  'var_session_id' => '',
  'prefix' => 'think',
  'type' => '',
  'auto_start' => true,
)
[ info ] [ LOG ] INIT File

---------------------------------------------------------------
[ 2017-09-15T14:40:57+08:00 ] 118.190.138.146 123.151.42.57 GET /index.php
[ log ] tez.lyzfrj.com/index.php [运行时间：0.014547s][吞吐率：68.74req/s] [内存消耗：1,742.01kb] [文件加载：33]
[ info ] [ LANG ] /www/wwwroot/tez.lyzfrj.com/thinkphp/lang/zh-cn.php
[ info ] [ ROUTE ] array (
  'type' => 'module',
  'module' => 
  array (
    0 => '',
    1 => NULL,
    2 => NULL,
  ),
)
[ info ] [ HEADER ] array (
  'accept' => 'text/html,application/xhtml+xml,application/xml;q=0.9,image/webp,image/wxpic,image/sharpp,*/*;q=0.8',
  'accept-encoding' => 'gzip',
  'accept-language' => 'zh-CN,en-US;q=0.8',
  'connection' => 'close',
  'cookie' => 'PHPSESSID=6ecsq2f74o8c3m7pjfe28fdgb3',
  'host' => 'tez.lyzfrj.com',
  'referer' => 'http://tez.lyzfrj.com/',
  'upgrade-insecure-requests' => '1',
  'user-agent' => 'Mozilla/5.0 (Linux; Android 6.0; Letv X500 Build/DBXCNOP5902605181S; wv) AppleWebKit/537.36 (KHTML, like Gecko) Version/4.0 Chrome/53.0.2785.49 Mobile MQQBrowser/6.2 TBS/043508 Safari/537.36 MicroMessenger/6.3.9.48_refecd3e.700 NetType/WIFI Language/zh_CN',
  'x-forwarded-for' => '27.218.140.117',
  'content-type' => '',
  'content-length' => '',
)
[ info ] [ PARAM ] array (
)
[ info ] [ SESSION ] INIT array (
  'id' => '',
  'var_session_id' => '',
  'prefix' => 'think',
  'type' => '',
  'auto_start' => true,
)
[ info ] [ LOG ] INIT File

---------------------------------------------------------------
[ 2017-09-15T14:40:57+08:00 ] 118.190.138.146 123.151.42.57 GET /index.php/admin/login/login.html
[ log ] tez.lyzfrj.com/index.php/admin/login/login.html [运行时间：0.015430s][吞吐率：64.81req/s] [内存消耗：1,713.77kb] [文件加载：34]
[ info ] [ LANG ] /www/wwwroot/tez.lyzfrj.com/thinkphp/lang/zh-cn.php
[ info ] [ ROUTE ] array (
  'type' => 'module',
  'module' => 
  array (
    0 => 'admin',
    1 => 'login',
    2 => 'login',
  ),
)
[ info ] [ HEADER ] array (
  'accept' => 'text/html,application/xhtml+xml,application/xml;q=0.9,image/webp,image/wxpic,image/sharpp,*/*;q=0.8',
  'accept-encoding' => 'gzip',
  'accept-language' => 'zh-CN,en-US;q=0.8',
  'connection' => 'close',
  'cookie' => 'PHPSESSID=6ecsq2f74o8c3m7pjfe28fdgb3',
  'host' => 'tez.lyzfrj.com',
  'referer' => 'http://tez.lyzfrj.com/index.php',
  'upgrade-insecure-requests' => '1',
  'user-agent' => 'Mozilla/5.0 (Linux; Android 6.0; Letv X500 Build/DBXCNOP5902605181S; wv) AppleWebKit/537.36 (KHTML, like Gecko) Version/4.0 Chrome/53.0.2785.49 Mobile MQQBrowser/6.2 TBS/043508 Safari/537.36 MicroMessenger/6.3.9.48_refecd3e.700 NetType/WIFI Language/zh_CN',
  'x-forwarded-for' => '27.218.140.117',
  'content-type' => '',
  'content-length' => '',
)
[ info ] [ PARAM ] array (
)
[ info ] [ RUN ] app\admin\controller\Login->login[ /www/wwwroot/tez.lyzfrj.com/application/admin/controller/Login.php ]
[ info ] [ VIEW ] /www/wwwroot/tez.lyzfrj.com/application/admin/view/login/login.html [ array (
  0 => 'headArr',
) ]
[ info ] [ LOG ] INIT File

---------------------------------------------------------------
[ 2017-09-15T14:40:57+08:00 ] 118.190.138.146 61.49.57.55 GET /
[ log ] tez.lyzfrj.com/ [运行时间：0.014003s][吞吐率：71.41req/s] [内存消耗：1,663.07kb] [文件加载：32]
[ info ] [ LANG ] /www/wwwroot/tez.lyzfrj.com/thinkphp/lang/zh-cn.php
[ info ] [ ROUTE ] array (
  'type' => 'module',
  'module' => 
  array (
    0 => '',
    1 => NULL,
    2 => NULL,
  ),
)
[ info ] [ HEADER ] array (
  'accept' => 'text/vnd.wap.wml,text/html,application/vnd.wap.xhtml+xml,application/xhtml+xml',
  'accept-charset' => 'gb2312,iso8859-1,utf-8',
  'accept-encoding' => 'gzip,deflate',
  'connection' => 'close',
  'host' => 'tez.lyzfrj.com',
  'q-ua' => 'KQB22_GA/220020&KMTT_3/200020&JV2&151920&SunMicrosystemswtk&0&4309&V3',
  'user-agent' => 'Mozilla/5.0 (Windows; U; Windows NT 5.1; zh-CN; rv:1.9b4) Gecko/2008030317 Firefox/3.0b4',
  'content-type' => '',
  'content-length' => '',
)
[ info ] [ PARAM ] array (
)
[ info ] [ SESSION ] INIT array (
  'id' => '',
  'var_session_id' => '',
  'prefix' => 'think',
  'type' => '',
  'auto_start' => true,
)
[ info ] [ LOG ] INIT File

---------------------------------------------------------------
[ 2017-09-15T14:40:57+08:00 ] 118.190.138.146 111.30.137.184 GET /
[ log ] tez.lyzfrj.com/ [运行时间：0.014508s][吞吐率：68.93req/s] [内存消耗：1,663.07kb] [文件加载：32]
[ info ] [ LANG ] /www/wwwroot/tez.lyzfrj.com/thinkphp/lang/zh-cn.php
[ info ] [ ROUTE ] array (
  'type' => 'module',
  'module' => 
  array (
    0 => '',
    1 => NULL,
    2 => NULL,
  ),
)
[ info ] [ HEADER ] array (
  'accept' => 'text/vnd.wap.wml,text/html,application/vnd.wap.xhtml+xml,application/xhtml+xml',
  'accept-charset' => 'gb2312,iso8859-1,utf-8',
  'accept-encoding' => 'gzip,deflate',
  'connection' => 'close',
  'host' => 'tez.lyzfrj.com',
  'q-ua' => 'KQB22_GA/220020&KMTT_3/200020&JV2&151920&SunMicrosystemswtk&0&4309&V3',
  'user-agent' => 'Mozilla/5.0 (Windows; U; Windows NT 5.1; zh-CN; rv:1.9b4) Gecko/2008030317 Firefox/3.0b4',
  'content-type' => '',
  'content-length' => '',
)
[ info ] [ PARAM ] array (
)
[ info ] [ SESSION ] INIT array (
  'id' => '',
  'var_session_id' => '',
  'prefix' => 'think',
  'type' => '',
  'auto_start' => true,
)
[ info ] [ LOG ] INIT File

---------------------------------------------------------------
[ 2017-09-15T14:40:58+08:00 ] 118.190.138.146 111.30.137.184 GET /
[ log ] tez.lyzfrj.com/ [运行时间：0.014982s][吞吐率：66.75req/s] [内存消耗：1,663.07kb] [文件加载：32]
[ info ] [ LANG ] /www/wwwroot/tez.lyzfrj.com/thinkphp/lang/zh-cn.php
[ info ] [ ROUTE ] array (
  'type' => 'module',
  'module' => 
  array (
    0 => '',
    1 => NULL,
    2 => NULL,
  ),
)
[ info ] [ HEADER ] array (
  'accept' => 'text/vnd.wap.wml,text/html,application/vnd.wap.xhtml+xml,application/xhtml+xml',
  'accept-charset' => 'gb2312,iso8859-1,utf-8',
  'accept-encoding' => 'gzip,deflate',
  'connection' => 'close',
  'host' => 'tez.lyzfrj.com',
  'q-ua' => 'KQB22_GA/220020&KMTT_3/200020&JV2&151920&SunMicrosystemswtk&0&4309&V3',
  'user-agent' => 'Mozilla/5.0 (Windows; U; Windows NT 5.1; zh-CN; rv:1.9b4) Gecko/2008030317 Firefox/3.0b4',
  'content-type' => '',
  'content-length' => '',
)
[ info ] [ PARAM ] array (
)
[ info ] [ SESSION ] INIT array (
  'id' => '',
  'var_session_id' => '',
  'prefix' => 'think',
  'type' => '',
  'auto_start' => true,
)
[ info ] [ LOG ] INIT File

---------------------------------------------------------------
[ 2017-09-15T14:40:58+08:00 ] 118.190.138.146 27.218.140.117 GET /index.php/admin/common/verify.html
[ log ] tez.lyzfrj.com/index.php/admin/common/verify.html [运行时间：0.014249s][吞吐率：70.18req/s] [内存消耗：1,460.94kb] [文件加载：28]
[ info ] [ LANG ] /www/wwwroot/tez.lyzfrj.com/thinkphp/lang/zh-cn.php
[ info ] [ ROUTE ] array (
  'type' => 'module',
  'module' => 
  array (
    0 => 'admin',
    1 => 'common',
    2 => 'verify',
  ),
)
[ info ] [ HEADER ] array (
  'host' => 'tez.lyzfrj.com',
  'connection' => 'keep-alive',
  'user-agent' => 'Mozilla/5.0 (Linux; Android 6.0; Letv X500 Build/DBXCNOP5902605181S; wv) AppleWebKit/537.36 (KHTML, like Gecko) Version/4.0 Chrome/53.0.2785.49 Mobile MQQBrowser/6.2 TBS/043508 Safari/537.36 MicroMessenger/6.3.9.48_refecd3e.700 NetType/WIFI Language/zh_CN',
  'accept' => 'image/webp,image/wxpic,image/sharpp,image/*,*/*;q=0.8',
  'referer' => 'http://tez.lyzfrj.com/index.php/admin/login/login.html',
  'accept-encoding' => 'gzip, deflate',
  'accept-language' => 'zh-CN,en-US;q=0.8',
  'cookie' => 'PHPSESSID=6ecsq2f74o8c3m7pjfe28fdgb3',
  'content-type' => '',
  'content-length' => '',
)
[ info ] [ PARAM ] array (
)
[ info ] [ RUN ] app\admin\controller\Common->verify[ /www/wwwroot/tez.lyzfrj.com/application/admin/controller/Common.php ]
[ info ] [ SESSION ] INIT array (
  'id' => '',
  'var_session_id' => '',
  'prefix' => 'think',
  'type' => '',
  'auto_start' => true,
)
[ info ] [ LOG ] INIT File

---------------------------------------------------------------
[ 2017-09-15T14:40:58+08:00 ] 118.190.138.146 111.30.137.184 GET /
[ log ] tez.lyzfrj.com/ [运行时间：0.014427s][吞吐率：69.31req/s] [内存消耗：1,663.07kb] [文件加载：32]
[ info ] [ LANG ] /www/wwwroot/tez.lyzfrj.com/thinkphp/lang/zh-cn.php
[ info ] [ ROUTE ] array (
  'type' => 'module',
  'module' => 
  array (
    0 => '',
    1 => NULL,
    2 => NULL,
  ),
)
[ info ] [ HEADER ] array (
  'accept' => 'text/vnd.wap.wml,text/html,application/vnd.wap.xhtml+xml,application/xhtml+xml',
  'accept-charset' => 'gb2312,iso8859-1,utf-8',
  'accept-encoding' => 'gzip,deflate',
  'connection' => 'close',
  'host' => 'tez.lyzfrj.com',
  'q-ua' => 'KQB22_GA/220020&KMTT_3/200020&JV2&151920&SunMicrosystemswtk&0&4309&V3',
  'user-agent' => 'Mozilla/5.0 (Windows; U; Windows NT 5.1; zh-CN; rv:1.9b4) Gecko/2008030317 Firefox/3.0b4',
  'content-type' => '',
  'content-length' => '',
)
[ info ] [ PARAM ] array (
)
[ info ] [ SESSION ] INIT array (
  'id' => '',
  'var_session_id' => '',
  'prefix' => 'think',
  'type' => '',
  'auto_start' => true,
)
[ info ] [ LOG ] INIT File

---------------------------------------------------------------
[ 2017-09-15T14:40:58+08:00 ] 118.190.138.146 111.30.131.238 GET /
[ log ] tez.lyzfrj.com/ [运行时间：0.014083s][吞吐率：71.01req/s] [内存消耗：1,663.07kb] [文件加载：32]
[ info ] [ LANG ] /www/wwwroot/tez.lyzfrj.com/thinkphp/lang/zh-cn.php
[ info ] [ ROUTE ] array (
  'type' => 'module',
  'module' => 
  array (
    0 => '',
    1 => NULL,
    2 => NULL,
  ),
)
[ info ] [ HEADER ] array (
  'accept' => 'text/vnd.wap.wml,text/html,application/vnd.wap.xhtml+xml,application/xhtml+xml',
  'accept-charset' => 'gb2312,iso8859-1,utf-8',
  'accept-encoding' => 'gzip,deflate',
  'connection' => 'close',
  'host' => 'tez.lyzfrj.com',
  'q-ua' => 'KQB22_GA/220020&KMTT_3/200020&JV2&151920&SunMicrosystemswtk&0&4309&V3',
  'user-agent' => 'Mozilla/5.0 (Windows; U; Windows NT 5.1; zh-CN; rv:1.9b4) Gecko/2008030317 Firefox/3.0b4',
  'content-type' => '',
  'content-length' => '',
)
[ info ] [ PARAM ] array (
)
[ info ] [ SESSION ] INIT array (
  'id' => '',
  'var_session_id' => '',
  'prefix' => 'think',
  'type' => '',
  'auto_start' => true,
)
[ info ] [ LOG ] INIT File

---------------------------------------------------------------
[ 2017-09-15T14:40:58+08:00 ] 118.190.138.146 111.30.131.238 GET /
[ log ] tez.lyzfrj.com/ [运行时间：0.014144s][吞吐率：70.70req/s] [内存消耗：1,663.07kb] [文件加载：32]
[ info ] [ LANG ] /www/wwwroot/tez.lyzfrj.com/thinkphp/lang/zh-cn.php
[ info ] [ ROUTE ] array (
  'type' => 'module',
  'module' => 
  array (
    0 => '',
    1 => NULL,
    2 => NULL,
  ),
)
[ info ] [ HEADER ] array (
  'accept' => 'text/vnd.wap.wml,text/html,application/vnd.wap.xhtml+xml,application/xhtml+xml',
  'accept-charset' => 'gb2312,iso8859-1,utf-8',
  'accept-encoding' => 'gzip,deflate',
  'connection' => 'close',
  'host' => 'tez.lyzfrj.com',
  'q-ua' => 'KQB22_GA/220020&KMTT_3/200020&JV2&151920&SunMicrosystemswtk&0&4309&V3',
  'user-agent' => 'Mozilla/5.0 (Windows; U; Windows NT 5.1; zh-CN; rv:1.9b4) Gecko/2008030317 Firefox/3.0b4',
  'content-type' => '',
  'content-length' => '',
)
[ info ] [ PARAM ] array (
)
[ info ] [ SESSION ] INIT array (
  'id' => '',
  'var_session_id' => '',
  'prefix' => 'think',
  'type' => '',
  'auto_start' => true,
)
[ info ] [ LOG ] INIT File

---------------------------------------------------------------
[ 2017-09-15T14:40:58+08:00 ] 118.190.138.146 111.30.132.208 GET /
[ log ] tez.lyzfrj.com/ [运行时间：0.013883s][吞吐率：72.03req/s] [内存消耗：1,663.07kb] [文件加载：32]
[ info ] [ LANG ] /www/wwwroot/tez.lyzfrj.com/thinkphp/lang/zh-cn.php
[ info ] [ ROUTE ] array (
  'type' => 'module',
  'module' => 
  array (
    0 => '',
    1 => NULL,
    2 => NULL,
  ),
)
[ info ] [ HEADER ] array (
  'accept' => 'text/vnd.wap.wml,text/html,application/vnd.wap.xhtml+xml,application/xhtml+xml',
  'accept-charset' => 'gb2312,iso8859-1,utf-8',
  'accept-encoding' => 'gzip,deflate',
  'connection' => 'close',
  'host' => 'tez.lyzfrj.com',
  'q-ua' => 'KQB22_GA/220020&KMTT_3/200020&JV2&151920&SunMicrosystemswtk&0&4309&V3',
  'user-agent' => 'Mozilla/5.0 (Windows; U; Windows NT 5.1; zh-CN; rv:1.9b4) Gecko/2008030317 Firefox/3.0b4',
  'content-type' => '',
  'content-length' => '',
)
[ info ] [ PARAM ] array (
)
[ info ] [ SESSION ] INIT array (
  'id' => '',
  'var_session_id' => '',
  'prefix' => 'think',
  'type' => '',
  'auto_start' => true,
)
[ info ] [ LOG ] INIT File

---------------------------------------------------------------
[ 2017-09-15T14:40:58+08:00 ] 118.190.138.146 111.30.132.148 GET /
[ log ] tez.lyzfrj.com/ [运行时间：0.014033s][吞吐率：71.26req/s] [内存消耗：1,663.07kb] [文件加载：32]
[ info ] [ LANG ] /www/wwwroot/tez.lyzfrj.com/thinkphp/lang/zh-cn.php
[ info ] [ ROUTE ] array (
  'type' => 'module',
  'module' => 
  array (
    0 => '',
    1 => NULL,
    2 => NULL,
  ),
)
[ info ] [ HEADER ] array (
  'accept' => 'text/vnd.wap.wml,text/html,application/vnd.wap.xhtml+xml,application/xhtml+xml',
  'accept-charset' => 'gb2312,iso8859-1,utf-8',
  'accept-encoding' => 'gzip,deflate',
  'connection' => 'close',
  'host' => 'tez.lyzfrj.com',
  'q-ua' => 'KQB22_GA/220020&KMTT_3/200020&JV2&151920&SunMicrosystemswtk&0&4309&V3',
  'user-agent' => 'Mozilla/5.0 (Windows; U; Windows NT 5.1; zh-CN; rv:1.9b4) Gecko/2008030317 Firefox/3.0b4',
  'content-type' => '',
  'content-length' => '',
)
[ info ] [ PARAM ] array (
)
[ info ] [ SESSION ] INIT array (
  'id' => '',
  'var_session_id' => '',
  'prefix' => 'think',
  'type' => '',
  'auto_start' => true,
)
[ info ] [ LOG ] INIT File

---------------------------------------------------------------
[ 2017-09-15T14:40:58+08:00 ] 118.190.138.146 111.30.131.199 GET /
[ log ] tez.lyzfrj.com/ [运行时间：0.013873s][吞吐率：72.08req/s] [内存消耗：1,663.07kb] [文件加载：32]
[ info ] [ LANG ] /www/wwwroot/tez.lyzfrj.com/thinkphp/lang/zh-cn.php
[ info ] [ ROUTE ] array (
  'type' => 'module',
  'module' => 
  array (
    0 => '',
    1 => NULL,
    2 => NULL,
  ),
)
[ info ] [ HEADER ] array (
  'accept' => 'text/vnd.wap.wml,text/html,application/vnd.wap.xhtml+xml,application/xhtml+xml',
  'accept-charset' => 'gb2312,iso8859-1,utf-8',
  'accept-encoding' => 'gzip,deflate',
  'connection' => 'close',
  'host' => 'tez.lyzfrj.com',
  'q-ua' => 'KQB22_GA/220020&KMTT_3/200020&JV2&151920&SunMicrosystemswtk&0&4309&V3',
  'user-agent' => 'Mozilla/5.0 (Windows; U; Windows NT 5.1; zh-CN; rv:1.9b4) Gecko/2008030317 Firefox/3.0b4',
  'content-type' => '',
  'content-length' => '',
)
[ info ] [ PARAM ] array (
)
[ info ] [ SESSION ] INIT array (
  'id' => '',
  'var_session_id' => '',
  'prefix' => 'think',
  'type' => '',
  'auto_start' => true,
)
[ info ] [ LOG ] INIT File

---------------------------------------------------------------
[ 2017-09-15T14:41:07+08:00 ] 118.190.138.146 117.185.27.115 GET /
[ log ] tez.lyzfrj.com/ [运行时间：0.014763s][吞吐率：67.74req/s] [内存消耗：1,662.74kb] [文件加载：32]
[ info ] [ LANG ] /www/wwwroot/tez.lyzfrj.com/thinkphp/lang/zh-cn.php
[ info ] [ ROUTE ] array (
  'type' => 'module',
  'module' => 
  array (
    0 => '',
    1 => NULL,
    2 => NULL,
  ),
)
[ info ] [ HEADER ] array (
  'user-agent' => 'Mozilla/5.0 (Windows NT 6.1; WOW64) AppleWebKit/537.36 (KHTML, like Gecko) Chrome/39.0.2171.95 Safari/537.36 MicroMessenger/6.5.2.501 NetType/WIFI WindowsWechat QBCore/3.43.27.400 QQBrowser/9.0.2524.400',
  'accept' => '*/*',
  'accept-encoding' => 'gzip, deflate, sdch, br',
  'accept-language' => 'zh-CN,zh;q=0.8,en-US;q=0.6,en;q=0.4',
  'host' => 'tez.lyzfrj.com',
  'connection' => 'keep-alive',
  'content-type' => '',
  'content-length' => '',
)
[ info ] [ PARAM ] array (
)
[ info ] [ SESSION ] INIT array (
  'id' => '',
  'var_session_id' => '',
  'prefix' => 'think',
  'type' => '',
  'auto_start' => true,
)
[ info ] [ LOG ] INIT File

---------------------------------------------------------------
[ 2017-09-15T14:41:08+08:00 ] 118.190.138.146 117.185.27.115 GET /index.php/admin/login/login.html
[ log ] tez.lyzfrj.com/index.php/admin/login/login.html [运行时间：0.015391s][吞吐率：64.97req/s] [内存消耗：1,712.95kb] [文件加载：34]
[ info ] [ LANG ] /www/wwwroot/tez.lyzfrj.com/thinkphp/lang/zh-cn.php
[ info ] [ ROUTE ] array (
  'type' => 'module',
  'module' => 
  array (
    0 => 'admin',
    1 => 'login',
    2 => 'login',
  ),
)
[ info ] [ HEADER ] array (
  'user-agent' => 'Mozilla/5.0 (iPhone; CPU iPhone OS 10_2_1 like Mac OS X) AppleWebKit/602.4.6 (KHTML, like Gecko) Mobile/14D27 MicroMessenger/6.5.5 NetType/WIFI Language/zh_CN',
  'accept' => '*/*',
  'accept-encoding' => 'gzip, deflate, sdch, br',
  'accept-language' => 'zh-CN,zh;q=0.8,en-US;q=0.6,en;q=0.4',
  'host' => 'tez.lyzfrj.com',
  'connection' => 'keep-alive',
  'content-type' => '',
  'content-length' => '',
)
[ info ] [ PARAM ] array (
)
[ info ] [ RUN ] app\admin\controller\Login->login[ /www/wwwroot/tez.lyzfrj.com/application/admin/controller/Login.php ]
[ info ] [ VIEW ] /www/wwwroot/tez.lyzfrj.com/application/admin/view/login/login.html [ array (
  0 => 'headArr',
) ]
[ info ] [ LOG ] INIT File

---------------------------------------------------------------
[ 2017-09-15T14:43:13+08:00 ] 118.190.138.146 123.151.42.57 POST /index.php/admin/login/do_login.html
[ log ] tez.lyzfrj.com/index.php/admin/login/do_login.html [运行时间：0.022922s][吞吐率：43.63req/s] [内存消耗：2,604.80kb] [文件加载：40]
[ info ] [ LANG ] /www/wwwroot/tez.lyzfrj.com/thinkphp/lang/zh-cn.php
[ info ] [ ROUTE ] array (
  'type' => 'module',
  'module' => 
  array (
    0 => 'admin',
    1 => 'login',
    2 => 'do_login',
  ),
)
[ info ] [ HEADER ] array (
  'accept' => '*/*',
  'accept-encoding' => 'gzip',
  'accept-language' => 'zh-CN,en-US;q=0.8',
  'connection' => 'close',
  'content-length' => '51',
  'content-type' => 'application/x-www-form-urlencoded; charset=UTF-8',
  'cookie' => 'PHPSESSID=6ecsq2f74o8c3m7pjfe28fdgb3',
  'host' => 'tez.lyzfrj.com',
  'origin' => 'http://tez.lyzfrj.com',
  'referer' => 'http://tez.lyzfrj.com/index.php/admin/login/login.html',
  'user-agent' => 'Mozilla/5.0 (Linux; Android 6.0; Letv X500 Build/DBXCNOP5902605181S; wv) AppleWebKit/537.36 (KHTML, like Gecko) Version/4.0 Chrome/53.0.2785.49 Mobile MQQBrowser/6.2 TBS/043508 Safari/537.36 MicroMessenger/6.3.9.48_refecd3e.700 NetType/WIFI Language/zh_CN',
  'x-forwarded-for' => '27.218.140.117',
  'x-requested-with' => 'XMLHttpRequest',
)
[ info ] [ PARAM ] array (
  'username' => 'lishuai',
  'password' => 'LiShuai.3097920',
  'code' => '6402',
)
[ info ] [ RUN ] app\admin\controller\Login->do_login[ /www/wwwroot/tez.lyzfrj.com/application/admin/controller/Login.php ]
[ info ] [ SESSION ] INIT array (
  'id' => '',
  'var_session_id' => '',
  'prefix' => 'think',
  'type' => '',
  'auto_start' => true,
)
[ info ] [ DB ] INIT mysql
[ info ] [ LOG ] INIT File
[ sql ] [ DB ] CONNECT:[ UseTime:0.000363s ] mysql:dbname=tez_lyzfrj_com;host=127.0.0.1;charset=utf8
[ sql ] [ SQL ] SHOW COLUMNS FROM `zifi_admin_user` [ RunTime:0.000752s ]
[ sql ] [ SQL ] SELECT * FROM `zifi_admin_user` WHERE  `username` = 'lishuai' LIMIT 1 [ RunTime:0.000355s ]
[ sql ] [ SQL ] SELECT * FROM `zifi_admin_user` WHERE  `username` = 'lishuai'  AND `password` = '9aaa2d40ef9ac5de0965159e0b38be6a' LIMIT 1 [ RunTime:0.000259s ]

---------------------------------------------------------------
[ 2017-09-15T14:43:37+08:00 ] 118.190.138.146 123.151.42.57 POST /index.php/admin/login/do_login.html
[ log ] tez.lyzfrj.com/index.php/admin/login/do_login.html [运行时间：0.023072s][吞吐率：43.34req/s] [内存消耗：2,604.80kb] [文件加载：40]
[ info ] [ LANG ] /www/wwwroot/tez.lyzfrj.com/thinkphp/lang/zh-cn.php
[ info ] [ ROUTE ] array (
  'type' => 'module',
  'module' => 
  array (
    0 => 'admin',
    1 => 'login',
    2 => 'do_login',
  ),
)
[ info ] [ HEADER ] array (
  'accept' => '*/*',
  'accept-encoding' => 'gzip',
  'accept-language' => 'zh-CN,en-US;q=0.8',
  'connection' => 'close',
  'content-length' => '51',
  'content-type' => 'application/x-www-form-urlencoded; charset=UTF-8',
  'cookie' => 'PHPSESSID=6ecsq2f74o8c3m7pjfe28fdgb3',
  'host' => 'tez.lyzfrj.com',
  'origin' => 'http://tez.lyzfrj.com',
  'referer' => 'http://tez.lyzfrj.com/index.php/admin/login/login.html',
  'user-agent' => 'Mozilla/5.0 (Linux; Android 6.0; Letv X500 Build/DBXCNOP5902605181S; wv) AppleWebKit/537.36 (KHTML, like Gecko) Version/4.0 Chrome/53.0.2785.49 Mobile MQQBrowser/6.2 TBS/043508 Safari/537.36 MicroMessenger/6.3.9.48_refecd3e.700 NetType/WIFI Language/zh_CN',
  'x-forwarded-for' => '27.218.140.117',
  'x-requested-with' => 'XMLHttpRequest',
)
[ info ] [ PARAM ] array (
  'username' => 'LISHUAI',
  'password' => 'LiShuai.3097920',
  'code' => '6402',
)
[ info ] [ RUN ] app\admin\controller\Login->do_login[ /www/wwwroot/tez.lyzfrj.com/application/admin/controller/Login.php ]
[ info ] [ SESSION ] INIT array (
  'id' => '',
  'var_session_id' => '',
  'prefix' => 'think',
  'type' => '',
  'auto_start' => true,
)
[ info ] [ DB ] INIT mysql
[ info ] [ LOG ] INIT File
[ sql ] [ DB ] CONNECT:[ UseTime:0.000371s ] mysql:dbname=tez_lyzfrj_com;host=127.0.0.1;charset=utf8
[ sql ] [ SQL ] SHOW COLUMNS FROM `zifi_admin_user` [ RunTime:0.000766s ]
[ sql ] [ SQL ] SELECT * FROM `zifi_admin_user` WHERE  `username` = 'LISHUAI' LIMIT 1 [ RunTime:0.000348s ]
[ sql ] [ SQL ] SELECT * FROM `zifi_admin_user` WHERE  `username` = 'LISHUAI'  AND `password` = '9aaa2d40ef9ac5de0965159e0b38be6a' LIMIT 1 [ RunTime:0.000274s ]

---------------------------------------------------------------
[ 2017-09-15T14:43:39+08:00 ] 118.190.138.146 27.218.140.117 GET /index.php/admin/common/verify?0.873466831263014
[ log ] tez.lyzfrj.com/index.php/admin/common/verify?0.873466831263014 [运行时间：0.013626s][吞吐率：73.39req/s] [内存消耗：1,461.28kb] [文件加载：28]
[ info ] [ LANG ] /www/wwwroot/tez.lyzfrj.com/thinkphp/lang/zh-cn.php
[ info ] [ ROUTE ] array (
  'type' => 'module',
  'module' => 
  array (
    0 => 'admin',
    1 => 'common',
    2 => 'verify',
  ),
)
[ info ] [ HEADER ] array (
  'host' => 'tez.lyzfrj.com',
  'connection' => 'keep-alive',
  'user-agent' => 'Mozilla/5.0 (Linux; Android 6.0; Letv X500 Build/DBXCNOP5902605181S; wv) AppleWebKit/537.36 (KHTML, like Gecko) Version/4.0 Chrome/53.0.2785.49 Mobile MQQBrowser/6.2 TBS/043508 Safari/537.36 MicroMessenger/6.3.9.48_refecd3e.700 NetType/WIFI Language/zh_CN',
  'accept' => 'image/webp,image/wxpic,image/sharpp,image/*,*/*;q=0.8',
  'referer' => 'http://tez.lyzfrj.com/index.php/admin/login/login.html',
  'accept-encoding' => 'gzip, deflate',
  'accept-language' => 'zh-CN,en-US;q=0.8',
  'cookie' => 'PHPSESSID=6ecsq2f74o8c3m7pjfe28fdgb3',
  'content-type' => '',
  'content-length' => '',
)
[ info ] [ PARAM ] array (
  '0_873466831263014' => '',
)
[ info ] [ RUN ] app\admin\controller\Common->verify[ /www/wwwroot/tez.lyzfrj.com/application/admin/controller/Common.php ]
[ info ] [ SESSION ] INIT array (
  'id' => '',
  'var_session_id' => '',
  'prefix' => 'think',
  'type' => '',
  'auto_start' => true,
)
[ info ] [ LOG ] INIT File

---------------------------------------------------------------
[ 2017-09-15T14:44:04+08:00 ] 118.190.138.146 123.151.42.57 POST /index.php/admin/login/do_login.html
[ log ] tez.lyzfrj.com/index.php/admin/login/do_login.html [运行时间：0.037518s][吞吐率：26.65req/s] [内存消耗：2,604.80kb] [文件加载：40]
[ info ] [ LANG ] /www/wwwroot/tez.lyzfrj.com/thinkphp/lang/zh-cn.php
[ info ] [ ROUTE ] array (
  'type' => 'module',
  'module' => 
  array (
    0 => 'admin',
    1 => 'login',
    2 => 'do_login',
  ),
)
[ info ] [ HEADER ] array (
  'accept' => '*/*',
  'accept-encoding' => 'gzip',
  'accept-language' => 'zh-CN,en-US;q=0.8',
  'connection' => 'close',
  'content-length' => '51',
  'content-type' => 'application/x-www-form-urlencoded; charset=UTF-8',
  'cookie' => 'PHPSESSID=6ecsq2f74o8c3m7pjfe28fdgb3',
  'host' => 'tez.lyzfrj.com',
  'origin' => 'http://tez.lyzfrj.com',
  'referer' => 'http://tez.lyzfrj.com/index.php/admin/login/login.html',
  'user-agent' => 'Mozilla/5.0 (Linux; Android 6.0; Letv X500 Build/DBXCNOP5902605181S; wv) AppleWebKit/537.36 (KHTML, like Gecko) Version/4.0 Chrome/53.0.2785.49 Mobile MQQBrowser/6.2 TBS/043508 Safari/537.36 MicroMessenger/6.3.9.48_refecd3e.700 NetType/WIFI Language/zh_CN',
  'x-forwarded-for' => '27.218.140.117',
  'x-requested-with' => 'XMLHttpRequest',
)
[ info ] [ PARAM ] array (
  'username' => 'LiShuai',
  'password' => 'LiShuai.3097920',
  'code' => '8454',
)
[ info ] [ RUN ] app\admin\controller\Login->do_login[ /www/wwwroot/tez.lyzfrj.com/application/admin/controller/Login.php ]
[ info ] [ SESSION ] INIT array (
  'id' => '',
  'var_session_id' => '',
  'prefix' => 'think',
  'type' => '',
  'auto_start' => true,
)
[ info ] [ DB ] INIT mysql
[ info ] [ LOG ] INIT File
[ sql ] [ DB ] CONNECT:[ UseTime:0.000549s ] mysql:dbname=tez_lyzfrj_com;host=127.0.0.1;charset=utf8
[ sql ] [ SQL ] SHOW COLUMNS FROM `zifi_admin_user` [ RunTime:0.001047s ]
[ sql ] [ SQL ] SELECT * FROM `zifi_admin_user` WHERE  `username` = 'LiShuai' LIMIT 1 [ RunTime:0.000478s ]
[ sql ] [ SQL ] SELECT * FROM `zifi_admin_user` WHERE  `username` = 'LiShuai'  AND `password` = '9aaa2d40ef9ac5de0965159e0b38be6a' LIMIT 1 [ RunTime:0.000337s ]

---------------------------------------------------------------
[ 2017-09-15T14:45:24+08:00 ] 118.190.138.146 113.108.13.36 GET /
[ log ] tez.lyzfrj.com/ [运行时间：0.013984s][吞吐率：71.51req/s] [内存消耗：1,662.30kb] [文件加载：32]
[ info ] [ LANG ] /www/wwwroot/tez.lyzfrj.com/thinkphp/lang/zh-cn.php
[ info ] [ ROUTE ] array (
  'type' => 'module',
  'module' => 
  array (
    0 => '',
    1 => NULL,
    2 => NULL,
  ),
)
[ info ] [ HEADER ] array (
  'accept' => '*/*',
  'accept-language' => 'zh-cn',
  'user-agent' => 'Mozilla/5.0 (compatible; MSIE 9.0; Windows NT 6.1; Trident/5.0)',
  'host' => 'tez.lyzfrj.com',
  'connection' => 'Keep-Alive',
  'content-type' => '',
  'content-length' => '',
)
[ info ] [ PARAM ] array (
)
[ info ] [ SESSION ] INIT array (
  'id' => '',
  'var_session_id' => '',
  'prefix' => 'think',
  'type' => '',
  'auto_start' => true,
)
[ info ] [ LOG ] INIT File

---------------------------------------------------------------
[ 2017-09-15T14:45:24+08:00 ] 118.190.138.146 113.108.13.36 GET /index.php
[ log ] tez.lyzfrj.com/index.php [运行时间：0.014483s][吞吐率：69.05req/s] [内存消耗：1,741.13kb] [文件加载：33]
[ info ] [ LANG ] /www/wwwroot/tez.lyzfrj.com/thinkphp/lang/zh-cn.php
[ info ] [ ROUTE ] array (
  'type' => 'module',
  'module' => 
  array (
    0 => '',
    1 => NULL,
    2 => NULL,
  ),
)
[ info ] [ HEADER ] array (
  'accept' => '*/*',
  'referer' => 'http://tez.lyzfrj.com/',
  'accept-language' => 'zh-cn',
  'user-agent' => 'Mozilla/5.0 (compatible; MSIE 9.0; Windows NT 6.1; Trident/5.0)',
  'host' => 'tez.lyzfrj.com',
  'connection' => 'Keep-Alive',
  'content-type' => '',
  'content-length' => '',
)
[ info ] [ PARAM ] array (
)
[ info ] [ SESSION ] INIT array (
  'id' => '',
  'var_session_id' => '',
  'prefix' => 'think',
  'type' => '',
  'auto_start' => true,
)
[ info ] [ LOG ] INIT File

---------------------------------------------------------------
[ 2017-09-15T14:45:24+08:00 ] 118.190.138.146 113.108.13.36 GET /index.php/admin/login/login.html
[ log ] tez.lyzfrj.com/index.php/admin/login/login.html [运行时间：0.015465s][吞吐率：64.66req/s] [内存消耗：1,712.76kb] [文件加载：34]
[ info ] [ LANG ] /www/wwwroot/tez.lyzfrj.com/thinkphp/lang/zh-cn.php
[ info ] [ ROUTE ] array (
  'type' => 'module',
  'module' => 
  array (
    0 => 'admin',
    1 => 'login',
    2 => 'login',
  ),
)
[ info ] [ HEADER ] array (
  'accept' => '*/*',
  'referer' => 'http://tez.lyzfrj.com/index.php',
  'accept-language' => 'zh-cn',
  'user-agent' => 'Mozilla/5.0 (compatible; MSIE 9.0; Windows NT 6.1; Trident/5.0)',
  'host' => 'tez.lyzfrj.com',
  'connection' => 'Keep-Alive',
  'content-type' => '',
  'content-length' => '',
)
[ info ] [ PARAM ] array (
)
[ info ] [ RUN ] app\admin\controller\Login->login[ /www/wwwroot/tez.lyzfrj.com/application/admin/controller/Login.php ]
[ info ] [ VIEW ] /www/wwwroot/tez.lyzfrj.com/application/admin/view/login/login.html [ array (
  0 => 'headArr',
) ]
[ info ] [ LOG ] INIT File

---------------------------------------------------------------
[ 2017-09-15T14:45:33+08:00 ] 118.190.138.146 112.251.183.151 GET /
[ log ] tez.lyzfrj.com/ [运行时间：0.014184s][吞吐率：70.50req/s] [内存消耗：1,662.86kb] [文件加载：32]
[ info ] [ LANG ] /www/wwwroot/tez.lyzfrj.com/thinkphp/lang/zh-cn.php
[ info ] [ ROUTE ] array (
  'type' => 'module',
  'module' => 
  array (
    0 => '',
    1 => NULL,
    2 => NULL,
  ),
)
[ info ] [ HEADER ] array (
  'host' => 'tez.lyzfrj.com',
  'connection' => 'keep-alive',
  'accept' => 'text/html,application/xhtml+xml,application/xml;q=0.9,image/webp,*/*;q=0.8',
  'upgrade-insecure-requests' => '1',
  'user-agent' => 'Mozilla/5.0 (Windows NT 6.1) AppleWebKit/537.36 (KHTML, like Gecko) Chrome/50.0.2661.102 Safari/537.36',
  'accept-encoding' => 'gzip, deflate, sdch',
  'accept-language' => 'zh-CN,zh;q=0.8',
  'content-type' => '',
  'content-length' => '',
)
[ info ] [ PARAM ] array (
)
[ info ] [ SESSION ] INIT array (
  'id' => '',
  'var_session_id' => '',
  'prefix' => 'think',
  'type' => '',
  'auto_start' => true,
)
[ info ] [ LOG ] INIT File

---------------------------------------------------------------
[ 2017-09-15T14:45:33+08:00 ] 118.190.138.146 112.251.183.151 GET /index.php
[ log ] tez.lyzfrj.com/index.php [运行时间：0.014732s][吞吐率：67.88req/s] [内存消耗：1,741.56kb] [文件加载：33]
[ info ] [ LANG ] /www/wwwroot/tez.lyzfrj.com/thinkphp/lang/zh-cn.php
[ info ] [ ROUTE ] array (
  'type' => 'module',
  'module' => 
  array (
    0 => '',
    1 => NULL,
    2 => NULL,
  ),
)
[ info ] [ HEADER ] array (
  'host' => 'tez.lyzfrj.com',
  'connection' => 'keep-alive',
  'accept' => 'text/html,application/xhtml+xml,application/xml;q=0.9,image/webp,*/*;q=0.8',
  'upgrade-insecure-requests' => '1',
  'user-agent' => 'Mozilla/5.0 (Windows NT 6.1) AppleWebKit/537.36 (KHTML, like Gecko) Chrome/50.0.2661.102 Safari/537.36',
  'referer' => 'http://tez.lyzfrj.com/',
  'accept-encoding' => 'gzip, deflate, sdch',
  'accept-language' => 'zh-CN,zh;q=0.8',
  'cookie' => 'PHPSESSID=1qkahglqtvjg1vlstksheikhb1',
  'content-type' => '',
  'content-length' => '',
)
[ info ] [ PARAM ] array (
)
[ info ] [ SESSION ] INIT array (
  'id' => '',
  'var_session_id' => '',
  'prefix' => 'think',
  'type' => '',
  'auto_start' => true,
)
[ info ] [ LOG ] INIT File

---------------------------------------------------------------
[ 2017-09-15T14:45:33+08:00 ] 118.190.138.146 112.251.183.151 GET /index.php/admin/login/login.html
[ log ] tez.lyzfrj.com/index.php/admin/login/login.html [运行时间：0.016235s][吞吐率：61.60req/s] [内存消耗：1,713.23kb] [文件加载：34]
[ info ] [ LANG ] /www/wwwroot/tez.lyzfrj.com/thinkphp/lang/zh-cn.php
[ info ] [ ROUTE ] array (
  'type' => 'module',
  'module' => 
  array (
    0 => 'admin',
    1 => 'login',
    2 => 'login',
  ),
)
[ info ] [ HEADER ] array (
  'host' => 'tez.lyzfrj.com',
  'connection' => 'keep-alive',
  'accept' => 'text/html,application/xhtml+xml,application/xml;q=0.9,image/webp,*/*;q=0.8',
  'upgrade-insecure-requests' => '1',
  'user-agent' => 'Mozilla/5.0 (Windows NT 6.1) AppleWebKit/537.36 (KHTML, like Gecko) Chrome/50.0.2661.102 Safari/537.36',
  'referer' => 'http://tez.lyzfrj.com/index.php',
  'accept-encoding' => 'gzip, deflate, sdch',
  'accept-language' => 'zh-CN,zh;q=0.8',
  'cookie' => 'PHPSESSID=1qkahglqtvjg1vlstksheikhb1',
  'content-type' => '',
  'content-length' => '',
)
[ info ] [ PARAM ] array (
)
[ info ] [ RUN ] app\admin\controller\Login->login[ /www/wwwroot/tez.lyzfrj.com/application/admin/controller/Login.php ]
[ info ] [ VIEW ] /www/wwwroot/tez.lyzfrj.com/application/admin/view/login/login.html [ array (
  0 => 'headArr',
) ]
[ info ] [ LOG ] INIT File

---------------------------------------------------------------
[ 2017-09-15T14:45:33+08:00 ] 118.190.138.146 112.251.183.151 GET /index.php/admin/common/verify.html
[ log ] tez.lyzfrj.com/index.php/admin/common/verify.html [运行时间：0.014311s][吞吐率：69.88req/s] [内存消耗：1,460.69kb] [文件加载：28]
[ info ] [ LANG ] /www/wwwroot/tez.lyzfrj.com/thinkphp/lang/zh-cn.php
[ info ] [ ROUTE ] array (
  'type' => 'module',
  'module' => 
  array (
    0 => 'admin',
    1 => 'common',
    2 => 'verify',
  ),
)
[ info ] [ HEADER ] array (
  'host' => 'tez.lyzfrj.com',
  'connection' => 'keep-alive',
  'accept' => 'image/webp,image/*,*/*;q=0.8',
  'user-agent' => 'Mozilla/5.0 (Windows NT 6.1) AppleWebKit/537.36 (KHTML, like Gecko) Chrome/50.0.2661.102 Safari/537.36',
  'referer' => 'http://tez.lyzfrj.com/index.php/admin/login/login.html',
  'accept-encoding' => 'gzip, deflate, sdch',
  'accept-language' => 'zh-CN,zh;q=0.8',
  'cookie' => 'PHPSESSID=1qkahglqtvjg1vlstksheikhb1',
  'content-type' => '',
  'content-length' => '',
)
[ info ] [ PARAM ] array (
)
[ info ] [ RUN ] app\admin\controller\Common->verify[ /www/wwwroot/tez.lyzfrj.com/application/admin/controller/Common.php ]
[ info ] [ SESSION ] INIT array (
  'id' => '',
  'var_session_id' => '',
  'prefix' => 'think',
  'type' => '',
  'auto_start' => true,
)
[ info ] [ LOG ] INIT File

---------------------------------------------------------------
[ 2017-09-15T14:46:02+08:00 ] 118.190.138.146 112.251.183.151 GET /index.php/admin/common/verify?0.20911750843190147
[ log ] tez.lyzfrj.com/index.php/admin/common/verify?0.20911750843190147 [运行时间：0.014106s][吞吐率：70.89req/s] [内存消耗：1,461.12kb] [文件加载：28]
[ info ] [ LANG ] /www/wwwroot/tez.lyzfrj.com/thinkphp/lang/zh-cn.php
[ info ] [ ROUTE ] array (
  'type' => 'module',
  'module' => 
  array (
    0 => 'admin',
    1 => 'common',
    2 => 'verify',
  ),
)
[ info ] [ HEADER ] array (
  'host' => 'tez.lyzfrj.com',
  'connection' => 'keep-alive',
  'accept' => 'image/webp,image/*,*/*;q=0.8',
  'user-agent' => 'Mozilla/5.0 (Windows NT 6.1) AppleWebKit/537.36 (KHTML, like Gecko) Chrome/50.0.2661.102 Safari/537.36',
  'referer' => 'http://tez.lyzfrj.com/index.php/admin/login/login.html',
  'accept-encoding' => 'gzip, deflate, sdch',
  'accept-language' => 'zh-CN,zh;q=0.8',
  'cookie' => 'PHPSESSID=1qkahglqtvjg1vlstksheikhb1',
  'content-type' => '',
  'content-length' => '',
)
[ info ] [ PARAM ] array (
  '0_20911750843190147' => '',
)
[ info ] [ RUN ] app\admin\controller\Common->verify[ /www/wwwroot/tez.lyzfrj.com/application/admin/controller/Common.php ]
[ info ] [ SESSION ] INIT array (
  'id' => '',
  'var_session_id' => '',
  'prefix' => 'think',
  'type' => '',
  'auto_start' => true,
)
[ info ] [ LOG ] INIT File

---------------------------------------------------------------
[ 2017-09-15T14:46:05+08:00 ] 118.190.138.146 112.251.183.151 POST /index.php/admin/login/do_login.html
[ log ] tez.lyzfrj.com/index.php/admin/login/do_login.html [运行时间：0.023019s][吞吐率：43.44req/s] [内存消耗：2,604.55kb] [文件加载：40]
[ info ] [ LANG ] /www/wwwroot/tez.lyzfrj.com/thinkphp/lang/zh-cn.php
[ info ] [ ROUTE ] array (
  'type' => 'module',
  'module' => 
  array (
    0 => 'admin',
    1 => 'login',
    2 => 'do_login',
  ),
)
[ info ] [ HEADER ] array (
  'host' => 'tez.lyzfrj.com',
  'connection' => 'keep-alive',
  'content-length' => '50',
  'accept' => '*/*',
  'origin' => 'http://tez.lyzfrj.com',
  'x-requested-with' => 'XMLHttpRequest',
  'user-agent' => 'Mozilla/5.0 (Windows NT 6.1) AppleWebKit/537.36 (KHTML, like Gecko) Chrome/50.0.2661.102 Safari/537.36',
  'content-type' => 'application/x-www-form-urlencoded; charset=UTF-8',
  'referer' => 'http://tez.lyzfrj.com/index.php/admin/login/login.html',
  'accept-encoding' => 'gzip, deflate',
  'accept-language' => 'zh-CN,zh;q=0.8',
  'cookie' => 'PHPSESSID=1qkahglqtvjg1vlstksheikhb1',
)
[ info ] [ PARAM ] array (
  'username' => 'lishuai',
  'password' => 'lishuai3097920',
  'code' => '9976',
)
[ info ] [ RUN ] app\admin\controller\Login->do_login[ /www/wwwroot/tez.lyzfrj.com/application/admin/controller/Login.php ]
[ info ] [ SESSION ] INIT array (
  'id' => '',
  'var_session_id' => '',
  'prefix' => 'think',
  'type' => '',
  'auto_start' => true,
)
[ info ] [ DB ] INIT mysql
[ info ] [ LOG ] INIT File
[ sql ] [ DB ] CONNECT:[ UseTime:0.000398s ] mysql:dbname=tez_lyzfrj_com;host=127.0.0.1;charset=utf8
[ sql ] [ SQL ] SHOW COLUMNS FROM `zifi_admin_user` [ RunTime:0.000734s ]
[ sql ] [ SQL ] SELECT * FROM `zifi_admin_user` WHERE  `username` = 'lishuai' LIMIT 1 [ RunTime:0.000278s ]
[ sql ] [ SQL ] SELECT * FROM `zifi_admin_user` WHERE  `username` = 'lishuai'  AND `password` = 'df524bd38dda9ae4410dd670c7f50366' LIMIT 1 [ RunTime:0.000304s ]

---------------------------------------------------------------
[ 2017-09-15T14:46:06+08:00 ] 118.190.138.146 112.251.183.151 GET /index.php/admin/common/verify?0.7163564611897559
[ log ] tez.lyzfrj.com/index.php/admin/common/verify?0.7163564611897559 [运行时间：0.013446s][吞吐率：74.37req/s] [内存消耗：1,461.11kb] [文件加载：28]
[ info ] [ LANG ] /www/wwwroot/tez.lyzfrj.com/thinkphp/lang/zh-cn.php
[ info ] [ ROUTE ] array (
  'type' => 'module',
  'module' => 
  array (
    0 => 'admin',
    1 => 'common',
    2 => 'verify',
  ),
)
[ info ] [ HEADER ] array (
  'host' => 'tez.lyzfrj.com',
  'connection' => 'keep-alive',
  'accept' => 'image/webp,image/*,*/*;q=0.8',
  'user-agent' => 'Mozilla/5.0 (Windows NT 6.1) AppleWebKit/537.36 (KHTML, like Gecko) Chrome/50.0.2661.102 Safari/537.36',
  'referer' => 'http://tez.lyzfrj.com/index.php/admin/login/login.html',
  'accept-encoding' => 'gzip, deflate, sdch',
  'accept-language' => 'zh-CN,zh;q=0.8',
  'cookie' => 'PHPSESSID=1qkahglqtvjg1vlstksheikhb1',
  'content-type' => '',
  'content-length' => '',
)
[ info ] [ PARAM ] array (
  '0_7163564611897559' => '',
)
[ info ] [ RUN ] app\admin\controller\Common->verify[ /www/wwwroot/tez.lyzfrj.com/application/admin/controller/Common.php ]
[ info ] [ SESSION ] INIT array (
  'id' => '',
  'var_session_id' => '',
  'prefix' => 'think',
  'type' => '',
  'auto_start' => true,
)
[ info ] [ LOG ] INIT File

---------------------------------------------------------------
[ 2017-09-15T14:46:47+08:00 ] 118.190.138.146 112.251.183.151 POST /index.php/admin/login/do_login.html
[ log ] tez.lyzfrj.com/index.php/admin/login/do_login.html [运行时间：0.023698s][吞吐率：42.20req/s] [内存消耗：2,604.55kb] [文件加载：40]
[ info ] [ LANG ] /www/wwwroot/tez.lyzfrj.com/thinkphp/lang/zh-cn.php
[ info ] [ ROUTE ] array (
  'type' => 'module',
  'module' => 
  array (
    0 => 'admin',
    1 => 'login',
    2 => 'do_login',
  ),
)
[ info ] [ HEADER ] array (
  'host' => 'tez.lyzfrj.com',
  'connection' => 'keep-alive',
  'content-length' => '50',
  'accept' => '*/*',
  'origin' => 'http://tez.lyzfrj.com',
  'x-requested-with' => 'XMLHttpRequest',
  'user-agent' => 'Mozilla/5.0 (Windows NT 6.1) AppleWebKit/537.36 (KHTML, like Gecko) Chrome/50.0.2661.102 Safari/537.36',
  'content-type' => 'application/x-www-form-urlencoded; charset=UTF-8',
  'referer' => 'http://tez.lyzfrj.com/index.php/admin/login/login.html',
  'accept-encoding' => 'gzip, deflate',
  'accept-language' => 'zh-CN,zh;q=0.8',
  'cookie' => 'PHPSESSID=1qkahglqtvjg1vlstksheikhb1',
)
[ info ] [ PARAM ] array (
  'username' => 'lishuai',
  'password' => 'lishuai3097920',
  'code' => '3042',
)
[ info ] [ RUN ] app\admin\controller\Login->do_login[ /www/wwwroot/tez.lyzfrj.com/application/admin/controller/Login.php ]
[ info ] [ SESSION ] INIT array (
  'id' => '',
  'var_session_id' => '',
  'prefix' => 'think',
  'type' => '',
  'auto_start' => true,
)
[ info ] [ DB ] INIT mysql
[ info ] [ LOG ] INIT File
[ sql ] [ DB ] CONNECT:[ UseTime:0.000420s ] mysql:dbname=tez_lyzfrj_com;host=127.0.0.1;charset=utf8
[ sql ] [ SQL ] SHOW COLUMNS FROM `zifi_admin_user` [ RunTime:0.000754s ]
[ sql ] [ SQL ] SELECT * FROM `zifi_admin_user` WHERE  `username` = 'lishuai' LIMIT 1 [ RunTime:0.000291s ]
[ sql ] [ SQL ] SELECT * FROM `zifi_admin_user` WHERE  `username` = 'lishuai'  AND `password` = 'df524bd38dda9ae4410dd670c7f50366' LIMIT 1 [ RunTime:0.000199s ]

---------------------------------------------------------------
[ 2017-09-15T14:46:49+08:00 ] 118.190.138.146 112.251.183.151 GET /index.php/admin/common/verify?0.28632682957019906
[ log ] tez.lyzfrj.com/index.php/admin/common/verify?0.28632682957019906 [运行时间：0.013886s][吞吐率：72.02req/s] [内存消耗：1,461.12kb] [文件加载：28]
[ info ] [ LANG ] /www/wwwroot/tez.lyzfrj.com/thinkphp/lang/zh-cn.php
[ info ] [ ROUTE ] array (
  'type' => 'module',
  'module' => 
  array (
    0 => 'admin',
    1 => 'common',
    2 => 'verify',
  ),
)
[ info ] [ HEADER ] array (
  'host' => 'tez.lyzfrj.com',
  'connection' => 'keep-alive',
  'accept' => 'image/webp,image/*,*/*;q=0.8',
  'user-agent' => 'Mozilla/5.0 (Windows NT 6.1) AppleWebKit/537.36 (KHTML, like Gecko) Chrome/50.0.2661.102 Safari/537.36',
  'referer' => 'http://tez.lyzfrj.com/index.php/admin/login/login.html',
  'accept-encoding' => 'gzip, deflate, sdch',
  'accept-language' => 'zh-CN,zh;q=0.8',
  'cookie' => 'PHPSESSID=1qkahglqtvjg1vlstksheikhb1',
  'content-type' => '',
  'content-length' => '',
)
[ info ] [ PARAM ] array (
  '0_28632682957019906' => '',
)
[ info ] [ RUN ] app\admin\controller\Common->verify[ /www/wwwroot/tez.lyzfrj.com/application/admin/controller/Common.php ]
[ info ] [ SESSION ] INIT array (
  'id' => '',
  'var_session_id' => '',
  'prefix' => 'think',
  'type' => '',
  'auto_start' => true,
)
[ info ] [ LOG ] INIT File

---------------------------------------------------------------
[ 2017-09-15T14:47:21+08:00 ] 118.190.138.146 112.251.183.151 GET /index.php/admin/common/verify?0.1133235490477047
[ log ] tez.lyzfrj.com/index.php/admin/common/verify?0.1133235490477047 [运行时间：0.013531s][吞吐率：73.90req/s] [内存消耗：1,461.11kb] [文件加载：28]
[ info ] [ LANG ] /www/wwwroot/tez.lyzfrj.com/thinkphp/lang/zh-cn.php
[ info ] [ ROUTE ] array (
  'type' => 'module',
  'module' => 
  array (
    0 => 'admin',
    1 => 'common',
    2 => 'verify',
  ),
)
[ info ] [ HEADER ] array (
  'host' => 'tez.lyzfrj.com',
  'connection' => 'keep-alive',
  'accept' => 'image/webp,image/*,*/*;q=0.8',
  'user-agent' => 'Mozilla/5.0 (Windows NT 6.1) AppleWebKit/537.36 (KHTML, like Gecko) Chrome/50.0.2661.102 Safari/537.36',
  'referer' => 'http://tez.lyzfrj.com/index.php/admin/login/login.html',
  'accept-encoding' => 'gzip, deflate, sdch',
  'accept-language' => 'zh-CN,zh;q=0.8',
  'cookie' => 'PHPSESSID=1qkahglqtvjg1vlstksheikhb1',
  'content-type' => '',
  'content-length' => '',
)
[ info ] [ PARAM ] array (
  '0_1133235490477047' => '',
)
[ info ] [ RUN ] app\admin\controller\Common->verify[ /www/wwwroot/tez.lyzfrj.com/application/admin/controller/Common.php ]
[ info ] [ SESSION ] INIT array (
  'id' => '',
  'var_session_id' => '',
  'prefix' => 'think',
  'type' => '',
  'auto_start' => true,
)
[ info ] [ LOG ] INIT File

---------------------------------------------------------------
[ 2017-09-15T14:47:24+08:00 ] 118.190.138.146 112.251.183.151 POST /index.php/admin/login/do_login.html
[ log ] tez.lyzfrj.com/index.php/admin/login/do_login.html [运行时间：0.022731s][吞吐率：43.99req/s] [内存消耗：2,604.55kb] [文件加载：40]
[ info ] [ LANG ] /www/wwwroot/tez.lyzfrj.com/thinkphp/lang/zh-cn.php
[ info ] [ ROUTE ] array (
  'type' => 'module',
  'module' => 
  array (
    0 => 'admin',
    1 => 'login',
    2 => 'do_login',
  ),
)
[ info ] [ HEADER ] array (
  'host' => 'tez.lyzfrj.com',
  'connection' => 'keep-alive',
  'content-length' => '51',
  'accept' => '*/*',
  'origin' => 'http://tez.lyzfrj.com',
  'x-requested-with' => 'XMLHttpRequest',
  'user-agent' => 'Mozilla/5.0 (Windows NT 6.1) AppleWebKit/537.36 (KHTML, like Gecko) Chrome/50.0.2661.102 Safari/537.36',
  'content-type' => 'application/x-www-form-urlencoded; charset=UTF-8',
  'referer' => 'http://tez.lyzfrj.com/index.php/admin/login/login.html',
  'accept-encoding' => 'gzip, deflate',
  'accept-language' => 'zh-CN,zh;q=0.8',
  'cookie' => 'PHPSESSID=1qkahglqtvjg1vlstksheikhb1',
)
[ info ] [ PARAM ] array (
  'username' => 'LISHUAI',
  'password' => 'lishuai.3097920',
  'code' => '7615',
)
[ info ] [ RUN ] app\admin\controller\Login->do_login[ /www/wwwroot/tez.lyzfrj.com/application/admin/controller/Login.php ]
[ info ] [ SESSION ] INIT array (
  'id' => '',
  'var_session_id' => '',
  'prefix' => 'think',
  'type' => '',
  'auto_start' => true,
)
[ info ] [ DB ] INIT mysql
[ info ] [ LOG ] INIT File
[ sql ] [ DB ] CONNECT:[ UseTime:0.000360s ] mysql:dbname=tez_lyzfrj_com;host=127.0.0.1;charset=utf8
[ sql ] [ SQL ] SHOW COLUMNS FROM `zifi_admin_user` [ RunTime:0.000718s ]
[ sql ] [ SQL ] SELECT * FROM `zifi_admin_user` WHERE  `username` = 'LISHUAI' LIMIT 1 [ RunTime:0.000251s ]
[ sql ] [ SQL ] SELECT * FROM `zifi_admin_user` WHERE  `username` = 'LISHUAI'  AND `password` = '8f0279f2c98e424c95fbf1c3869762f4' LIMIT 1 [ RunTime:0.000295s ]

---------------------------------------------------------------
[ 2017-09-15T14:47:25+08:00 ] 118.190.138.146 112.251.183.151 GET /index.php/admin/common/verify?0.3432567275252454
[ log ] tez.lyzfrj.com/index.php/admin/common/verify?0.3432567275252454 [运行时间：0.013288s][吞吐率：75.26req/s] [内存消耗：1,461.11kb] [文件加载：28]
[ info ] [ LANG ] /www/wwwroot/tez.lyzfrj.com/thinkphp/lang/zh-cn.php
[ info ] [ ROUTE ] array (
  'type' => 'module',
  'module' => 
  array (
    0 => 'admin',
    1 => 'common',
    2 => 'verify',
  ),
)
[ info ] [ HEADER ] array (
  'host' => 'tez.lyzfrj.com',
  'connection' => 'keep-alive',
  'accept' => 'image/webp,image/*,*/*;q=0.8',
  'user-agent' => 'Mozilla/5.0 (Windows NT 6.1) AppleWebKit/537.36 (KHTML, like Gecko) Chrome/50.0.2661.102 Safari/537.36',
  'referer' => 'http://tez.lyzfrj.com/index.php/admin/login/login.html',
  'accept-encoding' => 'gzip, deflate, sdch',
  'accept-language' => 'zh-CN,zh;q=0.8',
  'cookie' => 'PHPSESSID=1qkahglqtvjg1vlstksheikhb1',
  'content-type' => '',
  'content-length' => '',
)
[ info ] [ PARAM ] array (
  '0_3432567275252454' => '',
)
[ info ] [ RUN ] app\admin\controller\Common->verify[ /www/wwwroot/tez.lyzfrj.com/application/admin/controller/Common.php ]
[ info ] [ SESSION ] INIT array (
  'id' => '',
  'var_session_id' => '',
  'prefix' => 'think',
  'type' => '',
  'auto_start' => true,
)
[ info ] [ LOG ] INIT File

---------------------------------------------------------------
[ 2017-09-15T14:47:42+08:00 ] 118.190.138.146 112.251.183.151 GET /index.php/admin/common/verify?0.05253059989925091
[ log ] tez.lyzfrj.com/index.php/admin/common/verify?0.05253059989925091 [运行时间：0.013694s][吞吐率：73.02req/s] [内存消耗：1,461.12kb] [文件加载：28]
[ info ] [ LANG ] /www/wwwroot/tez.lyzfrj.com/thinkphp/lang/zh-cn.php
[ info ] [ ROUTE ] array (
  'type' => 'module',
  'module' => 
  array (
    0 => 'admin',
    1 => 'common',
    2 => 'verify',
  ),
)
[ info ] [ HEADER ] array (
  'host' => 'tez.lyzfrj.com',
  'connection' => 'keep-alive',
  'accept' => 'image/webp,image/*,*/*;q=0.8',
  'user-agent' => 'Mozilla/5.0 (Windows NT 6.1) AppleWebKit/537.36 (KHTML, like Gecko) Chrome/50.0.2661.102 Safari/537.36',
  'referer' => 'http://tez.lyzfrj.com/index.php/admin/login/login.html',
  'accept-encoding' => 'gzip, deflate, sdch',
  'accept-language' => 'zh-CN,zh;q=0.8',
  'cookie' => 'PHPSESSID=1qkahglqtvjg1vlstksheikhb1',
  'content-type' => '',
  'content-length' => '',
)
[ info ] [ PARAM ] array (
  '0_05253059989925091' => '',
)
[ info ] [ RUN ] app\admin\controller\Common->verify[ /www/wwwroot/tez.lyzfrj.com/application/admin/controller/Common.php ]
[ info ] [ SESSION ] INIT array (
  'id' => '',
  'var_session_id' => '',
  'prefix' => 'think',
  'type' => '',
  'auto_start' => true,
)
[ info ] [ LOG ] INIT File

---------------------------------------------------------------
[ 2017-09-15T14:47:47+08:00 ] 118.190.138.146 112.251.183.151 POST /index.php/admin/login/do_login.html
[ log ] tez.lyzfrj.com/index.php/admin/login/do_login.html [运行时间：0.022627s][吞吐率：44.19req/s] [内存消耗：2,604.55kb] [文件加载：40]
[ info ] [ LANG ] /www/wwwroot/tez.lyzfrj.com/thinkphp/lang/zh-cn.php
[ info ] [ ROUTE ] array (
  'type' => 'module',
  'module' => 
  array (
    0 => 'admin',
    1 => 'login',
    2 => 'do_login',
  ),
)
[ info ] [ HEADER ] array (
  'host' => 'tez.lyzfrj.com',
  'connection' => 'keep-alive',
  'content-length' => '51',
  'accept' => '*/*',
  'origin' => 'http://tez.lyzfrj.com',
  'x-requested-with' => 'XMLHttpRequest',
  'user-agent' => 'Mozilla/5.0 (Windows NT 6.1) AppleWebKit/537.36 (KHTML, like Gecko) Chrome/50.0.2661.102 Safari/537.36',
  'content-type' => 'application/x-www-form-urlencoded; charset=UTF-8',
  'referer' => 'http://tez.lyzfrj.com/index.php/admin/login/login.html',
  'accept-encoding' => 'gzip, deflate',
  'accept-language' => 'zh-CN,zh;q=0.8',
  'cookie' => 'PHPSESSID=1qkahglqtvjg1vlstksheikhb1',
)
[ info ] [ PARAM ] array (
  'username' => 'lishuai',
  'password' => 'LiShuai.3097920',
  'code' => '1535',
)
[ info ] [ RUN ] app\admin\controller\Login->do_login[ /www/wwwroot/tez.lyzfrj.com/application/admin/controller/Login.php ]
[ info ] [ SESSION ] INIT array (
  'id' => '',
  'var_session_id' => '',
  'prefix' => 'think',
  'type' => '',
  'auto_start' => true,
)
[ info ] [ DB ] INIT mysql
[ info ] [ LOG ] INIT File
[ sql ] [ DB ] CONNECT:[ UseTime:0.000363s ] mysql:dbname=tez_lyzfrj_com;host=127.0.0.1;charset=utf8
[ sql ] [ SQL ] SHOW COLUMNS FROM `zifi_admin_user` [ RunTime:0.000718s ]
[ sql ] [ SQL ] SELECT * FROM `zifi_admin_user` WHERE  `username` = 'lishuai' LIMIT 1 [ RunTime:0.000249s ]
[ sql ] [ SQL ] SELECT * FROM `zifi_admin_user` WHERE  `username` = 'lishuai'  AND `password` = '9aaa2d40ef9ac5de0965159e0b38be6a' LIMIT 1 [ RunTime:0.000188s ]

---------------------------------------------------------------
[ 2017-09-15T14:47:54+08:00 ] 118.190.138.146 112.251.183.151 GET /index.php/admin/common/verify?0.5882658251169024
[ log ] tez.lyzfrj.com/index.php/admin/common/verify?0.5882658251169024 [运行时间：0.014677s][吞吐率：68.13req/s] [内存消耗：1,461.11kb] [文件加载：28]
[ info ] [ LANG ] /www/wwwroot/tez.lyzfrj.com/thinkphp/lang/zh-cn.php
[ info ] [ ROUTE ] array (
  'type' => 'module',
  'module' => 
  array (
    0 => 'admin',
    1 => 'common',
    2 => 'verify',
  ),
)
[ info ] [ HEADER ] array (
  'host' => 'tez.lyzfrj.com',
  'connection' => 'keep-alive',
  'accept' => 'image/webp,image/*,*/*;q=0.8',
  'user-agent' => 'Mozilla/5.0 (Windows NT 6.1) AppleWebKit/537.36 (KHTML, like Gecko) Chrome/50.0.2661.102 Safari/537.36',
  'referer' => 'http://tez.lyzfrj.com/index.php/admin/login/login.html',
  'accept-encoding' => 'gzip, deflate, sdch',
  'accept-language' => 'zh-CN,zh;q=0.8',
  'cookie' => 'PHPSESSID=1qkahglqtvjg1vlstksheikhb1',
  'content-type' => '',
  'content-length' => '',
)
[ info ] [ PARAM ] array (
  '0_5882658251169024' => '',
)
[ info ] [ RUN ] app\admin\controller\Common->verify[ /www/wwwroot/tez.lyzfrj.com/application/admin/controller/Common.php ]
[ info ] [ SESSION ] INIT array (
  'id' => '',
  'var_session_id' => '',
  'prefix' => 'think',
  'type' => '',
  'auto_start' => true,
)
[ info ] [ LOG ] INIT File

---------------------------------------------------------------
[ 2017-09-15T14:47:54+08:00 ] 118.190.138.146 112.251.183.151 GET /index.php/admin/common/verify?0.15408400390413735
[ log ] tez.lyzfrj.com/index.php/admin/common/verify?0.15408400390413735 [运行时间：0.014088s][吞吐率：70.98req/s] [内存消耗：1,461.12kb] [文件加载：28]
[ info ] [ LANG ] /www/wwwroot/tez.lyzfrj.com/thinkphp/lang/zh-cn.php
[ info ] [ ROUTE ] array (
  'type' => 'module',
  'module' => 
  array (
    0 => 'admin',
    1 => 'common',
    2 => 'verify',
  ),
)
[ info ] [ HEADER ] array (
  'host' => 'tez.lyzfrj.com',
  'connection' => 'keep-alive',
  'accept' => 'image/webp,image/*,*/*;q=0.8',
  'user-agent' => 'Mozilla/5.0 (Windows NT 6.1) AppleWebKit/537.36 (KHTML, like Gecko) Chrome/50.0.2661.102 Safari/537.36',
  'referer' => 'http://tez.lyzfrj.com/index.php/admin/login/login.html',
  'accept-encoding' => 'gzip, deflate, sdch',
  'accept-language' => 'zh-CN,zh;q=0.8',
  'cookie' => 'PHPSESSID=1qkahglqtvjg1vlstksheikhb1',
  'content-type' => '',
  'content-length' => '',
)
[ info ] [ PARAM ] array (
  '0_15408400390413735' => '',
)
[ info ] [ RUN ] app\admin\controller\Common->verify[ /www/wwwroot/tez.lyzfrj.com/application/admin/controller/Common.php ]
[ info ] [ SESSION ] INIT array (
  'id' => '',
  'var_session_id' => '',
  'prefix' => 'think',
  'type' => '',
  'auto_start' => true,
)
[ info ] [ LOG ] INIT File

---------------------------------------------------------------
[ 2017-09-15T14:47:54+08:00 ] 118.190.138.146 112.251.183.151 GET /index.php/admin/common/verify?0.7074221299180372
[ log ] tez.lyzfrj.com/index.php/admin/common/verify?0.7074221299180372 [运行时间：0.014038s][吞吐率：71.23req/s] [内存消耗：1,461.11kb] [文件加载：28]
[ info ] [ LANG ] /www/wwwroot/tez.lyzfrj.com/thinkphp/lang/zh-cn.php
[ info ] [ ROUTE ] array (
  'type' => 'module',
  'module' => 
  array (
    0 => 'admin',
    1 => 'common',
    2 => 'verify',
  ),
)
[ info ] [ HEADER ] array (
  'host' => 'tez.lyzfrj.com',
  'connection' => 'keep-alive',
  'accept' => 'image/webp,image/*,*/*;q=0.8',
  'user-agent' => 'Mozilla/5.0 (Windows NT 6.1) AppleWebKit/537.36 (KHTML, like Gecko) Chrome/50.0.2661.102 Safari/537.36',
  'referer' => 'http://tez.lyzfrj.com/index.php/admin/login/login.html',
  'accept-encoding' => 'gzip, deflate, sdch',
  'accept-language' => 'zh-CN,zh;q=0.8',
  'cookie' => 'PHPSESSID=1qkahglqtvjg1vlstksheikhb1',
  'content-type' => '',
  'content-length' => '',
)
[ info ] [ PARAM ] array (
  '0_7074221299180372' => '',
)
[ info ] [ RUN ] app\admin\controller\Common->verify[ /www/wwwroot/tez.lyzfrj.com/application/admin/controller/Common.php ]
[ info ] [ SESSION ] INIT array (
  'id' => '',
  'var_session_id' => '',
  'prefix' => 'think',
  'type' => '',
  'auto_start' => true,
)
[ info ] [ LOG ] INIT File

---------------------------------------------------------------
[ 2017-09-15T14:48:16+08:00 ] 118.190.138.146 112.251.183.151 GET /index.php/admin/common/verify?0.7400652092001663
[ log ] tez.lyzfrj.com/index.php/admin/common/verify?0.7400652092001663 [运行时间：0.013525s][吞吐率：73.94req/s] [内存消耗：1,461.11kb] [文件加载：28]
[ info ] [ LANG ] /www/wwwroot/tez.lyzfrj.com/thinkphp/lang/zh-cn.php
[ info ] [ ROUTE ] array (
  'type' => 'module',
  'module' => 
  array (
    0 => 'admin',
    1 => 'common',
    2 => 'verify',
  ),
)
[ info ] [ HEADER ] array (
  'host' => 'tez.lyzfrj.com',
  'connection' => 'keep-alive',
  'accept' => 'image/webp,image/*,*/*;q=0.8',
  'user-agent' => 'Mozilla/5.0 (Windows NT 6.1) AppleWebKit/537.36 (KHTML, like Gecko) Chrome/50.0.2661.102 Safari/537.36',
  'referer' => 'http://tez.lyzfrj.com/index.php/admin/login/login.html',
  'accept-encoding' => 'gzip, deflate, sdch',
  'accept-language' => 'zh-CN,zh;q=0.8',
  'cookie' => 'PHPSESSID=1qkahglqtvjg1vlstksheikhb1',
  'content-type' => '',
  'content-length' => '',
)
[ info ] [ PARAM ] array (
  '0_7400652092001663' => '',
)
[ info ] [ RUN ] app\admin\controller\Common->verify[ /www/wwwroot/tez.lyzfrj.com/application/admin/controller/Common.php ]
[ info ] [ SESSION ] INIT array (
  'id' => '',
  'var_session_id' => '',
  'prefix' => 'think',
  'type' => '',
  'auto_start' => true,
)
[ info ] [ LOG ] INIT File

---------------------------------------------------------------
[ 2017-09-15T14:48:20+08:00 ] 118.190.138.146 112.251.183.151 POST /index.php/admin/login/do_login.html
[ log ] tez.lyzfrj.com/index.php/admin/login/do_login.html [运行时间：0.028880s][吞吐率：34.63req/s] [内存消耗：2,683.47kb] [文件加载：41]
[ info ] [ LANG ] /www/wwwroot/tez.lyzfrj.com/thinkphp/lang/zh-cn.php
[ info ] [ ROUTE ] array (
  'type' => 'module',
  'module' => 
  array (
    0 => 'admin',
    1 => 'login',
    2 => 'do_login',
  ),
)
[ info ] [ HEADER ] array (
  'host' => 'tez.lyzfrj.com',
  'connection' => 'keep-alive',
  'content-length' => '50',
  'accept' => '*/*',
  'origin' => 'http://tez.lyzfrj.com',
  'x-requested-with' => 'XMLHttpRequest',
  'user-agent' => 'Mozilla/5.0 (Windows NT 6.1) AppleWebKit/537.36 (KHTML, like Gecko) Chrome/50.0.2661.102 Safari/537.36',
  'content-type' => 'application/x-www-form-urlencoded; charset=UTF-8',
  'referer' => 'http://tez.lyzfrj.com/index.php/admin/login/login.html',
  'accept-encoding' => 'gzip, deflate',
  'accept-language' => 'zh-CN,zh;q=0.8',
  'cookie' => 'PHPSESSID=1qkahglqtvjg1vlstksheikhb1',
)
[ info ] [ PARAM ] array (
  'username' => 'lishuai',
  'password' => 'LiShuai3097920',
  'code' => '4765',
)
[ info ] [ RUN ] app\admin\controller\Login->do_login[ /www/wwwroot/tez.lyzfrj.com/application/admin/controller/Login.php ]
[ info ] [ SESSION ] INIT array (
  'id' => '',
  'var_session_id' => '',
  'prefix' => 'think',
  'type' => '',
  'auto_start' => true,
)
[ info ] [ DB ] INIT mysql
[ info ] [ LOG ] INIT File
[ sql ] [ DB ] CONNECT:[ UseTime:0.000384s ] mysql:dbname=tez_lyzfrj_com;host=127.0.0.1;charset=utf8
[ sql ] [ SQL ] SHOW COLUMNS FROM `zifi_admin_user` [ RunTime:0.000756s ]
[ sql ] [ SQL ] SELECT * FROM `zifi_admin_user` WHERE  `username` = 'lishuai' LIMIT 1 [ RunTime:0.000245s ]
[ sql ] [ SQL ] SELECT * FROM `zifi_admin_user` WHERE  `username` = 'lishuai'  AND `password` = '570582733c01e1bdd100f21266f02968' LIMIT 1 [ RunTime:0.000320s ]
[ sql ] [ SQL ] SHOW COLUMNS FROM `zifi_admin_role` [ RunTime:0.000487s ]
[ sql ] [ SQL ] SELECT * FROM `zifi_admin_role` WHERE  (  role_id = 1 ) LIMIT 1 [ RunTime:0.000149s ]
[ sql ] [ SQL ] UPDATE `zifi_admin_user`  SET `last_login_ip`='112.251.183.151',`last_login_time`=1505458100  WHERE  `username` = 'lishuai'  AND `password` = '570582733c01e1bdd100f21266f02968' [ RunTime:0.003835s ]

---------------------------------------------------------------
[ 2017-09-15T14:48:20+08:00 ] 118.190.138.146 112.251.183.151 GET /index.php/admin/index/index.html
[ log ] tez.lyzfrj.com/index.php/admin/index/index.html [运行时间：0.030214s][吞吐率：33.10req/s] [内存消耗：3,166.32kb] [文件加载：45]
[ info ] [ LANG ] /www/wwwroot/tez.lyzfrj.com/thinkphp/lang/zh-cn.php
[ info ] [ ROUTE ] array (
  'type' => 'module',
  'module' => 
  array (
    0 => 'admin',
    1 => 'index',
    2 => 'index',
  ),
)
[ info ] [ HEADER ] array (
  'host' => 'tez.lyzfrj.com',
  'connection' => 'keep-alive',
  'accept' => 'text/html,application/xhtml+xml,application/xml;q=0.9,image/webp,*/*;q=0.8',
  'upgrade-insecure-requests' => '1',
  'user-agent' => 'Mozilla/5.0 (Windows NT 6.1) AppleWebKit/537.36 (KHTML, like Gecko) Chrome/50.0.2661.102 Safari/537.36',
  'referer' => 'http://tez.lyzfrj.com/index.php/admin/login/login.html',
  'accept-encoding' => 'gzip, deflate, sdch',
  'accept-language' => 'zh-CN,zh;q=0.8',
  'cookie' => 'PHPSESSID=1qkahglqtvjg1vlstksheikhb1',
  'content-type' => '',
  'content-length' => '',
)
[ info ] [ PARAM ] array (
)
[ info ] [ SESSION ] INIT array (
  'id' => '',
  'var_session_id' => '',
  'prefix' => 'think',
  'type' => '',
  'auto_start' => true,
)
[ info ] [ DB ] INIT mysql
[ info ] [ RUN ] app\admin\controller\Index->index[ /www/wwwroot/tez.lyzfrj.com/application/admin/controller/Index.php ]
[ info ] [ VIEW ] /www/wwwroot/tez.lyzfrj.com/application/admin/view/index/index.html [ array (
  0 => 'controller',
  1 => 'action',
  2 => 'list_menu',
  3 => 'headArr',
) ]
[ info ] [ LOG ] INIT File
[ sql ] [ DB ] CONNECT:[ UseTime:0.000350s ] mysql:dbname=tez_lyzfrj_com;host=127.0.0.1;charset=utf8
[ sql ] [ SQL ] SHOW COLUMNS FROM `zifi_admin_user` [ RunTime:0.000678s ]
[ sql ] [ SQL ] SELECT `role_id` FROM `zifi_admin_user` WHERE  (  admin_id=3 ) LIMIT 1 [ RunTime:0.000262s ]
[ sql ] [ SQL ] SHOW COLUMNS FROM `zifi_admin_role` [ RunTime:0.000489s ]
[ sql ] [ SQL ] SELECT `power` FROM `zifi_admin_role` WHERE  (  role_id=1 ) LIMIT 1 [ RunTime:0.000143s ]
[ sql ] [ SQL ] SHOW COLUMNS FROM `zifi_admin_menu` [ RunTime:0.000513s ]
[ sql ] [ SQL ] SELECT * FROM `zifi_admin_menu` WHERE  (  fid = 0 and shows = 1  ) ORDER BY sort desc [ RunTime:0.000165s ]
[ sql ] [ SQL ] SELECT * FROM `zifi_admin_menu` WHERE  (  fid != 0 and shows = 1 and id in (68,69,71,51,11,12,13,14) ) ORDER BY sort desc [ RunTime:0.000206s ]
[ sql ] [ SQL ] SHOW COLUMNS FROM `zifi_param` [ RunTime:0.000525s ]
[ sql ] [ SQL ] SELECT * FROM `zifi_param` [ RunTime:0.000159s ]

---------------------------------------------------------------
[ 2017-09-15T14:48:20+08:00 ] 118.190.138.146 112.251.183.151 GET /index.php/admin/index/main.html
[ log ] tez.lyzfrj.com/index.php/admin/index/main.html [运行时间：0.029081s][吞吐率：34.39req/s] [内存消耗：3,089.09kb] [文件加载：44]
[ info ] [ LANG ] /www/wwwroot/tez.lyzfrj.com/thinkphp/lang/zh-cn.php
[ info ] [ ROUTE ] array (
  'type' => 'module',
  'module' => 
  array (
    0 => 'admin',
    1 => 'index',
    2 => 'main',
  ),
)
[ info ] [ HEADER ] array (
  'host' => 'tez.lyzfrj.com',
  'connection' => 'keep-alive',
  'accept' => 'text/html,application/xhtml+xml,application/xml;q=0.9,image/webp,*/*;q=0.8',
  'upgrade-insecure-requests' => '1',
  'user-agent' => 'Mozilla/5.0 (Windows NT 6.1) AppleWebKit/537.36 (KHTML, like Gecko) Chrome/50.0.2661.102 Safari/537.36',
  'referer' => 'http://tez.lyzfrj.com/index.php/admin/index/index.html',
  'accept-encoding' => 'gzip, deflate, sdch',
  'accept-language' => 'zh-CN,zh;q=0.8',
  'cookie' => 'PHPSESSID=1qkahglqtvjg1vlstksheikhb1',
  'content-type' => '',
  'content-length' => '',
)
[ info ] [ PARAM ] array (
)
[ info ] [ SESSION ] INIT array (
  'id' => '',
  'var_session_id' => '',
  'prefix' => 'think',
  'type' => '',
  'auto_start' => true,
)
[ info ] [ DB ] INIT mysql
[ info ] [ RUN ] app\admin\controller\Index->main[ /www/wwwroot/tez.lyzfrj.com/application/admin/controller/Index.php ]
[ info ] [ VIEW ] /www/wwwroot/tez.lyzfrj.com/application/admin/view/index/main.html [ array (
  0 => 'controller',
  1 => 'action',
  2 => 'list_menu',
  3 => 'headArr',
  4 => 'domain',
) ]
[ info ] [ LOG ] INIT File
[ sql ] [ DB ] CONNECT:[ UseTime:0.000383s ] mysql:dbname=tez_lyzfrj_com;host=127.0.0.1;charset=utf8
[ sql ] [ SQL ] SHOW COLUMNS FROM `zifi_admin_user` [ RunTime:0.000751s ]
[ sql ] [ SQL ] SELECT `role_id` FROM `zifi_admin_user` WHERE  (  admin_id=3 ) LIMIT 1 [ RunTime:0.000203s ]
[ sql ] [ SQL ] SHOW COLUMNS FROM `zifi_admin_role` [ RunTime:0.000486s ]
[ sql ] [ SQL ] SELECT `power` FROM `zifi_admin_role` WHERE  (  role_id=1 ) LIMIT 1 [ RunTime:0.000142s ]
[ sql ] [ SQL ] SHOW COLUMNS FROM `zifi_admin_menu` [ RunTime:0.000510s ]
[ sql ] [ SQL ] SELECT * FROM `zifi_admin_menu` WHERE  (  fid = 0 and shows = 1  ) ORDER BY sort desc [ RunTime:0.000167s ]
[ sql ] [ SQL ] SELECT * FROM `zifi_admin_menu` WHERE  (  fid != 0 and shows = 1 and id in (68,69,71,51,11,12,13,14) ) ORDER BY sort desc [ RunTime:0.000248s ]
[ sql ] [ SQL ] SHOW COLUMNS FROM `zifi_param` [ RunTime:0.000608s ]
[ sql ] [ SQL ] SELECT * FROM `zifi_param` [ RunTime:0.000164s ]

---------------------------------------------------------------
[ 2017-09-15T14:48:32+08:00 ] 118.190.138.146 112.251.183.151 GET /index.php/admin/login/logout.html
[ log ] tez.lyzfrj.com/index.php/admin/login/logout.html [运行时间：0.014750s][吞吐率：67.80req/s] [内存消耗：1,711.75kb] [文件加载：33]
[ info ] [ LANG ] /www/wwwroot/tez.lyzfrj.com/thinkphp/lang/zh-cn.php
[ info ] [ ROUTE ] array (
  'type' => 'module',
  'module' => 
  array (
    0 => 'admin',
    1 => 'login',
    2 => 'logout',
  ),
)
[ info ] [ HEADER ] array (
  'host' => 'tez.lyzfrj.com',
  'connection' => 'keep-alive',
  'accept' => 'text/html,application/xhtml+xml,application/xml;q=0.9,image/webp,*/*;q=0.8',
  'upgrade-insecure-requests' => '1',
  'user-agent' => 'Mozilla/5.0 (Windows NT 6.1) AppleWebKit/537.36 (KHTML, like Gecko) Chrome/50.0.2661.102 Safari/537.36',
  'referer' => 'http://tez.lyzfrj.com/index.php/admin/index/index.html',
  'accept-encoding' => 'gzip, deflate, sdch',
  'accept-language' => 'zh-CN,zh;q=0.8',
  'cookie' => 'PHPSESSID=1qkahglqtvjg1vlstksheikhb1',
  'content-type' => '',
  'content-length' => '',
)
[ info ] [ PARAM ] array (
)
[ info ] [ RUN ] app\admin\controller\Login->logout[ /www/wwwroot/tez.lyzfrj.com/application/admin/controller/Login.php ]
[ info ] [ SESSION ] INIT array (
  'id' => '',
  'var_session_id' => '',
  'prefix' => 'think',
  'type' => '',
  'auto_start' => true,
)
[ info ] [ LOG ] INIT File

---------------------------------------------------------------
[ 2017-09-15T14:48:33+08:00 ] 118.190.138.146 112.251.183.151 GET /index.php/admin/login/login.html
[ log ] tez.lyzfrj.com/index.php/admin/login/login.html [运行时间：0.015036s][吞吐率：66.51req/s] [内存消耗：1,713.24kb] [文件加载：34]
[ info ] [ LANG ] /www/wwwroot/tez.lyzfrj.com/thinkphp/lang/zh-cn.php
[ info ] [ ROUTE ] array (
  'type' => 'module',
  'module' => 
  array (
    0 => 'admin',
    1 => 'login',
    2 => 'login',
  ),
)
[ info ] [ HEADER ] array (
  'host' => 'tez.lyzfrj.com',
  'connection' => 'keep-alive',
  'accept' => 'text/html,application/xhtml+xml,application/xml;q=0.9,image/webp,*/*;q=0.8',
  'upgrade-insecure-requests' => '1',
  'user-agent' => 'Mozilla/5.0 (Windows NT 6.1) AppleWebKit/537.36 (KHTML, like Gecko) Chrome/50.0.2661.102 Safari/537.36',
  'referer' => 'http://tez.lyzfrj.com/index.php/admin/index/index.html',
  'accept-encoding' => 'gzip, deflate, sdch',
  'accept-language' => 'zh-CN,zh;q=0.8',
  'cookie' => 'PHPSESSID=1qkahglqtvjg1vlstksheikhb1',
  'content-type' => '',
  'content-length' => '',
)
[ info ] [ PARAM ] array (
)
[ info ] [ RUN ] app\admin\controller\Login->login[ /www/wwwroot/tez.lyzfrj.com/application/admin/controller/Login.php ]
[ info ] [ VIEW ] /www/wwwroot/tez.lyzfrj.com/application/admin/view/login/login.html [ array (
  0 => 'headArr',
) ]
[ info ] [ LOG ] INIT File

---------------------------------------------------------------
[ 2017-09-15T14:48:33+08:00 ] 118.190.138.146 112.251.183.151 GET /index.php/admin/common/verify.html
[ log ] tez.lyzfrj.com/index.php/admin/common/verify.html [运行时间：0.013303s][吞吐率：75.17req/s] [内存消耗：1,460.90kb] [文件加载：28]
[ info ] [ LANG ] /www/wwwroot/tez.lyzfrj.com/thinkphp/lang/zh-cn.php
[ info ] [ ROUTE ] array (
  'type' => 'module',
  'module' => 
  array (
    0 => 'admin',
    1 => 'common',
    2 => 'verify',
  ),
)
[ info ] [ HEADER ] array (
  'host' => 'tez.lyzfrj.com',
  'connection' => 'keep-alive',
  'accept' => 'image/webp,image/*,*/*;q=0.8',
  'user-agent' => 'Mozilla/5.0 (Windows NT 6.1) AppleWebKit/537.36 (KHTML, like Gecko) Chrome/50.0.2661.102 Safari/537.36',
  'referer' => 'http://tez.lyzfrj.com/index.php/admin/login/login.html',
  'accept-encoding' => 'gzip, deflate, sdch',
  'accept-language' => 'zh-CN,zh;q=0.8',
  'cookie' => 'PHPSESSID=1qkahglqtvjg1vlstksheikhb1',
  'content-type' => '',
  'content-length' => '',
)
[ info ] [ PARAM ] array (
)
[ info ] [ RUN ] app\admin\controller\Common->verify[ /www/wwwroot/tez.lyzfrj.com/application/admin/controller/Common.php ]
[ info ] [ SESSION ] INIT array (
  'id' => '',
  'var_session_id' => '',
  'prefix' => 'think',
  'type' => '',
  'auto_start' => true,
)
[ info ] [ LOG ] INIT File

---------------------------------------------------------------
[ 2017-09-15T14:48:47+08:00 ] 118.190.138.146 112.251.183.151 GET /index.php/admin/common/verify?0.5934941504543314
[ log ] tez.lyzfrj.com/index.php/admin/common/verify?0.5934941504543314 [运行时间：0.013323s][吞吐率：75.06req/s] [内存消耗：1,461.30kb] [文件加载：28]
[ info ] [ LANG ] /www/wwwroot/tez.lyzfrj.com/thinkphp/lang/zh-cn.php
[ info ] [ ROUTE ] array (
  'type' => 'module',
  'module' => 
  array (
    0 => 'admin',
    1 => 'common',
    2 => 'verify',
  ),
)
[ info ] [ HEADER ] array (
  'host' => 'tez.lyzfrj.com',
  'connection' => 'keep-alive',
  'accept' => 'image/webp,image/*,*/*;q=0.8',
  'user-agent' => 'Mozilla/5.0 (Windows NT 6.1) AppleWebKit/537.36 (KHTML, like Gecko) Chrome/50.0.2661.102 Safari/537.36',
  'referer' => 'http://tez.lyzfrj.com/index.php/admin/login/login.html',
  'accept-encoding' => 'gzip, deflate, sdch',
  'accept-language' => 'zh-CN,zh;q=0.8',
  'cookie' => 'PHPSESSID=1qkahglqtvjg1vlstksheikhb1',
  'content-type' => '',
  'content-length' => '',
)
[ info ] [ PARAM ] array (
  '0_5934941504543314' => '',
)
[ info ] [ RUN ] app\admin\controller\Common->verify[ /www/wwwroot/tez.lyzfrj.com/application/admin/controller/Common.php ]
[ info ] [ SESSION ] INIT array (
  'id' => '',
  'var_session_id' => '',
  'prefix' => 'think',
  'type' => '',
  'auto_start' => true,
)
[ info ] [ LOG ] INIT File

---------------------------------------------------------------
[ 2017-09-15T14:48:48+08:00 ] 118.190.138.146 112.251.183.151 POST /index.php/admin/login/do_login.html
[ log ] tez.lyzfrj.com/index.php/admin/login/do_login.html [运行时间：0.014628s][吞吐率：68.36req/s] [内存消耗：1,647.23kb] [文件加载：33]
[ info ] [ LANG ] /www/wwwroot/tez.lyzfrj.com/thinkphp/lang/zh-cn.php
[ info ] [ ROUTE ] array (
  'type' => 'module',
  'module' => 
  array (
    0 => 'admin',
    1 => 'login',
    2 => 'do_login',
  ),
)
[ info ] [ HEADER ] array (
  'host' => 'tez.lyzfrj.com',
  'connection' => 'keep-alive',
  'content-length' => '50',
  'accept' => '*/*',
  'origin' => 'http://tez.lyzfrj.com',
  'x-requested-with' => 'XMLHttpRequest',
  'user-agent' => 'Mozilla/5.0 (Windows NT 6.1) AppleWebKit/537.36 (KHTML, like Gecko) Chrome/50.0.2661.102 Safari/537.36',
  'content-type' => 'application/x-www-form-urlencoded; charset=UTF-8',
  'referer' => 'http://tez.lyzfrj.com/index.php/admin/login/login.html',
  'accept-encoding' => 'gzip, deflate',
  'accept-language' => 'zh-CN,zh;q=0.8',
  'cookie' => 'PHPSESSID=1qkahglqtvjg1vlstksheikhb1',
)
[ info ] [ PARAM ] array (
  'username' => 'lishuai',
  'password' => 'LiShuai3097920',
  'code' => '4226',
)
[ info ] [ RUN ] app\admin\controller\Login->do_login[ /www/wwwroot/tez.lyzfrj.com/application/admin/controller/Login.php ]
[ info ] [ SESSION ] INIT array (
  'id' => '',
  'var_session_id' => '',
  'prefix' => 'think',
  'type' => '',
  'auto_start' => true,
)
[ info ] [ LOG ] INIT File

---------------------------------------------------------------
[ 2017-09-15T14:48:52+08:00 ] 118.190.138.146 112.251.183.151 GET /index.php/admin/common/verify?0.6920758759880912
[ log ] tez.lyzfrj.com/index.php/admin/common/verify?0.6920758759880912 [运行时间：0.013636s][吞吐率：73.34req/s] [内存消耗：1,461.30kb] [文件加载：28]
[ info ] [ LANG ] /www/wwwroot/tez.lyzfrj.com/thinkphp/lang/zh-cn.php
[ info ] [ ROUTE ] array (
  'type' => 'module',
  'module' => 
  array (
    0 => 'admin',
    1 => 'common',
    2 => 'verify',
  ),
)
[ info ] [ HEADER ] array (
  'host' => 'tez.lyzfrj.com',
  'connection' => 'keep-alive',
  'accept' => 'image/webp,image/*,*/*;q=0.8',
  'user-agent' => 'Mozilla/5.0 (Windows NT 6.1) AppleWebKit/537.36 (KHTML, like Gecko) Chrome/50.0.2661.102 Safari/537.36',
  'referer' => 'http://tez.lyzfrj.com/index.php/admin/login/login.html',
  'accept-encoding' => 'gzip, deflate, sdch',
  'accept-language' => 'zh-CN,zh;q=0.8',
  'cookie' => 'PHPSESSID=1qkahglqtvjg1vlstksheikhb1',
  'content-type' => '',
  'content-length' => '',
)
[ info ] [ PARAM ] array (
  '0_6920758759880912' => '',
)
[ info ] [ RUN ] app\admin\controller\Common->verify[ /www/wwwroot/tez.lyzfrj.com/application/admin/controller/Common.php ]
[ info ] [ SESSION ] INIT array (
  'id' => '',
  'var_session_id' => '',
  'prefix' => 'think',
  'type' => '',
  'auto_start' => true,
)
[ info ] [ LOG ] INIT File

---------------------------------------------------------------
[ 2017-09-15T14:48:52+08:00 ] 118.190.138.146 112.251.183.151 POST /index.php/admin/login/do_login.html
[ log ] tez.lyzfrj.com/index.php/admin/login/do_login.html [运行时间：0.014897s][吞吐率：67.13req/s] [内存消耗：1,647.23kb] [文件加载：33]
[ info ] [ LANG ] /www/wwwroot/tez.lyzfrj.com/thinkphp/lang/zh-cn.php
[ info ] [ ROUTE ] array (
  'type' => 'module',
  'module' => 
  array (
    0 => 'admin',
    1 => 'login',
    2 => 'do_login',
  ),
)
[ info ] [ HEADER ] array (
  'host' => 'tez.lyzfrj.com',
  'connection' => 'keep-alive',
  'content-length' => '50',
  'accept' => '*/*',
  'origin' => 'http://tez.lyzfrj.com',
  'x-requested-with' => 'XMLHttpRequest',
  'user-agent' => 'Mozilla/5.0 (Windows NT 6.1) AppleWebKit/537.36 (KHTML, like Gecko) Chrome/50.0.2661.102 Safari/537.36',
  'content-type' => 'application/x-www-form-urlencoded; charset=UTF-8',
  'referer' => 'http://tez.lyzfrj.com/index.php/admin/login/login.html',
  'accept-encoding' => 'gzip, deflate',
  'accept-language' => 'zh-CN,zh;q=0.8',
  'cookie' => 'PHPSESSID=1qkahglqtvjg1vlstksheikhb1',
)
[ info ] [ PARAM ] array (
  'username' => 'lishuai',
  'password' => 'LiShuai3097920',
  'code' => '3516',
)
[ info ] [ RUN ] app\admin\controller\Login->do_login[ /www/wwwroot/tez.lyzfrj.com/application/admin/controller/Login.php ]
[ info ] [ SESSION ] INIT array (
  'id' => '',
  'var_session_id' => '',
  'prefix' => 'think',
  'type' => '',
  'auto_start' => true,
)
[ info ] [ LOG ] INIT File

---------------------------------------------------------------
[ 2017-09-15T14:48:57+08:00 ] 118.190.138.146 112.251.183.151 GET /index.php/admin/common/verify?0.8225724852059011
[ log ] tez.lyzfrj.com/index.php/admin/common/verify?0.8225724852059011 [运行时间：0.015643s][吞吐率：63.93req/s] [内存消耗：1,461.30kb] [文件加载：28]
[ info ] [ LANG ] /www/wwwroot/tez.lyzfrj.com/thinkphp/lang/zh-cn.php
[ info ] [ ROUTE ] array (
  'type' => 'module',
  'module' => 
  array (
    0 => 'admin',
    1 => 'common',
    2 => 'verify',
  ),
)
[ info ] [ HEADER ] array (
  'host' => 'tez.lyzfrj.com',
  'connection' => 'keep-alive',
  'accept' => 'image/webp,image/*,*/*;q=0.8',
  'user-agent' => 'Mozilla/5.0 (Windows NT 6.1) AppleWebKit/537.36 (KHTML, like Gecko) Chrome/50.0.2661.102 Safari/537.36',
  'referer' => 'http://tez.lyzfrj.com/index.php/admin/login/login.html',
  'accept-encoding' => 'gzip, deflate, sdch',
  'accept-language' => 'zh-CN,zh;q=0.8',
  'cookie' => 'PHPSESSID=1qkahglqtvjg1vlstksheikhb1',
  'content-type' => '',
  'content-length' => '',
)
[ info ] [ PARAM ] array (
  '0_8225724852059011' => '',
)
[ info ] [ RUN ] app\admin\controller\Common->verify[ /www/wwwroot/tez.lyzfrj.com/application/admin/controller/Common.php ]
[ info ] [ SESSION ] INIT array (
  'id' => '',
  'var_session_id' => '',
  'prefix' => 'think',
  'type' => '',
  'auto_start' => true,
)
[ info ] [ LOG ] INIT File

---------------------------------------------------------------
[ 2017-09-15T14:48:57+08:00 ] 118.190.138.146 112.251.183.151 POST /index.php/admin/login/do_login.html
[ log ] tez.lyzfrj.com/index.php/admin/login/do_login.html [运行时间：0.017002s][吞吐率：58.82req/s] [内存消耗：1,647.23kb] [文件加载：33]
[ info ] [ LANG ] /www/wwwroot/tez.lyzfrj.com/thinkphp/lang/zh-cn.php
[ info ] [ ROUTE ] array (
  'type' => 'module',
  'module' => 
  array (
    0 => 'admin',
    1 => 'login',
    2 => 'do_login',
  ),
)
[ info ] [ HEADER ] array (
  'host' => 'tez.lyzfrj.com',
  'connection' => 'keep-alive',
  'content-length' => '50',
  'accept' => '*/*',
  'origin' => 'http://tez.lyzfrj.com',
  'x-requested-with' => 'XMLHttpRequest',
  'user-agent' => 'Mozilla/5.0 (Windows NT 6.1) AppleWebKit/537.36 (KHTML, like Gecko) Chrome/50.0.2661.102 Safari/537.36',
  'content-type' => 'application/x-www-form-urlencoded; charset=UTF-8',
  'referer' => 'http://tez.lyzfrj.com/index.php/admin/login/login.html',
  'accept-encoding' => 'gzip, deflate',
  'accept-language' => 'zh-CN,zh;q=0.8',
  'cookie' => 'PHPSESSID=1qkahglqtvjg1vlstksheikhb1',
)
[ info ] [ PARAM ] array (
  'username' => 'lishuai',
  'password' => 'LiShuai3097920',
  'code' => '8979',
)
[ info ] [ RUN ] app\admin\controller\Login->do_login[ /www/wwwroot/tez.lyzfrj.com/application/admin/controller/Login.php ]
[ info ] [ SESSION ] INIT array (
  'id' => '',
  'var_session_id' => '',
  'prefix' => 'think',
  'type' => '',
  'auto_start' => true,
)
[ info ] [ LOG ] INIT File

---------------------------------------------------------------
[ 2017-09-15T14:48:58+08:00 ] 118.190.138.146 112.251.183.151 GET /index.php/admin/common/verify?0.061510213961673665
[ log ] tez.lyzfrj.com/index.php/admin/common/verify?0.061510213961673665 [运行时间：0.013484s][吞吐率：74.16req/s] [内存消耗：1,461.33kb] [文件加载：28]
[ info ] [ LANG ] /www/wwwroot/tez.lyzfrj.com/thinkphp/lang/zh-cn.php
[ info ] [ ROUTE ] array (
  'type' => 'module',
  'module' => 
  array (
    0 => 'admin',
    1 => 'common',
    2 => 'verify',
  ),
)
[ info ] [ HEADER ] array (
  'host' => 'tez.lyzfrj.com',
  'connection' => 'keep-alive',
  'accept' => 'image/webp,image/*,*/*;q=0.8',
  'user-agent' => 'Mozilla/5.0 (Windows NT 6.1) AppleWebKit/537.36 (KHTML, like Gecko) Chrome/50.0.2661.102 Safari/537.36',
  'referer' => 'http://tez.lyzfrj.com/index.php/admin/login/login.html',
  'accept-encoding' => 'gzip, deflate, sdch',
  'accept-language' => 'zh-CN,zh;q=0.8',
  'cookie' => 'PHPSESSID=1qkahglqtvjg1vlstksheikhb1',
  'content-type' => '',
  'content-length' => '',
)
[ info ] [ PARAM ] array (
  '0_061510213961673665' => '',
)
[ info ] [ RUN ] app\admin\controller\Common->verify[ /www/wwwroot/tez.lyzfrj.com/application/admin/controller/Common.php ]
[ info ] [ SESSION ] INIT array (
  'id' => '',
  'var_session_id' => '',
  'prefix' => 'think',
  'type' => '',
  'auto_start' => true,
)
[ info ] [ LOG ] INIT File

---------------------------------------------------------------
[ 2017-09-15T14:49:04+08:00 ] 118.190.138.146 112.251.183.151 POST /index.php/admin/login/do_login.html
[ log ] tez.lyzfrj.com/index.php/admin/login/do_login.html [运行时间：0.028632s][吞吐率：34.93req/s] [内存消耗：2,683.24kb] [文件加载：41]
[ info ] [ LANG ] /www/wwwroot/tez.lyzfrj.com/thinkphp/lang/zh-cn.php
[ info ] [ ROUTE ] array (
  'type' => 'module',
  'module' => 
  array (
    0 => 'admin',
    1 => 'login',
    2 => 'do_login',
  ),
)
[ info ] [ HEADER ] array (
  'host' => 'tez.lyzfrj.com',
  'connection' => 'keep-alive',
  'content-length' => '50',
  'accept' => '*/*',
  'origin' => 'http://tez.lyzfrj.com',
  'x-requested-with' => 'XMLHttpRequest',
  'user-agent' => 'Mozilla/5.0 (Windows NT 6.1) AppleWebKit/537.36 (KHTML, like Gecko) Chrome/50.0.2661.102 Safari/537.36',
  'content-type' => 'application/x-www-form-urlencoded; charset=UTF-8',
  'referer' => 'http://tez.lyzfrj.com/index.php/admin/login/login.html',
  'accept-encoding' => 'gzip, deflate',
  'accept-language' => 'zh-CN,zh;q=0.8',
  'cookie' => 'PHPSESSID=1qkahglqtvjg1vlstksheikhb1',
)
[ info ] [ PARAM ] array (
  'username' => 'lishuai',
  'password' => 'LiShuai3097920',
  'code' => '6503',
)
[ info ] [ RUN ] app\admin\controller\Login->do_login[ /www/wwwroot/tez.lyzfrj.com/application/admin/controller/Login.php ]
[ info ] [ SESSION ] INIT array (
  'id' => '',
  'var_session_id' => '',
  'prefix' => 'think',
  'type' => '',
  'auto_start' => true,
)
[ info ] [ DB ] INIT mysql
[ info ] [ LOG ] INIT File
[ sql ] [ DB ] CONNECT:[ UseTime:0.000400s ] mysql:dbname=tez_lyzfrj_com;host=127.0.0.1;charset=utf8
[ sql ] [ SQL ] SHOW COLUMNS FROM `zifi_admin_user` [ RunTime:0.000743s ]
[ sql ] [ SQL ] SELECT * FROM `zifi_admin_user` WHERE  `username` = 'lishuai' LIMIT 1 [ RunTime:0.000358s ]
[ sql ] [ SQL ] SELECT * FROM `zifi_admin_user` WHERE  `username` = 'lishuai'  AND `password` = '570582733c01e1bdd100f21266f02968' LIMIT 1 [ RunTime:0.000256s ]
[ sql ] [ SQL ] SHOW COLUMNS FROM `zifi_admin_role` [ RunTime:0.000501s ]
[ sql ] [ SQL ] SELECT * FROM `zifi_admin_role` WHERE  (  role_id = 1 ) LIMIT 1 [ RunTime:0.000140s ]
[ sql ] [ SQL ] UPDATE `zifi_admin_user`  SET `last_login_ip`='112.251.183.151',`last_login_time`=1505458144  WHERE  `username` = 'lishuai'  AND `password` = '570582733c01e1bdd100f21266f02968' [ RunTime:0.003951s ]

---------------------------------------------------------------
[ 2017-09-15T14:49:04+08:00 ] 118.190.138.146 112.251.183.151 GET /index.php/admin/index/index.html
[ log ] tez.lyzfrj.com/index.php/admin/index/index.html [运行时间：0.029434s][吞吐率：33.97req/s] [内存消耗：3,166.32kb] [文件加载：45]
[ info ] [ LANG ] /www/wwwroot/tez.lyzfrj.com/thinkphp/lang/zh-cn.php
[ info ] [ ROUTE ] array (
  'type' => 'module',
  'module' => 
  array (
    0 => 'admin',
    1 => 'index',
    2 => 'index',
  ),
)
[ info ] [ HEADER ] array (
  'host' => 'tez.lyzfrj.com',
  'connection' => 'keep-alive',
  'accept' => 'text/html,application/xhtml+xml,application/xml;q=0.9,image/webp,*/*;q=0.8',
  'upgrade-insecure-requests' => '1',
  'user-agent' => 'Mozilla/5.0 (Windows NT 6.1) AppleWebKit/537.36 (KHTML, like Gecko) Chrome/50.0.2661.102 Safari/537.36',
  'referer' => 'http://tez.lyzfrj.com/index.php/admin/login/login.html',
  'accept-encoding' => 'gzip, deflate, sdch',
  'accept-language' => 'zh-CN,zh;q=0.8',
  'cookie' => 'PHPSESSID=1qkahglqtvjg1vlstksheikhb1',
  'content-type' => '',
  'content-length' => '',
)
[ info ] [ PARAM ] array (
)
[ info ] [ SESSION ] INIT array (
  'id' => '',
  'var_session_id' => '',
  'prefix' => 'think',
  'type' => '',
  'auto_start' => true,
)
[ info ] [ DB ] INIT mysql
[ info ] [ RUN ] app\admin\controller\Index->index[ /www/wwwroot/tez.lyzfrj.com/application/admin/controller/Index.php ]
[ info ] [ VIEW ] /www/wwwroot/tez.lyzfrj.com/application/admin/view/index/index.html [ array (
  0 => 'controller',
  1 => 'action',
  2 => 'list_menu',
  3 => 'headArr',
) ]
[ info ] [ LOG ] INIT File
[ sql ] [ DB ] CONNECT:[ UseTime:0.000318s ] mysql:dbname=tez_lyzfrj_com;host=127.0.0.1;charset=utf8
[ sql ] [ SQL ] SHOW COLUMNS FROM `zifi_admin_user` [ RunTime:0.000651s ]
[ sql ] [ SQL ] SELECT `role_id` FROM `zifi_admin_user` WHERE  (  admin_id=3 ) LIMIT 1 [ RunTime:0.000252s ]
[ sql ] [ SQL ] SHOW COLUMNS FROM `zifi_admin_role` [ RunTime:0.000477s ]
[ sql ] [ SQL ] SELECT `power` FROM `zifi_admin_role` WHERE  (  role_id=1 ) LIMIT 1 [ RunTime:0.000133s ]
[ sql ] [ SQL ] SHOW COLUMNS FROM `zifi_admin_menu` [ RunTime:0.000480s ]
[ sql ] [ SQL ] SELECT * FROM `zifi_admin_menu` WHERE  (  fid = 0 and shows = 1  ) ORDER BY sort desc [ RunTime:0.000158s ]
[ sql ] [ SQL ] SELECT * FROM `zifi_admin_menu` WHERE  (  fid != 0 and shows = 1 and id in (68,69,71,51,11,12,13,14) ) ORDER BY sort desc [ RunTime:0.000201s ]
[ sql ] [ SQL ] SHOW COLUMNS FROM `zifi_param` [ RunTime:0.000497s ]
[ sql ] [ SQL ] SELECT * FROM `zifi_param` [ RunTime:0.000155s ]

---------------------------------------------------------------
[ 2017-09-15T14:49:04+08:00 ] 118.190.138.146 112.251.183.151 GET /index.php/admin/index/main.html
[ log ] tez.lyzfrj.com/index.php/admin/index/main.html [运行时间：0.030156s][吞吐率：33.16req/s] [内存消耗：3,089.09kb] [文件加载：44]
[ info ] [ LANG ] /www/wwwroot/tez.lyzfrj.com/thinkphp/lang/zh-cn.php
[ info ] [ ROUTE ] array (
  'type' => 'module',
  'module' => 
  array (
    0 => 'admin',
    1 => 'index',
    2 => 'main',
  ),
)
[ info ] [ HEADER ] array (
  'host' => 'tez.lyzfrj.com',
  'connection' => 'keep-alive',
  'accept' => 'text/html,application/xhtml+xml,application/xml;q=0.9,image/webp,*/*;q=0.8',
  'upgrade-insecure-requests' => '1',
  'user-agent' => 'Mozilla/5.0 (Windows NT 6.1) AppleWebKit/537.36 (KHTML, like Gecko) Chrome/50.0.2661.102 Safari/537.36',
  'referer' => 'http://tez.lyzfrj.com/index.php/admin/index/index.html',
  'accept-encoding' => 'gzip, deflate, sdch',
  'accept-language' => 'zh-CN,zh;q=0.8',
  'cookie' => 'PHPSESSID=1qkahglqtvjg1vlstksheikhb1',
  'content-type' => '',
  'content-length' => '',
)
[ info ] [ PARAM ] array (
)
[ info ] [ SESSION ] INIT array (
  'id' => '',
  'var_session_id' => '',
  'prefix' => 'think',
  'type' => '',
  'auto_start' => true,
)
[ info ] [ DB ] INIT mysql
[ info ] [ RUN ] app\admin\controller\Index->main[ /www/wwwroot/tez.lyzfrj.com/application/admin/controller/Index.php ]
[ info ] [ VIEW ] /www/wwwroot/tez.lyzfrj.com/application/admin/view/index/main.html [ array (
  0 => 'controller',
  1 => 'action',
  2 => 'list_menu',
  3 => 'headArr',
  4 => 'domain',
) ]
[ info ] [ LOG ] INIT File
[ sql ] [ DB ] CONNECT:[ UseTime:0.000394s ] mysql:dbname=tez_lyzfrj_com;host=127.0.0.1;charset=utf8
[ sql ] [ SQL ] SHOW COLUMNS FROM `zifi_admin_user` [ RunTime:0.000758s ]
[ sql ] [ SQL ] SELECT `role_id` FROM `zifi_admin_user` WHERE  (  admin_id=3 ) LIMIT 1 [ RunTime:0.000204s ]
[ sql ] [ SQL ] SHOW COLUMNS FROM `zifi_admin_role` [ RunTime:0.000521s ]
[ sql ] [ SQL ] SELECT `power` FROM `zifi_admin_role` WHERE  (  role_id=1 ) LIMIT 1 [ RunTime:0.000141s ]
[ sql ] [ SQL ] SHOW COLUMNS FROM `zifi_admin_menu` [ RunTime:0.000570s ]
[ sql ] [ SQL ] SELECT * FROM `zifi_admin_menu` WHERE  (  fid = 0 and shows = 1  ) ORDER BY sort desc [ RunTime:0.000184s ]
[ sql ] [ SQL ] SELECT * FROM `zifi_admin_menu` WHERE  (  fid != 0 and shows = 1 and id in (68,69,71,51,11,12,13,14) ) ORDER BY sort desc [ RunTime:0.000189s ]
[ sql ] [ SQL ] SHOW COLUMNS FROM `zifi_param` [ RunTime:0.000501s ]
[ sql ] [ SQL ] SELECT * FROM `zifi_param` [ RunTime:0.000177s ]

---------------------------------------------------------------
[ 2017-09-15T14:50:42+08:00 ] 118.190.138.146 112.251.183.151 GET /index.php/admin/login/logout.html
[ log ] tez.lyzfrj.com/index.php/admin/login/logout.html [运行时间：0.014871s][吞吐率：67.24req/s] [内存消耗：1,711.75kb] [文件加载：33]
[ info ] [ LANG ] /www/wwwroot/tez.lyzfrj.com/thinkphp/lang/zh-cn.php
[ info ] [ ROUTE ] array (
  'type' => 'module',
  'module' => 
  array (
    0 => 'admin',
    1 => 'login',
    2 => 'logout',
  ),
)
[ info ] [ HEADER ] array (
  'host' => 'tez.lyzfrj.com',
  'connection' => 'keep-alive',
  'accept' => 'text/html,application/xhtml+xml,application/xml;q=0.9,image/webp,*/*;q=0.8',
  'upgrade-insecure-requests' => '1',
  'user-agent' => 'Mozilla/5.0 (Windows NT 6.1) AppleWebKit/537.36 (KHTML, like Gecko) Chrome/50.0.2661.102 Safari/537.36',
  'referer' => 'http://tez.lyzfrj.com/index.php/admin/index/index.html',
  'accept-encoding' => 'gzip, deflate, sdch',
  'accept-language' => 'zh-CN,zh;q=0.8',
  'cookie' => 'PHPSESSID=1qkahglqtvjg1vlstksheikhb1',
  'content-type' => '',
  'content-length' => '',
)
[ info ] [ PARAM ] array (
)
[ info ] [ RUN ] app\admin\controller\Login->logout[ /www/wwwroot/tez.lyzfrj.com/application/admin/controller/Login.php ]
[ info ] [ SESSION ] INIT array (
  'id' => '',
  'var_session_id' => '',
  'prefix' => 'think',
  'type' => '',
  'auto_start' => true,
)
[ info ] [ LOG ] INIT File

---------------------------------------------------------------
[ 2017-09-15T14:50:42+08:00 ] 118.190.138.146 112.251.183.151 GET /index.php/admin/login/login.html
[ log ] tez.lyzfrj.com/index.php/admin/login/login.html [运行时间：0.015140s][吞吐率：66.05req/s] [内存消耗：1,713.24kb] [文件加载：34]
[ info ] [ LANG ] /www/wwwroot/tez.lyzfrj.com/thinkphp/lang/zh-cn.php
[ info ] [ ROUTE ] array (
  'type' => 'module',
  'module' => 
  array (
    0 => 'admin',
    1 => 'login',
    2 => 'login',
  ),
)
[ info ] [ HEADER ] array (
  'host' => 'tez.lyzfrj.com',
  'connection' => 'keep-alive',
  'accept' => 'text/html,application/xhtml+xml,application/xml;q=0.9,image/webp,*/*;q=0.8',
  'upgrade-insecure-requests' => '1',
  'user-agent' => 'Mozilla/5.0 (Windows NT 6.1) AppleWebKit/537.36 (KHTML, like Gecko) Chrome/50.0.2661.102 Safari/537.36',
  'referer' => 'http://tez.lyzfrj.com/index.php/admin/index/index.html',
  'accept-encoding' => 'gzip, deflate, sdch',
  'accept-language' => 'zh-CN,zh;q=0.8',
  'cookie' => 'PHPSESSID=1qkahglqtvjg1vlstksheikhb1',
  'content-type' => '',
  'content-length' => '',
)
[ info ] [ PARAM ] array (
)
[ info ] [ RUN ] app\admin\controller\Login->login[ /www/wwwroot/tez.lyzfrj.com/application/admin/controller/Login.php ]
[ info ] [ VIEW ] /www/wwwroot/tez.lyzfrj.com/application/admin/view/login/login.html [ array (
  0 => 'headArr',
) ]
[ info ] [ LOG ] INIT File

---------------------------------------------------------------
[ 2017-09-15T14:50:42+08:00 ] 118.190.138.146 112.251.183.151 GET /index.php/admin/common/verify.html
[ log ] tez.lyzfrj.com/index.php/admin/common/verify.html [运行时间：0.013528s][吞吐率：73.92req/s] [内存消耗：1,460.90kb] [文件加载：28]
[ info ] [ LANG ] /www/wwwroot/tez.lyzfrj.com/thinkphp/lang/zh-cn.php
[ info ] [ ROUTE ] array (
  'type' => 'module',
  'module' => 
  array (
    0 => 'admin',
    1 => 'common',
    2 => 'verify',
  ),
)
[ info ] [ HEADER ] array (
  'host' => 'tez.lyzfrj.com',
  'connection' => 'keep-alive',
  'accept' => 'image/webp,image/*,*/*;q=0.8',
  'user-agent' => 'Mozilla/5.0 (Windows NT 6.1) AppleWebKit/537.36 (KHTML, like Gecko) Chrome/50.0.2661.102 Safari/537.36',
  'referer' => 'http://tez.lyzfrj.com/index.php/admin/login/login.html',
  'accept-encoding' => 'gzip, deflate, sdch',
  'accept-language' => 'zh-CN,zh;q=0.8',
  'cookie' => 'PHPSESSID=1qkahglqtvjg1vlstksheikhb1',
  'content-type' => '',
  'content-length' => '',
)
[ info ] [ PARAM ] array (
)
[ info ] [ RUN ] app\admin\controller\Common->verify[ /www/wwwroot/tez.lyzfrj.com/application/admin/controller/Common.php ]
[ info ] [ SESSION ] INIT array (
  'id' => '',
  'var_session_id' => '',
  'prefix' => 'think',
  'type' => '',
  'auto_start' => true,
)
[ info ] [ LOG ] INIT File

---------------------------------------------------------------
[ 2017-09-15T14:50:56+08:00 ] 118.190.138.146 112.251.183.151 GET /index.php/admin/common/verify?0.37423055943198014
[ log ] tez.lyzfrj.com/index.php/admin/common/verify?0.37423055943198014 [运行时间：0.013542s][吞吐率：73.84req/s] [内存消耗：1,461.31kb] [文件加载：28]
[ info ] [ LANG ] /www/wwwroot/tez.lyzfrj.com/thinkphp/lang/zh-cn.php
[ info ] [ ROUTE ] array (
  'type' => 'module',
  'module' => 
  array (
    0 => 'admin',
    1 => 'common',
    2 => 'verify',
  ),
)
[ info ] [ HEADER ] array (
  'host' => 'tez.lyzfrj.com',
  'connection' => 'keep-alive',
  'accept' => 'image/webp,image/*,*/*;q=0.8',
  'user-agent' => 'Mozilla/5.0 (Windows NT 6.1) AppleWebKit/537.36 (KHTML, like Gecko) Chrome/50.0.2661.102 Safari/537.36',
  'referer' => 'http://tez.lyzfrj.com/index.php/admin/login/login.html',
  'accept-encoding' => 'gzip, deflate, sdch',
  'accept-language' => 'zh-CN,zh;q=0.8',
  'cookie' => 'PHPSESSID=1qkahglqtvjg1vlstksheikhb1',
  'content-type' => '',
  'content-length' => '',
)
[ info ] [ PARAM ] array (
  '0_37423055943198014' => '',
)
[ info ] [ RUN ] app\admin\controller\Common->verify[ /www/wwwroot/tez.lyzfrj.com/application/admin/controller/Common.php ]
[ info ] [ SESSION ] INIT array (
  'id' => '',
  'var_session_id' => '',
  'prefix' => 'think',
  'type' => '',
  'auto_start' => true,
)
[ info ] [ LOG ] INIT File

---------------------------------------------------------------
[ 2017-09-15T14:50:59+08:00 ] 118.190.138.146 112.251.183.151 POST /index.php/admin/login/do_login.html
[ log ] tez.lyzfrj.com/index.php/admin/login/do_login.html [运行时间：0.028588s][吞吐率：34.98req/s] [内存消耗：2,683.24kb] [文件加载：41]
[ info ] [ LANG ] /www/wwwroot/tez.lyzfrj.com/thinkphp/lang/zh-cn.php
[ info ] [ ROUTE ] array (
  'type' => 'module',
  'module' => 
  array (
    0 => 'admin',
    1 => 'login',
    2 => 'do_login',
  ),
)
[ info ] [ HEADER ] array (
  'host' => 'tez.lyzfrj.com',
  'connection' => 'keep-alive',
  'content-length' => '50',
  'accept' => '*/*',
  'origin' => 'http://tez.lyzfrj.com',
  'x-requested-with' => 'XMLHttpRequest',
  'user-agent' => 'Mozilla/5.0 (Windows NT 6.1) AppleWebKit/537.36 (KHTML, like Gecko) Chrome/50.0.2661.102 Safari/537.36',
  'content-type' => 'application/x-www-form-urlencoded; charset=UTF-8',
  'referer' => 'http://tez.lyzfrj.com/index.php/admin/login/login.html',
  'accept-encoding' => 'gzip, deflate',
  'accept-language' => 'zh-CN,zh;q=0.8',
  'cookie' => 'PHPSESSID=1qkahglqtvjg1vlstksheikhb1',
)
[ info ] [ PARAM ] array (
  'username' => 'lishuai',
  'password' => 'LiShuai3097920',
  'code' => '8519',
)
[ info ] [ RUN ] app\admin\controller\Login->do_login[ /www/wwwroot/tez.lyzfrj.com/application/admin/controller/Login.php ]
[ info ] [ SESSION ] INIT array (
  'id' => '',
  'var_session_id' => '',
  'prefix' => 'think',
  'type' => '',
  'auto_start' => true,
)
[ info ] [ DB ] INIT mysql
[ info ] [ LOG ] INIT File
[ sql ] [ DB ] CONNECT:[ UseTime:0.000387s ] mysql:dbname=tez_lyzfrj_com;host=127.0.0.1;charset=utf8
[ sql ] [ SQL ] SHOW COLUMNS FROM `zifi_admin_user` [ RunTime:0.000736s ]
[ sql ] [ SQL ] SELECT * FROM `zifi_admin_user` WHERE  `username` = 'lishuai' LIMIT 1 [ RunTime:0.000344s ]
[ sql ] [ SQL ] SELECT * FROM `zifi_admin_user` WHERE  `username` = 'lishuai'  AND `password` = '570582733c01e1bdd100f21266f02968' LIMIT 1 [ RunTime:0.000256s ]
[ sql ] [ SQL ] SHOW COLUMNS FROM `zifi_admin_role` [ RunTime:0.000492s ]
[ sql ] [ SQL ] SELECT * FROM `zifi_admin_role` WHERE  (  role_id = 1 ) LIMIT 1 [ RunTime:0.000140s ]
[ sql ] [ SQL ] UPDATE `zifi_admin_user`  SET `last_login_ip`='112.251.183.151',`last_login_time`=1505458259  WHERE  `username` = 'lishuai'  AND `password` = '570582733c01e1bdd100f21266f02968' [ RunTime:0.003767s ]

---------------------------------------------------------------
[ 2017-09-15T14:50:59+08:00 ] 118.190.138.146 112.251.183.151 GET /index.php/admin/index/index.html
[ log ] tez.lyzfrj.com/index.php/admin/index/index.html [运行时间：0.029829s][吞吐率：33.52req/s] [内存消耗：3,166.32kb] [文件加载：45]
[ info ] [ LANG ] /www/wwwroot/tez.lyzfrj.com/thinkphp/lang/zh-cn.php
[ info ] [ ROUTE ] array (
  'type' => 'module',
  'module' => 
  array (
    0 => 'admin',
    1 => 'index',
    2 => 'index',
  ),
)
[ info ] [ HEADER ] array (
  'host' => 'tez.lyzfrj.com',
  'connection' => 'keep-alive',
  'accept' => 'text/html,application/xhtml+xml,application/xml;q=0.9,image/webp,*/*;q=0.8',
  'upgrade-insecure-requests' => '1',
  'user-agent' => 'Mozilla/5.0 (Windows NT 6.1) AppleWebKit/537.36 (KHTML, like Gecko) Chrome/50.0.2661.102 Safari/537.36',
  'referer' => 'http://tez.lyzfrj.com/index.php/admin/login/login.html',
  'accept-encoding' => 'gzip, deflate, sdch',
  'accept-language' => 'zh-CN,zh;q=0.8',
  'cookie' => 'PHPSESSID=1qkahglqtvjg1vlstksheikhb1',
  'content-type' => '',
  'content-length' => '',
)
[ info ] [ PARAM ] array (
)
[ info ] [ SESSION ] INIT array (
  'id' => '',
  'var_session_id' => '',
  'prefix' => 'think',
  'type' => '',
  'auto_start' => true,
)
[ info ] [ DB ] INIT mysql
[ info ] [ RUN ] app\admin\controller\Index->index[ /www/wwwroot/tez.lyzfrj.com/application/admin/controller/Index.php ]
[ info ] [ VIEW ] /www/wwwroot/tez.lyzfrj.com/application/admin/view/index/index.html [ array (
  0 => 'controller',
  1 => 'action',
  2 => 'list_menu',
  3 => 'headArr',
) ]
[ info ] [ LOG ] INIT File
[ sql ] [ DB ] CONNECT:[ UseTime:0.000341s ] mysql:dbname=tez_lyzfrj_com;host=127.0.0.1;charset=utf8
[ sql ] [ SQL ] SHOW COLUMNS FROM `zifi_admin_user` [ RunTime:0.000680s ]
[ sql ] [ SQL ] SELECT `role_id` FROM `zifi_admin_user` WHERE  (  admin_id=3 ) LIMIT 1 [ RunTime:0.000254s ]
[ sql ] [ SQL ] SHOW COLUMNS FROM `zifi_admin_role` [ RunTime:0.000474s ]
[ sql ] [ SQL ] SELECT `power` FROM `zifi_admin_role` WHERE  (  role_id=1 ) LIMIT 1 [ RunTime:0.000133s ]
[ sql ] [ SQL ] SHOW COLUMNS FROM `zifi_admin_menu` [ RunTime:0.000490s ]
[ sql ] [ SQL ] SELECT * FROM `zifi_admin_menu` WHERE  (  fid = 0 and shows = 1  ) ORDER BY sort desc [ RunTime:0.000159s ]
[ sql ] [ SQL ] SELECT * FROM `zifi_admin_menu` WHERE  (  fid != 0 and shows = 1 and id in (68,69,71,51,11,12,13,14) ) ORDER BY sort desc [ RunTime:0.000184s ]
[ sql ] [ SQL ] SHOW COLUMNS FROM `zifi_param` [ RunTime:0.000536s ]
[ sql ] [ SQL ] SELECT * FROM `zifi_param` [ RunTime:0.000163s ]

---------------------------------------------------------------
[ 2017-09-15T14:50:59+08:00 ] 118.190.138.146 112.251.183.151 GET /index.php/admin/index/main.html
[ log ] tez.lyzfrj.com/index.php/admin/index/main.html [运行时间：0.028382s][吞吐率：35.23req/s] [内存消耗：3,089.09kb] [文件加载：44]
[ info ] [ LANG ] /www/wwwroot/tez.lyzfrj.com/thinkphp/lang/zh-cn.php
[ info ] [ ROUTE ] array (
  'type' => 'module',
  'module' => 
  array (
    0 => 'admin',
    1 => 'index',
    2 => 'main',
  ),
)
[ info ] [ HEADER ] array (
  'host' => 'tez.lyzfrj.com',
  'connection' => 'keep-alive',
  'accept' => 'text/html,application/xhtml+xml,application/xml;q=0.9,image/webp,*/*;q=0.8',
  'upgrade-insecure-requests' => '1',
  'user-agent' => 'Mozilla/5.0 (Windows NT 6.1) AppleWebKit/537.36 (KHTML, like Gecko) Chrome/50.0.2661.102 Safari/537.36',
  'referer' => 'http://tez.lyzfrj.com/index.php/admin/index/index.html',
  'accept-encoding' => 'gzip, deflate, sdch',
  'accept-language' => 'zh-CN,zh;q=0.8',
  'cookie' => 'PHPSESSID=1qkahglqtvjg1vlstksheikhb1',
  'content-type' => '',
  'content-length' => '',
)
[ info ] [ PARAM ] array (
)
[ info ] [ SESSION ] INIT array (
  'id' => '',
  'var_session_id' => '',
  'prefix' => 'think',
  'type' => '',
  'auto_start' => true,
)
[ info ] [ DB ] INIT mysql
[ info ] [ RUN ] app\admin\controller\Index->main[ /www/wwwroot/tez.lyzfrj.com/application/admin/controller/Index.php ]
[ info ] [ VIEW ] /www/wwwroot/tez.lyzfrj.com/application/admin/view/index/main.html [ array (
  0 => 'controller',
  1 => 'action',
  2 => 'list_menu',
  3 => 'headArr',
  4 => 'domain',
) ]
[ info ] [ LOG ] INIT File
[ sql ] [ DB ] CONNECT:[ UseTime:0.000372s ] mysql:dbname=tez_lyzfrj_com;host=127.0.0.1;charset=utf8
[ sql ] [ SQL ] SHOW COLUMNS FROM `zifi_admin_user` [ RunTime:0.000727s ]
[ sql ] [ SQL ] SELECT `role_id` FROM `zifi_admin_user` WHERE  (  admin_id=3 ) LIMIT 1 [ RunTime:0.000193s ]
[ sql ] [ SQL ] SHOW COLUMNS FROM `zifi_admin_role` [ RunTime:0.000473s ]
[ sql ] [ SQL ] SELECT `power` FROM `zifi_admin_role` WHERE  (  role_id=1 ) LIMIT 1 [ RunTime:0.000134s ]
[ sql ] [ SQL ] SHOW COLUMNS FROM `zifi_admin_menu` [ RunTime:0.000493s ]
[ sql ] [ SQL ] SELECT * FROM `zifi_admin_menu` WHERE  (  fid = 0 and shows = 1  ) ORDER BY sort desc [ RunTime:0.000159s ]
[ sql ] [ SQL ] SELECT * FROM `zifi_admin_menu` WHERE  (  fid != 0 and shows = 1 and id in (68,69,71,51,11,12,13,14) ) ORDER BY sort desc [ RunTime:0.000175s ]
[ sql ] [ SQL ] SHOW COLUMNS FROM `zifi_param` [ RunTime:0.000488s ]
[ sql ] [ SQL ] SELECT * FROM `zifi_param` [ RunTime:0.000162s ]

---------------------------------------------------------------
