[ 2017-12-31T14:03:12+08:00 ] 127.0.0.1 /api.php?m=Hits&catid=3&id=18
INFO: [ app_begin ] --START--
INFO: Run Behavior\ReadHtmlCacheBehavior [ RunTime:0.000518s ]
INFO: Run Common\Behavior\AppBeginBehavior [ RunTime:0.000579s ]
INFO: Run Wap\Behavior\WapBehavior [ RunTime:0.000564s ]
INFO: [ app_begin ] --END-- [ RunTime:0.001740s ]
SQL: SHOW COLUMNS FROM `zf_content_student` [ RunTime:0.0038s ]
SQL: SELECT `catid`,`id`,`dayviews`,`monthviews`,`views`,`weekviews`,`yesterdayviews`,`viewsupdatetime` FROM `zf_content_student` WHERE `id` = 18 LIMIT 1   [ RunTime:0.0003s ]
SQL: UPDATE `zf_content_student` SET `views`='4',`yesterdayviews`='0',`dayviews`='1',`weekviews`='4',`monthviews`='4',`viewsupdatetime`='1514700192' WHERE `id` = 18 [ RunTime:0.0018s ]
INFO: [ app_end ] --START--
INFO: Run Behavior\ShowPageTraceBehavior [ RunTime:0.000615s ]
INFO: [ app_end ] --END-- [ RunTime:0.000651s ]

[ 2017-12-31T19:00:13+08:00 ] 127.0.0.1 /api.php?m=Hits&catid=2&id=5
INFO: [ app_begin ] --START--
INFO: Run Behavior\ReadHtmlCacheBehavior [ RunTime:0.000484s ]
INFO: Run Common\Behavior\AppBeginBehavior [ RunTime:0.000540s ]
INFO: Run Wap\Behavior\WapBehavior [ RunTime:0.001395s ]
INFO: [ app_begin ] --END-- [ RunTime:0.002606s ]
SQL: SHOW COLUMNS FROM `zf_content` [ RunTime:0.0029s ]
SQL: SELECT `catid`,`id`,`dayviews`,`monthviews`,`views`,`weekviews`,`yesterdayviews`,`viewsupdatetime` FROM `zf_content` WHERE `id` = 5 LIMIT 1   [ RunTime:0.0003s ]
SQL: UPDATE `zf_content` SET `views`='1',`yesterdayviews`='0',`dayviews`='1',`weekviews`='1',`monthviews`='1',`viewsupdatetime`='1514718013' WHERE `id` = 5 [ RunTime:0.0004s ]
INFO: [ app_end ] --START--
INFO: Run Behavior\ShowPageTraceBehavior [ RunTime:0.000706s ]
INFO: [ app_end ] --END-- [ RunTime:0.000785s ]

[ 2017-12-31T19:01:46+08:00 ] 127.0.0.1 /api.php?m=Hits&catid=2&id=5
INFO: [ app_begin ] --START--
INFO: Run Behavior\ReadHtmlCacheBehavior [ RunTime:0.000717s ]
INFO: Run Common\Behavior\AppBeginBehavior [ RunTime:0.001046s ]
INFO: Run Wap\Behavior\WapBehavior [ RunTime:0.000692s ]
INFO: [ app_begin ] --END-- [ RunTime:0.002608s ]
SQL: SHOW COLUMNS FROM `zf_content` [ RunTime:0.0049s ]
SQL: SELECT `catid`,`id`,`dayviews`,`monthviews`,`views`,`weekviews`,`yesterdayviews`,`viewsupdatetime` FROM `zf_content` WHERE `id` = 5 LIMIT 1   [ RunTime:0.0005s ]
SQL: UPDATE `zf_content` SET `views`='2',`yesterdayviews`='0',`dayviews`='2',`weekviews`='2',`monthviews`='2',`viewsupdatetime`='1514718106' WHERE `id` = 5 [ RunTime:0.0004s ]
INFO: [ app_end ] --START--
INFO: Run Behavior\ShowPageTraceBehavior [ RunTime:0.000629s ]
INFO: [ app_end ] --END-- [ RunTime:0.000662s ]

[ 2017-12-31T19:01:47+08:00 ] 127.0.0.1 /api.php?m=Hits&catid=2&id=5
INFO: [ app_begin ] --START--
INFO: Run Behavior\ReadHtmlCacheBehavior [ RunTime:0.000545s ]
INFO: Run Common\Behavior\AppBeginBehavior [ RunTime:0.000614s ]
INFO: Run Wap\Behavior\WapBehavior [ RunTime:0.000619s ]
INFO: [ app_begin ] --END-- [ RunTime:0.001854s ]
SQL: SHOW COLUMNS FROM `zf_content` [ RunTime:0.0068s ]
SQL: SELECT `catid`,`id`,`dayviews`,`monthviews`,`views`,`weekviews`,`yesterdayviews`,`viewsupdatetime` FROM `zf_content` WHERE `id` = 5 LIMIT 1   [ RunTime:0.0005s ]
SQL: UPDATE `zf_content` SET `views`='3',`yesterdayviews`='0',`dayviews`='3',`weekviews`='3',`monthviews`='3',`viewsupdatetime`='1514718107' WHERE `id` = 5 [ RunTime:0.0003s ]
INFO: [ app_end ] --START--
INFO: Run Behavior\ShowPageTraceBehavior [ RunTime:0.000574s ]
INFO: [ app_end ] --END-- [ RunTime:0.000608s ]

[ 2017-12-31T19:02:55+08:00 ] 127.0.0.1 /api.php?m=Hits&catid=2&id=5
INFO: [ app_begin ] --START--
INFO: Run Behavior\ReadHtmlCacheBehavior [ RunTime:0.000577s ]
INFO: Run Common\Behavior\AppBeginBehavior [ RunTime:0.000708s ]
INFO: Run Wap\Behavior\WapBehavior [ RunTime:0.000714s ]
INFO: [ app_begin ] --END-- [ RunTime:0.002089s ]
SQL: SHOW COLUMNS FROM `zf_content` [ RunTime:0.0046s ]
SQL: SELECT `catid`,`id`,`dayviews`,`monthviews`,`views`,`weekviews`,`yesterdayviews`,`viewsupdatetime` FROM `zf_content` WHERE `id` = 5 LIMIT 1   [ RunTime:0.0004s ]
SQL: UPDATE `zf_content` SET `views`='4',`yesterdayviews`='0',`dayviews`='4',`weekviews`='4',`monthviews`='4',`viewsupdatetime`='1514718175' WHERE `id` = 5 [ RunTime:0.0003s ]
INFO: [ app_end ] --START--
INFO: Run Behavior\ShowPageTraceBehavior [ RunTime:0.000641s ]
INFO: [ app_end ] --END-- [ RunTime:0.000680s ]

[ 2017-12-31T19:02:56+08:00 ] 127.0.0.1 /api.php?m=Hits&catid=2&id=5
INFO: [ app_begin ] --START--
INFO: Run Behavior\ReadHtmlCacheBehavior [ RunTime:0.000497s ]
INFO: Run Common\Behavior\AppBeginBehavior [ RunTime:0.000662s ]
INFO: Run Wap\Behavior\WapBehavior [ RunTime:0.000671s ]
INFO: [ app_begin ] --END-- [ RunTime:0.001904s ]
SQL: SHOW COLUMNS FROM `zf_content` [ RunTime:0.0031s ]
SQL: SELECT `catid`,`id`,`dayviews`,`monthviews`,`views`,`weekviews`,`yesterdayviews`,`viewsupdatetime` FROM `zf_content` WHERE `id` = 5 LIMIT 1   [ RunTime:0.0003s ]
SQL: UPDATE `zf_content` SET `views`='5',`yesterdayviews`='0',`dayviews`='5',`weekviews`='5',`monthviews`='5',`viewsupdatetime`='1514718176' WHERE `id` = 5 [ RunTime:0.0003s ]
INFO: [ app_end ] --START--
INFO: Run Behavior\ShowPageTraceBehavior [ RunTime:0.000606s ]
INFO: [ app_end ] --END-- [ RunTime:0.000643s ]

[ 2017-12-31T19:02:59+08:00 ] 127.0.0.1 /api.php?m=Hits&catid=2&id=5
INFO: [ app_begin ] --START--
INFO: Run Behavior\ReadHtmlCacheBehavior [ RunTime:0.000657s ]
INFO: Run Common\Behavior\AppBeginBehavior [ RunTime:0.000783s ]
INFO: Run Wap\Behavior\WapBehavior [ RunTime:0.000677s ]
INFO: [ app_begin ] --END-- [ RunTime:0.002206s ]
SQL: SHOW COLUMNS FROM `zf_content` [ RunTime:0.0032s ]
SQL: SELECT `catid`,`id`,`dayviews`,`monthviews`,`views`,`weekviews`,`yesterdayviews`,`viewsupdatetime` FROM `zf_content` WHERE `id` = 5 LIMIT 1   [ RunTime:0.0003s ]
SQL: UPDATE `zf_content` SET `views`='6',`yesterdayviews`='0',`dayviews`='6',`weekviews`='6',`monthviews`='6',`viewsupdatetime`='1514718179' WHERE `id` = 5 [ RunTime:0.0003s ]
INFO: [ app_end ] --START--
INFO: Run Behavior\ShowPageTraceBehavior [ RunTime:0.000633s ]
INFO: [ app_end ] --END-- [ RunTime:0.000669s ]

[ 2017-12-31T19:03:03+08:00 ] 127.0.0.1 /api.php?m=Hits&catid=2&id=5
INFO: [ app_begin ] --START--
INFO: Run Behavior\ReadHtmlCacheBehavior [ RunTime:0.000537s ]
INFO: Run Common\Behavior\AppBeginBehavior [ RunTime:0.000546s ]
INFO: Run Wap\Behavior\WapBehavior [ RunTime:0.000550s ]
INFO: [ app_begin ] --END-- [ RunTime:0.001702s ]
SQL: SHOW COLUMNS FROM `zf_content` [ RunTime:0.0030s ]
SQL: SELECT `catid`,`id`,`dayviews`,`monthviews`,`views`,`weekviews`,`yesterdayviews`,`viewsupdatetime` FROM `zf_content` WHERE `id` = 5 LIMIT 1   [ RunTime:0.0004s ]
SQL: UPDATE `zf_content` SET `views`='7',`yesterdayviews`='0',`dayviews`='7',`weekviews`='7',`monthviews`='7',`viewsupdatetime`='1514718183' WHERE `id` = 5 [ RunTime:0.0004s ]
INFO: [ app_end ] --START--
INFO: Run Behavior\ShowPageTraceBehavior [ RunTime:0.000751s ]
INFO: [ app_end ] --END-- [ RunTime:0.000787s ]

[ 2017-12-31T19:03:07+08:00 ] 127.0.0.1 /api.php?m=Hits&catid=2&id=5
INFO: [ app_begin ] --START--
INFO: Run Behavior\ReadHtmlCacheBehavior [ RunTime:0.000575s ]
INFO: Run Common\Behavior\AppBeginBehavior [ RunTime:0.000698s ]
INFO: Run Wap\Behavior\WapBehavior [ RunTime:0.000973s ]
INFO: [ app_begin ] --END-- [ RunTime:0.002353s ]
SQL: SHOW COLUMNS FROM `zf_content` [ RunTime:0.0044s ]
SQL: SELECT `catid`,`id`,`dayviews`,`monthviews`,`views`,`weekviews`,`yesterdayviews`,`viewsupdatetime` FROM `zf_content` WHERE `id` = 5 LIMIT 1   [ RunTime:0.0003s ]
SQL: UPDATE `zf_content` SET `views`='8',`yesterdayviews`='0',`dayviews`='8',`weekviews`='8',`monthviews`='8',`viewsupdatetime`='1514718187' WHERE `id` = 5 [ RunTime:0.0003s ]
INFO: [ app_end ] --START--
INFO: Run Behavior\ShowPageTraceBehavior [ RunTime:0.000639s ]
INFO: [ app_end ] --END-- [ RunTime:0.000676s ]

[ 2017-12-31T19:03:16+08:00 ] 127.0.0.1 /api.php?m=Hits&catid=2&id=5
INFO: [ app_begin ] --START--
INFO: Run Behavior\ReadHtmlCacheBehavior [ RunTime:0.000593s ]
INFO: Run Common\Behavior\AppBeginBehavior [ RunTime:0.000632s ]
INFO: Run Wap\Behavior\WapBehavior [ RunTime:0.000603s ]
INFO: [ app_begin ] --END-- [ RunTime:0.001935s ]
SQL: SHOW COLUMNS FROM `zf_content` [ RunTime:0.0032s ]
SQL: SELECT `catid`,`id`,`dayviews`,`monthviews`,`views`,`weekviews`,`yesterdayviews`,`viewsupdatetime` FROM `zf_content` WHERE `id` = 5 LIMIT 1   [ RunTime:0.0003s ]
SQL: UPDATE `zf_content` SET `views`='9',`yesterdayviews`='0',`dayviews`='9',`weekviews`='9',`monthviews`='9',`viewsupdatetime`='1514718196' WHERE `id` = 5 [ RunTime:0.0003s ]
INFO: [ app_end ] --START--
INFO: Run Behavior\ShowPageTraceBehavior [ RunTime:0.000639s ]
INFO: [ app_end ] --END-- [ RunTime:0.000679s ]

[ 2017-12-31T19:03:16+08:00 ] 127.0.0.1 /api.php?m=Hits&catid=2&id=5
INFO: [ app_begin ] --START--
INFO: Run Behavior\ReadHtmlCacheBehavior [ RunTime:0.001006s ]
INFO: Run Common\Behavior\AppBeginBehavior [ RunTime:0.001035s ]
INFO: Run Wap\Behavior\WapBehavior [ RunTime:0.001119s ]
INFO: [ app_begin ] --END-- [ RunTime:0.003301s ]
SQL: SHOW COLUMNS FROM `zf_content` [ RunTime:0.0031s ]
SQL: SELECT `catid`,`id`,`dayviews`,`monthviews`,`views`,`weekviews`,`yesterdayviews`,`viewsupdatetime` FROM `zf_content` WHERE `id` = 5 LIMIT 1   [ RunTime:0.0009s ]
SQL: UPDATE `zf_content` SET `views`='10',`yesterdayviews`='0',`dayviews`='10',`weekviews`='10',`monthviews`='10',`viewsupdatetime`='1514718196' WHERE `id` = 5 [ RunTime:0.0011s ]
INFO: [ app_end ] --START--
INFO: Run Behavior\ShowPageTraceBehavior [ RunTime:0.001690s ]
INFO: [ app_end ] --END-- [ RunTime:0.001762s ]

[ 2017-12-31T19:04:01+08:00 ] 127.0.0.1 /api.php?m=Hits&catid=2&id=5
INFO: [ app_begin ] --START--
INFO: Run Behavior\ReadHtmlCacheBehavior [ RunTime:0.000504s ]
INFO: Run Common\Behavior\AppBeginBehavior [ RunTime:0.000679s ]
INFO: Run Wap\Behavior\WapBehavior [ RunTime:0.000731s ]
INFO: [ app_begin ] --END-- [ RunTime:0.002041s ]
SQL: SHOW COLUMNS FROM `zf_content` [ RunTime:0.0042s ]
SQL: SELECT `catid`,`id`,`dayviews`,`monthviews`,`views`,`weekviews`,`yesterdayviews`,`viewsupdatetime` FROM `zf_content` WHERE `id` = 5 LIMIT 1   [ RunTime:0.0004s ]
SQL: UPDATE `zf_content` SET `views`='11',`yesterdayviews`='0',`dayviews`='11',`weekviews`='11',`monthviews`='11',`viewsupdatetime`='1514718241' WHERE `id` = 5 [ RunTime:0.0003s ]
INFO: [ app_end ] --START--
INFO: Run Behavior\ShowPageTraceBehavior [ RunTime:0.000606s ]
INFO: [ app_end ] --END-- [ RunTime:0.000637s ]

[ 2017-12-31T19:04:02+08:00 ] 127.0.0.1 /api.php?m=Hits&catid=2&id=5
INFO: [ app_begin ] --START--
INFO: Run Behavior\ReadHtmlCacheBehavior [ RunTime:0.000551s ]
INFO: Run Common\Behavior\AppBeginBehavior [ RunTime:0.000660s ]
INFO: Run Wap\Behavior\WapBehavior [ RunTime:0.000680s ]
INFO: [ app_begin ] --END-- [ RunTime:0.001959s ]
SQL: SHOW COLUMNS FROM `zf_content` [ RunTime:0.0049s ]
SQL: SELECT `catid`,`id`,`dayviews`,`monthviews`,`views`,`weekviews`,`yesterdayviews`,`viewsupdatetime` FROM `zf_content` WHERE `id` = 5 LIMIT 1   [ RunTime:0.0004s ]
SQL: UPDATE `zf_content` SET `views`='12',`yesterdayviews`='0',`dayviews`='12',`weekviews`='12',`monthviews`='12',`viewsupdatetime`='1514718242' WHERE `id` = 5 [ RunTime:0.0003s ]
INFO: [ app_end ] --START--
INFO: Run Behavior\ShowPageTraceBehavior [ RunTime:0.000611s ]
INFO: [ app_end ] --END-- [ RunTime:0.000644s ]

[ 2017-12-31T19:04:03+08:00 ] 127.0.0.1 /api.php?m=Hits&catid=2&id=5
INFO: [ app_begin ] --START--
INFO: Run Behavior\ReadHtmlCacheBehavior [ RunTime:0.000611s ]
INFO: Run Common\Behavior\AppBeginBehavior [ RunTime:0.000770s ]
INFO: Run Wap\Behavior\WapBehavior [ RunTime:0.000823s ]
INFO: [ app_begin ] --END-- [ RunTime:0.002309s ]
SQL: SHOW COLUMNS FROM `zf_content` [ RunTime:0.0042s ]
SQL: SELECT `catid`,`id`,`dayviews`,`monthviews`,`views`,`weekviews`,`yesterdayviews`,`viewsupdatetime` FROM `zf_content` WHERE `id` = 5 LIMIT 1   [ RunTime:0.0004s ]
SQL: UPDATE `zf_content` SET `views`='13',`yesterdayviews`='0',`dayviews`='13',`weekviews`='13',`monthviews`='13',`viewsupdatetime`='1514718243' WHERE `id` = 5 [ RunTime:0.0005s ]
INFO: [ app_end ] --START--
INFO: Run Behavior\ShowPageTraceBehavior [ RunTime:0.000771s ]
INFO: [ app_end ] --END-- [ RunTime:0.000847s ]

[ 2017-12-31T19:04:05+08:00 ] 127.0.0.1 /api.php?m=Hits&catid=2&id=5
INFO: [ app_begin ] --START--
INFO: Run Behavior\ReadHtmlCacheBehavior [ RunTime:0.000825s ]
INFO: Run Common\Behavior\AppBeginBehavior [ RunTime:0.000863s ]
INFO: Run Wap\Behavior\WapBehavior [ RunTime:0.000932s ]
INFO: [ app_begin ] --END-- [ RunTime:0.002768s ]
SQL: SHOW COLUMNS FROM `zf_content` [ RunTime:0.0036s ]
SQL: SELECT `catid`,`id`,`dayviews`,`monthviews`,`views`,`weekviews`,`yesterdayviews`,`viewsupdatetime` FROM `zf_content` WHERE `id` = 5 LIMIT 1   [ RunTime:0.0003s ]
SQL: UPDATE `zf_content` SET `views`='14',`yesterdayviews`='0',`dayviews`='14',`weekviews`='14',`monthviews`='14',`viewsupdatetime`='1514718245' WHERE `id` = 5 [ RunTime:0.0003s ]
INFO: [ app_end ] --START--
INFO: Run Behavior\ShowPageTraceBehavior [ RunTime:0.000556s ]
INFO: [ app_end ] --END-- [ RunTime:0.000589s ]

[ 2017-12-31T19:04:23+08:00 ] 127.0.0.1 /api.php?m=Hits&catid=2&id=5
INFO: [ app_begin ] --START--
INFO: Run Behavior\ReadHtmlCacheBehavior [ RunTime:0.000559s ]
INFO: Run Common\Behavior\AppBeginBehavior [ RunTime:0.000662s ]
INFO: Run Wap\Behavior\WapBehavior [ RunTime:0.000791s ]
INFO: [ app_begin ] --END-- [ RunTime:0.002120s ]
SQL: SHOW COLUMNS FROM `zf_content` [ RunTime:0.0035s ]
SQL: SELECT `catid`,`id`,`dayviews`,`monthviews`,`views`,`weekviews`,`yesterdayviews`,`viewsupdatetime` FROM `zf_content` WHERE `id` = 5 LIMIT 1   [ RunTime:0.0003s ]
SQL: UPDATE `zf_content` SET `views`='15',`yesterdayviews`='0',`dayviews`='15',`weekviews`='15',`monthviews`='15',`viewsupdatetime`='1514718263' WHERE `id` = 5 [ RunTime:0.0003s ]
INFO: [ app_end ] --START--
INFO: Run Behavior\ShowPageTraceBehavior [ RunTime:0.000596s ]
INFO: [ app_end ] --END-- [ RunTime:0.000628s ]

[ 2017-12-31T19:22:19+08:00 ] 127.0.0.1 /api.php?m=Hits&catid=3&id=18
INFO: [ app_begin ] --START--
INFO: Run Behavior\ReadHtmlCacheBehavior [ RunTime:0.000677s ]
INFO: Run Common\Behavior\AppBeginBehavior [ RunTime:0.000680s ]
INFO: Run Wap\Behavior\WapBehavior [ RunTime:0.000671s ]
INFO: [ app_begin ] --END-- [ RunTime:0.002131s ]
SQL: SHOW COLUMNS FROM `zf_content_student` [ RunTime:0.0034s ]
SQL: SELECT `catid`,`id`,`dayviews`,`monthviews`,`views`,`weekviews`,`yesterdayviews`,`viewsupdatetime` FROM `zf_content_student` WHERE `id` = 18 LIMIT 1   [ RunTime:0.0004s ]
SQL: UPDATE `zf_content_student` SET `views`='5',`yesterdayviews`='0',`dayviews`='2',`weekviews`='5',`monthviews`='5',`viewsupdatetime`='1514719339' WHERE `id` = 18 [ RunTime:0.0004s ]
INFO: [ app_end ] --START--
INFO: Run Behavior\ShowPageTraceBehavior [ RunTime:0.000632s ]
INFO: [ app_end ] --END-- [ RunTime:0.000682s ]

[ 2017-12-31T19:24:33+08:00 ] 127.0.0.1 /api.php?m=Hits&catid=3&id=18
INFO: [ app_begin ] --START--
INFO: Run Behavior\ReadHtmlCacheBehavior [ RunTime:0.000469s ]
INFO: Run Common\Behavior\AppBeginBehavior [ RunTime:0.000525s ]
INFO: Run Wap\Behavior\WapBehavior [ RunTime:0.000529s ]
INFO: [ app_begin ] --END-- [ RunTime:0.001595s ]
SQL: SHOW COLUMNS FROM `zf_content_student` [ RunTime:0.0033s ]
SQL: SELECT `catid`,`id`,`dayviews`,`monthviews`,`views`,`weekviews`,`yesterdayviews`,`viewsupdatetime` FROM `zf_content_student` WHERE `id` = 18 LIMIT 1   [ RunTime:0.0004s ]
SQL: UPDATE `zf_content_student` SET `views`='6',`yesterdayviews`='0',`dayviews`='3',`weekviews`='6',`monthviews`='6',`viewsupdatetime`='1514719473' WHERE `id` = 18 [ RunTime:0.0004s ]
INFO: [ app_end ] --START--
INFO: Run Behavior\ShowPageTraceBehavior [ RunTime:0.000579s ]
INFO: [ app_end ] --END-- [ RunTime:0.000614s ]

[ 2017-12-31T19:24:34+08:00 ] 127.0.0.1 /api.php?m=Hits&catid=3&id=18
INFO: [ app_begin ] --START--
INFO: Run Behavior\ReadHtmlCacheBehavior [ RunTime:0.000739s ]
INFO: Run Common\Behavior\AppBeginBehavior [ RunTime:0.001257s ]
INFO: Run Wap\Behavior\WapBehavior [ RunTime:0.000631s ]
INFO: [ app_begin ] --END-- [ RunTime:0.002756s ]
SQL: SHOW COLUMNS FROM `zf_content_student` [ RunTime:0.0034s ]
SQL: SELECT `catid`,`id`,`dayviews`,`monthviews`,`views`,`weekviews`,`yesterdayviews`,`viewsupdatetime` FROM `zf_content_student` WHERE `id` = 18 LIMIT 1   [ RunTime:0.0004s ]
SQL: UPDATE `zf_content_student` SET `views`='7',`yesterdayviews`='0',`dayviews`='4',`weekviews`='7',`monthviews`='7',`viewsupdatetime`='1514719474' WHERE `id` = 18 [ RunTime:0.0012s ]
INFO: [ app_end ] --START--
INFO: Run Behavior\ShowPageTraceBehavior [ RunTime:0.000744s ]
INFO: [ app_end ] --END-- [ RunTime:0.000781s ]

[ 2017-12-31T19:24:35+08:00 ] 127.0.0.1 /api.php?m=Hits&catid=3&id=18
INFO: [ app_begin ] --START--
INFO: Run Behavior\ReadHtmlCacheBehavior [ RunTime:0.001587s ]
INFO: Run Common\Behavior\AppBeginBehavior [ RunTime:0.000932s ]
INFO: Run Wap\Behavior\WapBehavior [ RunTime:0.000711s ]
INFO: [ app_begin ] --END-- [ RunTime:0.003441s ]
SQL: SHOW COLUMNS FROM `zf_content_student` [ RunTime:0.0041s ]
SQL: SELECT `catid`,`id`,`dayviews`,`monthviews`,`views`,`weekviews`,`yesterdayviews`,`viewsupdatetime` FROM `zf_content_student` WHERE `id` = 18 LIMIT 1   [ RunTime:0.0005s ]
SQL: UPDATE `zf_content_student` SET `views`='8',`yesterdayviews`='0',`dayviews`='5',`weekviews`='8',`monthviews`='8',`viewsupdatetime`='1514719475' WHERE `id` = 18 [ RunTime:0.0004s ]
INFO: [ app_end ] --START--
INFO: Run Behavior\ShowPageTraceBehavior [ RunTime:0.000793s ]
INFO: [ app_end ] --END-- [ RunTime:0.000836s ]

[ 2017-12-31T19:25:36+08:00 ] 127.0.0.1 /api.php?m=Hits&catid=3&id=18
INFO: [ app_begin ] --START--
INFO: Run Behavior\ReadHtmlCacheBehavior [ RunTime:0.000581s ]
INFO: Run Common\Behavior\AppBeginBehavior [ RunTime:0.000650s ]
INFO: Run Wap\Behavior\WapBehavior [ RunTime:0.000575s ]
INFO: [ app_begin ] --END-- [ RunTime:0.001896s ]
SQL: SHOW COLUMNS FROM `zf_content_student` [ RunTime:0.0038s ]
SQL: SELECT `catid`,`id`,`dayviews`,`monthviews`,`views`,`weekviews`,`yesterdayviews`,`viewsupdatetime` FROM `zf_content_student` WHERE `id` = 18 LIMIT 1   [ RunTime:0.0004s ]
SQL: UPDATE `zf_content_student` SET `views`='9',`yesterdayviews`='0',`dayviews`='6',`weekviews`='9',`monthviews`='9',`viewsupdatetime`='1514719536' WHERE `id` = 18 [ RunTime:0.0003s ]
INFO: [ app_end ] --START--
INFO: Run Behavior\ShowPageTraceBehavior [ RunTime:0.000828s ]
INFO: [ app_end ] --END-- [ RunTime:0.000890s ]

[ 2017-12-31T19:25:38+08:00 ] 127.0.0.1 /api.php?m=Hits&catid=3&id=18
INFO: [ app_begin ] --START--
INFO: Run Behavior\ReadHtmlCacheBehavior [ RunTime:0.000622s ]
INFO: Run Common\Behavior\AppBeginBehavior [ RunTime:0.000713s ]
INFO: Run Wap\Behavior\WapBehavior [ RunTime:0.000601s ]
INFO: [ app_begin ] --END-- [ RunTime:0.002037s ]
SQL: SHOW COLUMNS FROM `zf_content_student` [ RunTime:0.0034s ]
SQL: SELECT `catid`,`id`,`dayviews`,`monthviews`,`views`,`weekviews`,`yesterdayviews`,`viewsupdatetime` FROM `zf_content_student` WHERE `id` = 18 LIMIT 1   [ RunTime:0.0004s ]
SQL: UPDATE `zf_content_student` SET `views`='10',`yesterdayviews`='0',`dayviews`='7',`weekviews`='10',`monthviews`='10',`viewsupdatetime`='1514719538' WHERE `id` = 18 [ RunTime:0.0004s ]
INFO: [ app_end ] --START--
INFO: Run Behavior\ShowPageTraceBehavior [ RunTime:0.000694s ]
INFO: [ app_end ] --END-- [ RunTime:0.000740s ]

[ 2017-12-31T19:26:09+08:00 ] 127.0.0.1 /api.php?m=Hits&catid=3&id=18
INFO: [ app_begin ] --START--
INFO: Run Behavior\ReadHtmlCacheBehavior [ RunTime:0.000623s ]
INFO: Run Common\Behavior\AppBeginBehavior [ RunTime:0.000646s ]
INFO: Run Wap\Behavior\WapBehavior [ RunTime:0.000763s ]
INFO: [ app_begin ] --END-- [ RunTime:0.002128s ]
SQL: SHOW COLUMNS FROM `zf_content_student` [ RunTime:0.0035s ]
SQL: SELECT `catid`,`id`,`dayviews`,`monthviews`,`views`,`weekviews`,`yesterdayviews`,`viewsupdatetime` FROM `zf_content_student` WHERE `id` = 18 LIMIT 1   [ RunTime:0.0004s ]
SQL: UPDATE `zf_content_student` SET `views`='11',`yesterdayviews`='0',`dayviews`='8',`weekviews`='11',`monthviews`='11',`viewsupdatetime`='1514719569' WHERE `id` = 18 [ RunTime:0.0004s ]
INFO: [ app_end ] --START--
INFO: Run Behavior\ShowPageTraceBehavior [ RunTime:0.000620s ]
INFO: [ app_end ] --END-- [ RunTime:0.000665s ]

[ 2017-12-31T19:26:27+08:00 ] 127.0.0.1 /api.php?m=Hits&catid=3&id=18
INFO: [ app_begin ] --START--
INFO: Run Behavior\ReadHtmlCacheBehavior [ RunTime:0.000561s ]
INFO: Run Common\Behavior\AppBeginBehavior [ RunTime:0.000689s ]
INFO: Run Wap\Behavior\WapBehavior [ RunTime:0.000759s ]
INFO: [ app_begin ] --END-- [ RunTime:0.002108s ]
SQL: SHOW COLUMNS FROM `zf_content_student` [ RunTime:0.0061s ]
SQL: SELECT `catid`,`id`,`dayviews`,`monthviews`,`views`,`weekviews`,`yesterdayviews`,`viewsupdatetime` FROM `zf_content_student` WHERE `id` = 18 LIMIT 1   [ RunTime:0.0005s ]
SQL: UPDATE `zf_content_student` SET `views`='12',`yesterdayviews`='0',`dayviews`='9',`weekviews`='12',`monthviews`='12',`viewsupdatetime`='1514719587' WHERE `id` = 18 [ RunTime:0.0005s ]
INFO: [ app_end ] --START--
INFO: Run Behavior\ShowPageTraceBehavior [ RunTime:0.000800s ]
INFO: [ app_end ] --END-- [ RunTime:0.000848s ]

[ 2017-12-31T19:26:28+08:00 ] 127.0.0.1 /api.php?m=Hits&catid=3&id=18
INFO: [ app_begin ] --START--
INFO: Run Behavior\ReadHtmlCacheBehavior [ RunTime:0.000471s ]
INFO: Run Common\Behavior\AppBeginBehavior [ RunTime:0.000528s ]
INFO: Run Wap\Behavior\WapBehavior [ RunTime:0.000741s ]
INFO: [ app_begin ] --END-- [ RunTime:0.001820s ]
SQL: SHOW COLUMNS FROM `zf_content_student` [ RunTime:0.0030s ]
SQL: SELECT `catid`,`id`,`dayviews`,`monthviews`,`views`,`weekviews`,`yesterdayviews`,`viewsupdatetime` FROM `zf_content_student` WHERE `id` = 18 LIMIT 1   [ RunTime:0.0003s ]
SQL: UPDATE `zf_content_student` SET `views`='13',`yesterdayviews`='0',`dayviews`='10',`weekviews`='13',`monthviews`='13',`viewsupdatetime`='1514719588' WHERE `id` = 18 [ RunTime:0.0003s ]
INFO: [ app_end ] --START--
INFO: Run Behavior\ShowPageTraceBehavior [ RunTime:0.000524s ]
INFO: [ app_end ] --END-- [ RunTime:0.000559s ]

[ 2017-12-31T19:40:02+08:00 ] 127.0.0.1 /api.php?m=Hits&catid=3&id=18
INFO: [ app_begin ] --START--
INFO: Run Behavior\ReadHtmlCacheBehavior [ RunTime:0.000437s ]
INFO: Run Common\Behavior\AppBeginBehavior [ RunTime:0.000530s ]
INFO: Run Wap\Behavior\WapBehavior [ RunTime:0.000502s ]
INFO: [ app_begin ] --END-- [ RunTime:0.001539s ]
SQL: SHOW COLUMNS FROM `zf_content_student` [ RunTime:0.0031s ]
SQL: SELECT `catid`,`id`,`dayviews`,`monthviews`,`views`,`weekviews`,`yesterdayviews`,`viewsupdatetime` FROM `zf_content_student` WHERE `id` = 18 LIMIT 1   [ RunTime:0.0003s ]
SQL: UPDATE `zf_content_student` SET `views`='14',`yesterdayviews`='0',`dayviews`='11',`weekviews`='14',`monthviews`='14',`viewsupdatetime`='1514720402' WHERE `id` = 18 [ RunTime:0.0003s ]
INFO: [ app_end ] --START--
INFO: Run Behavior\ShowPageTraceBehavior [ RunTime:0.000582s ]
INFO: [ app_end ] --END-- [ RunTime:0.000616s ]

