[ 2018-01-02T16:24:02+08:00 ] 127.0.0.1 /api.php?m=Hits&catid=2&id=5
INFO: [ app_begin ] --START--
INFO: Run Behavior\ReadHtmlCacheBehavior [ RunTime:0.000540s ]
INFO: Run Common\Behavior\AppBeginBehavior [ RunTime:0.000553s ]
INFO: Run Wap\Behavior\WapBehavior [ RunTime:0.000610s ]
INFO: [ app_begin ] --END-- [ RunTime:0.001782s ]
SQL: SHOW COLUMNS FROM `zf_content` [ RunTime:0.0041s ]
SQL: SELECT `catid`,`id`,`dayviews`,`monthviews`,`views`,`weekviews`,`yesterdayviews`,`viewsupdatetime` FROM `zf_content` WHERE `id` = 5 LIMIT 1   [ RunTime:0.0005s ]
SQL: UPDATE `zf_content` SET `views`='16',`yesterdayviews`='0',`dayviews`='1',`weekviews`='1',`monthviews`='1',`viewsupdatetime`='1514881442' WHERE `id` = 5 [ RunTime:0.0008s ]
INFO: [ app_end ] --START--
INFO: Run Behavior\ShowPageTraceBehavior [ RunTime:0.000613s ]
INFO: [ app_end ] --END-- [ RunTime:0.000669s ]

[ 2018-01-02T16:24:29+08:00 ] 127.0.0.1 /api.php?m=Hits&catid=2&id=5
INFO: [ app_begin ] --START--
INFO: Run Behavior\ReadHtmlCacheBehavior [ RunTime:0.000545s ]
INFO: Run Common\Behavior\AppBeginBehavior [ RunTime:0.000586s ]
INFO: Run Wap\Behavior\WapBehavior [ RunTime:0.000586s ]
INFO: [ app_begin ] --END-- [ RunTime:0.001798s ]
SQL: SHOW COLUMNS FROM `zf_content` [ RunTime:0.0040s ]
SQL: SELECT `catid`,`id`,`dayviews`,`monthviews`,`views`,`weekviews`,`yesterdayviews`,`viewsupdatetime` FROM `zf_content` WHERE `id` = 5 LIMIT 1   [ RunTime:0.0005s ]
SQL: UPDATE `zf_content` SET `views`='17',`yesterdayviews`='0',`dayviews`='2',`weekviews`='2',`monthviews`='2',`viewsupdatetime`='1514881469' WHERE `id` = 5 [ RunTime:0.0004s ]
INFO: [ app_end ] --START--
INFO: Run Behavior\ShowPageTraceBehavior [ RunTime:0.000698s ]
INFO: [ app_end ] --END-- [ RunTime:0.000736s ]

[ 2018-01-02T16:24:30+08:00 ] 127.0.0.1 /api.php?m=Hits&catid=2&id=5
INFO: [ app_begin ] --START--
INFO: Run Behavior\ReadHtmlCacheBehavior [ RunTime:0.000515s ]
INFO: Run Common\Behavior\AppBeginBehavior [ RunTime:0.000567s ]
INFO: Run Wap\Behavior\WapBehavior [ RunTime:0.000619s ]
INFO: [ app_begin ] --END-- [ RunTime:0.001777s ]
SQL: SHOW COLUMNS FROM `zf_content` [ RunTime:0.0080s ]
SQL: SELECT `catid`,`id`,`dayviews`,`monthviews`,`views`,`weekviews`,`yesterdayviews`,`viewsupdatetime` FROM `zf_content` WHERE `id` = 5 LIMIT 1   [ RunTime:0.0004s ]
SQL: UPDATE `zf_content` SET `views`='18',`yesterdayviews`='0',`dayviews`='3',`weekviews`='3',`monthviews`='3',`viewsupdatetime`='1514881470' WHERE `id` = 5 [ RunTime:0.0004s ]
INFO: [ app_end ] --START--
INFO: Run Behavior\ShowPageTraceBehavior [ RunTime:0.000783s ]
INFO: [ app_end ] --END-- [ RunTime:0.000827s ]

[ 2018-01-02T16:24:46+08:00 ] 127.0.0.1 /api.php?m=Hits&catid=2&id=5
INFO: [ app_begin ] --START--
INFO: Run Behavior\ReadHtmlCacheBehavior [ RunTime:0.000681s ]
INFO: Run Common\Behavior\AppBeginBehavior [ RunTime:0.000827s ]
INFO: Run Wap\Behavior\WapBehavior [ RunTime:0.000829s ]
INFO: [ app_begin ] --END-- [ RunTime:0.002450s ]
SQL: SHOW COLUMNS FROM `zf_content` [ RunTime:0.0069s ]
SQL: SELECT `catid`,`id`,`dayviews`,`monthviews`,`views`,`weekviews`,`yesterdayviews`,`viewsupdatetime` FROM `zf_content` WHERE `id` = 5 LIMIT 1   [ RunTime:0.0009s ]
SQL: UPDATE `zf_content` SET `views`='19',`yesterdayviews`='0',`dayviews`='4',`weekviews`='4',`monthviews`='4',`viewsupdatetime`='1514881486' WHERE `id` = 5 [ RunTime:0.0003s ]
INFO: [ app_end ] --START--
INFO: Run Behavior\ShowPageTraceBehavior [ RunTime:0.001398s ]
INFO: [ app_end ] --END-- [ RunTime:0.001437s ]

[ 2018-01-02T16:24:47+08:00 ] 127.0.0.1 /api.php?m=Hits&catid=2&id=5
INFO: [ app_begin ] --START--
INFO: Run Behavior\ReadHtmlCacheBehavior [ RunTime:0.000505s ]
INFO: Run Common\Behavior\AppBeginBehavior [ RunTime:0.001874s ]
INFO: Run Wap\Behavior\WapBehavior [ RunTime:0.000725s ]
INFO: [ app_begin ] --END-- [ RunTime:0.003190s ]
SQL: SHOW COLUMNS FROM `zf_content` [ RunTime:0.0040s ]
SQL: SELECT `catid`,`id`,`dayviews`,`monthviews`,`views`,`weekviews`,`yesterdayviews`,`viewsupdatetime` FROM `zf_content` WHERE `id` = 5 LIMIT 1   [ RunTime:0.0005s ]
SQL: UPDATE `zf_content` SET `views`='20',`yesterdayviews`='0',`dayviews`='5',`weekviews`='5',`monthviews`='5',`viewsupdatetime`='1514881487' WHERE `id` = 5 [ RunTime:0.0008s ]
INFO: [ app_end ] --START--
INFO: Run Behavior\ShowPageTraceBehavior [ RunTime:0.000631s ]
INFO: [ app_end ] --END-- [ RunTime:0.000666s ]

[ 2018-01-02T16:25:27+08:00 ] 127.0.0.1 /api.php?m=Hits&catid=2&id=5
INFO: [ app_begin ] --START--
INFO: Run Behavior\ReadHtmlCacheBehavior [ RunTime:0.000502s ]
INFO: Run Common\Behavior\AppBeginBehavior [ RunTime:0.000533s ]
INFO: Run Wap\Behavior\WapBehavior [ RunTime:0.000531s ]
INFO: [ app_begin ] --END-- [ RunTime:0.001641s ]
SQL: SHOW COLUMNS FROM `zf_content` [ RunTime:0.0041s ]
SQL: SELECT `catid`,`id`,`dayviews`,`monthviews`,`views`,`weekviews`,`yesterdayviews`,`viewsupdatetime` FROM `zf_content` WHERE `id` = 5 LIMIT 1   [ RunTime:0.0004s ]
SQL: UPDATE `zf_content` SET `views`='21',`yesterdayviews`='0',`dayviews`='6',`weekviews`='6',`monthviews`='6',`viewsupdatetime`='1514881527' WHERE `id` = 5 [ RunTime:0.0003s ]
INFO: [ app_end ] --START--
INFO: Run Behavior\ShowPageTraceBehavior [ RunTime:0.000566s ]
INFO: [ app_end ] --END-- [ RunTime:0.000600s ]

[ 2018-01-02T16:25:28+08:00 ] 127.0.0.1 /api.php?m=Hits&catid=2&id=5
INFO: [ app_begin ] --START--
INFO: Run Behavior\ReadHtmlCacheBehavior [ RunTime:0.000701s ]
INFO: Run Common\Behavior\AppBeginBehavior [ RunTime:0.000697s ]
INFO: Run Wap\Behavior\WapBehavior [ RunTime:0.000626s ]
INFO: [ app_begin ] --END-- [ RunTime:0.002140s ]
SQL: SHOW COLUMNS FROM `zf_content` [ RunTime:0.0059s ]
SQL: SELECT `catid`,`id`,`dayviews`,`monthviews`,`views`,`weekviews`,`yesterdayviews`,`viewsupdatetime` FROM `zf_content` WHERE `id` = 5 LIMIT 1   [ RunTime:0.0004s ]
SQL: UPDATE `zf_content` SET `views`='22',`yesterdayviews`='0',`dayviews`='7',`weekviews`='7',`monthviews`='7',`viewsupdatetime`='1514881528' WHERE `id` = 5 [ RunTime:0.0003s ]
INFO: [ app_end ] --START--
INFO: Run Behavior\ShowPageTraceBehavior [ RunTime:0.000585s ]
INFO: [ app_end ] --END-- [ RunTime:0.000621s ]

[ 2018-01-02T16:25:32+08:00 ] 127.0.0.1 /api.php?m=Hits&catid=3&id=18
INFO: [ app_begin ] --START--
INFO: Run Behavior\ReadHtmlCacheBehavior [ RunTime:0.000547s ]
INFO: Run Common\Behavior\AppBeginBehavior [ RunTime:0.000589s ]
INFO: Run Wap\Behavior\WapBehavior [ RunTime:0.000532s ]
INFO: [ app_begin ] --END-- [ RunTime:0.001755s ]
SQL: SHOW COLUMNS FROM `zf_content_student` [ RunTime:0.0054s ]
SQL: SELECT `catid`,`id`,`dayviews`,`monthviews`,`views`,`weekviews`,`yesterdayviews`,`viewsupdatetime` FROM `zf_content_student` WHERE `id` = 18 LIMIT 1   [ RunTime:0.0005s ]
SQL: UPDATE `zf_content_student` SET `views`='15',`yesterdayviews`='0',`dayviews`='1',`weekviews`='1',`monthviews`='1',`viewsupdatetime`='1514881532' WHERE `id` = 18 [ RunTime:0.0004s ]
INFO: [ app_end ] --START--
INFO: Run Behavior\ShowPageTraceBehavior [ RunTime:0.001307s ]
INFO: [ app_end ] --END-- [ RunTime:0.001361s ]

[ 2018-01-02T16:26:03+08:00 ] 127.0.0.1 /api.php?m=Hits&catid=3&id=18
INFO: [ app_begin ] --START--
INFO: Run Behavior\ReadHtmlCacheBehavior [ RunTime:0.000541s ]
INFO: Run Common\Behavior\AppBeginBehavior [ RunTime:0.000649s ]
INFO: Run Wap\Behavior\WapBehavior [ RunTime:0.001441s ]
INFO: [ app_begin ] --END-- [ RunTime:0.002834s ]
SQL: SHOW COLUMNS FROM `zf_content_student` [ RunTime:0.0057s ]
SQL: SELECT `catid`,`id`,`dayviews`,`monthviews`,`views`,`weekviews`,`yesterdayviews`,`viewsupdatetime` FROM `zf_content_student` WHERE `id` = 18 LIMIT 1   [ RunTime:0.0005s ]
SQL: UPDATE `zf_content_student` SET `views`='16',`yesterdayviews`='0',`dayviews`='2',`weekviews`='2',`monthviews`='2',`viewsupdatetime`='1514881563' WHERE `id` = 18 [ RunTime:0.0005s ]
INFO: [ app_end ] --START--
INFO: Run Behavior\ShowPageTraceBehavior [ RunTime:0.000850s ]
INFO: [ app_end ] --END-- [ RunTime:0.000895s ]

[ 2018-01-02T16:26:31+08:00 ] 127.0.0.1 /api.php?m=Hits&catid=3&id=18
INFO: [ app_begin ] --START--
INFO: Run Behavior\ReadHtmlCacheBehavior [ RunTime:0.000498s ]
INFO: Run Common\Behavior\AppBeginBehavior [ RunTime:0.000576s ]
INFO: Run Wap\Behavior\WapBehavior [ RunTime:0.000580s ]
INFO: [ app_begin ] --END-- [ RunTime:0.001728s ]
SQL: SHOW COLUMNS FROM `zf_content_student` [ RunTime:0.0052s ]
SQL: SELECT `catid`,`id`,`dayviews`,`monthviews`,`views`,`weekviews`,`yesterdayviews`,`viewsupdatetime` FROM `zf_content_student` WHERE `id` = 18 LIMIT 1   [ RunTime:0.0004s ]
SQL: UPDATE `zf_content_student` SET `views`='17',`yesterdayviews`='0',`dayviews`='3',`weekviews`='3',`monthviews`='3',`viewsupdatetime`='1514881591' WHERE `id` = 18 [ RunTime:0.0003s ]
INFO: [ app_end ] --START--
INFO: Run Behavior\ShowPageTraceBehavior [ RunTime:0.000581s ]
INFO: [ app_end ] --END-- [ RunTime:0.000632s ]

[ 2018-01-02T16:26:32+08:00 ] 127.0.0.1 /api.php?m=Hits&catid=3&id=18
INFO: [ app_begin ] --START--
INFO: Run Behavior\ReadHtmlCacheBehavior [ RunTime:0.000543s ]
INFO: Run Common\Behavior\AppBeginBehavior [ RunTime:0.000557s ]
INFO: Run Wap\Behavior\WapBehavior [ RunTime:0.000658s ]
INFO: [ app_begin ] --END-- [ RunTime:0.001837s ]
SQL: SHOW COLUMNS FROM `zf_content_student` [ RunTime:0.0039s ]
SQL: SELECT `catid`,`id`,`dayviews`,`monthviews`,`views`,`weekviews`,`yesterdayviews`,`viewsupdatetime` FROM `zf_content_student` WHERE `id` = 18 LIMIT 1   [ RunTime:0.0003s ]
SQL: UPDATE `zf_content_student` SET `views`='18',`yesterdayviews`='0',`dayviews`='4',`weekviews`='4',`monthviews`='4',`viewsupdatetime`='1514881592' WHERE `id` = 18 [ RunTime:0.0002s ]
INFO: [ app_end ] --START--
INFO: Run Behavior\ShowPageTraceBehavior [ RunTime:0.000551s ]
INFO: [ app_end ] --END-- [ RunTime:0.000585s ]

[ 2018-01-02T16:26:35+08:00 ] 127.0.0.1 /api.php?m=Hits&catid=3&id=18
INFO: [ app_begin ] --START--
INFO: Run Behavior\ReadHtmlCacheBehavior [ RunTime:0.001578s ]
INFO: Run Common\Behavior\AppBeginBehavior [ RunTime:0.001809s ]
INFO: Run Wap\Behavior\WapBehavior [ RunTime:0.002910s ]
INFO: [ app_begin ] --END-- [ RunTime:0.006545s ]
SQL: SHOW COLUMNS FROM `zf_content_student` [ RunTime:0.0052s ]
SQL: SELECT `catid`,`id`,`dayviews`,`monthviews`,`views`,`weekviews`,`yesterdayviews`,`viewsupdatetime` FROM `zf_content_student` WHERE `id` = 18 LIMIT 1   [ RunTime:0.0005s ]
SQL: UPDATE `zf_content_student` SET `views`='19',`yesterdayviews`='0',`dayviews`='5',`weekviews`='5',`monthviews`='5',`viewsupdatetime`='1514881595' WHERE `id` = 18 [ RunTime:0.0004s ]
INFO: [ app_end ] --START--
INFO: Run Behavior\ShowPageTraceBehavior [ RunTime:0.000644s ]
INFO: [ app_end ] --END-- [ RunTime:0.000686s ]

[ 2018-01-02T16:26:59+08:00 ] 127.0.0.1 /api.php?m=Hits&catid=3&id=18
INFO: [ app_begin ] --START--
INFO: Run Behavior\ReadHtmlCacheBehavior [ RunTime:0.000498s ]
INFO: Run Common\Behavior\AppBeginBehavior [ RunTime:0.000571s ]
INFO: Run Wap\Behavior\WapBehavior [ RunTime:0.000569s ]
INFO: [ app_begin ] --END-- [ RunTime:0.001708s ]
SQL: SHOW COLUMNS FROM `zf_content_student` [ RunTime:0.0039s ]
SQL: SELECT `catid`,`id`,`dayviews`,`monthviews`,`views`,`weekviews`,`yesterdayviews`,`viewsupdatetime` FROM `zf_content_student` WHERE `id` = 18 LIMIT 1   [ RunTime:0.0003s ]
SQL: UPDATE `zf_content_student` SET `views`='20',`yesterdayviews`='0',`dayviews`='6',`weekviews`='6',`monthviews`='6',`viewsupdatetime`='1514881619' WHERE `id` = 18 [ RunTime:0.0003s ]
INFO: [ app_end ] --START--
INFO: Run Behavior\ShowPageTraceBehavior [ RunTime:0.000687s ]
INFO: [ app_end ] --END-- [ RunTime:0.000724s ]

[ 2018-01-02T16:27:23+08:00 ] 127.0.0.1 /api.php?m=Hits&catid=3&id=18
INFO: [ app_begin ] --START--
INFO: Run Behavior\ReadHtmlCacheBehavior [ RunTime:0.000652s ]
INFO: Run Common\Behavior\AppBeginBehavior [ RunTime:0.000717s ]
INFO: Run Wap\Behavior\WapBehavior [ RunTime:0.000614s ]
INFO: [ app_begin ] --END-- [ RunTime:0.002062s ]
SQL: SHOW COLUMNS FROM `zf_content_student` [ RunTime:0.0043s ]
SQL: SELECT `catid`,`id`,`dayviews`,`monthviews`,`views`,`weekviews`,`yesterdayviews`,`viewsupdatetime` FROM `zf_content_student` WHERE `id` = 18 LIMIT 1   [ RunTime:0.0004s ]
SQL: UPDATE `zf_content_student` SET `views`='21',`yesterdayviews`='0',`dayviews`='7',`weekviews`='7',`monthviews`='7',`viewsupdatetime`='1514881643' WHERE `id` = 18 [ RunTime:0.0005s ]
INFO: [ app_end ] --START--
INFO: Run Behavior\ShowPageTraceBehavior [ RunTime:0.000715s ]
INFO: [ app_end ] --END-- [ RunTime:0.000754s ]

[ 2018-01-02T16:27:24+08:00 ] 127.0.0.1 /api.php?m=Hits&catid=3&id=18
INFO: [ app_begin ] --START--
INFO: Run Behavior\ReadHtmlCacheBehavior [ RunTime:0.000644s ]
INFO: Run Common\Behavior\AppBeginBehavior [ RunTime:0.000766s ]
INFO: Run Wap\Behavior\WapBehavior [ RunTime:0.000677s ]
INFO: [ app_begin ] --END-- [ RunTime:0.002206s ]
SQL: SHOW COLUMNS FROM `zf_content_student` [ RunTime:0.0045s ]
SQL: SELECT `catid`,`id`,`dayviews`,`monthviews`,`views`,`weekviews`,`yesterdayviews`,`viewsupdatetime` FROM `zf_content_student` WHERE `id` = 18 LIMIT 1   [ RunTime:0.0004s ]
SQL: UPDATE `zf_content_student` SET `views`='22',`yesterdayviews`='0',`dayviews`='8',`weekviews`='8',`monthviews`='8',`viewsupdatetime`='1514881644' WHERE `id` = 18 [ RunTime:0.0004s ]
INFO: [ app_end ] --START--
INFO: Run Behavior\ShowPageTraceBehavior [ RunTime:0.000670s ]
INFO: [ app_end ] --END-- [ RunTime:0.000711s ]

[ 2018-01-02T16:27:31+08:00 ] 127.0.0.1 /api.php?m=Hits&catid=3&id=18
INFO: [ app_begin ] --START--
INFO: Run Behavior\ReadHtmlCacheBehavior [ RunTime:0.000590s ]
INFO: Run Common\Behavior\AppBeginBehavior [ RunTime:0.000671s ]
INFO: Run Wap\Behavior\WapBehavior [ RunTime:0.000637s ]
INFO: [ app_begin ] --END-- [ RunTime:0.001976s ]
SQL: SHOW COLUMNS FROM `zf_content_student` [ RunTime:0.0054s ]
SQL: SELECT `catid`,`id`,`dayviews`,`monthviews`,`views`,`weekviews`,`yesterdayviews`,`viewsupdatetime` FROM `zf_content_student` WHERE `id` = 18 LIMIT 1   [ RunTime:0.0004s ]
SQL: UPDATE `zf_content_student` SET `views`='23',`yesterdayviews`='0',`dayviews`='9',`weekviews`='9',`monthviews`='9',`viewsupdatetime`='1514881651' WHERE `id` = 18 [ RunTime:0.0003s ]
INFO: [ app_end ] --START--
INFO: Run Behavior\ShowPageTraceBehavior [ RunTime:0.000695s ]
INFO: [ app_end ] --END-- [ RunTime:0.000771s ]

[ 2018-01-02T16:27:32+08:00 ] 127.0.0.1 /api.php?m=Hits&catid=3&id=18
INFO: [ app_begin ] --START--
INFO: Run Behavior\ReadHtmlCacheBehavior [ RunTime:0.000628s ]
INFO: Run Common\Behavior\AppBeginBehavior [ RunTime:0.000713s ]
INFO: Run Wap\Behavior\WapBehavior [ RunTime:0.001743s ]
INFO: [ app_begin ] --END-- [ RunTime:0.003233s ]
SQL: SHOW COLUMNS FROM `zf_content_student` [ RunTime:0.0057s ]
SQL: SELECT `catid`,`id`,`dayviews`,`monthviews`,`views`,`weekviews`,`yesterdayviews`,`viewsupdatetime` FROM `zf_content_student` WHERE `id` = 18 LIMIT 1   [ RunTime:0.0004s ]
SQL: UPDATE `zf_content_student` SET `views`='24',`yesterdayviews`='0',`dayviews`='10',`weekviews`='10',`monthviews`='10',`viewsupdatetime`='1514881652' WHERE `id` = 18 [ RunTime:0.0005s ]
INFO: [ app_end ] --START--
INFO: Run Behavior\ShowPageTraceBehavior [ RunTime:0.000882s ]
INFO: [ app_end ] --END-- [ RunTime:0.000934s ]

[ 2018-01-02T16:27:39+08:00 ] 127.0.0.1 /api.php?m=Hits&catid=3&id=18
INFO: [ app_begin ] --START--
INFO: Run Behavior\ReadHtmlCacheBehavior [ RunTime:0.000619s ]
INFO: Run Common\Behavior\AppBeginBehavior [ RunTime:0.000603s ]
INFO: Run Wap\Behavior\WapBehavior [ RunTime:0.000745s ]
INFO: [ app_begin ] --END-- [ RunTime:0.002045s ]
SQL: SHOW COLUMNS FROM `zf_content_student` [ RunTime:0.0043s ]
SQL: SELECT `catid`,`id`,`dayviews`,`monthviews`,`views`,`weekviews`,`yesterdayviews`,`viewsupdatetime` FROM `zf_content_student` WHERE `id` = 18 LIMIT 1   [ RunTime:0.0004s ]
SQL: UPDATE `zf_content_student` SET `views`='25',`yesterdayviews`='0',`dayviews`='11',`weekviews`='11',`monthviews`='11',`viewsupdatetime`='1514881659' WHERE `id` = 18 [ RunTime:0.0003s ]
INFO: [ app_end ] --START--
INFO: Run Behavior\ShowPageTraceBehavior [ RunTime:0.000679s ]
INFO: [ app_end ] --END-- [ RunTime:0.000714s ]

[ 2018-01-02T16:27:40+08:00 ] 127.0.0.1 /api.php?m=Hits&catid=3&id=18
INFO: [ app_begin ] --START--
INFO: Run Behavior\ReadHtmlCacheBehavior [ RunTime:0.000508s ]
INFO: Run Common\Behavior\AppBeginBehavior [ RunTime:0.001071s ]
INFO: Run Wap\Behavior\WapBehavior [ RunTime:0.000835s ]
INFO: [ app_begin ] --END-- [ RunTime:0.002515s ]
SQL: SHOW COLUMNS FROM `zf_content_student` [ RunTime:0.0044s ]
SQL: SELECT `catid`,`id`,`dayviews`,`monthviews`,`views`,`weekviews`,`yesterdayviews`,`viewsupdatetime` FROM `zf_content_student` WHERE `id` = 18 LIMIT 1   [ RunTime:0.0005s ]
SQL: UPDATE `zf_content_student` SET `views`='26',`yesterdayviews`='0',`dayviews`='12',`weekviews`='12',`monthviews`='12',`viewsupdatetime`='1514881660' WHERE `id` = 18 [ RunTime:0.0008s ]
INFO: [ app_end ] --START--
INFO: Run Behavior\ShowPageTraceBehavior [ RunTime:0.000750s ]
INFO: [ app_end ] --END-- [ RunTime:0.000792s ]

[ 2018-01-02T16:27:57+08:00 ] 127.0.0.1 /api.php?m=Hits&catid=3&id=18
INFO: [ app_begin ] --START--
INFO: Run Behavior\ReadHtmlCacheBehavior [ RunTime:0.000674s ]
INFO: Run Common\Behavior\AppBeginBehavior [ RunTime:0.000631s ]
INFO: Run Wap\Behavior\WapBehavior [ RunTime:0.000907s ]
INFO: [ app_begin ] --END-- [ RunTime:0.002308s ]
SQL: SHOW COLUMNS FROM `zf_content_student` [ RunTime:0.0055s ]
SQL: SELECT `catid`,`id`,`dayviews`,`monthviews`,`views`,`weekviews`,`yesterdayviews`,`viewsupdatetime` FROM `zf_content_student` WHERE `id` = 18 LIMIT 1   [ RunTime:0.0004s ]
SQL: UPDATE `zf_content_student` SET `views`='27',`yesterdayviews`='0',`dayviews`='13',`weekviews`='13',`monthviews`='13',`viewsupdatetime`='1514881677' WHERE `id` = 18 [ RunTime:0.0004s ]
INFO: [ app_end ] --START--
INFO: Run Behavior\ShowPageTraceBehavior [ RunTime:0.000742s ]
INFO: [ app_end ] --END-- [ RunTime:0.000777s ]

[ 2018-01-02T16:27:58+08:00 ] 127.0.0.1 /api.php?m=Hits&catid=3&id=18
INFO: [ app_begin ] --START--
INFO: Run Behavior\ReadHtmlCacheBehavior [ RunTime:0.000635s ]
INFO: Run Common\Behavior\AppBeginBehavior [ RunTime:0.000738s ]
INFO: Run Wap\Behavior\WapBehavior [ RunTime:0.000693s ]
INFO: [ app_begin ] --END-- [ RunTime:0.002141s ]
SQL: SHOW COLUMNS FROM `zf_content_student` [ RunTime:0.0063s ]
SQL: SELECT `catid`,`id`,`dayviews`,`monthviews`,`views`,`weekviews`,`yesterdayviews`,`viewsupdatetime` FROM `zf_content_student` WHERE `id` = 18 LIMIT 1   [ RunTime:0.0005s ]
SQL: UPDATE `zf_content_student` SET `views`='28',`yesterdayviews`='0',`dayviews`='14',`weekviews`='14',`monthviews`='14',`viewsupdatetime`='1514881678' WHERE `id` = 18 [ RunTime:0.0004s ]
INFO: [ app_end ] --START--
INFO: Run Behavior\ShowPageTraceBehavior [ RunTime:0.000740s ]
INFO: [ app_end ] --END-- [ RunTime:0.000778s ]

[ 2018-01-02T16:28:12+08:00 ] 127.0.0.1 /api.php?m=Hits&catid=3&id=18
INFO: [ app_begin ] --START--
INFO: Run Behavior\ReadHtmlCacheBehavior [ RunTime:0.000627s ]
INFO: Run Common\Behavior\AppBeginBehavior [ RunTime:0.000665s ]
INFO: Run Wap\Behavior\WapBehavior [ RunTime:0.000831s ]
INFO: [ app_begin ] --END-- [ RunTime:0.002244s ]
SQL: SHOW COLUMNS FROM `zf_content_student` [ RunTime:0.0054s ]
SQL: SELECT `catid`,`id`,`dayviews`,`monthviews`,`views`,`weekviews`,`yesterdayviews`,`viewsupdatetime` FROM `zf_content_student` WHERE `id` = 18 LIMIT 1   [ RunTime:0.0003s ]
SQL: UPDATE `zf_content_student` SET `views`='29',`yesterdayviews`='0',`dayviews`='15',`weekviews`='15',`monthviews`='15',`viewsupdatetime`='1514881692' WHERE `id` = 18 [ RunTime:0.0003s ]
INFO: [ app_end ] --START--
INFO: Run Behavior\ShowPageTraceBehavior [ RunTime:0.000598s ]
INFO: [ app_end ] --END-- [ RunTime:0.000633s ]

[ 2018-01-02T16:30:49+08:00 ] 127.0.0.1 /api.php?m=Hits&catid=3&id=18
INFO: [ app_begin ] --START--
INFO: Run Behavior\ReadHtmlCacheBehavior [ RunTime:0.000462s ]
INFO: Run Common\Behavior\AppBeginBehavior [ RunTime:0.000534s ]
INFO: Run Wap\Behavior\WapBehavior [ RunTime:0.000623s ]
INFO: [ app_begin ] --END-- [ RunTime:0.001693s ]
SQL: SHOW COLUMNS FROM `zf_content_student` [ RunTime:0.0037s ]
SQL: SELECT `catid`,`id`,`dayviews`,`monthviews`,`views`,`weekviews`,`yesterdayviews`,`viewsupdatetime` FROM `zf_content_student` WHERE `id` = 18 LIMIT 1   [ RunTime:0.0003s ]
SQL: UPDATE `zf_content_student` SET `views`='30',`yesterdayviews`='0',`dayviews`='16',`weekviews`='16',`monthviews`='16',`viewsupdatetime`='1514881849' WHERE `id` = 18 [ RunTime:0.0002s ]
INFO: [ app_end ] --START--
INFO: Run Behavior\ShowPageTraceBehavior [ RunTime:0.000615s ]
INFO: [ app_end ] --END-- [ RunTime:0.000651s ]

[ 2018-01-02T16:30:56+08:00 ] 127.0.0.1 /api.php?m=Hits&catid=3&id=18
INFO: [ app_begin ] --START--
INFO: Run Behavior\ReadHtmlCacheBehavior [ RunTime:0.000610s ]
INFO: Run Common\Behavior\AppBeginBehavior [ RunTime:0.000774s ]
INFO: Run Wap\Behavior\WapBehavior [ RunTime:0.000886s ]
INFO: [ app_begin ] --END-- [ RunTime:0.002475s ]
SQL: SHOW COLUMNS FROM `zf_content_student` [ RunTime:0.0046s ]
SQL: SELECT `catid`,`id`,`dayviews`,`monthviews`,`views`,`weekviews`,`yesterdayviews`,`viewsupdatetime` FROM `zf_content_student` WHERE `id` = 18 LIMIT 1   [ RunTime:0.0004s ]
SQL: UPDATE `zf_content_student` SET `views`='31',`yesterdayviews`='0',`dayviews`='17',`weekviews`='17',`monthviews`='17',`viewsupdatetime`='1514881856' WHERE `id` = 18 [ RunTime:0.0004s ]
INFO: [ app_end ] --START--
INFO: Run Behavior\ShowPageTraceBehavior [ RunTime:0.000688s ]
INFO: [ app_end ] --END-- [ RunTime:0.000725s ]

[ 2018-01-02T16:30:57+08:00 ] 127.0.0.1 /api.php?m=Hits&catid=3&id=18
INFO: [ app_begin ] --START--
INFO: Run Behavior\ReadHtmlCacheBehavior [ RunTime:0.000501s ]
INFO: Run Common\Behavior\AppBeginBehavior [ RunTime:0.000558s ]
INFO: Run Wap\Behavior\WapBehavior [ RunTime:0.000538s ]
INFO: [ app_begin ] --END-- [ RunTime:0.001669s ]
SQL: SHOW COLUMNS FROM `zf_content_student` [ RunTime:0.0039s ]
SQL: SELECT `catid`,`id`,`dayviews`,`monthviews`,`views`,`weekviews`,`yesterdayviews`,`viewsupdatetime` FROM `zf_content_student` WHERE `id` = 18 LIMIT 1   [ RunTime:0.0004s ]
SQL: UPDATE `zf_content_student` SET `views`='32',`yesterdayviews`='0',`dayviews`='18',`weekviews`='18',`monthviews`='18',`viewsupdatetime`='1514881857' WHERE `id` = 18 [ RunTime:0.0003s ]
INFO: [ app_end ] --START--
INFO: Run Behavior\ShowPageTraceBehavior [ RunTime:0.000629s ]
INFO: [ app_end ] --END-- [ RunTime:0.000663s ]

[ 2018-01-02T16:31:12+08:00 ] 127.0.0.1 /api.php?m=Hits&catid=3&id=18
INFO: [ app_begin ] --START--
INFO: Run Behavior\ReadHtmlCacheBehavior [ RunTime:0.000625s ]
INFO: Run Common\Behavior\AppBeginBehavior [ RunTime:0.000809s ]
INFO: Run Wap\Behavior\WapBehavior [ RunTime:0.000735s ]
INFO: [ app_begin ] --END-- [ RunTime:0.002273s ]
SQL: SHOW COLUMNS FROM `zf_content_student` [ RunTime:0.0042s ]
SQL: SELECT `catid`,`id`,`dayviews`,`monthviews`,`views`,`weekviews`,`yesterdayviews`,`viewsupdatetime` FROM `zf_content_student` WHERE `id` = 18 LIMIT 1   [ RunTime:0.0004s ]
SQL: UPDATE `zf_content_student` SET `views`='33',`yesterdayviews`='0',`dayviews`='19',`weekviews`='19',`monthviews`='19',`viewsupdatetime`='1514881872' WHERE `id` = 18 [ RunTime:0.0003s ]
INFO: [ app_end ] --START--
INFO: Run Behavior\ShowPageTraceBehavior [ RunTime:0.000722s ]
INFO: [ app_end ] --END-- [ RunTime:0.000771s ]

[ 2018-01-02T16:31:16+08:00 ] 127.0.0.1 /api.php?m=Hits&catid=3&id=18
INFO: [ app_begin ] --START--
INFO: Run Behavior\ReadHtmlCacheBehavior [ RunTime:0.000631s ]
INFO: Run Common\Behavior\AppBeginBehavior [ RunTime:0.000746s ]
INFO: Run Wap\Behavior\WapBehavior [ RunTime:0.000717s ]
INFO: [ app_begin ] --END-- [ RunTime:0.002181s ]
SQL: SHOW COLUMNS FROM `zf_content_student` [ RunTime:0.0048s ]
SQL: SELECT `catid`,`id`,`dayviews`,`monthviews`,`views`,`weekviews`,`yesterdayviews`,`viewsupdatetime` FROM `zf_content_student` WHERE `id` = 18 LIMIT 1   [ RunTime:0.0003s ]
SQL: UPDATE `zf_content_student` SET `views`='34',`yesterdayviews`='0',`dayviews`='20',`weekviews`='20',`monthviews`='20',`viewsupdatetime`='1514881876' WHERE `id` = 18 [ RunTime:0.0003s ]
INFO: [ app_end ] --START--
INFO: Run Behavior\ShowPageTraceBehavior [ RunTime:0.000627s ]
INFO: [ app_end ] --END-- [ RunTime:0.000662s ]

[ 2018-01-02T16:31:23+08:00 ] 127.0.0.1 /api.php?m=Hits&catid=3&id=18
INFO: [ app_begin ] --START--
INFO: Run Behavior\ReadHtmlCacheBehavior [ RunTime:0.000579s ]
INFO: Run Common\Behavior\AppBeginBehavior [ RunTime:0.000700s ]
INFO: Run Wap\Behavior\WapBehavior [ RunTime:0.000616s ]
INFO: [ app_begin ] --END-- [ RunTime:0.001982s ]
SQL: SHOW COLUMNS FROM `zf_content_student` [ RunTime:0.0064s ]
SQL: SELECT `catid`,`id`,`dayviews`,`monthviews`,`views`,`weekviews`,`yesterdayviews`,`viewsupdatetime` FROM `zf_content_student` WHERE `id` = 18 LIMIT 1   [ RunTime:0.0007s ]
SQL: UPDATE `zf_content_student` SET `views`='35',`yesterdayviews`='0',`dayviews`='21',`weekviews`='21',`monthviews`='21',`viewsupdatetime`='1514881883' WHERE `id` = 18 [ RunTime:0.0003s ]
INFO: [ app_end ] --START--
INFO: Run Behavior\ShowPageTraceBehavior [ RunTime:0.000715s ]
INFO: [ app_end ] --END-- [ RunTime:0.000750s ]

[ 2018-01-02T16:31:44+08:00 ] 127.0.0.1 /api.php?m=Hits&catid=3&id=18
INFO: [ app_begin ] --START--
INFO: Run Behavior\ReadHtmlCacheBehavior [ RunTime:0.000779s ]
INFO: Run Common\Behavior\AppBeginBehavior [ RunTime:0.000758s ]
INFO: Run Wap\Behavior\WapBehavior [ RunTime:0.000712s ]
INFO: [ app_begin ] --END-- [ RunTime:0.002353s ]
SQL: SHOW COLUMNS FROM `zf_content_student` [ RunTime:0.0043s ]
SQL: SELECT `catid`,`id`,`dayviews`,`monthviews`,`views`,`weekviews`,`yesterdayviews`,`viewsupdatetime` FROM `zf_content_student` WHERE `id` = 18 LIMIT 1   [ RunTime:0.0005s ]
SQL: UPDATE `zf_content_student` SET `views`='36',`yesterdayviews`='0',`dayviews`='22',`weekviews`='22',`monthviews`='22',`viewsupdatetime`='1514881904' WHERE `id` = 18 [ RunTime:0.0005s ]
INFO: [ app_end ] --START--
INFO: Run Behavior\ShowPageTraceBehavior [ RunTime:0.000678s ]
INFO: [ app_end ] --END-- [ RunTime:0.000715s ]

[ 2018-01-02T16:32:06+08:00 ] 127.0.0.1 /api.php?m=Hits&catid=3&id=18
INFO: [ app_begin ] --START--
INFO: Run Behavior\ReadHtmlCacheBehavior [ RunTime:0.000535s ]
INFO: Run Common\Behavior\AppBeginBehavior [ RunTime:0.000610s ]
INFO: Run Wap\Behavior\WapBehavior [ RunTime:0.000698s ]
INFO: [ app_begin ] --END-- [ RunTime:0.001931s ]
SQL: SHOW COLUMNS FROM `zf_content_student` [ RunTime:0.0043s ]
SQL: SELECT `catid`,`id`,`dayviews`,`monthviews`,`views`,`weekviews`,`yesterdayviews`,`viewsupdatetime` FROM `zf_content_student` WHERE `id` = 18 LIMIT 1   [ RunTime:0.0004s ]
SQL: UPDATE `zf_content_student` SET `views`='37',`yesterdayviews`='0',`dayviews`='23',`weekviews`='23',`monthviews`='23',`viewsupdatetime`='1514881926' WHERE `id` = 18 [ RunTime:0.0004s ]
INFO: [ app_end ] --START--
INFO: Run Behavior\ShowPageTraceBehavior [ RunTime:0.000741s ]
INFO: [ app_end ] --END-- [ RunTime:0.000785s ]

[ 2018-01-02T16:32:20+08:00 ] 127.0.0.1 /api.php?m=Hits&catid=3&id=18
INFO: [ app_begin ] --START--
INFO: Run Behavior\ReadHtmlCacheBehavior [ RunTime:0.000515s ]
INFO: Run Common\Behavior\AppBeginBehavior [ RunTime:0.000575s ]
INFO: Run Wap\Behavior\WapBehavior [ RunTime:0.000715s ]
INFO: [ app_begin ] --END-- [ RunTime:0.001884s ]
SQL: SHOW COLUMNS FROM `zf_content_student` [ RunTime:0.0072s ]
SQL: SELECT `catid`,`id`,`dayviews`,`monthviews`,`views`,`weekviews`,`yesterdayviews`,`viewsupdatetime` FROM `zf_content_student` WHERE `id` = 18 LIMIT 1   [ RunTime:0.0003s ]
SQL: UPDATE `zf_content_student` SET `views`='38',`yesterdayviews`='0',`dayviews`='24',`weekviews`='24',`monthviews`='24',`viewsupdatetime`='1514881940' WHERE `id` = 18 [ RunTime:0.0003s ]
INFO: [ app_end ] --START--
INFO: Run Behavior\ShowPageTraceBehavior [ RunTime:0.000639s ]
INFO: [ app_end ] --END-- [ RunTime:0.000682s ]

[ 2018-01-02T16:32:21+08:00 ] 127.0.0.1 /api.php?m=Hits&catid=3&id=18
INFO: [ app_begin ] --START--
INFO: Run Behavior\ReadHtmlCacheBehavior [ RunTime:0.000545s ]
INFO: Run Common\Behavior\AppBeginBehavior [ RunTime:0.000553s ]
INFO: Run Wap\Behavior\WapBehavior [ RunTime:0.000563s ]
INFO: [ app_begin ] --END-- [ RunTime:0.001737s ]
SQL: SHOW COLUMNS FROM `zf_content_student` [ RunTime:0.0045s ]
SQL: SELECT `catid`,`id`,`dayviews`,`monthviews`,`views`,`weekviews`,`yesterdayviews`,`viewsupdatetime` FROM `zf_content_student` WHERE `id` = 18 LIMIT 1   [ RunTime:0.0004s ]
SQL: UPDATE `zf_content_student` SET `views`='39',`yesterdayviews`='0',`dayviews`='25',`weekviews`='25',`monthviews`='25',`viewsupdatetime`='1514881941' WHERE `id` = 18 [ RunTime:0.0004s ]
INFO: [ app_end ] --START--
INFO: Run Behavior\ShowPageTraceBehavior [ RunTime:0.000685s ]
INFO: [ app_end ] --END-- [ RunTime:0.000729s ]

[ 2018-01-02T16:32:27+08:00 ] 127.0.0.1 /api.php?m=Hits&catid=3&id=18
INFO: [ app_begin ] --START--
INFO: Run Behavior\ReadHtmlCacheBehavior [ RunTime:0.000626s ]
INFO: Run Common\Behavior\AppBeginBehavior [ RunTime:0.000740s ]
INFO: Run Wap\Behavior\WapBehavior [ RunTime:0.000689s ]
INFO: [ app_begin ] --END-- [ RunTime:0.002162s ]
SQL: SHOW COLUMNS FROM `zf_content_student` [ RunTime:0.0056s ]
SQL: SELECT `catid`,`id`,`dayviews`,`monthviews`,`views`,`weekviews`,`yesterdayviews`,`viewsupdatetime` FROM `zf_content_student` WHERE `id` = 18 LIMIT 1   [ RunTime:0.0003s ]
SQL: UPDATE `zf_content_student` SET `views`='40',`yesterdayviews`='0',`dayviews`='26',`weekviews`='26',`monthviews`='26',`viewsupdatetime`='1514881947' WHERE `id` = 18 [ RunTime:0.0003s ]
INFO: [ app_end ] --START--
INFO: Run Behavior\ShowPageTraceBehavior [ RunTime:0.000685s ]
INFO: [ app_end ] --END-- [ RunTime:0.000729s ]

[ 2018-01-02T16:34:03+08:00 ] 127.0.0.1 /api.php?m=Hits&catid=3&id=18
INFO: [ app_begin ] --START--
INFO: Run Behavior\ReadHtmlCacheBehavior [ RunTime:0.000596s ]
INFO: Run Common\Behavior\AppBeginBehavior [ RunTime:0.000667s ]
INFO: Run Wap\Behavior\WapBehavior [ RunTime:0.000745s ]
INFO: [ app_begin ] --END-- [ RunTime:0.002096s ]
SQL: SHOW COLUMNS FROM `zf_content_student` [ RunTime:0.0044s ]
SQL: SELECT `catid`,`id`,`dayviews`,`monthviews`,`views`,`weekviews`,`yesterdayviews`,`viewsupdatetime` FROM `zf_content_student` WHERE `id` = 18 LIMIT 1   [ RunTime:0.0006s ]
SQL: UPDATE `zf_content_student` SET `views`='41',`yesterdayviews`='0',`dayviews`='27',`weekviews`='27',`monthviews`='27',`viewsupdatetime`='1514882043' WHERE `id` = 18 [ RunTime:0.0009s ]
INFO: [ app_end ] --START--
INFO: Run Behavior\ShowPageTraceBehavior [ RunTime:0.000707s ]
INFO: [ app_end ] --END-- [ RunTime:0.000740s ]

[ 2018-01-02T16:34:04+08:00 ] 127.0.0.1 /api.php?m=Hits&catid=3&id=18
INFO: [ app_begin ] --START--
INFO: Run Behavior\ReadHtmlCacheBehavior [ RunTime:0.000611s ]
INFO: Run Common\Behavior\AppBeginBehavior [ RunTime:0.000942s ]
INFO: Run Wap\Behavior\WapBehavior [ RunTime:0.000629s ]
INFO: [ app_begin ] --END-- [ RunTime:0.002276s ]
SQL: SHOW COLUMNS FROM `zf_content_student` [ RunTime:0.0065s ]
SQL: SELECT `catid`,`id`,`dayviews`,`monthviews`,`views`,`weekviews`,`yesterdayviews`,`viewsupdatetime` FROM `zf_content_student` WHERE `id` = 18 LIMIT 1   [ RunTime:0.0004s ]
SQL: UPDATE `zf_content_student` SET `views`='42',`yesterdayviews`='0',`dayviews`='28',`weekviews`='28',`monthviews`='28',`viewsupdatetime`='1514882044' WHERE `id` = 18 [ RunTime:0.0003s ]
INFO: [ app_end ] --START--
INFO: Run Behavior\ShowPageTraceBehavior [ RunTime:0.000743s ]
INFO: [ app_end ] --END-- [ RunTime:0.000784s ]

[ 2018-01-02T16:34:09+08:00 ] 127.0.0.1 /api.php?m=Hits&catid=3&id=18
INFO: [ app_begin ] --START--
INFO: Run Behavior\ReadHtmlCacheBehavior [ RunTime:0.001399s ]
INFO: Run Common\Behavior\AppBeginBehavior [ RunTime:0.000726s ]
INFO: Run Wap\Behavior\WapBehavior [ RunTime:0.000653s ]
INFO: [ app_begin ] --END-- [ RunTime:0.002886s ]
SQL: SHOW COLUMNS FROM `zf_content_student` [ RunTime:0.0044s ]
SQL: SELECT `catid`,`id`,`dayviews`,`monthviews`,`views`,`weekviews`,`yesterdayviews`,`viewsupdatetime` FROM `zf_content_student` WHERE `id` = 18 LIMIT 1   [ RunTime:0.0003s ]
SQL: UPDATE `zf_content_student` SET `views`='43',`yesterdayviews`='0',`dayviews`='29',`weekviews`='29',`monthviews`='29',`viewsupdatetime`='1514882049' WHERE `id` = 18 [ RunTime:0.0003s ]
INFO: [ app_end ] --START--
INFO: Run Behavior\ShowPageTraceBehavior [ RunTime:0.000626s ]
INFO: [ app_end ] --END-- [ RunTime:0.000661s ]

[ 2018-01-02T16:34:29+08:00 ] 127.0.0.1 /api.php?m=Hits&catid=3&id=18
INFO: [ app_begin ] --START--
INFO: Run Behavior\ReadHtmlCacheBehavior [ RunTime:0.000619s ]
INFO: Run Common\Behavior\AppBeginBehavior [ RunTime:0.000656s ]
INFO: Run Wap\Behavior\WapBehavior [ RunTime:0.000682s ]
INFO: [ app_begin ] --END-- [ RunTime:0.002035s ]
SQL: SHOW COLUMNS FROM `zf_content_student` [ RunTime:0.0046s ]
SQL: SELECT `catid`,`id`,`dayviews`,`monthviews`,`views`,`weekviews`,`yesterdayviews`,`viewsupdatetime` FROM `zf_content_student` WHERE `id` = 18 LIMIT 1   [ RunTime:0.0004s ]
SQL: UPDATE `zf_content_student` SET `views`='44',`yesterdayviews`='0',`dayviews`='30',`weekviews`='30',`monthviews`='30',`viewsupdatetime`='1514882069' WHERE `id` = 18 [ RunTime:0.0004s ]
INFO: [ app_end ] --START--
INFO: Run Behavior\ShowPageTraceBehavior [ RunTime:0.000782s ]
INFO: [ app_end ] --END-- [ RunTime:0.000822s ]

[ 2018-01-02T16:35:04+08:00 ] 127.0.0.1 /api.php?m=Hits&catid=3&id=18
INFO: [ app_begin ] --START--
INFO: Run Behavior\ReadHtmlCacheBehavior [ RunTime:0.000482s ]
INFO: Run Common\Behavior\AppBeginBehavior [ RunTime:0.000637s ]
INFO: Run Wap\Behavior\WapBehavior [ RunTime:0.001887s ]
INFO: [ app_begin ] --END-- [ RunTime:0.003137s ]
SQL: SHOW COLUMNS FROM `zf_content_student` [ RunTime:0.0038s ]
SQL: SELECT `catid`,`id`,`dayviews`,`monthviews`,`views`,`weekviews`,`yesterdayviews`,`viewsupdatetime` FROM `zf_content_student` WHERE `id` = 18 LIMIT 1   [ RunTime:0.0004s ]
SQL: UPDATE `zf_content_student` SET `views`='45',`yesterdayviews`='0',`dayviews`='31',`weekviews`='31',`monthviews`='31',`viewsupdatetime`='1514882104' WHERE `id` = 18 [ RunTime:0.0006s ]
INFO: [ app_end ] --START--
INFO: Run Behavior\ShowPageTraceBehavior [ RunTime:0.000646s ]
INFO: [ app_end ] --END-- [ RunTime:0.000681s ]

[ 2018-01-02T16:35:05+08:00 ] 127.0.0.1 /api.php?m=Hits&catid=3&id=18
INFO: [ app_begin ] --START--
INFO: Run Behavior\ReadHtmlCacheBehavior [ RunTime:0.000551s ]
INFO: Run Common\Behavior\AppBeginBehavior [ RunTime:0.000575s ]
INFO: Run Wap\Behavior\WapBehavior [ RunTime:0.000554s ]
INFO: [ app_begin ] --END-- [ RunTime:0.001759s ]
SQL: SHOW COLUMNS FROM `zf_content_student` [ RunTime:0.0048s ]
SQL: SELECT `catid`,`id`,`dayviews`,`monthviews`,`views`,`weekviews`,`yesterdayviews`,`viewsupdatetime` FROM `zf_content_student` WHERE `id` = 18 LIMIT 1   [ RunTime:0.0009s ]
SQL: UPDATE `zf_content_student` SET `views`='46',`yesterdayviews`='0',`dayviews`='32',`weekviews`='32',`monthviews`='32',`viewsupdatetime`='1514882105' WHERE `id` = 18 [ RunTime:0.0009s ]
INFO: [ app_end ] --START--
INFO: Run Behavior\ShowPageTraceBehavior [ RunTime:0.002396s ]
INFO: [ app_end ] --END-- [ RunTime:0.002626s ]

[ 2018-01-02T16:35:13+08:00 ] 127.0.0.1 /api.php?m=Hits&catid=3&id=18
INFO: [ app_begin ] --START--
INFO: Run Behavior\ReadHtmlCacheBehavior [ RunTime:0.000564s ]
INFO: Run Common\Behavior\AppBeginBehavior [ RunTime:0.000654s ]
INFO: Run Wap\Behavior\WapBehavior [ RunTime:0.000702s ]
INFO: [ app_begin ] --END-- [ RunTime:0.002006s ]
SQL: SHOW COLUMNS FROM `zf_content_student` [ RunTime:0.0045s ]
SQL: SELECT `catid`,`id`,`dayviews`,`monthviews`,`views`,`weekviews`,`yesterdayviews`,`viewsupdatetime` FROM `zf_content_student` WHERE `id` = 18 LIMIT 1   [ RunTime:0.0003s ]
SQL: UPDATE `zf_content_student` SET `views`='47',`yesterdayviews`='0',`dayviews`='33',`weekviews`='33',`monthviews`='33',`viewsupdatetime`='1514882113' WHERE `id` = 18 [ RunTime:0.0003s ]
INFO: [ app_end ] --START--
INFO: Run Behavior\ShowPageTraceBehavior [ RunTime:0.000730s ]
INFO: [ app_end ] --END-- [ RunTime:0.000767s ]

[ 2018-01-02T16:35:14+08:00 ] 127.0.0.1 /api.php?m=Hits&catid=3&id=18
INFO: [ app_begin ] --START--
INFO: Run Behavior\ReadHtmlCacheBehavior [ RunTime:0.000583s ]
INFO: Run Common\Behavior\AppBeginBehavior [ RunTime:0.000690s ]
INFO: Run Wap\Behavior\WapBehavior [ RunTime:0.000666s ]
INFO: [ app_begin ] --END-- [ RunTime:0.002007s ]
SQL: SHOW COLUMNS FROM `zf_content_student` [ RunTime:0.0046s ]
SQL: SELECT `catid`,`id`,`dayviews`,`monthviews`,`views`,`weekviews`,`yesterdayviews`,`viewsupdatetime` FROM `zf_content_student` WHERE `id` = 18 LIMIT 1   [ RunTime:0.0004s ]
SQL: UPDATE `zf_content_student` SET `views`='48',`yesterdayviews`='0',`dayviews`='34',`weekviews`='34',`monthviews`='34',`viewsupdatetime`='1514882114' WHERE `id` = 18 [ RunTime:0.0005s ]
INFO: [ app_end ] --START--
INFO: Run Behavior\ShowPageTraceBehavior [ RunTime:0.001702s ]
INFO: [ app_end ] --END-- [ RunTime:0.001849s ]

[ 2018-01-02T16:35:33+08:00 ] 127.0.0.1 /api.php?m=Hits&catid=3&id=18
INFO: [ app_begin ] --START--
INFO: Run Behavior\ReadHtmlCacheBehavior [ RunTime:0.001498s ]
INFO: Run Common\Behavior\AppBeginBehavior [ RunTime:0.000645s ]
INFO: Run Wap\Behavior\WapBehavior [ RunTime:0.000578s ]
INFO: [ app_begin ] --END-- [ RunTime:0.002896s ]
SQL: SHOW COLUMNS FROM `zf_content_student` [ RunTime:0.0048s ]
SQL: SELECT `catid`,`id`,`dayviews`,`monthviews`,`views`,`weekviews`,`yesterdayviews`,`viewsupdatetime` FROM `zf_content_student` WHERE `id` = 18 LIMIT 1   [ RunTime:0.0003s ]
SQL: UPDATE `zf_content_student` SET `views`='49',`yesterdayviews`='0',`dayviews`='35',`weekviews`='35',`monthviews`='35',`viewsupdatetime`='1514882133' WHERE `id` = 18 [ RunTime:0.0003s ]
INFO: [ app_end ] --START--
INFO: Run Behavior\ShowPageTraceBehavior [ RunTime:0.000644s ]
INFO: [ app_end ] --END-- [ RunTime:0.000678s ]

[ 2018-01-02T16:35:34+08:00 ] 127.0.0.1 /api.php?m=Hits&catid=3&id=18
INFO: [ app_begin ] --START--
INFO: Run Behavior\ReadHtmlCacheBehavior [ RunTime:0.000681s ]
INFO: Run Common\Behavior\AppBeginBehavior [ RunTime:0.001533s ]
INFO: Run Wap\Behavior\WapBehavior [ RunTime:0.001357s ]
INFO: [ app_begin ] --END-- [ RunTime:0.003721s ]
SQL: SHOW COLUMNS FROM `zf_content_student` [ RunTime:0.0077s ]
SQL: SELECT `catid`,`id`,`dayviews`,`monthviews`,`views`,`weekviews`,`yesterdayviews`,`viewsupdatetime` FROM `zf_content_student` WHERE `id` = 18 LIMIT 1   [ RunTime:0.0004s ]
SQL: UPDATE `zf_content_student` SET `views`='50',`yesterdayviews`='0',`dayviews`='36',`weekviews`='36',`monthviews`='36',`viewsupdatetime`='1514882134' WHERE `id` = 18 [ RunTime:0.0003s ]
INFO: [ app_end ] --START--
INFO: Run Behavior\ShowPageTraceBehavior [ RunTime:0.000653s ]
INFO: [ app_end ] --END-- [ RunTime:0.000689s ]

[ 2018-01-02T16:35:34+08:00 ] 127.0.0.1 /api.php?m=Hits&catid=3&id=18
INFO: [ app_begin ] --START--
INFO: Run Behavior\ReadHtmlCacheBehavior [ RunTime:0.000639s ]
INFO: Run Common\Behavior\AppBeginBehavior [ RunTime:0.000750s ]
INFO: Run Wap\Behavior\WapBehavior [ RunTime:0.000673s ]
INFO: [ app_begin ] --END-- [ RunTime:0.002161s ]
SQL: SHOW COLUMNS FROM `zf_content_student` [ RunTime:0.0064s ]
SQL: SELECT `catid`,`id`,`dayviews`,`monthviews`,`views`,`weekviews`,`yesterdayviews`,`viewsupdatetime` FROM `zf_content_student` WHERE `id` = 18 LIMIT 1   [ RunTime:0.0006s ]
SQL: UPDATE `zf_content_student` SET `views`='51',`yesterdayviews`='0',`dayviews`='37',`weekviews`='37',`monthviews`='37',`viewsupdatetime`='1514882134' WHERE `id` = 18 [ RunTime:0.0005s ]
INFO: [ app_end ] --START--
INFO: Run Behavior\ShowPageTraceBehavior [ RunTime:0.000790s ]
INFO: [ app_end ] --END-- [ RunTime:0.000834s ]

[ 2018-01-02T16:35:40+08:00 ] 127.0.0.1 /api.php?m=Hits&catid=3&id=18
INFO: [ app_begin ] --START--
INFO: Run Behavior\ReadHtmlCacheBehavior [ RunTime:0.001736s ]
INFO: Run Common\Behavior\AppBeginBehavior [ RunTime:0.001093s ]
INFO: Run Wap\Behavior\WapBehavior [ RunTime:0.000718s ]
INFO: [ app_begin ] --END-- [ RunTime:0.003656s ]
SQL: SHOW COLUMNS FROM `zf_content_student` [ RunTime:0.0051s ]
SQL: SELECT `catid`,`id`,`dayviews`,`monthviews`,`views`,`weekviews`,`yesterdayviews`,`viewsupdatetime` FROM `zf_content_student` WHERE `id` = 18 LIMIT 1   [ RunTime:0.0003s ]
SQL: UPDATE `zf_content_student` SET `views`='52',`yesterdayviews`='0',`dayviews`='38',`weekviews`='38',`monthviews`='38',`viewsupdatetime`='1514882140' WHERE `id` = 18 [ RunTime:0.0003s ]
INFO: [ app_end ] --START--
INFO: Run Behavior\ShowPageTraceBehavior [ RunTime:0.000670s ]
INFO: [ app_end ] --END-- [ RunTime:0.000706s ]

[ 2018-01-02T16:35:43+08:00 ] 127.0.0.1 /api.php?m=Hits&catid=3&id=18
INFO: [ app_begin ] --START--
INFO: Run Behavior\ReadHtmlCacheBehavior [ RunTime:0.001610s ]
INFO: Run Common\Behavior\AppBeginBehavior [ RunTime:0.001644s ]
INFO: Run Wap\Behavior\WapBehavior [ RunTime:0.002066s ]
INFO: [ app_begin ] --END-- [ RunTime:0.005540s ]
SQL: SHOW COLUMNS FROM `zf_content_student` [ RunTime:0.0086s ]
SQL: SELECT `catid`,`id`,`dayviews`,`monthviews`,`views`,`weekviews`,`yesterdayviews`,`viewsupdatetime` FROM `zf_content_student` WHERE `id` = 18 LIMIT 1   [ RunTime:0.0005s ]
SQL: UPDATE `zf_content_student` SET `views`='53',`yesterdayviews`='0',`dayviews`='39',`weekviews`='39',`monthviews`='39',`viewsupdatetime`='1514882143' WHERE `id` = 18 [ RunTime:0.0005s ]
INFO: [ app_end ] --START--
INFO: Run Behavior\ShowPageTraceBehavior [ RunTime:0.000676s ]
INFO: [ app_end ] --END-- [ RunTime:0.000713s ]

[ 2018-01-02T16:35:43+08:00 ] 127.0.0.1 /api.php?m=Hits&catid=3&id=18
INFO: [ app_begin ] --START--
INFO: Run Behavior\ReadHtmlCacheBehavior [ RunTime:0.000715s ]
INFO: Run Common\Behavior\AppBeginBehavior [ RunTime:0.000782s ]
INFO: Run Wap\Behavior\WapBehavior [ RunTime:0.000721s ]
INFO: [ app_begin ] --END-- [ RunTime:0.002310s ]
SQL: SHOW COLUMNS FROM `zf_content_student` [ RunTime:0.0043s ]
SQL: SELECT `catid`,`id`,`dayviews`,`monthviews`,`views`,`weekviews`,`yesterdayviews`,`viewsupdatetime` FROM `zf_content_student` WHERE `id` = 18 LIMIT 1   [ RunTime:0.0004s ]
SQL: UPDATE `zf_content_student` SET `views`='54',`yesterdayviews`='0',`dayviews`='40',`weekviews`='40',`monthviews`='40',`viewsupdatetime`='1514882143' WHERE `id` = 18 [ RunTime:0.0003s ]
INFO: [ app_end ] --START--
INFO: Run Behavior\ShowPageTraceBehavior [ RunTime:0.000649s ]
INFO: [ app_end ] --END-- [ RunTime:0.000697s ]

[ 2018-01-02T16:35:53+08:00 ] 127.0.0.1 /api.php?m=Hits&catid=2&id=4
INFO: [ app_begin ] --START--
INFO: Run Behavior\ReadHtmlCacheBehavior [ RunTime:0.001054s ]
INFO: Run Common\Behavior\AppBeginBehavior [ RunTime:0.001163s ]
INFO: Run Wap\Behavior\WapBehavior [ RunTime:0.000603s ]
INFO: [ app_begin ] --END-- [ RunTime:0.003001s ]
SQL: SHOW COLUMNS FROM `zf_content` [ RunTime:0.0057s ]
SQL: SELECT `catid`,`id`,`dayviews`,`monthviews`,`views`,`weekviews`,`yesterdayviews`,`viewsupdatetime` FROM `zf_content` WHERE `id` = 4 LIMIT 1   [ RunTime:0.0003s ]
SQL: UPDATE `zf_content` SET `views`='1',`yesterdayviews`='0',`dayviews`='1',`weekviews`='1',`monthviews`='1',`viewsupdatetime`='1514882153' WHERE `id` = 4 [ RunTime:0.0004s ]
INFO: [ app_end ] --START--
INFO: Run Behavior\ShowPageTraceBehavior [ RunTime:0.000612s ]
INFO: [ app_end ] --END-- [ RunTime:0.000648s ]

[ 2018-01-02T16:36:15+08:00 ] 127.0.0.1 /api.php?m=Hits&catid=2&id=4
INFO: [ app_begin ] --START--
INFO: Run Behavior\ReadHtmlCacheBehavior [ RunTime:0.000463s ]
INFO: Run Common\Behavior\AppBeginBehavior [ RunTime:0.000538s ]
INFO: Run Wap\Behavior\WapBehavior [ RunTime:0.000547s ]
INFO: [ app_begin ] --END-- [ RunTime:0.001618s ]
SQL: SHOW COLUMNS FROM `zf_content` [ RunTime:0.0040s ]
SQL: SELECT `catid`,`id`,`dayviews`,`monthviews`,`views`,`weekviews`,`yesterdayviews`,`viewsupdatetime` FROM `zf_content` WHERE `id` = 4 LIMIT 1   [ RunTime:0.0003s ]
SQL: UPDATE `zf_content` SET `views`='2',`yesterdayviews`='0',`dayviews`='2',`weekviews`='2',`monthviews`='2',`viewsupdatetime`='1514882175' WHERE `id` = 4 [ RunTime:0.0003s ]
INFO: [ app_end ] --START--
INFO: Run Behavior\ShowPageTraceBehavior [ RunTime:0.000597s ]
INFO: [ app_end ] --END-- [ RunTime:0.000631s ]

[ 2018-01-02T16:36:17+08:00 ] 127.0.0.1 /api.php?m=Hits&catid=2&id=4
INFO: [ app_begin ] --START--
INFO: Run Behavior\ReadHtmlCacheBehavior [ RunTime:0.000625s ]
INFO: Run Common\Behavior\AppBeginBehavior [ RunTime:0.000631s ]
INFO: Run Wap\Behavior\WapBehavior [ RunTime:0.000584s ]
INFO: [ app_begin ] --END-- [ RunTime:0.001927s ]
SQL: SHOW COLUMNS FROM `zf_content` [ RunTime:0.0056s ]
SQL: SELECT `catid`,`id`,`dayviews`,`monthviews`,`views`,`weekviews`,`yesterdayviews`,`viewsupdatetime` FROM `zf_content` WHERE `id` = 4 LIMIT 1   [ RunTime:0.0004s ]
SQL: UPDATE `zf_content` SET `views`='3',`yesterdayviews`='0',`dayviews`='3',`weekviews`='3',`monthviews`='3',`viewsupdatetime`='1514882177' WHERE `id` = 4 [ RunTime:0.0004s ]
INFO: [ app_end ] --START--
INFO: Run Behavior\ShowPageTraceBehavior [ RunTime:0.000603s ]
INFO: [ app_end ] --END-- [ RunTime:0.000638s ]

[ 2018-01-02T16:36:22+08:00 ] 127.0.0.1 /api.php?m=Hits&catid=2&id=4
INFO: [ app_begin ] --START--
INFO: Run Behavior\ReadHtmlCacheBehavior [ RunTime:0.000586s ]
INFO: Run Common\Behavior\AppBeginBehavior [ RunTime:0.000570s ]
INFO: Run Wap\Behavior\WapBehavior [ RunTime:0.000546s ]
INFO: [ app_begin ] --END-- [ RunTime:0.001779s ]
SQL: SHOW COLUMNS FROM `zf_content` [ RunTime:0.0049s ]
SQL: SELECT `catid`,`id`,`dayviews`,`monthviews`,`views`,`weekviews`,`yesterdayviews`,`viewsupdatetime` FROM `zf_content` WHERE `id` = 4 LIMIT 1   [ RunTime:0.0003s ]
SQL: UPDATE `zf_content` SET `views`='4',`yesterdayviews`='0',`dayviews`='4',`weekviews`='4',`monthviews`='4',`viewsupdatetime`='1514882182' WHERE `id` = 4 [ RunTime:0.0003s ]
INFO: [ app_end ] --START--
INFO: Run Behavior\ShowPageTraceBehavior [ RunTime:0.000631s ]
INFO: [ app_end ] --END-- [ RunTime:0.000664s ]

[ 2018-01-02T16:36:23+08:00 ] 127.0.0.1 /api.php?m=Hits&catid=2&id=4
INFO: [ app_begin ] --START--
INFO: Run Behavior\ReadHtmlCacheBehavior [ RunTime:0.000543s ]
INFO: Run Common\Behavior\AppBeginBehavior [ RunTime:0.000556s ]
INFO: Run Wap\Behavior\WapBehavior [ RunTime:0.000524s ]
INFO: [ app_begin ] --END-- [ RunTime:0.001698s ]
SQL: SHOW COLUMNS FROM `zf_content` [ RunTime:0.0036s ]
SQL: SELECT `catid`,`id`,`dayviews`,`monthviews`,`views`,`weekviews`,`yesterdayviews`,`viewsupdatetime` FROM `zf_content` WHERE `id` = 4 LIMIT 1   [ RunTime:0.0005s ]
SQL: UPDATE `zf_content` SET `views`='5',`yesterdayviews`='0',`dayviews`='5',`weekviews`='5',`monthviews`='5',`viewsupdatetime`='1514882183' WHERE `id` = 4 [ RunTime:0.0003s ]
INFO: [ app_end ] --START--
INFO: Run Behavior\ShowPageTraceBehavior [ RunTime:0.000618s ]
INFO: [ app_end ] --END-- [ RunTime:0.000650s ]

[ 2018-01-02T16:36:40+08:00 ] 127.0.0.1 /api.php?m=Hits&catid=2&id=4
INFO: [ app_begin ] --START--
INFO: Run Behavior\ReadHtmlCacheBehavior [ RunTime:0.000587s ]
INFO: Run Common\Behavior\AppBeginBehavior [ RunTime:0.000638s ]
INFO: Run Wap\Behavior\WapBehavior [ RunTime:0.000659s ]
INFO: [ app_begin ] --END-- [ RunTime:0.001980s ]
SQL: SHOW COLUMNS FROM `zf_content` [ RunTime:0.0053s ]
SQL: SELECT `catid`,`id`,`dayviews`,`monthviews`,`views`,`weekviews`,`yesterdayviews`,`viewsupdatetime` FROM `zf_content` WHERE `id` = 4 LIMIT 1   [ RunTime:0.0006s ]
SQL: UPDATE `zf_content` SET `views`='6',`yesterdayviews`='0',`dayviews`='6',`weekviews`='6',`monthviews`='6',`viewsupdatetime`='1514882200' WHERE `id` = 4 [ RunTime:0.0005s ]
INFO: [ app_end ] --START--
INFO: Run Behavior\ShowPageTraceBehavior [ RunTime:0.001243s ]
INFO: [ app_end ] --END-- [ RunTime:0.001374s ]

[ 2018-01-02T16:36:48+08:00 ] 127.0.0.1 /api.php?m=Hits&catid=2&id=4
INFO: [ app_begin ] --START--
INFO: Run Behavior\ReadHtmlCacheBehavior [ RunTime:0.000643s ]
INFO: Run Common\Behavior\AppBeginBehavior [ RunTime:0.000728s ]
INFO: Run Wap\Behavior\WapBehavior [ RunTime:0.000666s ]
INFO: [ app_begin ] --END-- [ RunTime:0.002143s ]
SQL: SHOW COLUMNS FROM `zf_content` [ RunTime:0.0040s ]
SQL: SELECT `catid`,`id`,`dayviews`,`monthviews`,`views`,`weekviews`,`yesterdayviews`,`viewsupdatetime` FROM `zf_content` WHERE `id` = 4 LIMIT 1   [ RunTime:0.0004s ]
SQL: UPDATE `zf_content` SET `views`='7',`yesterdayviews`='0',`dayviews`='7',`weekviews`='7',`monthviews`='7',`viewsupdatetime`='1514882208' WHERE `id` = 4 [ RunTime:0.0005s ]
INFO: [ app_end ] --START--
INFO: Run Behavior\ShowPageTraceBehavior [ RunTime:0.001330s ]
INFO: [ app_end ] --END-- [ RunTime:0.001422s ]

