[ 2017-10-09T17:10:00+08:00 ] 118.190.138.146 183.60.52.64 GET /
[ log ] tez.lyzfrj.com/ [运行时间：0.014258s][吞吐率：70.14req/s] [内存消耗：1,662.29kb] [文件加载：32]
[ info ] [ LANG ] /www/wwwroot/tez.lyzfrj.com/thinkphp/lang/zh-cn.php
[ info ] [ ROUTE ] array (
  'type' => 'module',
  'module' => 
  array (
    0 => '',
    1 => NULL,
    2 => NULL,
  ),
)
[ info ] [ HEADER ] array (
  'accept' => '*/*',
  'accept-language' => 'zh-cn',
  'user-agent' => 'Mozilla/5.0 (compatible; MSIE 9.0; Windows NT 6.1; Trident/5.0)',
  'host' => 'tez.lyzfrj.com',
  'connection' => 'Keep-Alive',
  'content-type' => '',
  'content-length' => '',
)
[ info ] [ PARAM ] array (
)
[ info ] [ SESSION ] INIT array (
  'id' => '',
  'var_session_id' => '',
  'prefix' => 'think',
  'type' => '',
  'auto_start' => true,
)
[ info ] [ LOG ] INIT File

---------------------------------------------------------------
[ 2017-10-09T17:10:00+08:00 ] 118.190.138.146 183.60.52.64 GET /index.php
[ log ] tez.lyzfrj.com/index.php [运行时间：0.014856s][吞吐率：67.31req/s] [内存消耗：1,741.13kb] [文件加载：33]
[ info ] [ LANG ] /www/wwwroot/tez.lyzfrj.com/thinkphp/lang/zh-cn.php
[ info ] [ ROUTE ] array (
  'type' => 'module',
  'module' => 
  array (
    0 => '',
    1 => NULL,
    2 => NULL,
  ),
)
[ info ] [ HEADER ] array (
  'accept' => '*/*',
  'referer' => 'http://tez.lyzfrj.com/',
  'accept-language' => 'zh-cn',
  'user-agent' => 'Mozilla/5.0 (compatible; MSIE 9.0; Windows NT 6.1; Trident/5.0)',
  'host' => 'tez.lyzfrj.com',
  'connection' => 'Keep-Alive',
  'content-type' => '',
  'content-length' => '',
)
[ info ] [ PARAM ] array (
)
[ info ] [ SESSION ] INIT array (
  'id' => '',
  'var_session_id' => '',
  'prefix' => 'think',
  'type' => '',
  'auto_start' => true,
)
[ info ] [ LOG ] INIT File

---------------------------------------------------------------
[ 2017-10-09T17:10:00+08:00 ] 118.190.138.146 183.60.52.64 GET /index.php/admin/login/login.html
[ log ] tez.lyzfrj.com/index.php/admin/login/login.html [运行时间：0.015545s][吞吐率：64.33req/s] [内存消耗：1,712.76kb] [文件加载：34]
[ info ] [ LANG ] /www/wwwroot/tez.lyzfrj.com/thinkphp/lang/zh-cn.php
[ info ] [ ROUTE ] array (
  'type' => 'module',
  'module' => 
  array (
    0 => 'admin',
    1 => 'login',
    2 => 'login',
  ),
)
[ info ] [ HEADER ] array (
  'accept' => '*/*',
  'referer' => 'http://tez.lyzfrj.com/index.php',
  'accept-language' => 'zh-cn',
  'user-agent' => 'Mozilla/5.0 (compatible; MSIE 9.0; Windows NT 6.1; Trident/5.0)',
  'host' => 'tez.lyzfrj.com',
  'connection' => 'Keep-Alive',
  'content-type' => '',
  'content-length' => '',
)
[ info ] [ PARAM ] array (
)
[ info ] [ RUN ] app\admin\controller\Login->login[ /www/wwwroot/tez.lyzfrj.com/application/admin/controller/Login.php ]
[ info ] [ VIEW ] /www/wwwroot/tez.lyzfrj.com/application/admin/view/login/login.html [ array (
  0 => 'headArr',
) ]
[ info ] [ LOG ] INIT File

---------------------------------------------------------------
[ 2017-10-09T17:10:01+08:00 ] 118.190.138.146 119.147.207.144 GET /
[ log ] tez.lyzfrj.com/ [运行时间：0.021029s][吞吐率：47.55req/s] [内存消耗：1,662.60kb] [文件加载：32]
[ info ] [ LANG ] /www/wwwroot/tez.lyzfrj.com/thinkphp/lang/zh-cn.php
[ info ] [ ROUTE ] array (
  'type' => 'module',
  'module' => 
  array (
    0 => '',
    1 => NULL,
    2 => NULL,
  ),
)
[ info ] [ HEADER ] array (
  'host' => 'tez.lyzfrj.com',
  'accept-encoding' => 'deflate, gzip',
  'accept' => '*/*',
  'accept-language' => 'zh-cn',
  'user-agent' => 'Mozilla/5.0 (iPhone; CPU iPhone OS 9_3_4 like Mac OS X) AppleWebKit/601.1.46 (KHTML, like Gecko) Mobile/13G35 QQ/6.5.3.410 V1_IPH_SQ_6.5.3_1_APP_A Pixel/750 Core/UIWebView NetType/2G Mem/117',
  'connection' => 'Close',
  'content-type' => '',
  'content-length' => '',
)
[ info ] [ PARAM ] array (
)
[ info ] [ SESSION ] INIT array (
  'id' => '',
  'var_session_id' => '',
  'prefix' => 'think',
  'type' => '',
  'auto_start' => true,
)
[ info ] [ LOG ] INIT File

---------------------------------------------------------------
[ 2017-10-09T17:10:01+08:00 ] 118.190.138.146 140.207.185.109 GET /
[ log ] tez.lyzfrj.com/ [运行时间：0.022010s][吞吐率：45.43req/s] [内存消耗：1,662.72kb] [文件加载：32]
[ info ] [ LANG ] /www/wwwroot/tez.lyzfrj.com/thinkphp/lang/zh-cn.php
[ info ] [ ROUTE ] array (
  'type' => 'module',
  'module' => 
  array (
    0 => '',
    1 => NULL,
    2 => NULL,
  ),
)
[ info ] [ HEADER ] array (
  'accept' => 'text/html,application/xhtml+xml,application/xml;q=0.9,*/*;q=0.8',
  'referer' => '',
  'user-agent' => 'Mozilla/5.0 (iPhone; CPU iPhone OS 8_4 like Mac OS X) AppleWebKit/600.1.4 (KHTML, like Gecko) Version/8.0 Mobile/12H143 Safari/600.1.4',
  'accept-encoding' => 'gzip, deflate',
  'accept-language' => 'en,*',
  'host' => 'tez.lyzfrj.com',
  'connection' => 'keep-alive',
  'content-type' => '',
  'content-length' => '',
)
[ info ] [ PARAM ] array (
)
[ info ] [ SESSION ] INIT array (
  'id' => '',
  'var_session_id' => '',
  'prefix' => 'think',
  'type' => '',
  'auto_start' => true,
)
[ info ] [ LOG ] INIT File

---------------------------------------------------------------
[ 2017-10-09T17:10:01+08:00 ] 118.190.138.146 140.207.185.109 GET /index.php
[ log ] tez.lyzfrj.com/index.php [运行时间：0.023498s][吞吐率：42.56req/s] [内存消耗：1,741.64kb] [文件加载：33]
[ info ] [ LANG ] /www/wwwroot/tez.lyzfrj.com/thinkphp/lang/zh-cn.php
[ info ] [ ROUTE ] array (
  'type' => 'module',
  'module' => 
  array (
    0 => '',
    1 => NULL,
    2 => NULL,
  ),
)
[ info ] [ HEADER ] array (
  'accept' => 'text/html,application/xhtml+xml,application/xml;q=0.9,*/*;q=0.8',
  'referer' => 'http://tez.lyzfrj.com/',
  'user-agent' => 'Mozilla/5.0 (iPhone; CPU iPhone OS 8_4 like Mac OS X) AppleWebKit/600.1.4 (KHTML, like Gecko) Version/8.0 Mobile/12H143 Safari/600.1.4',
  'cookie' => 'PHPSESSID=jbf6r1ak7u1dp99l3q222ju5l6',
  'accept-encoding' => 'gzip, deflate',
  'accept-language' => 'en,*',
  'host' => 'tez.lyzfrj.com',
  'connection' => 'keep-alive',
  'content-type' => '',
  'content-length' => '',
)
[ info ] [ PARAM ] array (
)
[ info ] [ SESSION ] INIT array (
  'id' => '',
  'var_session_id' => '',
  'prefix' => 'think',
  'type' => '',
  'auto_start' => true,
)
[ info ] [ LOG ] INIT File

---------------------------------------------------------------
[ 2017-10-09T17:10:01+08:00 ] 118.190.138.146 140.207.185.109 GET /index.php/admin/login/login.html
[ log ] tez.lyzfrj.com/index.php/admin/login/login.html [运行时间：0.015318s][吞吐率：65.28req/s] [内存消耗：1,713.20kb] [文件加载：34]
[ info ] [ LANG ] /www/wwwroot/tez.lyzfrj.com/thinkphp/lang/zh-cn.php
[ info ] [ ROUTE ] array (
  'type' => 'module',
  'module' => 
  array (
    0 => 'admin',
    1 => 'login',
    2 => 'login',
  ),
)
[ info ] [ HEADER ] array (
  'accept' => 'text/html,application/xhtml+xml,application/xml;q=0.9,*/*;q=0.8',
  'referer' => 'http://tez.lyzfrj.com/index.php',
  'user-agent' => 'Mozilla/5.0 (iPhone; CPU iPhone OS 8_4 like Mac OS X) AppleWebKit/600.1.4 (KHTML, like Gecko) Version/8.0 Mobile/12H143 Safari/600.1.4',
  'cookie' => 'PHPSESSID=jbf6r1ak7u1dp99l3q222ju5l6',
  'accept-encoding' => 'gzip, deflate',
  'accept-language' => 'en,*',
  'host' => 'tez.lyzfrj.com',
  'connection' => 'keep-alive',
  'content-type' => '',
  'content-length' => '',
)
[ info ] [ PARAM ] array (
)
[ info ] [ RUN ] app\admin\controller\Login->login[ /www/wwwroot/tez.lyzfrj.com/application/admin/controller/Login.php ]
[ info ] [ VIEW ] /www/wwwroot/tez.lyzfrj.com/application/admin/view/login/login.html [ array (
  0 => 'headArr',
) ]
[ info ] [ LOG ] INIT File

---------------------------------------------------------------
[ 2017-10-09T17:10:04+08:00 ] 118.190.138.146 140.207.185.109 GET /index.php/admin/common/verify.html
[ log ] tez.lyzfrj.com/index.php/admin/common/verify.html [运行时间：0.013414s][吞吐率：74.55req/s] [内存消耗：1,460.60kb] [文件加载：28]
[ info ] [ LANG ] /www/wwwroot/tez.lyzfrj.com/thinkphp/lang/zh-cn.php
[ info ] [ ROUTE ] array (
  'type' => 'module',
  'module' => 
  array (
    0 => 'admin',
    1 => 'common',
    2 => 'verify',
  ),
)
[ info ] [ HEADER ] array (
  'referer' => 'http://tez.lyzfrj.com/index.php/admin/login/login.html',
  'user-agent' => 'Mozilla/5.0 (iPhone; CPU iPhone OS 8_4 like Mac OS X) AppleWebKit/600.1.4 (KHTML, like Gecko) Version/8.0 Mobile/12H143 Safari/600.1.4',
  'accept' => '*/*',
  'cookie' => 'PHPSESSID=jbf6r1ak7u1dp99l3q222ju5l6',
  'accept-encoding' => 'gzip, deflate',
  'accept-language' => 'en,*',
  'host' => 'tez.lyzfrj.com',
  'connection' => 'keep-alive',
  'content-type' => '',
  'content-length' => '',
)
[ info ] [ PARAM ] array (
)
[ info ] [ RUN ] app\admin\controller\Common->verify[ /www/wwwroot/tez.lyzfrj.com/application/admin/controller/Common.php ]
[ info ] [ SESSION ] INIT array (
  'id' => '',
  'var_session_id' => '',
  'prefix' => 'think',
  'type' => '',
  'auto_start' => true,
)
[ info ] [ LOG ] INIT File

---------------------------------------------------------------
[ 2017-10-09T17:10:07+08:00 ] 118.190.138.146 39.84.135.187 GET /
[ log ] tez.lyzfrj.com/ [运行时间：0.014051s][吞吐率：71.17req/s] [内存消耗：1,662.75kb] [文件加载：32]
[ info ] [ LANG ] /www/wwwroot/tez.lyzfrj.com/thinkphp/lang/zh-cn.php
[ info ] [ ROUTE ] array (
  'type' => 'module',
  'module' => 
  array (
    0 => '',
    1 => NULL,
    2 => NULL,
  ),
)
[ info ] [ HEADER ] array (
  'host' => 'tez.lyzfrj.com',
  'connection' => 'keep-alive',
  'upgrade-insecure-requests' => '1',
  'user-agent' => 'Mozilla/5.0 (Windows NT 10.0; WOW64) AppleWebKit/537.36 (KHTML, like Gecko) Chrome/55.0.2883.87 Safari/537.36',
  'accept' => 'text/html,application/xhtml+xml,application/xml;q=0.9,image/webp,*/*;q=0.8',
  'accept-encoding' => 'gzip, deflate, sdch',
  'accept-language' => 'zh-CN,zh;q=0.8',
  'content-type' => '',
  'content-length' => '',
)
[ info ] [ PARAM ] array (
)
[ info ] [ SESSION ] INIT array (
  'id' => '',
  'var_session_id' => '',
  'prefix' => 'think',
  'type' => '',
  'auto_start' => true,
)
[ info ] [ LOG ] INIT File

---------------------------------------------------------------
[ 2017-10-09T17:10:07+08:00 ] 118.190.138.146 39.84.135.187 GET /index.php
[ log ] tez.lyzfrj.com/index.php [运行时间：0.014674s][吞吐率：68.15req/s] [内存消耗：1,741.56kb] [文件加载：33]
[ info ] [ LANG ] /www/wwwroot/tez.lyzfrj.com/thinkphp/lang/zh-cn.php
[ info ] [ ROUTE ] array (
  'type' => 'module',
  'module' => 
  array (
    0 => '',
    1 => NULL,
    2 => NULL,
  ),
)
[ info ] [ HEADER ] array (
  'host' => 'tez.lyzfrj.com',
  'connection' => 'keep-alive',
  'upgrade-insecure-requests' => '1',
  'user-agent' => 'Mozilla/5.0 (Windows NT 10.0; WOW64) AppleWebKit/537.36 (KHTML, like Gecko) Chrome/55.0.2883.87 Safari/537.36',
  'accept' => 'text/html,application/xhtml+xml,application/xml;q=0.9,image/webp,*/*;q=0.8',
  'referer' => 'http://tez.lyzfrj.com/',
  'accept-encoding' => 'gzip, deflate, sdch',
  'accept-language' => 'zh-CN,zh;q=0.8',
  'cookie' => 'PHPSESSID=1m9jt160md8trnp4kubr56rnq6',
  'content-type' => '',
  'content-length' => '',
)
[ info ] [ PARAM ] array (
)
[ info ] [ SESSION ] INIT array (
  'id' => '',
  'var_session_id' => '',
  'prefix' => 'think',
  'type' => '',
  'auto_start' => true,
)
[ info ] [ LOG ] INIT File

---------------------------------------------------------------
[ 2017-10-09T17:10:07+08:00 ] 118.190.138.146 39.84.135.187 GET /
[ log ] tez.lyzfrj.com/ [运行时间：0.013985s][吞吐率：71.51req/s] [内存消耗：1,663.43kb] [文件加载：32]
[ info ] [ LANG ] /www/wwwroot/tez.lyzfrj.com/thinkphp/lang/zh-cn.php
[ info ] [ ROUTE ] array (
  'type' => 'module',
  'module' => 
  array (
    0 => '',
    1 => NULL,
    2 => NULL,
  ),
)
[ info ] [ HEADER ] array (
  'host' => 'tez.lyzfrj.com',
  'connection' => 'keep-alive',
  'cache-control' => 'max-age=0',
  'upgrade-insecure-requests' => '1',
  'user-agent' => 'Mozilla/5.0 (Windows NT 10.0; WOW64) AppleWebKit/537.36 (KHTML, like Gecko) Chrome/55.0.2883.87 Safari/537.36',
  'accept' => 'text/html,application/xhtml+xml,application/xml;q=0.9,image/webp,*/*;q=0.8',
  'accept-encoding' => 'gzip, deflate, sdch',
  'accept-language' => 'zh-CN,zh;q=0.8',
  'cookie' => 'pgv_pvi=5641858048; _gscu_1062760169=05117170yvz5rt17',
  'if-none-match' => '"58c8c3fa-22a"',
  'if-modified-since' => 'Wed, 15 Mar 2017 04:32:58 GMT',
  'content-type' => '',
  'content-length' => '',
)
[ info ] [ PARAM ] array (
)
[ info ] [ SESSION ] INIT array (
  'id' => '',
  'var_session_id' => '',
  'prefix' => 'think',
  'type' => '',
  'auto_start' => true,
)
[ info ] [ LOG ] INIT File

---------------------------------------------------------------
[ 2017-10-09T17:10:07+08:00 ] 118.190.138.146 39.84.135.187 GET /index.php
[ log ] tez.lyzfrj.com/index.php [运行时间：0.014761s][吞吐率：67.75req/s] [内存消耗：1,741.84kb] [文件加载：33]
[ info ] [ LANG ] /www/wwwroot/tez.lyzfrj.com/thinkphp/lang/zh-cn.php
[ info ] [ ROUTE ] array (
  'type' => 'module',
  'module' => 
  array (
    0 => '',
    1 => NULL,
    2 => NULL,
  ),
)
[ info ] [ HEADER ] array (
  'host' => 'tez.lyzfrj.com',
  'connection' => 'keep-alive',
  'upgrade-insecure-requests' => '1',
  'user-agent' => 'Mozilla/5.0 (Windows NT 10.0; WOW64) AppleWebKit/537.36 (KHTML, like Gecko) Chrome/55.0.2883.87 Safari/537.36',
  'accept' => 'text/html,application/xhtml+xml,application/xml;q=0.9,image/webp,*/*;q=0.8',
  'referer' => 'http://tez.lyzfrj.com/',
  'accept-encoding' => 'gzip, deflate, sdch',
  'accept-language' => 'zh-CN,zh;q=0.8',
  'cookie' => 'pgv_pvi=5641858048; _gscu_1062760169=05117170yvz5rt17; PHPSESSID=9jjs6otqb8five4fq79roj3hf6',
  'content-type' => '',
  'content-length' => '',
)
[ info ] [ PARAM ] array (
)
[ info ] [ SESSION ] INIT array (
  'id' => '',
  'var_session_id' => '',
  'prefix' => 'think',
  'type' => '',
  'auto_start' => true,
)
[ info ] [ LOG ] INIT File

---------------------------------------------------------------
[ 2017-10-09T17:10:08+08:00 ] 118.190.138.146 39.84.135.187 GET /index.php/admin/login/login.html
[ log ] tez.lyzfrj.com/index.php/admin/login/login.html [运行时间：0.015484s][吞吐率：64.58req/s] [内存消耗：1,713.57kb] [文件加载：34]
[ info ] [ LANG ] /www/wwwroot/tez.lyzfrj.com/thinkphp/lang/zh-cn.php
[ info ] [ ROUTE ] array (
  'type' => 'module',
  'module' => 
  array (
    0 => 'admin',
    1 => 'login',
    2 => 'login',
  ),
)
[ info ] [ HEADER ] array (
  'host' => 'tez.lyzfrj.com',
  'connection' => 'keep-alive',
  'upgrade-insecure-requests' => '1',
  'user-agent' => 'Mozilla/5.0 (Windows NT 10.0; WOW64) AppleWebKit/537.36 (KHTML, like Gecko) Chrome/55.0.2883.87 Safari/537.36',
  'accept' => 'text/html,application/xhtml+xml,application/xml;q=0.9,image/webp,*/*;q=0.8',
  'referer' => 'http://tez.lyzfrj.com/index.php',
  'accept-encoding' => 'gzip, deflate, sdch',
  'accept-language' => 'zh-CN,zh;q=0.8',
  'cookie' => 'pgv_pvi=5641858048; _gscu_1062760169=05117170yvz5rt17; PHPSESSID=9jjs6otqb8five4fq79roj3hf6',
  'content-type' => '',
  'content-length' => '',
)
[ info ] [ PARAM ] array (
)
[ info ] [ RUN ] app\admin\controller\Login->login[ /www/wwwroot/tez.lyzfrj.com/application/admin/controller/Login.php ]
[ info ] [ VIEW ] /www/wwwroot/tez.lyzfrj.com/application/admin/view/login/login.html [ array (
  0 => 'headArr',
) ]
[ info ] [ LOG ] INIT File

---------------------------------------------------------------
[ 2017-10-09T17:10:08+08:00 ] 118.190.138.146 39.84.135.187 GET /index.php/admin/login/login.html
[ log ] tez.lyzfrj.com/index.php/admin/login/login.html [运行时间：0.015377s][吞吐率：65.03req/s] [内存消耗：1,712.97kb] [文件加载：34]
[ info ] [ LANG ] /www/wwwroot/tez.lyzfrj.com/thinkphp/lang/zh-cn.php
[ info ] [ ROUTE ] array (
  'type' => 'module',
  'module' => 
  array (
    0 => 'admin',
    1 => 'login',
    2 => 'login',
  ),
)
[ info ] [ HEADER ] array (
  'accept' => 'text/html, application/xhtml+xml, image/jxr, */*',
  'referer' => 'http://tez.lyzfrj.com/index.php',
  'accept-language' => 'zh-CN',
  'user-agent' => 'Mozilla/5.0 (Windows NT 10.0; WOW64; Trident/7.0; rv:11.0) like Gecko',
  'accept-encoding' => 'gzip, deflate',
  'host' => 'tez.lyzfrj.com',
  'connection' => 'Keep-Alive',
  'cookie' => 'PHPSESSID=1m9jt160md8trnp4kubr56rnq6',
  'content-type' => '',
  'content-length' => '',
)
[ info ] [ PARAM ] array (
)
[ info ] [ RUN ] app\admin\controller\Login->login[ /www/wwwroot/tez.lyzfrj.com/application/admin/controller/Login.php ]
[ info ] [ VIEW ] /www/wwwroot/tez.lyzfrj.com/application/admin/view/login/login.html [ array (
  0 => 'headArr',
) ]
[ info ] [ LOG ] INIT File

---------------------------------------------------------------
[ 2017-10-09T17:10:08+08:00 ] 118.190.138.146 39.84.135.187 GET /index.php/admin/common/verify.html
[ log ] tez.lyzfrj.com/index.php/admin/common/verify.html [运行时间：0.013372s][吞吐率：74.78req/s] [内存消耗：1,460.52kb] [文件加载：28]
[ info ] [ LANG ] /www/wwwroot/tez.lyzfrj.com/thinkphp/lang/zh-cn.php
[ info ] [ ROUTE ] array (
  'type' => 'module',
  'module' => 
  array (
    0 => 'admin',
    1 => 'common',
    2 => 'verify',
  ),
)
[ info ] [ HEADER ] array (
  'accept' => 'image/png, image/svg+xml, image/jxr, image/*;q=0.8, */*;q=0.5',
  'referer' => 'http://tez.lyzfrj.com/index.php/admin/login/login.html',
  'accept-language' => 'zh-CN',
  'user-agent' => 'Mozilla/5.0 (Windows NT 10.0; WOW64; Trident/7.0; rv:11.0) like Gecko',
  'accept-encoding' => 'gzip, deflate',
  'host' => 'tez.lyzfrj.com',
  'connection' => 'Keep-Alive',
  'cookie' => 'PHPSESSID=1m9jt160md8trnp4kubr56rnq6',
  'content-type' => '',
  'content-length' => '',
)
[ info ] [ PARAM ] array (
)
[ info ] [ RUN ] app\admin\controller\Common->verify[ /www/wwwroot/tez.lyzfrj.com/application/admin/controller/Common.php ]
[ info ] [ SESSION ] INIT array (
  'id' => '',
  'var_session_id' => '',
  'prefix' => 'think',
  'type' => '',
  'auto_start' => true,
)
[ info ] [ LOG ] INIT File

---------------------------------------------------------------
[ 2017-10-09T17:10:10+08:00 ] 118.190.138.146 39.84.135.187 GET /index.php/admin/login/login.html
[ log ] tez.lyzfrj.com/index.php/admin/login/login.html [运行时间：0.015757s][吞吐率：63.46req/s] [内存消耗：1,713.71kb] [文件加载：34]
[ info ] [ LANG ] /www/wwwroot/tez.lyzfrj.com/thinkphp/lang/zh-cn.php
[ info ] [ ROUTE ] array (
  'type' => 'module',
  'module' => 
  array (
    0 => 'admin',
    1 => 'login',
    2 => 'login',
  ),
)
[ info ] [ HEADER ] array (
  'host' => 'tez.lyzfrj.com',
  'connection' => 'keep-alive',
  'cache-control' => 'max-age=0',
  'upgrade-insecure-requests' => '1',
  'user-agent' => 'Mozilla/5.0 (Windows NT 10.0; WOW64) AppleWebKit/537.36 (KHTML, like Gecko) Chrome/55.0.2883.87 Safari/537.36',
  'accept' => 'text/html,application/xhtml+xml,application/xml;q=0.9,image/webp,*/*;q=0.8',
  'referer' => 'http://tez.lyzfrj.com/index.php',
  'accept-encoding' => 'gzip, deflate, sdch',
  'accept-language' => 'zh-CN,zh;q=0.8',
  'cookie' => 'pgv_pvi=5641858048; _gscu_1062760169=05117170yvz5rt17; PHPSESSID=9jjs6otqb8five4fq79roj3hf6',
  'content-type' => '',
  'content-length' => '',
)
[ info ] [ PARAM ] array (
)
[ info ] [ RUN ] app\admin\controller\Login->login[ /www/wwwroot/tez.lyzfrj.com/application/admin/controller/Login.php ]
[ info ] [ VIEW ] /www/wwwroot/tez.lyzfrj.com/application/admin/view/login/login.html [ array (
  0 => 'headArr',
) ]
[ info ] [ LOG ] INIT File

---------------------------------------------------------------
[ 2017-10-09T17:10:14+08:00 ] 118.190.138.146 39.84.135.187 GET /index.php/admin/common/verify.html
[ log ] tez.lyzfrj.com/index.php/admin/common/verify.html [运行时间：0.013566s][吞吐率：73.71req/s] [内存消耗：1,460.65kb] [文件加载：28]
[ info ] [ LANG ] /www/wwwroot/tez.lyzfrj.com/thinkphp/lang/zh-cn.php
[ info ] [ ROUTE ] array (
  'type' => 'module',
  'module' => 
  array (
    0 => 'admin',
    1 => 'common',
    2 => 'verify',
  ),
)
[ info ] [ HEADER ] array (
  'host' => 'tez.lyzfrj.com',
  'connection' => 'keep-alive',
  'user-agent' => 'Mozilla/5.0 (Windows NT 10.0; WOW64) AppleWebKit/537.36 (KHTML, like Gecko) Chrome/55.0.2883.87 Safari/537.36',
  'accept' => 'image/webp,image/*,*/*;q=0.8',
  'referer' => 'http://tez.lyzfrj.com/index.php/admin/login/login.html',
  'accept-encoding' => 'gzip, deflate, sdch',
  'accept-language' => 'zh-CN,zh;q=0.8',
  'cookie' => 'pgv_pvi=5641858048; _gscu_1062760169=05117170yvz5rt17; PHPSESSID=9jjs6otqb8five4fq79roj3hf6',
  'content-type' => '',
  'content-length' => '',
)
[ info ] [ PARAM ] array (
)
[ info ] [ RUN ] app\admin\controller\Common->verify[ /www/wwwroot/tez.lyzfrj.com/application/admin/controller/Common.php ]
[ info ] [ SESSION ] INIT array (
  'id' => '',
  'var_session_id' => '',
  'prefix' => 'think',
  'type' => '',
  'auto_start' => true,
)
[ info ] [ LOG ] INIT File

---------------------------------------------------------------
[ 2017-10-09T17:10:33+08:00 ] 118.190.138.146 39.84.135.187 POST /index.php/admin/login/do_login.html
[ log ] tez.lyzfrj.com/index.php/admin/login/do_login.html [运行时间：0.042194s][吞吐率：23.70req/s] [内存消耗：2,683.43kb] [文件加载：41]
[ info ] [ LANG ] /www/wwwroot/tez.lyzfrj.com/thinkphp/lang/zh-cn.php
[ info ] [ ROUTE ] array (
  'type' => 'module',
  'module' => 
  array (
    0 => 'admin',
    1 => 'login',
    2 => 'do_login',
  ),
)
[ info ] [ HEADER ] array (
  'host' => 'tez.lyzfrj.com',
  'connection' => 'keep-alive',
  'content-length' => '40',
  'accept' => '*/*',
  'origin' => 'http://tez.lyzfrj.com',
  'x-requested-with' => 'XMLHttpRequest',
  'user-agent' => 'Mozilla/5.0 (Windows NT 10.0; WOW64) AppleWebKit/537.36 (KHTML, like Gecko) Chrome/55.0.2883.87 Safari/537.36',
  'content-type' => 'application/x-www-form-urlencoded; charset=UTF-8',
  'referer' => 'http://tez.lyzfrj.com/index.php/admin/login/login.html',
  'accept-encoding' => 'gzip, deflate',
  'accept-language' => 'zh-CN,zh;q=0.8',
  'cookie' => 'pgv_pvi=5641858048; _gscu_1062760169=05117170yvz5rt17; PHPSESSID=9jjs6otqb8five4fq79roj3hf6',
)
[ info ] [ PARAM ] array (
  'username' => 'admin',
  'password' => '123456',
  'code' => '0578',
)
[ info ] [ RUN ] app\admin\controller\Login->do_login[ /www/wwwroot/tez.lyzfrj.com/application/admin/controller/Login.php ]
[ info ] [ SESSION ] INIT array (
  'id' => '',
  'var_session_id' => '',
  'prefix' => 'think',
  'type' => '',
  'auto_start' => true,
)
[ info ] [ DB ] INIT mysql
[ info ] [ LOG ] INIT File
[ sql ] [ DB ] CONNECT:[ UseTime:0.000391s ] mysql:dbname=tez_lyzfrj_com;host=127.0.0.1;charset=utf8
[ sql ] [ SQL ] SHOW COLUMNS FROM `zifi_admin_user` [ RunTime:0.000701s ]
[ sql ] [ SQL ] SELECT * FROM `zifi_admin_user` WHERE  `username` = 'admin' LIMIT 1 [ RunTime:0.000345s ]
[ sql ] [ SQL ] SELECT * FROM `zifi_admin_user` WHERE  `username` = 'admin'  AND `password` = 'e10adc3949ba59abbe56e057f20f883e' LIMIT 1 [ RunTime:0.000274s ]
[ sql ] [ SQL ] SHOW COLUMNS FROM `zifi_admin_role` [ RunTime:0.000473s ]
[ sql ] [ SQL ] SELECT * FROM `zifi_admin_role` WHERE  (  role_id = 1 ) LIMIT 1 [ RunTime:0.000151s ]
[ sql ] [ SQL ] UPDATE `zifi_admin_user`  SET `last_login_ip`='39.84.135.187',`last_login_time`=1507540233  WHERE  `username` = 'admin'  AND `password` = 'e10adc3949ba59abbe56e057f20f883e' [ RunTime:0.016862s ]

---------------------------------------------------------------
[ 2017-10-09T17:10:33+08:00 ] 118.190.138.146 39.84.135.187 GET /index.php/admin/index/index.html
[ log ] tez.lyzfrj.com/index.php/admin/index/index.html [运行时间：0.029840s][吞吐率：33.51req/s] [内存消耗：3,166.29kb] [文件加载：45]
[ info ] [ LANG ] /www/wwwroot/tez.lyzfrj.com/thinkphp/lang/zh-cn.php
[ info ] [ ROUTE ] array (
  'type' => 'module',
  'module' => 
  array (
    0 => 'admin',
    1 => 'index',
    2 => 'index',
  ),
)
[ info ] [ HEADER ] array (
  'host' => 'tez.lyzfrj.com',
  'connection' => 'keep-alive',
  'upgrade-insecure-requests' => '1',
  'user-agent' => 'Mozilla/5.0 (Windows NT 10.0; WOW64) AppleWebKit/537.36 (KHTML, like Gecko) Chrome/55.0.2883.87 Safari/537.36',
  'accept' => 'text/html,application/xhtml+xml,application/xml;q=0.9,image/webp,*/*;q=0.8',
  'referer' => 'http://tez.lyzfrj.com/index.php/admin/login/login.html',
  'accept-encoding' => 'gzip, deflate, sdch',
  'accept-language' => 'zh-CN,zh;q=0.8',
  'cookie' => 'pgv_pvi=5641858048; _gscu_1062760169=05117170yvz5rt17; PHPSESSID=9jjs6otqb8five4fq79roj3hf6',
  'content-type' => '',
  'content-length' => '',
)
[ info ] [ PARAM ] array (
)
[ info ] [ SESSION ] INIT array (
  'id' => '',
  'var_session_id' => '',
  'prefix' => 'think',
  'type' => '',
  'auto_start' => true,
)
[ info ] [ DB ] INIT mysql
[ info ] [ RUN ] app\admin\controller\Index->index[ /www/wwwroot/tez.lyzfrj.com/application/admin/controller/Index.php ]
[ info ] [ VIEW ] /www/wwwroot/tez.lyzfrj.com/application/admin/view/index/index.html [ array (
  0 => 'controller',
  1 => 'action',
  2 => 'list_menu',
  3 => 'headArr',
) ]
[ info ] [ LOG ] INIT File
[ sql ] [ DB ] CONNECT:[ UseTime:0.000343s ] mysql:dbname=tez_lyzfrj_com;host=127.0.0.1;charset=utf8
[ sql ] [ SQL ] SHOW COLUMNS FROM `zifi_admin_user` [ RunTime:0.000694s ]
[ sql ] [ SQL ] SELECT `role_id` FROM `zifi_admin_user` WHERE  (  admin_id=1 ) LIMIT 1 [ RunTime:0.000272s ]
[ sql ] [ SQL ] SHOW COLUMNS FROM `zifi_admin_role` [ RunTime:0.000496s ]
[ sql ] [ SQL ] SELECT `power` FROM `zifi_admin_role` WHERE  (  role_id=1 ) LIMIT 1 [ RunTime:0.000138s ]
[ sql ] [ SQL ] SHOW COLUMNS FROM `zifi_admin_menu` [ RunTime:0.000483s ]
[ sql ] [ SQL ] SELECT * FROM `zifi_admin_menu` WHERE  (  fid = 0 and shows = 1  ) ORDER BY sort desc [ RunTime:0.000165s ]
[ sql ] [ SQL ] SELECT * FROM `zifi_admin_menu` WHERE  (  fid != 0 and shows = 1 and id in (68,69,71,51,11,12,13,14) ) ORDER BY sort desc [ RunTime:0.000193s ]
[ sql ] [ SQL ] SHOW COLUMNS FROM `zifi_param` [ RunTime:0.000480s ]
[ sql ] [ SQL ] SELECT * FROM `zifi_param` [ RunTime:0.000161s ]

---------------------------------------------------------------
[ 2017-10-09T17:10:33+08:00 ] 118.190.138.146 39.84.135.187 GET /index.php/admin/index/main.html
[ log ] tez.lyzfrj.com/index.php/admin/index/main.html [运行时间：0.029430s][吞吐率：33.98req/s] [内存消耗：3,089.05kb] [文件加载：44]
[ info ] [ LANG ] /www/wwwroot/tez.lyzfrj.com/thinkphp/lang/zh-cn.php
[ info ] [ ROUTE ] array (
  'type' => 'module',
  'module' => 
  array (
    0 => 'admin',
    1 => 'index',
    2 => 'main',
  ),
)
[ info ] [ HEADER ] array (
  'host' => 'tez.lyzfrj.com',
  'connection' => 'keep-alive',
  'upgrade-insecure-requests' => '1',
  'user-agent' => 'Mozilla/5.0 (Windows NT 10.0; WOW64) AppleWebKit/537.36 (KHTML, like Gecko) Chrome/55.0.2883.87 Safari/537.36',
  'accept' => 'text/html,application/xhtml+xml,application/xml;q=0.9,image/webp,*/*;q=0.8',
  'referer' => 'http://tez.lyzfrj.com/index.php/admin/index/index.html',
  'accept-encoding' => 'gzip, deflate, sdch',
  'accept-language' => 'zh-CN,zh;q=0.8',
  'cookie' => 'pgv_pvi=5641858048; _gscu_1062760169=05117170yvz5rt17; PHPSESSID=9jjs6otqb8five4fq79roj3hf6',
  'content-type' => '',
  'content-length' => '',
)
[ info ] [ PARAM ] array (
)
[ info ] [ SESSION ] INIT array (
  'id' => '',
  'var_session_id' => '',
  'prefix' => 'think',
  'type' => '',
  'auto_start' => true,
)
[ info ] [ DB ] INIT mysql
[ info ] [ RUN ] app\admin\controller\Index->main[ /www/wwwroot/tez.lyzfrj.com/application/admin/controller/Index.php ]
[ info ] [ VIEW ] /www/wwwroot/tez.lyzfrj.com/application/admin/view/index/main.html [ array (
  0 => 'controller',
  1 => 'action',
  2 => 'list_menu',
  3 => 'headArr',
  4 => 'domain',
) ]
[ info ] [ LOG ] INIT File
[ sql ] [ DB ] CONNECT:[ UseTime:0.000407s ] mysql:dbname=tez_lyzfrj_com;host=127.0.0.1;charset=utf8
[ sql ] [ SQL ] SHOW COLUMNS FROM `zifi_admin_user` [ RunTime:0.000737s ]
[ sql ] [ SQL ] SELECT `role_id` FROM `zifi_admin_user` WHERE  (  admin_id=1 ) LIMIT 1 [ RunTime:0.000253s ]
[ sql ] [ SQL ] SHOW COLUMNS FROM `zifi_admin_role` [ RunTime:0.000497s ]
[ sql ] [ SQL ] SELECT `power` FROM `zifi_admin_role` WHERE  (  role_id=1 ) LIMIT 1 [ RunTime:0.000180s ]
[ sql ] [ SQL ] SHOW COLUMNS FROM `zifi_admin_menu` [ RunTime:0.000484s ]
[ sql ] [ SQL ] SELECT * FROM `zifi_admin_menu` WHERE  (  fid = 0 and shows = 1  ) ORDER BY sort desc [ RunTime:0.000188s ]
[ sql ] [ SQL ] SELECT * FROM `zifi_admin_menu` WHERE  (  fid != 0 and shows = 1 and id in (68,69,71,51,11,12,13,14) ) ORDER BY sort desc [ RunTime:0.000200s ]
[ sql ] [ SQL ] SHOW COLUMNS FROM `zifi_param` [ RunTime:0.000524s ]
[ sql ] [ SQL ] SELECT * FROM `zifi_param` [ RunTime:0.000159s ]

---------------------------------------------------------------
[ 2017-10-09T17:12:00+08:00 ] 118.190.138.146 39.84.135.187 GET /index.php/admin/vote/user_add.html
[ log ] tez.lyzfrj.com/index.php/admin/vote/user_add.html [运行时间：0.031609s][吞吐率：31.64req/s] [内存消耗：3,274.91kb] [文件加载：45]
[ info ] [ LANG ] /www/wwwroot/tez.lyzfrj.com/thinkphp/lang/zh-cn.php
[ info ] [ ROUTE ] array (
  'type' => 'module',
  'module' => 
  array (
    0 => 'admin',
    1 => 'vote',
    2 => 'user_add',
  ),
)
[ info ] [ HEADER ] array (
  'host' => 'tez.lyzfrj.com',
  'connection' => 'keep-alive',
  'upgrade-insecure-requests' => '1',
  'user-agent' => 'Mozilla/5.0 (Windows NT 10.0; WOW64) AppleWebKit/537.36 (KHTML, like Gecko) Chrome/55.0.2883.87 Safari/537.36',
  'accept' => 'text/html,application/xhtml+xml,application/xml;q=0.9,image/webp,*/*;q=0.8',
  'referer' => 'http://tez.lyzfrj.com/index.php/admin/index/index.html',
  'accept-encoding' => 'gzip, deflate, sdch',
  'accept-language' => 'zh-CN,zh;q=0.8',
  'cookie' => 'pgv_pvi=5641858048; _gscu_1062760169=05117170yvz5rt17; PHPSESSID=9jjs6otqb8five4fq79roj3hf6',
  'content-type' => '',
  'content-length' => '',
)
[ info ] [ PARAM ] array (
)
[ info ] [ SESSION ] INIT array (
  'id' => '',
  'var_session_id' => '',
  'prefix' => 'think',
  'type' => '',
  'auto_start' => true,
)
[ info ] [ DB ] INIT mysql
[ info ] [ RUN ] app\admin\controller\Vote->user_add[ /www/wwwroot/tez.lyzfrj.com/application/admin/controller/Vote.php ]
[ info ] [ VIEW ] /www/wwwroot/tez.lyzfrj.com/application/admin/view/vote/user_add.html [ array (
  0 => 'controller',
  1 => 'action',
  2 => 'list_menu',
  3 => 'headArr',
) ]
[ info ] [ LOG ] INIT File
[ sql ] [ DB ] CONNECT:[ UseTime:0.000413s ] mysql:dbname=tez_lyzfrj_com;host=127.0.0.1;charset=utf8
[ sql ] [ SQL ] SHOW COLUMNS FROM `zifi_admin_user` [ RunTime:0.000739s ]
[ sql ] [ SQL ] SELECT `role_id` FROM `zifi_admin_user` WHERE  (  admin_id=1 ) LIMIT 1 [ RunTime:0.000230s ]
[ sql ] [ SQL ] SHOW COLUMNS FROM `zifi_admin_role` [ RunTime:0.000484s ]
[ sql ] [ SQL ] SELECT `power` FROM `zifi_admin_role` WHERE  (  role_id=1 ) LIMIT 1 [ RunTime:0.000194s ]
[ sql ] [ SQL ] SHOW COLUMNS FROM `zifi_admin_menu` [ RunTime:0.000503s ]
[ sql ] [ SQL ] SELECT * FROM `zifi_admin_menu` WHERE  (  fid = 0 and shows = 1  ) ORDER BY sort desc [ RunTime:0.000197s ]
[ sql ] [ SQL ] SELECT * FROM `zifi_admin_menu` WHERE  (  fid != 0 and shows = 1 and id in (68,69,71,51,11,12,13,14) ) ORDER BY sort desc [ RunTime:0.000184s ]
[ sql ] [ SQL ] SHOW COLUMNS FROM `zifi_param` [ RunTime:0.000494s ]
[ sql ] [ SQL ] SELECT * FROM `zifi_param` [ RunTime:0.000172s ]

---------------------------------------------------------------
[ 2017-10-09T17:12:00+08:00 ] 118.190.138.146 39.84.135.187 GET /index.php/admin/vote/user_add.html
[ log ] tez.lyzfrj.com/index.php/admin/vote/user_add.html [运行时间：0.030646s][吞吐率：32.63req/s] [内存消耗：3,274.91kb] [文件加载：45]
[ info ] [ LANG ] /www/wwwroot/tez.lyzfrj.com/thinkphp/lang/zh-cn.php
[ info ] [ ROUTE ] array (
  'type' => 'module',
  'module' => 
  array (
    0 => 'admin',
    1 => 'vote',
    2 => 'user_add',
  ),
)
[ info ] [ HEADER ] array (
  'host' => 'tez.lyzfrj.com',
  'connection' => 'keep-alive',
  'upgrade-insecure-requests' => '1',
  'user-agent' => 'Mozilla/5.0 (Windows NT 10.0; WOW64) AppleWebKit/537.36 (KHTML, like Gecko) Chrome/55.0.2883.87 Safari/537.36',
  'accept' => 'text/html,application/xhtml+xml,application/xml;q=0.9,image/webp,*/*;q=0.8',
  'referer' => 'http://tez.lyzfrj.com/index.php/admin/index/index.html',
  'accept-encoding' => 'gzip, deflate, sdch',
  'accept-language' => 'zh-CN,zh;q=0.8',
  'cookie' => 'pgv_pvi=5641858048; _gscu_1062760169=05117170yvz5rt17; PHPSESSID=9jjs6otqb8five4fq79roj3hf6',
  'content-type' => '',
  'content-length' => '',
)
[ info ] [ PARAM ] array (
)
[ info ] [ SESSION ] INIT array (
  'id' => '',
  'var_session_id' => '',
  'prefix' => 'think',
  'type' => '',
  'auto_start' => true,
)
[ info ] [ DB ] INIT mysql
[ info ] [ RUN ] app\admin\controller\Vote->user_add[ /www/wwwroot/tez.lyzfrj.com/application/admin/controller/Vote.php ]
[ info ] [ VIEW ] /www/wwwroot/tez.lyzfrj.com/application/admin/view/vote/user_add.html [ array (
  0 => 'controller',
  1 => 'action',
  2 => 'list_menu',
  3 => 'headArr',
) ]
[ info ] [ LOG ] INIT File
[ sql ] [ DB ] CONNECT:[ UseTime:0.000401s ] mysql:dbname=tez_lyzfrj_com;host=127.0.0.1;charset=utf8
[ sql ] [ SQL ] SHOW COLUMNS FROM `zifi_admin_user` [ RunTime:0.000713s ]
[ sql ] [ SQL ] SELECT `role_id` FROM `zifi_admin_user` WHERE  (  admin_id=1 ) LIMIT 1 [ RunTime:0.000209s ]
[ sql ] [ SQL ] SHOW COLUMNS FROM `zifi_admin_role` [ RunTime:0.000462s ]
[ sql ] [ SQL ] SELECT `power` FROM `zifi_admin_role` WHERE  (  role_id=1 ) LIMIT 1 [ RunTime:0.000150s ]
[ sql ] [ SQL ] SHOW COLUMNS FROM `zifi_admin_menu` [ RunTime:0.000465s ]
[ sql ] [ SQL ] SELECT * FROM `zifi_admin_menu` WHERE  (  fid = 0 and shows = 1  ) ORDER BY sort desc [ RunTime:0.000163s ]
[ sql ] [ SQL ] SELECT * FROM `zifi_admin_menu` WHERE  (  fid != 0 and shows = 1 and id in (68,69,71,51,11,12,13,14) ) ORDER BY sort desc [ RunTime:0.000198s ]
[ sql ] [ SQL ] SHOW COLUMNS FROM `zifi_param` [ RunTime:0.000491s ]
[ sql ] [ SQL ] SELECT * FROM `zifi_param` [ RunTime:0.000157s ]

---------------------------------------------------------------
[ 2017-10-09T17:12:01+08:00 ] 118.190.138.146 39.84.135.187 GET /index.php/admin/vote/user_list.html
[ log ] tez.lyzfrj.com/index.php/admin/vote/user_list.html [运行时间：0.064551s][吞吐率：15.49req/s] [内存消耗：3,445.67kb] [文件加载：48]
[ info ] [ LANG ] /www/wwwroot/tez.lyzfrj.com/thinkphp/lang/zh-cn.php
[ info ] [ ROUTE ] array (
  'type' => 'module',
  'module' => 
  array (
    0 => 'admin',
    1 => 'vote',
    2 => 'user_list',
  ),
)
[ info ] [ HEADER ] array (
  'host' => 'tez.lyzfrj.com',
  'connection' => 'keep-alive',
  'upgrade-insecure-requests' => '1',
  'user-agent' => 'Mozilla/5.0 (Windows NT 10.0; WOW64) AppleWebKit/537.36 (KHTML, like Gecko) Chrome/55.0.2883.87 Safari/537.36',
  'accept' => 'text/html,application/xhtml+xml,application/xml;q=0.9,image/webp,*/*;q=0.8',
  'referer' => 'http://tez.lyzfrj.com/index.php/admin/index/index.html',
  'accept-encoding' => 'gzip, deflate, sdch',
  'accept-language' => 'zh-CN,zh;q=0.8',
  'cookie' => 'pgv_pvi=5641858048; _gscu_1062760169=05117170yvz5rt17; PHPSESSID=9jjs6otqb8five4fq79roj3hf6',
  'content-type' => '',
  'content-length' => '',
)
[ info ] [ PARAM ] array (
)
[ info ] [ SESSION ] INIT array (
  'id' => '',
  'var_session_id' => '',
  'prefix' => 'think',
  'type' => '',
  'auto_start' => true,
)
[ info ] [ DB ] INIT mysql
[ info ] [ RUN ] app\admin\controller\Vote->user_list[ /www/wwwroot/tez.lyzfrj.com/application/admin/controller/Vote.php ]
[ info ] [ VIEW ] /www/wwwroot/tez.lyzfrj.com/application/admin/view/vote/user_list.html [ array (
  0 => 'controller',
  1 => 'action',
  2 => 'list_menu',
  3 => 'headArr',
  4 => 'list_data',
  5 => 'keyword',
  6 => 'ip',
) ]
[ info ] [ LOG ] INIT File
[ sql ] [ DB ] CONNECT:[ UseTime:0.000416s ] mysql:dbname=tez_lyzfrj_com;host=127.0.0.1;charset=utf8
[ sql ] [ SQL ] SHOW COLUMNS FROM `zifi_admin_user` [ RunTime:0.000746s ]
[ sql ] [ SQL ] SELECT `role_id` FROM `zifi_admin_user` WHERE  (  admin_id=1 ) LIMIT 1 [ RunTime:0.000218s ]
[ sql ] [ SQL ] SHOW COLUMNS FROM `zifi_admin_role` [ RunTime:0.000476s ]
[ sql ] [ SQL ] SELECT `power` FROM `zifi_admin_role` WHERE  (  role_id=1 ) LIMIT 1 [ RunTime:0.000141s ]
[ sql ] [ SQL ] SHOW COLUMNS FROM `zifi_admin_menu` [ RunTime:0.000488s ]
[ sql ] [ SQL ] SELECT * FROM `zifi_admin_menu` WHERE  (  fid = 0 and shows = 1  ) ORDER BY sort desc [ RunTime:0.000166s ]
[ sql ] [ SQL ] SELECT * FROM `zifi_admin_menu` WHERE  (  fid != 0 and shows = 1 and id in (68,69,71,51,11,12,13,14) ) ORDER BY sort desc [ RunTime:0.000192s ]
[ sql ] [ SQL ] SHOW COLUMNS FROM `zifi_param` [ RunTime:0.000527s ]
[ sql ] [ SQL ] SELECT * FROM `zifi_param` [ RunTime:0.000167s ]
[ sql ] [ SQL ] SHOW COLUMNS FROM `zifi_user` [ RunTime:0.000534s ]
[ sql ] [ SQL ] SELECT COUNT(*) AS tp_count FROM `zifi_user` LIMIT 1 [ RunTime:0.000157s ]
[ sql ] [ SQL ] SELECT * FROM `zifi_user` ORDER BY add_time desc LIMIT 0,50 [ RunTime:0.000174s ]
[ sql ] [ SQL ] SELECT COUNT(*) AS tp_count FROM `zifi_user` LIMIT 1 [ RunTime:0.000172s ]

---------------------------------------------------------------
[ 2017-10-09T21:22:45+08:00 ] 118.190.138.146 112.224.2.254 GET /index.php/admin/login/login.html
[ log ] tez.lyzfrj.com/index.php/admin/login/login.html [运行时间：0.015351s][吞吐率：65.14req/s] [内存消耗：1,713.64kb] [文件加载：34]
[ info ] [ LANG ] /www/wwwroot/tez.lyzfrj.com/thinkphp/lang/zh-cn.php
[ info ] [ ROUTE ] array (
  'type' => 'module',
  'module' => 
  array (
    0 => 'admin',
    1 => 'login',
    2 => 'login',
  ),
)
[ info ] [ HEADER ] array (
  'host' => 'tez.lyzfrj.com',
  'connection' => 'keep-alive',
  'accept' => 'text/html,application/xhtml+xml,application/xml;q=0.9,image/webp,*/*;q=0.8',
  'upgrade-insecure-requests' => '1',
  'user-agent' => 'Mozilla/5.0 (Linux; U; Android 6.0;zh_cn; Letv X500 Build/DBXCNOP5902605181S) AppleWebKit/537.36 (KHTML, like Gecko)Version/4.0 Chrome/49.0.2623.91 Mobile Safari/537.36 EUI Browser/1.4.1.47',
  'accept-encoding' => 'gzip, deflate',
  'accept-language' => 'zh-CN,en-US;q=0.8',
  'cookie' => 'PHPSESSID=47q49sml0e5gprvit1vt0d7bn0',
  'x-requested-with' => 'com.android.browser',
  'content-type' => '',
  'content-length' => '',
)
[ info ] [ PARAM ] array (
)
[ info ] [ RUN ] app\admin\controller\Login->login[ /www/wwwroot/tez.lyzfrj.com/application/admin/controller/Login.php ]
[ info ] [ VIEW ] /www/wwwroot/tez.lyzfrj.com/application/admin/view/login/login.html [ array (
  0 => 'headArr',
) ]
[ info ] [ LOG ] INIT File

---------------------------------------------------------------
[ 2017-10-09T21:22:46+08:00 ] 118.190.138.146 112.224.2.254 GET /index.php/admin/common/verify.html
[ log ] tez.lyzfrj.com/index.php/admin/common/verify.html [运行时间：0.013383s][吞吐率：74.72req/s] [内存消耗：1,460.88kb] [文件加载：28]
[ info ] [ LANG ] /www/wwwroot/tez.lyzfrj.com/thinkphp/lang/zh-cn.php
[ info ] [ ROUTE ] array (
  'type' => 'module',
  'module' => 
  array (
    0 => 'admin',
    1 => 'common',
    2 => 'verify',
  ),
)
[ info ] [ HEADER ] array (
  'host' => 'tez.lyzfrj.com',
  'connection' => 'keep-alive',
  'accept' => 'image/webp,image/*,*/*;q=0.8',
  'user-agent' => 'Mozilla/5.0 (Linux; U; Android 6.0;zh_cn; Letv X500 Build/DBXCNOP5902605181S) AppleWebKit/537.36 (KHTML, like Gecko)Version/4.0 Chrome/49.0.2623.91 Mobile Safari/537.36 EUI Browser/1.4.1.47',
  'referer' => 'http://tez.lyzfrj.com/index.php/admin/login/login.html',
  'accept-encoding' => 'gzip, deflate',
  'accept-language' => 'zh-CN,en-US;q=0.8',
  'cookie' => 'PHPSESSID=47q49sml0e5gprvit1vt0d7bn0',
  'x-requested-with' => 'com.android.browser',
  'content-type' => '',
  'content-length' => '',
)
[ info ] [ PARAM ] array (
)
[ info ] [ RUN ] app\admin\controller\Common->verify[ /www/wwwroot/tez.lyzfrj.com/application/admin/controller/Common.php ]
[ info ] [ SESSION ] INIT array (
  'id' => '',
  'var_session_id' => '',
  'prefix' => 'think',
  'type' => '',
  'auto_start' => true,
)
[ info ] [ LOG ] INIT File

---------------------------------------------------------------
[ 2017-10-09T21:22:55+08:00 ] 118.190.138.146 140.207.185.109 GET /index.php/admin/login/login.html
[ log ] tez.lyzfrj.com/index.php/admin/login/login.html [运行时间：0.015147s][吞吐率：66.02req/s] [内存消耗：1,712.93kb] [文件加载：34]
[ info ] [ LANG ] /www/wwwroot/tez.lyzfrj.com/thinkphp/lang/zh-cn.php
[ info ] [ ROUTE ] array (
  'type' => 'module',
  'module' => 
  array (
    0 => 'admin',
    1 => 'login',
    2 => 'login',
  ),
)
[ info ] [ HEADER ] array (
  'user-agent' => 'Mozilla/5.0 (Linux; U; Android 6.0.1; zh-cn; OPPO R9s Build/MMB29M) AppleWebKit/537.36 (KHTML, like Gecko)Version/4.0 Chrome/37.0.0.0 MQQBrowser/7.2 Mobile Safari/537.36',
  'accept' => '*/*',
  'accept-encoding' => 'gzip, deflate, sdch, br',
  'accept-language' => 'zh-CN,zh;q=0.8,en-US;q=0.6,en;q=0.4',
  'host' => 'tez.lyzfrj.com',
  'connection' => 'keep-alive',
  'content-type' => '',
  'content-length' => '',
)
[ info ] [ PARAM ] array (
)
[ info ] [ RUN ] app\admin\controller\Login->login[ /www/wwwroot/tez.lyzfrj.com/application/admin/controller/Login.php ]
[ info ] [ VIEW ] /www/wwwroot/tez.lyzfrj.com/application/admin/view/login/login.html [ array (
  0 => 'headArr',
) ]
[ info ] [ LOG ] INIT File

---------------------------------------------------------------
[ 2017-10-09T23:10:03+08:00 ] 118.190.138.146 106.11.226.106 GET /
[ log ] tez.lyzfrj.com/ [运行时间：0.014056s][吞吐率：71.14req/s] [内存消耗：1,662.74kb] [文件加载：32]
[ info ] [ LANG ] /www/wwwroot/tez.lyzfrj.com/thinkphp/lang/zh-cn.php
[ info ] [ ROUTE ] array (
  'type' => 'module',
  'module' => 
  array (
    0 => '',
    1 => NULL,
    2 => NULL,
  ),
)
[ info ] [ HEADER ] array (
  'accept-encoding' => 'gzip',
  'user-agent' => 'Mozilla/5.0 (iPad; CPU OS 9_1 like Mac OS X) AppleWebKit/601.1.46 (KHTML, like Gecko) Version/9.0 Mobile/13B143 Safari/601.1',
  'cache-control' => 'no-cache',
  'pragma' => 'no-cache',
  'host' => 'tez.lyzfrj.com',
  'accept' => 'text/html, image/gif, image/jpeg, *; q=.2, */*; q=.2',
  'connection' => 'keep-alive',
  'content-type' => '',
  'content-length' => '',
)
[ info ] [ PARAM ] array (
)
[ info ] [ SESSION ] INIT array (
  'id' => '',
  'var_session_id' => '',
  'prefix' => 'think',
  'type' => '',
  'auto_start' => true,
)
[ info ] [ LOG ] INIT File

---------------------------------------------------------------
