[ 2017-10-15T04:44:10+08:00 ] 118.190.138.146 106.11.227.90 GET /
[ log ] tez.lyzfrj.com/ [运行时间：0.014021s][吞吐率：71.32req/s] [内存消耗：1,662.73kb] [文件加载：32]
[ info ] [ LANG ] /www/wwwroot/tez.lyzfrj.com/thinkphp/lang/zh-cn.php
[ info ] [ ROUTE ] array (
  'type' => 'module',
  'module' => 
  array (
    0 => '',
    1 => NULL,
    2 => NULL,
  ),
)
[ info ] [ HEADER ] array (
  'accept-encoding' => 'gzip',
  'user-agent' => 'Mozilla/5.0 (iPad; CPU OS 9_1 like Mac OS X) AppleWebKit/601.1.46 (KHTML, like Gecko) Version/9.0 Mobile/13B143 Safari/601.1',
  'cache-control' => 'no-cache',
  'pragma' => 'no-cache',
  'host' => 'tez.lyzfrj.com',
  'accept' => 'text/html, image/gif, image/jpeg, *; q=.2, */*; q=.2',
  'connection' => 'keep-alive',
  'content-type' => '',
  'content-length' => '',
)
[ info ] [ PARAM ] array (
)
[ info ] [ SESSION ] INIT array (
  'id' => '',
  'var_session_id' => '',
  'prefix' => 'think',
  'type' => '',
  'auto_start' => true,
)
[ info ] [ LOG ] INIT File

---------------------------------------------------------------
[ 2017-10-15T11:11:45+08:00 ] 118.190.138.146 112.224.2.85 GET /index.php/admin/login/login.html
[ log ] tez.lyzfrj.com/index.php/admin/login/login.html [运行时间：0.015489s][吞吐率：64.56req/s] [内存消耗：1,713.89kb] [文件加载：34]
[ info ] [ LANG ] /www/wwwroot/tez.lyzfrj.com/thinkphp/lang/zh-cn.php
[ info ] [ ROUTE ] array (
  'type' => 'module',
  'module' => 
  array (
    0 => 'admin',
    1 => 'login',
    2 => 'login',
  ),
)
[ info ] [ HEADER ] array (
  'host' => 'tez.lyzfrj.com',
  'connection' => 'keep-alive',
  'cache-control' => 'max-age=0',
  'accept' => 'text/html,application/xhtml+xml,application/xml;q=0.9,image/webp,*/*;q=0.8',
  'upgrade-insecure-requests' => '1',
  'user-agent' => 'Mozilla/5.0 (Linux; U; Android 6.0;zh_cn; Letv X500 Build/DBXCNOP5902605181S) AppleWebKit/537.36 (KHTML, like Gecko)Version/4.0 Chrome/49.0.2623.91 Mobile Safari/537.36 EUI Browser/1.4.1.47',
  'accept-encoding' => 'gzip, deflate',
  'accept-language' => 'zh-CN,en-US;q=0.8',
  'cookie' => 'PHPSESSID=47q49sml0e5gprvit1vt0d7bn0',
  'x-requested-with' => 'com.android.browser',
  'content-type' => '',
  'content-length' => '',
)
[ info ] [ PARAM ] array (
)
[ info ] [ RUN ] app\admin\controller\Login->login[ /www/wwwroot/tez.lyzfrj.com/application/admin/controller/Login.php ]
[ info ] [ VIEW ] /www/wwwroot/tez.lyzfrj.com/application/admin/view/login/login.html [ array (
  0 => 'headArr',
) ]
[ info ] [ LOG ] INIT File

---------------------------------------------------------------
[ 2017-10-15T11:11:46+08:00 ] 118.190.138.146 112.224.2.85 GET /index.php/admin/common/verify.html
[ log ] tez.lyzfrj.com/index.php/admin/common/verify.html [运行时间：0.013660s][吞吐率：73.21req/s] [内存消耗：1,462.06kb] [文件加载：28]
[ info ] [ LANG ] /www/wwwroot/tez.lyzfrj.com/thinkphp/lang/zh-cn.php
[ info ] [ ROUTE ] array (
  'type' => 'module',
  'module' => 
  array (
    0 => 'admin',
    1 => 'common',
    2 => 'verify',
  ),
)
[ info ] [ HEADER ] array (
  'host' => 'tez.lyzfrj.com',
  'connection' => 'keep-alive',
  'cache-control' => 'max-age=0',
  'accept' => 'image/webp,image/*,*/*;q=0.8',
  'user-agent' => 'Mozilla/5.0 (Linux; U; Android 6.0;zh_cn; Letv X500 Build/DBXCNOP5902605181S) AppleWebKit/537.36 (KHTML, like Gecko)Version/4.0 Chrome/49.0.2623.91 Mobile Safari/537.36 EUI Browser/1.4.1.47',
  'referer' => 'http://tez.lyzfrj.com/index.php/admin/login/login.html',
  'accept-encoding' => 'gzip, deflate',
  'accept-language' => 'zh-CN,en-US;q=0.8',
  'cookie' => 'PHPSESSID=47q49sml0e5gprvit1vt0d7bn0',
  'x-requested-with' => 'com.android.browser',
  'content-type' => '',
  'content-length' => '',
)
[ info ] [ PARAM ] array (
)
[ info ] [ RUN ] app\admin\controller\Common->verify[ /www/wwwroot/tez.lyzfrj.com/application/admin/controller/Common.php ]
[ info ] [ SESSION ] INIT array (
  'id' => '',
  'var_session_id' => '',
  'prefix' => 'think',
  'type' => '',
  'auto_start' => true,
)
[ info ] [ LOG ] INIT File

---------------------------------------------------------------
[ 2017-10-15T11:11:55+08:00 ] 118.190.138.146 140.207.185.109 GET /index.php/admin/login/login.html
[ log ] tez.lyzfrj.com/index.php/admin/login/login.html [运行时间：0.015441s][吞吐率：64.76req/s] [内存消耗：1,712.93kb] [文件加载：34]
[ info ] [ LANG ] /www/wwwroot/tez.lyzfrj.com/thinkphp/lang/zh-cn.php
[ info ] [ ROUTE ] array (
  'type' => 'module',
  'module' => 
  array (
    0 => 'admin',
    1 => 'login',
    2 => 'login',
  ),
)
[ info ] [ HEADER ] array (
  'user-agent' => 'Mozilla/5.0 (Linux; U; Android 6.0.1; zh-cn; OPPO R9s Build/MMB29M) AppleWebKit/537.36 (KHTML, like Gecko)Version/4.0 Chrome/37.0.0.0 MQQBrowser/7.2 Mobile Safari/537.36',
  'accept' => '*/*',
  'accept-encoding' => 'gzip, deflate, sdch, br',
  'accept-language' => 'zh-CN,zh;q=0.8,en-US;q=0.6,en;q=0.4',
  'host' => 'tez.lyzfrj.com',
  'connection' => 'keep-alive',
  'content-type' => '',
  'content-length' => '',
)
[ info ] [ PARAM ] array (
)
[ info ] [ RUN ] app\admin\controller\Login->login[ /www/wwwroot/tez.lyzfrj.com/application/admin/controller/Login.php ]
[ info ] [ VIEW ] /www/wwwroot/tez.lyzfrj.com/application/admin/view/login/login.html [ array (
  0 => 'headArr',
) ]
[ info ] [ LOG ] INIT File

---------------------------------------------------------------
[ 2017-10-15T11:12:13+08:00 ] 118.190.138.146 112.224.2.85 POST /index.php/admin/login/do_login.html
[ log ] tez.lyzfrj.com/index.php/admin/login/do_login.html [运行时间：0.029164s][吞吐率：34.29req/s] [内存消耗：2,683.71kb] [文件加载：41]
[ info ] [ LANG ] /www/wwwroot/tez.lyzfrj.com/thinkphp/lang/zh-cn.php
[ info ] [ ROUTE ] array (
  'type' => 'module',
  'module' => 
  array (
    0 => 'admin',
    1 => 'login',
    2 => 'do_login',
  ),
)
[ info ] [ HEADER ] array (
  'host' => 'tez.lyzfrj.com',
  'connection' => 'keep-alive',
  'content-length' => '50',
  'accept' => '*/*',
  'origin' => 'http://tez.lyzfrj.com',
  'x-requested-with' => 'XMLHttpRequest',
  'user-agent' => 'Mozilla/5.0 (Linux; U; Android 6.0;zh_cn; Letv X500 Build/DBXCNOP5902605181S) AppleWebKit/537.36 (KHTML, like Gecko)Version/4.0 Chrome/49.0.2623.91 Mobile Safari/537.36 EUI Browser/1.4.1.47',
  'content-type' => 'application/x-www-form-urlencoded; charset=UTF-8',
  'referer' => 'http://tez.lyzfrj.com/index.php/admin/login/login.html',
  'accept-encoding' => 'gzip, deflate',
  'accept-language' => 'zh-CN,en-US;q=0.8',
  'cookie' => 'PHPSESSID=47q49sml0e5gprvit1vt0d7bn0',
)
[ info ] [ PARAM ] array (
  'username' => 'lishuai',
  'password' => 'LiShuai3097920',
  'code' => '1652',
)
[ info ] [ RUN ] app\admin\controller\Login->do_login[ /www/wwwroot/tez.lyzfrj.com/application/admin/controller/Login.php ]
[ info ] [ SESSION ] INIT array (
  'id' => '',
  'var_session_id' => '',
  'prefix' => 'think',
  'type' => '',
  'auto_start' => true,
)
[ info ] [ DB ] INIT mysql
[ info ] [ LOG ] INIT File
[ sql ] [ DB ] CONNECT:[ UseTime:0.000391s ] mysql:dbname=tez_lyzfrj_com;host=127.0.0.1;charset=utf8
[ sql ] [ SQL ] SHOW COLUMNS FROM `zifi_admin_user` [ RunTime:0.000758s ]
[ sql ] [ SQL ] SELECT * FROM `zifi_admin_user` WHERE  `username` = 'lishuai' LIMIT 1 [ RunTime:0.000345s ]
[ sql ] [ SQL ] SELECT * FROM `zifi_admin_user` WHERE  `username` = 'lishuai'  AND `password` = '570582733c01e1bdd100f21266f02968' LIMIT 1 [ RunTime:0.000268s ]
[ sql ] [ SQL ] SHOW COLUMNS FROM `zifi_admin_role` [ RunTime:0.000481s ]
[ sql ] [ SQL ] SELECT * FROM `zifi_admin_role` WHERE  (  role_id = 1 ) LIMIT 1 [ RunTime:0.000149s ]
[ sql ] [ SQL ] UPDATE `zifi_admin_user`  SET `last_login_ip`='112.224.2.85',`last_login_time`=1508037133  WHERE  `username` = 'lishuai'  AND `password` = '570582733c01e1bdd100f21266f02968' [ RunTime:0.004171s ]

---------------------------------------------------------------
[ 2017-10-15T11:12:13+08:00 ] 118.190.138.146 112.224.2.85 GET /index.php/admin/index/index.html
[ log ] tez.lyzfrj.com/index.php/admin/index/index.html [运行时间：0.030064s][吞吐率：33.26req/s] [内存消耗：3,166.97kb] [文件加载：45]
[ info ] [ LANG ] /www/wwwroot/tez.lyzfrj.com/thinkphp/lang/zh-cn.php
[ info ] [ ROUTE ] array (
  'type' => 'module',
  'module' => 
  array (
    0 => 'admin',
    1 => 'index',
    2 => 'index',
  ),
)
[ info ] [ HEADER ] array (
  'host' => 'tez.lyzfrj.com',
  'connection' => 'keep-alive',
  'accept' => 'text/html,application/xhtml+xml,application/xml;q=0.9,image/webp,*/*;q=0.8',
  'upgrade-insecure-requests' => '1',
  'user-agent' => 'Mozilla/5.0 (Linux; U; Android 6.0;zh_cn; Letv X500 Build/DBXCNOP5902605181S) AppleWebKit/537.36 (KHTML, like Gecko)Version/4.0 Chrome/49.0.2623.91 Mobile Safari/537.36 EUI Browser/1.4.1.47',
  'referer' => 'http://tez.lyzfrj.com/index.php/admin/login/login.html',
  'accept-encoding' => 'gzip, deflate',
  'accept-language' => 'zh-CN,en-US;q=0.8',
  'cookie' => 'PHPSESSID=47q49sml0e5gprvit1vt0d7bn0',
  'x-requested-with' => 'com.android.browser',
  'content-type' => '',
  'content-length' => '',
)
[ info ] [ PARAM ] array (
)
[ info ] [ SESSION ] INIT array (
  'id' => '',
  'var_session_id' => '',
  'prefix' => 'think',
  'type' => '',
  'auto_start' => true,
)
[ info ] [ DB ] INIT mysql
[ info ] [ RUN ] app\admin\controller\Index->index[ /www/wwwroot/tez.lyzfrj.com/application/admin/controller/Index.php ]
[ info ] [ VIEW ] /www/wwwroot/tez.lyzfrj.com/application/admin/view/index/index.html [ array (
  0 => 'controller',
  1 => 'action',
  2 => 'list_menu',
  3 => 'headArr',
) ]
[ info ] [ LOG ] INIT File
[ sql ] [ DB ] CONNECT:[ UseTime:0.000388s ] mysql:dbname=tez_lyzfrj_com;host=127.0.0.1;charset=utf8
[ sql ] [ SQL ] SHOW COLUMNS FROM `zifi_admin_user` [ RunTime:0.000736s ]
[ sql ] [ SQL ] SELECT `role_id` FROM `zifi_admin_user` WHERE  (  admin_id=3 ) LIMIT 1 [ RunTime:0.000283s ]
[ sql ] [ SQL ] SHOW COLUMNS FROM `zifi_admin_role` [ RunTime:0.000482s ]
[ sql ] [ SQL ] SELECT `power` FROM `zifi_admin_role` WHERE  (  role_id=1 ) LIMIT 1 [ RunTime:0.000139s ]
[ sql ] [ SQL ] SHOW COLUMNS FROM `zifi_admin_menu` [ RunTime:0.000499s ]
[ sql ] [ SQL ] SELECT * FROM `zifi_admin_menu` WHERE  (  fid = 0 and shows = 1  ) ORDER BY sort desc [ RunTime:0.000163s ]
[ sql ] [ SQL ] SELECT * FROM `zifi_admin_menu` WHERE  (  fid != 0 and shows = 1 and id in (68,69,71,51,11,12,13,14) ) ORDER BY sort desc [ RunTime:0.000195s ]
[ sql ] [ SQL ] SHOW COLUMNS FROM `zifi_param` [ RunTime:0.000482s ]
[ sql ] [ SQL ] SELECT * FROM `zifi_param` [ RunTime:0.000161s ]

---------------------------------------------------------------
[ 2017-10-15T11:12:13+08:00 ] 118.190.138.146 112.224.2.85 GET /index.php/admin/index/main.html
[ log ] tez.lyzfrj.com/index.php/admin/index/main.html [运行时间：0.029101s][吞吐率：34.36req/s] [内存消耗：3,089.55kb] [文件加载：44]
[ info ] [ LANG ] /www/wwwroot/tez.lyzfrj.com/thinkphp/lang/zh-cn.php
[ info ] [ ROUTE ] array (
  'type' => 'module',
  'module' => 
  array (
    0 => 'admin',
    1 => 'index',
    2 => 'main',
  ),
)
[ info ] [ HEADER ] array (
  'host' => 'tez.lyzfrj.com',
  'connection' => 'keep-alive',
  'accept' => 'text/html,application/xhtml+xml,application/xml;q=0.9,image/webp,*/*;q=0.8',
  'upgrade-insecure-requests' => '1',
  'user-agent' => 'Mozilla/5.0 (Linux; U; Android 6.0;zh_cn; Letv X500 Build/DBXCNOP5902605181S) AppleWebKit/537.36 (KHTML, like Gecko)Version/4.0 Chrome/49.0.2623.91 Mobile Safari/537.36 EUI Browser/1.4.1.47',
  'referer' => 'http://tez.lyzfrj.com/index.php/admin/index/index.html',
  'accept-encoding' => 'gzip, deflate',
  'accept-language' => 'zh-CN,en-US;q=0.8',
  'cookie' => 'PHPSESSID=47q49sml0e5gprvit1vt0d7bn0',
  'x-requested-with' => 'com.android.browser',
  'content-type' => '',
  'content-length' => '',
)
[ info ] [ PARAM ] array (
)
[ info ] [ SESSION ] INIT array (
  'id' => '',
  'var_session_id' => '',
  'prefix' => 'think',
  'type' => '',
  'auto_start' => true,
)
[ info ] [ DB ] INIT mysql
[ info ] [ RUN ] app\admin\controller\Index->main[ /www/wwwroot/tez.lyzfrj.com/application/admin/controller/Index.php ]
[ info ] [ VIEW ] /www/wwwroot/tez.lyzfrj.com/application/admin/view/index/main.html [ array (
  0 => 'controller',
  1 => 'action',
  2 => 'list_menu',
  3 => 'headArr',
  4 => 'domain',
) ]
[ info ] [ LOG ] INIT File
[ sql ] [ DB ] CONNECT:[ UseTime:0.000403s ] mysql:dbname=tez_lyzfrj_com;host=127.0.0.1;charset=utf8
[ sql ] [ SQL ] SHOW COLUMNS FROM `zifi_admin_user` [ RunTime:0.000734s ]
[ sql ] [ SQL ] SELECT `role_id` FROM `zifi_admin_user` WHERE  (  admin_id=3 ) LIMIT 1 [ RunTime:0.000240s ]
[ sql ] [ SQL ] SHOW COLUMNS FROM `zifi_admin_role` [ RunTime:0.000470s ]
[ sql ] [ SQL ] SELECT `power` FROM `zifi_admin_role` WHERE  (  role_id=1 ) LIMIT 1 [ RunTime:0.000159s ]
[ sql ] [ SQL ] SHOW COLUMNS FROM `zifi_admin_menu` [ RunTime:0.000536s ]
[ sql ] [ SQL ] SELECT * FROM `zifi_admin_menu` WHERE  (  fid = 0 and shows = 1  ) ORDER BY sort desc [ RunTime:0.000168s ]
[ sql ] [ SQL ] SELECT * FROM `zifi_admin_menu` WHERE  (  fid != 0 and shows = 1 and id in (68,69,71,51,11,12,13,14) ) ORDER BY sort desc [ RunTime:0.000198s ]
[ sql ] [ SQL ] SHOW COLUMNS FROM `zifi_param` [ RunTime:0.000518s ]
[ sql ] [ SQL ] SELECT * FROM `zifi_param` [ RunTime:0.000165s ]

---------------------------------------------------------------
[ 2017-10-15T11:12:23+08:00 ] 118.190.138.146 140.206.161.160 GET /index.php/admin/index/index.html
[ log ] tez.lyzfrj.com/index.php/admin/index/index.html [运行时间：0.014724s][吞吐率：67.92req/s] [内存消耗：1,741.31kb] [文件加载：33]
[ info ] [ LANG ] /www/wwwroot/tez.lyzfrj.com/thinkphp/lang/zh-cn.php
[ info ] [ ROUTE ] array (
  'type' => 'module',
  'module' => 
  array (
    0 => 'admin',
    1 => 'index',
    2 => 'index',
  ),
)
[ info ] [ HEADER ] array (
  'user-agent' => 'Mozilla/5.0 (Linux; U; Android 6.0.1; zh-cn; OPPO R9s Build/MMB29M) AppleWebKit/537.36 (KHTML, like Gecko) Version/4.0 Chrome/38.0.0.0 Mobile Safari/537.36 OppoBrowser/4.2.8',
  'accept' => '*/*',
  'accept-encoding' => 'gzip, deflate, sdch, br',
  'accept-language' => 'zh-CN,zh;q=0.8,en-US;q=0.6,en;q=0.4',
  'host' => 'tez.lyzfrj.com',
  'connection' => 'keep-alive',
  'content-type' => '',
  'content-length' => '',
)
[ info ] [ PARAM ] array (
)
[ info ] [ SESSION ] INIT array (
  'id' => '',
  'var_session_id' => '',
  'prefix' => 'think',
  'type' => '',
  'auto_start' => true,
)
[ info ] [ LOG ] INIT File

---------------------------------------------------------------
[ 2017-10-15T11:12:48+08:00 ] 118.190.138.146 112.224.2.85 GET /index.php/admin/vote/user_add.html
[ log ] tez.lyzfrj.com/index.php/admin/vote/user_add.html [运行时间：0.040226s][吞吐率：24.86req/s] [内存消耗：3,275.41kb] [文件加载：45]
[ info ] [ LANG ] /www/wwwroot/tez.lyzfrj.com/thinkphp/lang/zh-cn.php
[ info ] [ ROUTE ] array (
  'type' => 'module',
  'module' => 
  array (
    0 => 'admin',
    1 => 'vote',
    2 => 'user_add',
  ),
)
[ info ] [ HEADER ] array (
  'host' => 'tez.lyzfrj.com',
  'connection' => 'keep-alive',
  'accept' => 'text/html,application/xhtml+xml,application/xml;q=0.9,image/webp,*/*;q=0.8',
  'upgrade-insecure-requests' => '1',
  'user-agent' => 'Mozilla/5.0 (Linux; U; Android 6.0;zh_cn; Letv X500 Build/DBXCNOP5902605181S) AppleWebKit/537.36 (KHTML, like Gecko)Version/4.0 Chrome/49.0.2623.91 Mobile Safari/537.36 EUI Browser/1.4.1.47',
  'referer' => 'http://tez.lyzfrj.com/index.php/admin/index/index.html',
  'accept-encoding' => 'gzip, deflate',
  'accept-language' => 'zh-CN,en-US;q=0.8',
  'cookie' => 'PHPSESSID=47q49sml0e5gprvit1vt0d7bn0',
  'x-requested-with' => 'com.android.browser',
  'content-type' => '',
  'content-length' => '',
)
[ info ] [ PARAM ] array (
)
[ info ] [ SESSION ] INIT array (
  'id' => '',
  'var_session_id' => '',
  'prefix' => 'think',
  'type' => '',
  'auto_start' => true,
)
[ info ] [ DB ] INIT mysql
[ info ] [ RUN ] app\admin\controller\Vote->user_add[ /www/wwwroot/tez.lyzfrj.com/application/admin/controller/Vote.php ]
[ info ] [ VIEW ] /www/wwwroot/tez.lyzfrj.com/application/admin/view/vote/user_add.html [ array (
  0 => 'controller',
  1 => 'action',
  2 => 'list_menu',
  3 => 'headArr',
) ]
[ info ] [ LOG ] INIT File
[ sql ] [ DB ] CONNECT:[ UseTime:0.000500s ] mysql:dbname=tez_lyzfrj_com;host=127.0.0.1;charset=utf8
[ sql ] [ SQL ] SHOW COLUMNS FROM `zifi_admin_user` [ RunTime:0.000956s ]
[ sql ] [ SQL ] SELECT `role_id` FROM `zifi_admin_user` WHERE  (  admin_id=3 ) LIMIT 1 [ RunTime:0.000238s ]
[ sql ] [ SQL ] SHOW COLUMNS FROM `zifi_admin_role` [ RunTime:0.000661s ]
[ sql ] [ SQL ] SELECT `power` FROM `zifi_admin_role` WHERE  (  role_id=1 ) LIMIT 1 [ RunTime:0.000170s ]
[ sql ] [ SQL ] SHOW COLUMNS FROM `zifi_admin_menu` [ RunTime:0.000666s ]
[ sql ] [ SQL ] SELECT * FROM `zifi_admin_menu` WHERE  (  fid = 0 and shows = 1  ) ORDER BY sort desc [ RunTime:0.000209s ]
[ sql ] [ SQL ] SELECT * FROM `zifi_admin_menu` WHERE  (  fid != 0 and shows = 1 and id in (68,69,71,51,11,12,13,14) ) ORDER BY sort desc [ RunTime:0.000212s ]
[ sql ] [ SQL ] SHOW COLUMNS FROM `zifi_param` [ RunTime:0.000687s ]
[ sql ] [ SQL ] SELECT * FROM `zifi_param` [ RunTime:0.000193s ]

---------------------------------------------------------------
[ 2017-10-15T11:13:22+08:00 ] 118.190.138.146 112.224.2.85 POST /index.php/admin/vote/ajax_user_add.html
[ log ] tez.lyzfrj.com/index.php/admin/vote/ajax_user_add.html [运行时间：0.030606s][吞吐率：32.67req/s] [内存消耗：3,213.02kb] [文件加载：44]
[ info ] [ LANG ] /www/wwwroot/tez.lyzfrj.com/thinkphp/lang/zh-cn.php
[ info ] [ ROUTE ] array (
  'type' => 'module',
  'module' => 
  array (
    0 => 'admin',
    1 => 'vote',
    2 => 'ajax_user_add',
  ),
)
[ info ] [ HEADER ] array (
  'host' => 'tez.lyzfrj.com',
  'connection' => 'keep-alive',
  'content-length' => '133',
  'accept' => '*/*',
  'origin' => 'http://tez.lyzfrj.com',
  'x-requested-with' => 'XMLHttpRequest',
  'user-agent' => 'Mozilla/5.0 (Linux; U; Android 6.0;zh_cn; Letv X500 Build/DBXCNOP5902605181S) AppleWebKit/537.36 (KHTML, like Gecko)Version/4.0 Chrome/49.0.2623.91 Mobile Safari/537.36 EUI Browser/1.4.1.47',
  'content-type' => 'application/x-www-form-urlencoded; charset=UTF-8',
  'referer' => 'http://tez.lyzfrj.com/index.php/admin/vote/user_add.html',
  'accept-encoding' => 'gzip, deflate',
  'accept-language' => 'zh-CN,en-US;q=0.8',
  'cookie' => 'PHPSESSID=47q49sml0e5gprvit1vt0d7bn0',
)
[ info ] [ PARAM ] array (
  'name' => '任丽君',
  'mobile' => '17568033194',
  'card' => '',
  'number' => '4',
  'buy_time' => '2017-10-15',
  'work_unit' => '信程旅游',
)
[ info ] [ SESSION ] INIT array (
  'id' => '',
  'var_session_id' => '',
  'prefix' => 'think',
  'type' => '',
  'auto_start' => true,
)
[ info ] [ DB ] INIT mysql
[ info ] [ RUN ] app\admin\controller\Vote->ajax_user_add[ /www/wwwroot/tez.lyzfrj.com/application/admin/controller/Vote.php ]
[ info ] [ LOG ] INIT File
[ sql ] [ DB ] CONNECT:[ UseTime:0.000398s ] mysql:dbname=tez_lyzfrj_com;host=127.0.0.1;charset=utf8
[ sql ] [ SQL ] SHOW COLUMNS FROM `zifi_admin_user` [ RunTime:0.000732s ]
[ sql ] [ SQL ] SELECT `role_id` FROM `zifi_admin_user` WHERE  (  admin_id=3 ) LIMIT 1 [ RunTime:0.000199s ]
[ sql ] [ SQL ] SHOW COLUMNS FROM `zifi_admin_role` [ RunTime:0.000494s ]
[ sql ] [ SQL ] SELECT `power` FROM `zifi_admin_role` WHERE  (  role_id=1 ) LIMIT 1 [ RunTime:0.000161s ]
[ sql ] [ SQL ] SHOW COLUMNS FROM `zifi_admin_menu` [ RunTime:0.000483s ]
[ sql ] [ SQL ] SELECT * FROM `zifi_admin_menu` WHERE  (  fid = 0 and shows = 1  ) ORDER BY sort desc [ RunTime:0.000169s ]
[ sql ] [ SQL ] SELECT * FROM `zifi_admin_menu` WHERE  (  fid != 0 and shows = 1 and id in (68,69,71,51,11,12,13,14) ) ORDER BY sort desc [ RunTime:0.000195s ]
[ sql ] [ SQL ] SHOW COLUMNS FROM `zifi_param` [ RunTime:0.000515s ]
[ sql ] [ SQL ] SELECT * FROM `zifi_param` [ RunTime:0.000162s ]
[ sql ] [ SQL ] SHOW COLUMNS FROM `zifi_user` [ RunTime:0.000509s ]
[ sql ] [ SQL ] INSERT INTO `zifi_user` (`name` , `mobile` , `card` , `number` , `buy_time` , `work_unit` , `status` , `add_time` , `update_time`) VALUES ('任丽君' , '17568033194' , '' , 4 , '2017-10-15' , '信程旅游' , 1 , 1508037202 , 1508037202) [ RunTime:0.000289s ]

---------------------------------------------------------------
[ 2017-10-15T11:13:24+08:00 ] 118.190.138.146 112.224.2.85 GET /index.php/admin/vote/user_add.html
[ log ] tez.lyzfrj.com/index.php/admin/vote/user_add.html [运行时间：0.030692s][吞吐率：32.58req/s] [内存消耗：3,275.37kb] [文件加载：45]
[ info ] [ LANG ] /www/wwwroot/tez.lyzfrj.com/thinkphp/lang/zh-cn.php
[ info ] [ ROUTE ] array (
  'type' => 'module',
  'module' => 
  array (
    0 => 'admin',
    1 => 'vote',
    2 => 'user_add',
  ),
)
[ info ] [ HEADER ] array (
  'host' => 'tez.lyzfrj.com',
  'connection' => 'keep-alive',
  'accept' => 'text/html,application/xhtml+xml,application/xml;q=0.9,image/webp,*/*;q=0.8',
  'upgrade-insecure-requests' => '1',
  'user-agent' => 'Mozilla/5.0 (Linux; U; Android 6.0;zh_cn; Letv X500 Build/DBXCNOP5902605181S) AppleWebKit/537.36 (KHTML, like Gecko)Version/4.0 Chrome/49.0.2623.91 Mobile Safari/537.36 EUI Browser/1.4.1.47',
  'referer' => 'http://tez.lyzfrj.com/index.php/admin/vote/user_add.html',
  'accept-encoding' => 'gzip, deflate',
  'accept-language' => 'zh-CN,en-US;q=0.8',
  'cookie' => 'PHPSESSID=47q49sml0e5gprvit1vt0d7bn0',
  'x-requested-with' => 'com.android.browser',
  'content-type' => '',
  'content-length' => '',
)
[ info ] [ PARAM ] array (
)
[ info ] [ SESSION ] INIT array (
  'id' => '',
  'var_session_id' => '',
  'prefix' => 'think',
  'type' => '',
  'auto_start' => true,
)
[ info ] [ DB ] INIT mysql
[ info ] [ RUN ] app\admin\controller\Vote->user_add[ /www/wwwroot/tez.lyzfrj.com/application/admin/controller/Vote.php ]
[ info ] [ VIEW ] /www/wwwroot/tez.lyzfrj.com/application/admin/view/vote/user_add.html [ array (
  0 => 'controller',
  1 => 'action',
  2 => 'list_menu',
  3 => 'headArr',
) ]
[ info ] [ LOG ] INIT File
[ sql ] [ DB ] CONNECT:[ UseTime:0.000385s ] mysql:dbname=tez_lyzfrj_com;host=127.0.0.1;charset=utf8
[ sql ] [ SQL ] SHOW COLUMNS FROM `zifi_admin_user` [ RunTime:0.000743s ]
[ sql ] [ SQL ] SELECT `role_id` FROM `zifi_admin_user` WHERE  (  admin_id=3 ) LIMIT 1 [ RunTime:0.000207s ]
[ sql ] [ SQL ] SHOW COLUMNS FROM `zifi_admin_role` [ RunTime:0.000510s ]
[ sql ] [ SQL ] SELECT `power` FROM `zifi_admin_role` WHERE  (  role_id=1 ) LIMIT 1 [ RunTime:0.000144s ]
[ sql ] [ SQL ] SHOW COLUMNS FROM `zifi_admin_menu` [ RunTime:0.000482s ]
[ sql ] [ SQL ] SELECT * FROM `zifi_admin_menu` WHERE  (  fid = 0 and shows = 1  ) ORDER BY sort desc [ RunTime:0.000170s ]
[ sql ] [ SQL ] SELECT * FROM `zifi_admin_menu` WHERE  (  fid != 0 and shows = 1 and id in (68,69,71,51,11,12,13,14) ) ORDER BY sort desc [ RunTime:0.000184s ]
[ sql ] [ SQL ] SHOW COLUMNS FROM `zifi_param` [ RunTime:0.000498s ]
[ sql ] [ SQL ] SELECT * FROM `zifi_param` [ RunTime:0.000161s ]

---------------------------------------------------------------
[ 2017-10-15T11:13:48+08:00 ] 118.190.138.146 112.224.2.85 GET /index.php/admin/vote/user_add.html
[ log ] tez.lyzfrj.com/index.php/admin/vote/user_add.html [运行时间：0.030845s][吞吐率：32.42req/s] [内存消耗：3,275.41kb] [文件加载：45]
[ info ] [ LANG ] /www/wwwroot/tez.lyzfrj.com/thinkphp/lang/zh-cn.php
[ info ] [ ROUTE ] array (
  'type' => 'module',
  'module' => 
  array (
    0 => 'admin',
    1 => 'vote',
    2 => 'user_add',
  ),
)
[ info ] [ HEADER ] array (
  'host' => 'tez.lyzfrj.com',
  'connection' => 'keep-alive',
  'accept' => 'text/html,application/xhtml+xml,application/xml;q=0.9,image/webp,*/*;q=0.8',
  'upgrade-insecure-requests' => '1',
  'user-agent' => 'Mozilla/5.0 (Linux; U; Android 6.0;zh_cn; Letv X500 Build/DBXCNOP5902605181S) AppleWebKit/537.36 (KHTML, like Gecko)Version/4.0 Chrome/49.0.2623.91 Mobile Safari/537.36 EUI Browser/1.4.1.47',
  'referer' => 'http://tez.lyzfrj.com/index.php/admin/index/index.html',
  'accept-encoding' => 'gzip, deflate',
  'accept-language' => 'zh-CN,en-US;q=0.8',
  'cookie' => 'PHPSESSID=47q49sml0e5gprvit1vt0d7bn0',
  'x-requested-with' => 'com.android.browser',
  'content-type' => '',
  'content-length' => '',
)
[ info ] [ PARAM ] array (
)
[ info ] [ SESSION ] INIT array (
  'id' => '',
  'var_session_id' => '',
  'prefix' => 'think',
  'type' => '',
  'auto_start' => true,
)
[ info ] [ DB ] INIT mysql
[ info ] [ RUN ] app\admin\controller\Vote->user_add[ /www/wwwroot/tez.lyzfrj.com/application/admin/controller/Vote.php ]
[ info ] [ VIEW ] /www/wwwroot/tez.lyzfrj.com/application/admin/view/vote/user_add.html [ array (
  0 => 'controller',
  1 => 'action',
  2 => 'list_menu',
  3 => 'headArr',
) ]
[ info ] [ LOG ] INIT File
[ sql ] [ DB ] CONNECT:[ UseTime:0.000415s ] mysql:dbname=tez_lyzfrj_com;host=127.0.0.1;charset=utf8
[ sql ] [ SQL ] SHOW COLUMNS FROM `zifi_admin_user` [ RunTime:0.000762s ]
[ sql ] [ SQL ] SELECT `role_id` FROM `zifi_admin_user` WHERE  (  admin_id=3 ) LIMIT 1 [ RunTime:0.000203s ]
[ sql ] [ SQL ] SHOW COLUMNS FROM `zifi_admin_role` [ RunTime:0.000499s ]
[ sql ] [ SQL ] SELECT `power` FROM `zifi_admin_role` WHERE  (  role_id=1 ) LIMIT 1 [ RunTime:0.000142s ]
[ sql ] [ SQL ] SHOW COLUMNS FROM `zifi_admin_menu` [ RunTime:0.000505s ]
[ sql ] [ SQL ] SELECT * FROM `zifi_admin_menu` WHERE  (  fid = 0 and shows = 1  ) ORDER BY sort desc [ RunTime:0.000170s ]
[ sql ] [ SQL ] SELECT * FROM `zifi_admin_menu` WHERE  (  fid != 0 and shows = 1 and id in (68,69,71,51,11,12,13,14) ) ORDER BY sort desc [ RunTime:0.000183s ]
[ sql ] [ SQL ] SHOW COLUMNS FROM `zifi_param` [ RunTime:0.000492s ]
[ sql ] [ SQL ] SELECT * FROM `zifi_param` [ RunTime:0.000174s ]

---------------------------------------------------------------
[ 2017-10-15T11:13:49+08:00 ] 118.190.138.146 112.224.2.85 GET /index.php/admin/vote/user_list.html
[ log ] tez.lyzfrj.com/index.php/admin/vote/user_list.html [运行时间：0.038897s][吞吐率：25.71req/s] [内存消耗：3,452.41kb] [文件加载：48]
[ info ] [ LANG ] /www/wwwroot/tez.lyzfrj.com/thinkphp/lang/zh-cn.php
[ info ] [ ROUTE ] array (
  'type' => 'module',
  'module' => 
  array (
    0 => 'admin',
    1 => 'vote',
    2 => 'user_list',
  ),
)
[ info ] [ HEADER ] array (
  'host' => 'tez.lyzfrj.com',
  'connection' => 'keep-alive',
  'accept' => 'text/html,application/xhtml+xml,application/xml;q=0.9,image/webp,*/*;q=0.8',
  'upgrade-insecure-requests' => '1',
  'user-agent' => 'Mozilla/5.0 (Linux; U; Android 6.0;zh_cn; Letv X500 Build/DBXCNOP5902605181S) AppleWebKit/537.36 (KHTML, like Gecko)Version/4.0 Chrome/49.0.2623.91 Mobile Safari/537.36 EUI Browser/1.4.1.47',
  'referer' => 'http://tez.lyzfrj.com/index.php/admin/index/index.html',
  'accept-encoding' => 'gzip, deflate',
  'accept-language' => 'zh-CN,en-US;q=0.8',
  'cookie' => 'PHPSESSID=47q49sml0e5gprvit1vt0d7bn0',
  'x-requested-with' => 'com.android.browser',
  'content-type' => '',
  'content-length' => '',
)
[ info ] [ PARAM ] array (
)
[ info ] [ SESSION ] INIT array (
  'id' => '',
  'var_session_id' => '',
  'prefix' => 'think',
  'type' => '',
  'auto_start' => true,
)
[ info ] [ DB ] INIT mysql
[ info ] [ RUN ] app\admin\controller\Vote->user_list[ /www/wwwroot/tez.lyzfrj.com/application/admin/controller/Vote.php ]
[ info ] [ VIEW ] /www/wwwroot/tez.lyzfrj.com/application/admin/view/vote/user_list.html [ array (
  0 => 'controller',
  1 => 'action',
  2 => 'list_menu',
  3 => 'headArr',
  4 => 'list_data',
  5 => 'keyword',
  6 => 'ip',
) ]
[ info ] [ LOG ] INIT File
[ sql ] [ DB ] CONNECT:[ UseTime:0.000383s ] mysql:dbname=tez_lyzfrj_com;host=127.0.0.1;charset=utf8
[ sql ] [ SQL ] SHOW COLUMNS FROM `zifi_admin_user` [ RunTime:0.000742s ]
[ sql ] [ SQL ] SELECT `role_id` FROM `zifi_admin_user` WHERE  (  admin_id=3 ) LIMIT 1 [ RunTime:0.000206s ]
[ sql ] [ SQL ] SHOW COLUMNS FROM `zifi_admin_role` [ RunTime:0.000499s ]
[ sql ] [ SQL ] SELECT `power` FROM `zifi_admin_role` WHERE  (  role_id=1 ) LIMIT 1 [ RunTime:0.000153s ]
[ sql ] [ SQL ] SHOW COLUMNS FROM `zifi_admin_menu` [ RunTime:0.000513s ]
[ sql ] [ SQL ] SELECT * FROM `zifi_admin_menu` WHERE  (  fid = 0 and shows = 1  ) ORDER BY sort desc [ RunTime:0.000172s ]
[ sql ] [ SQL ] SELECT * FROM `zifi_admin_menu` WHERE  (  fid != 0 and shows = 1 and id in (68,69,71,51,11,12,13,14) ) ORDER BY sort desc [ RunTime:0.000184s ]
[ sql ] [ SQL ] SHOW COLUMNS FROM `zifi_param` [ RunTime:0.000505s ]
[ sql ] [ SQL ] SELECT * FROM `zifi_param` [ RunTime:0.000188s ]
[ sql ] [ SQL ] SHOW COLUMNS FROM `zifi_user` [ RunTime:0.000586s ]
[ sql ] [ SQL ] SELECT COUNT(*) AS tp_count FROM `zifi_user` LIMIT 1 [ RunTime:0.000208s ]
[ sql ] [ SQL ] SELECT * FROM `zifi_user` ORDER BY add_time desc LIMIT 0,50 [ RunTime:0.000284s ]
[ sql ] [ SQL ] SELECT COUNT(*) AS tp_count FROM `zifi_user` LIMIT 1 [ RunTime:0.000177s ]

---------------------------------------------------------------
[ 2017-10-15T11:14:00+08:00 ] 118.190.138.146 112.224.2.85 POST /index.php/admin/vote/user_del.html
[ log ] tez.lyzfrj.com/index.php/admin/vote/user_del.html [运行时间：0.031808s][吞吐率：31.44req/s] [内存消耗：3,309.99kb] [文件加载：47]
[ info ] [ LANG ] /www/wwwroot/tez.lyzfrj.com/thinkphp/lang/zh-cn.php
[ info ] [ ROUTE ] array (
  'type' => 'module',
  'module' => 
  array (
    0 => 'admin',
    1 => 'vote',
    2 => 'user_del',
  ),
)
[ info ] [ HEADER ] array (
  'host' => 'tez.lyzfrj.com',
  'connection' => 'keep-alive',
  'content-length' => '6',
  'accept' => '*/*',
  'origin' => 'http://tez.lyzfrj.com',
  'x-requested-with' => 'XMLHttpRequest',
  'user-agent' => 'Mozilla/5.0 (Linux; U; Android 6.0;zh_cn; Letv X500 Build/DBXCNOP5902605181S) AppleWebKit/537.36 (KHTML, like Gecko)Version/4.0 Chrome/49.0.2623.91 Mobile Safari/537.36 EUI Browser/1.4.1.47',
  'content-type' => 'application/x-www-form-urlencoded; charset=UTF-8',
  'referer' => 'http://tez.lyzfrj.com/index.php/admin/vote/user_list.html',
  'accept-encoding' => 'gzip, deflate',
  'accept-language' => 'zh-CN,en-US;q=0.8',
  'cookie' => 'PHPSESSID=47q49sml0e5gprvit1vt0d7bn0',
)
[ info ] [ PARAM ] array (
  'id' => '101',
)
[ info ] [ SESSION ] INIT array (
  'id' => '',
  'var_session_id' => '',
  'prefix' => 'think',
  'type' => '',
  'auto_start' => true,
)
[ info ] [ DB ] INIT mysql
[ info ] [ RUN ] app\admin\controller\Vote->user_del[ /www/wwwroot/tez.lyzfrj.com/application/admin/controller/Vote.php ]
[ info ] [ CACHE ] INIT File
[ info ] [ LOG ] INIT File
[ sql ] [ DB ] CONNECT:[ UseTime:0.000390s ] mysql:dbname=tez_lyzfrj_com;host=127.0.0.1;charset=utf8
[ sql ] [ SQL ] SHOW COLUMNS FROM `zifi_admin_user` [ RunTime:0.000703s ]
[ sql ] [ SQL ] SELECT `role_id` FROM `zifi_admin_user` WHERE  (  admin_id=3 ) LIMIT 1 [ RunTime:0.000245s ]
[ sql ] [ SQL ] SHOW COLUMNS FROM `zifi_admin_role` [ RunTime:0.000547s ]
[ sql ] [ SQL ] SELECT `power` FROM `zifi_admin_role` WHERE  (  role_id=1 ) LIMIT 1 [ RunTime:0.000142s ]
[ sql ] [ SQL ] SHOW COLUMNS FROM `zifi_admin_menu` [ RunTime:0.000524s ]
[ sql ] [ SQL ] SELECT * FROM `zifi_admin_menu` WHERE  (  fid = 0 and shows = 1  ) ORDER BY sort desc [ RunTime:0.000201s ]
[ sql ] [ SQL ] SELECT * FROM `zifi_admin_menu` WHERE  (  fid != 0 and shows = 1 and id in (68,69,71,51,11,12,13,14) ) ORDER BY sort desc [ RunTime:0.000185s ]
[ sql ] [ SQL ] SHOW COLUMNS FROM `zifi_param` [ RunTime:0.000538s ]
[ sql ] [ SQL ] SELECT * FROM `zifi_param` [ RunTime:0.000178s ]
[ sql ] [ SQL ] SHOW COLUMNS FROM `zifi_user` [ RunTime:0.000485s ]
[ sql ] [ SQL ] DELETE FROM `zifi_user`    WHERE  `id` = 101 [ RunTime:0.000272s ]

---------------------------------------------------------------
[ 2017-10-15T11:14:12+08:00 ] 118.190.138.146 112.224.2.85 GET /index.php/admin/vote/user_add.html
[ log ] tez.lyzfrj.com/index.php/admin/vote/user_add.html [运行时间：0.030927s][吞吐率：32.33req/s] [内存消耗：3,275.41kb] [文件加载：45]
[ info ] [ LANG ] /www/wwwroot/tez.lyzfrj.com/thinkphp/lang/zh-cn.php
[ info ] [ ROUTE ] array (
  'type' => 'module',
  'module' => 
  array (
    0 => 'admin',
    1 => 'vote',
    2 => 'user_add',
  ),
)
[ info ] [ HEADER ] array (
  'host' => 'tez.lyzfrj.com',
  'connection' => 'keep-alive',
  'accept' => 'text/html,application/xhtml+xml,application/xml;q=0.9,image/webp,*/*;q=0.8',
  'upgrade-insecure-requests' => '1',
  'user-agent' => 'Mozilla/5.0 (Linux; U; Android 6.0;zh_cn; Letv X500 Build/DBXCNOP5902605181S) AppleWebKit/537.36 (KHTML, like Gecko)Version/4.0 Chrome/49.0.2623.91 Mobile Safari/537.36 EUI Browser/1.4.1.47',
  'referer' => 'http://tez.lyzfrj.com/index.php/admin/index/index.html',
  'accept-encoding' => 'gzip, deflate',
  'accept-language' => 'zh-CN,en-US;q=0.8',
  'cookie' => 'PHPSESSID=47q49sml0e5gprvit1vt0d7bn0',
  'x-requested-with' => 'com.android.browser',
  'content-type' => '',
  'content-length' => '',
)
[ info ] [ PARAM ] array (
)
[ info ] [ SESSION ] INIT array (
  'id' => '',
  'var_session_id' => '',
  'prefix' => 'think',
  'type' => '',
  'auto_start' => true,
)
[ info ] [ DB ] INIT mysql
[ info ] [ RUN ] app\admin\controller\Vote->user_add[ /www/wwwroot/tez.lyzfrj.com/application/admin/controller/Vote.php ]
[ info ] [ VIEW ] /www/wwwroot/tez.lyzfrj.com/application/admin/view/vote/user_add.html [ array (
  0 => 'controller',
  1 => 'action',
  2 => 'list_menu',
  3 => 'headArr',
) ]
[ info ] [ LOG ] INIT File
[ sql ] [ DB ] CONNECT:[ UseTime:0.000401s ] mysql:dbname=tez_lyzfrj_com;host=127.0.0.1;charset=utf8
[ sql ] [ SQL ] SHOW COLUMNS FROM `zifi_admin_user` [ RunTime:0.000767s ]
[ sql ] [ SQL ] SELECT `role_id` FROM `zifi_admin_user` WHERE  (  admin_id=3 ) LIMIT 1 [ RunTime:0.000206s ]
[ sql ] [ SQL ] SHOW COLUMNS FROM `zifi_admin_role` [ RunTime:0.000497s ]
[ sql ] [ SQL ] SELECT `power` FROM `zifi_admin_role` WHERE  (  role_id=1 ) LIMIT 1 [ RunTime:0.000146s ]
[ sql ] [ SQL ] SHOW COLUMNS FROM `zifi_admin_menu` [ RunTime:0.000498s ]
[ sql ] [ SQL ] SELECT * FROM `zifi_admin_menu` WHERE  (  fid = 0 and shows = 1  ) ORDER BY sort desc [ RunTime:0.000204s ]
[ sql ] [ SQL ] SELECT * FROM `zifi_admin_menu` WHERE  (  fid != 0 and shows = 1 and id in (68,69,71,51,11,12,13,14) ) ORDER BY sort desc [ RunTime:0.000203s ]
[ sql ] [ SQL ] SHOW COLUMNS FROM `zifi_param` [ RunTime:0.000581s ]
[ sql ] [ SQL ] SELECT * FROM `zifi_param` [ RunTime:0.000187s ]

---------------------------------------------------------------
[ 2017-10-15T11:14:38+08:00 ] 118.190.138.146 112.224.2.85 POST /index.php/admin/vote/ajax_user_add.html
[ log ] tez.lyzfrj.com/index.php/admin/vote/ajax_user_add.html [运行时间：0.030500s][吞吐率：32.79req/s] [内存消耗：3,213.20kb] [文件加载：44]
[ info ] [ LANG ] /www/wwwroot/tez.lyzfrj.com/thinkphp/lang/zh-cn.php
[ info ] [ ROUTE ] array (
  'type' => 'module',
  'module' => 
  array (
    0 => 'admin',
    1 => 'vote',
    2 => 'ajax_user_add',
  ),
)
[ info ] [ HEADER ] array (
  'host' => 'tez.lyzfrj.com',
  'connection' => 'keep-alive',
  'content-length' => '124',
  'accept' => '*/*',
  'origin' => 'http://tez.lyzfrj.com',
  'x-requested-with' => 'XMLHttpRequest',
  'user-agent' => 'Mozilla/5.0 (Linux; U; Android 6.0;zh_cn; Letv X500 Build/DBXCNOP5902605181S) AppleWebKit/537.36 (KHTML, like Gecko)Version/4.0 Chrome/49.0.2623.91 Mobile Safari/537.36 EUI Browser/1.4.1.47',
  'content-type' => 'application/x-www-form-urlencoded; charset=UTF-8',
  'referer' => 'http://tez.lyzfrj.com/index.php/admin/vote/user_add.html',
  'accept-encoding' => 'gzip, deflate',
  'accept-language' => 'zh-CN,en-US;q=0.8',
  'cookie' => 'PHPSESSID=47q49sml0e5gprvit1vt0d7bn0',
)
[ info ] [ PARAM ] array (
  'name' => '王迪',
  'mobile' => '17568033194',
  'card' => '',
  'number' => '2',
  'buy_time' => '2017-10-15',
  'work_unit' => '信程旅游',
)
[ info ] [ SESSION ] INIT array (
  'id' => '',
  'var_session_id' => '',
  'prefix' => 'think',
  'type' => '',
  'auto_start' => true,
)
[ info ] [ DB ] INIT mysql
[ info ] [ RUN ] app\admin\controller\Vote->ajax_user_add[ /www/wwwroot/tez.lyzfrj.com/application/admin/controller/Vote.php ]
[ info ] [ LOG ] INIT File
[ sql ] [ DB ] CONNECT:[ UseTime:0.000387s ] mysql:dbname=tez_lyzfrj_com;host=127.0.0.1;charset=utf8
[ sql ] [ SQL ] SHOW COLUMNS FROM `zifi_admin_user` [ RunTime:0.000743s ]
[ sql ] [ SQL ] SELECT `role_id` FROM `zifi_admin_user` WHERE  (  admin_id=3 ) LIMIT 1 [ RunTime:0.000206s ]
[ sql ] [ SQL ] SHOW COLUMNS FROM `zifi_admin_role` [ RunTime:0.000487s ]
[ sql ] [ SQL ] SELECT `power` FROM `zifi_admin_role` WHERE  (  role_id=1 ) LIMIT 1 [ RunTime:0.000143s ]
[ sql ] [ SQL ] SHOW COLUMNS FROM `zifi_admin_menu` [ RunTime:0.000503s ]
[ sql ] [ SQL ] SELECT * FROM `zifi_admin_menu` WHERE  (  fid = 0 and shows = 1  ) ORDER BY sort desc [ RunTime:0.000167s ]
[ sql ] [ SQL ] SELECT * FROM `zifi_admin_menu` WHERE  (  fid != 0 and shows = 1 and id in (68,69,71,51,11,12,13,14) ) ORDER BY sort desc [ RunTime:0.000202s ]
[ sql ] [ SQL ] SHOW COLUMNS FROM `zifi_param` [ RunTime:0.000492s ]
[ sql ] [ SQL ] SELECT * FROM `zifi_param` [ RunTime:0.000165s ]
[ sql ] [ SQL ] SHOW COLUMNS FROM `zifi_user` [ RunTime:0.000516s ]
[ sql ] [ SQL ] INSERT INTO `zifi_user` (`name` , `mobile` , `card` , `number` , `buy_time` , `work_unit` , `status` , `add_time` , `update_time`) VALUES ('王迪' , '17568033194' , '' , 2 , '2017-10-15' , '信程旅游' , 1 , 1508037278 , 1508037278) [ RunTime:0.000273s ]

---------------------------------------------------------------
[ 2017-10-15T11:14:44+08:00 ] 118.190.138.146 112.224.2.85 GET /index.php/admin/vote/user_add.html
[ log ] tez.lyzfrj.com/index.php/admin/vote/user_add.html [运行时间：0.029998s][吞吐率：33.34req/s] [内存消耗：3,275.37kb] [文件加载：45]
[ info ] [ LANG ] /www/wwwroot/tez.lyzfrj.com/thinkphp/lang/zh-cn.php
[ info ] [ ROUTE ] array (
  'type' => 'module',
  'module' => 
  array (
    0 => 'admin',
    1 => 'vote',
    2 => 'user_add',
  ),
)
[ info ] [ HEADER ] array (
  'host' => 'tez.lyzfrj.com',
  'connection' => 'keep-alive',
  'accept' => 'text/html,application/xhtml+xml,application/xml;q=0.9,image/webp,*/*;q=0.8',
  'upgrade-insecure-requests' => '1',
  'user-agent' => 'Mozilla/5.0 (Linux; U; Android 6.0;zh_cn; Letv X500 Build/DBXCNOP5902605181S) AppleWebKit/537.36 (KHTML, like Gecko)Version/4.0 Chrome/49.0.2623.91 Mobile Safari/537.36 EUI Browser/1.4.1.47',
  'referer' => 'http://tez.lyzfrj.com/index.php/admin/vote/user_add.html',
  'accept-encoding' => 'gzip, deflate',
  'accept-language' => 'zh-CN,en-US;q=0.8',
  'cookie' => 'PHPSESSID=47q49sml0e5gprvit1vt0d7bn0',
  'x-requested-with' => 'com.android.browser',
  'content-type' => '',
  'content-length' => '',
)
[ info ] [ PARAM ] array (
)
[ info ] [ SESSION ] INIT array (
  'id' => '',
  'var_session_id' => '',
  'prefix' => 'think',
  'type' => '',
  'auto_start' => true,
)
[ info ] [ DB ] INIT mysql
[ info ] [ RUN ] app\admin\controller\Vote->user_add[ /www/wwwroot/tez.lyzfrj.com/application/admin/controller/Vote.php ]
[ info ] [ VIEW ] /www/wwwroot/tez.lyzfrj.com/application/admin/view/vote/user_add.html [ array (
  0 => 'controller',
  1 => 'action',
  2 => 'list_menu',
  3 => 'headArr',
) ]
[ info ] [ LOG ] INIT File
[ sql ] [ DB ] CONNECT:[ UseTime:0.000373s ] mysql:dbname=tez_lyzfrj_com;host=127.0.0.1;charset=utf8
[ sql ] [ SQL ] SHOW COLUMNS FROM `zifi_admin_user` [ RunTime:0.000700s ]
[ sql ] [ SQL ] SELECT `role_id` FROM `zifi_admin_user` WHERE  (  admin_id=3 ) LIMIT 1 [ RunTime:0.000199s ]
[ sql ] [ SQL ] SHOW COLUMNS FROM `zifi_admin_role` [ RunTime:0.000524s ]
[ sql ] [ SQL ] SELECT `power` FROM `zifi_admin_role` WHERE  (  role_id=1 ) LIMIT 1 [ RunTime:0.000154s ]
[ sql ] [ SQL ] SHOW COLUMNS FROM `zifi_admin_menu` [ RunTime:0.000481s ]
[ sql ] [ SQL ] SELECT * FROM `zifi_admin_menu` WHERE  (  fid = 0 and shows = 1  ) ORDER BY sort desc [ RunTime:0.000166s ]
[ sql ] [ SQL ] SELECT * FROM `zifi_admin_menu` WHERE  (  fid != 0 and shows = 1 and id in (68,69,71,51,11,12,13,14) ) ORDER BY sort desc [ RunTime:0.000173s ]
[ sql ] [ SQL ] SHOW COLUMNS FROM `zifi_param` [ RunTime:0.000472s ]
[ sql ] [ SQL ] SELECT * FROM `zifi_param` [ RunTime:0.000153s ]

---------------------------------------------------------------
[ 2017-10-15T11:14:47+08:00 ] 118.190.138.146 112.224.2.85 GET /index.php/admin/vote/user_list.html
[ log ] tez.lyzfrj.com/index.php/admin/vote/user_list.html [运行时间：0.034445s][吞吐率：29.03req/s] [内存消耗：3,452.41kb] [文件加载：48]
[ info ] [ LANG ] /www/wwwroot/tez.lyzfrj.com/thinkphp/lang/zh-cn.php
[ info ] [ ROUTE ] array (
  'type' => 'module',
  'module' => 
  array (
    0 => 'admin',
    1 => 'vote',
    2 => 'user_list',
  ),
)
[ info ] [ HEADER ] array (
  'host' => 'tez.lyzfrj.com',
  'connection' => 'keep-alive',
  'accept' => 'text/html,application/xhtml+xml,application/xml;q=0.9,image/webp,*/*;q=0.8',
  'upgrade-insecure-requests' => '1',
  'user-agent' => 'Mozilla/5.0 (Linux; U; Android 6.0;zh_cn; Letv X500 Build/DBXCNOP5902605181S) AppleWebKit/537.36 (KHTML, like Gecko)Version/4.0 Chrome/49.0.2623.91 Mobile Safari/537.36 EUI Browser/1.4.1.47',
  'referer' => 'http://tez.lyzfrj.com/index.php/admin/index/index.html',
  'accept-encoding' => 'gzip, deflate',
  'accept-language' => 'zh-CN,en-US;q=0.8',
  'cookie' => 'PHPSESSID=47q49sml0e5gprvit1vt0d7bn0',
  'x-requested-with' => 'com.android.browser',
  'content-type' => '',
  'content-length' => '',
)
[ info ] [ PARAM ] array (
)
[ info ] [ SESSION ] INIT array (
  'id' => '',
  'var_session_id' => '',
  'prefix' => 'think',
  'type' => '',
  'auto_start' => true,
)
[ info ] [ DB ] INIT mysql
[ info ] [ RUN ] app\admin\controller\Vote->user_list[ /www/wwwroot/tez.lyzfrj.com/application/admin/controller/Vote.php ]
[ info ] [ VIEW ] /www/wwwroot/tez.lyzfrj.com/application/admin/view/vote/user_list.html [ array (
  0 => 'controller',
  1 => 'action',
  2 => 'list_menu',
  3 => 'headArr',
  4 => 'list_data',
  5 => 'keyword',
  6 => 'ip',
) ]
[ info ] [ LOG ] INIT File
[ sql ] [ DB ] CONNECT:[ UseTime:0.000426s ] mysql:dbname=tez_lyzfrj_com;host=127.0.0.1;charset=utf8
[ sql ] [ SQL ] SHOW COLUMNS FROM `zifi_admin_user` [ RunTime:0.000772s ]
[ sql ] [ SQL ] SELECT `role_id` FROM `zifi_admin_user` WHERE  (  admin_id=3 ) LIMIT 1 [ RunTime:0.000196s ]
[ sql ] [ SQL ] SHOW COLUMNS FROM `zifi_admin_role` [ RunTime:0.000457s ]
[ sql ] [ SQL ] SELECT `power` FROM `zifi_admin_role` WHERE  (  role_id=1 ) LIMIT 1 [ RunTime:0.000133s ]
[ sql ] [ SQL ] SHOW COLUMNS FROM `zifi_admin_menu` [ RunTime:0.000482s ]
[ sql ] [ SQL ] SELECT * FROM `zifi_admin_menu` WHERE  (  fid = 0 and shows = 1  ) ORDER BY sort desc [ RunTime:0.000158s ]
[ sql ] [ SQL ] SELECT * FROM `zifi_admin_menu` WHERE  (  fid != 0 and shows = 1 and id in (68,69,71,51,11,12,13,14) ) ORDER BY sort desc [ RunTime:0.000203s ]
[ sql ] [ SQL ] SHOW COLUMNS FROM `zifi_param` [ RunTime:0.000471s ]
[ sql ] [ SQL ] SELECT * FROM `zifi_param` [ RunTime:0.000155s ]
[ sql ] [ SQL ] SHOW COLUMNS FROM `zifi_user` [ RunTime:0.000497s ]
[ sql ] [ SQL ] SELECT COUNT(*) AS tp_count FROM `zifi_user` LIMIT 1 [ RunTime:0.000228s ]
[ sql ] [ SQL ] SELECT * FROM `zifi_user` ORDER BY add_time desc LIMIT 0,50 [ RunTime:0.000268s ]
[ sql ] [ SQL ] SELECT COUNT(*) AS tp_count FROM `zifi_user` LIMIT 1 [ RunTime:0.000148s ]

---------------------------------------------------------------
[ 2017-10-15T11:14:54+08:00 ] 118.190.138.146 112.224.2.85 POST /index.php/admin/vote/user_send.html
[ log ] tez.lyzfrj.com/index.php/admin/vote/user_send.html [运行时间：0.178397s][吞吐率：5.61req/s] [内存消耗：3,312.27kb] [文件加载：47]
[ info ] [ LANG ] /www/wwwroot/tez.lyzfrj.com/thinkphp/lang/zh-cn.php
[ info ] [ ROUTE ] array (
  'type' => 'module',
  'module' => 
  array (
    0 => 'admin',
    1 => 'vote',
    2 => 'user_send',
  ),
)
[ info ] [ HEADER ] array (
  'host' => 'tez.lyzfrj.com',
  'connection' => 'keep-alive',
  'content-length' => '6',
  'accept' => '*/*',
  'origin' => 'http://tez.lyzfrj.com',
  'x-requested-with' => 'XMLHttpRequest',
  'user-agent' => 'Mozilla/5.0 (Linux; U; Android 6.0;zh_cn; Letv X500 Build/DBXCNOP5902605181S) AppleWebKit/537.36 (KHTML, like Gecko)Version/4.0 Chrome/49.0.2623.91 Mobile Safari/537.36 EUI Browser/1.4.1.47',
  'content-type' => 'application/x-www-form-urlencoded; charset=UTF-8',
  'referer' => 'http://tez.lyzfrj.com/index.php/admin/vote/user_list.html',
  'accept-encoding' => 'gzip, deflate',
  'accept-language' => 'zh-CN,en-US;q=0.8',
  'cookie' => 'PHPSESSID=47q49sml0e5gprvit1vt0d7bn0',
)
[ info ] [ PARAM ] array (
  'id' => '102',
)
[ info ] [ SESSION ] INIT array (
  'id' => '',
  'var_session_id' => '',
  'prefix' => 'think',
  'type' => '',
  'auto_start' => true,
)
[ info ] [ DB ] INIT mysql
[ info ] [ RUN ] app\admin\controller\Vote->user_send[ /www/wwwroot/tez.lyzfrj.com/application/admin/controller/Vote.php ]
[ info ] [ CACHE ] INIT File
[ info ] [ LOG ] INIT File
[ sql ] [ DB ] CONNECT:[ UseTime:0.000364s ] mysql:dbname=tez_lyzfrj_com;host=127.0.0.1;charset=utf8
[ sql ] [ SQL ] SHOW COLUMNS FROM `zifi_admin_user` [ RunTime:0.000724s ]
[ sql ] [ SQL ] SELECT `role_id` FROM `zifi_admin_user` WHERE  (  admin_id=3 ) LIMIT 1 [ RunTime:0.000200s ]
[ sql ] [ SQL ] SHOW COLUMNS FROM `zifi_admin_role` [ RunTime:0.000469s ]
[ sql ] [ SQL ] SELECT `power` FROM `zifi_admin_role` WHERE  (  role_id=1 ) LIMIT 1 [ RunTime:0.000134s ]
[ sql ] [ SQL ] SHOW COLUMNS FROM `zifi_admin_menu` [ RunTime:0.000490s ]
[ sql ] [ SQL ] SELECT * FROM `zifi_admin_menu` WHERE  (  fid = 0 and shows = 1  ) ORDER BY sort desc [ RunTime:0.000194s ]
[ sql ] [ SQL ] SELECT * FROM `zifi_admin_menu` WHERE  (  fid != 0 and shows = 1 and id in (68,69,71,51,11,12,13,14) ) ORDER BY sort desc [ RunTime:0.000225s ]
[ sql ] [ SQL ] SHOW COLUMNS FROM `zifi_param` [ RunTime:0.000482s ]
[ sql ] [ SQL ] SELECT * FROM `zifi_param` [ RunTime:0.000157s ]
[ sql ] [ SQL ] SHOW COLUMNS FROM `zifi_user` [ RunTime:0.000478s ]
[ sql ] [ SQL ] SELECT * FROM `zifi_user` WHERE  `id` = 102 LIMIT 1 [ RunTime:0.000251s ]
[ sql ] [ SQL ] UPDATE `zifi_user`  SET `status`=2  WHERE  `id` = 102 [ RunTime:0.000312s ]

---------------------------------------------------------------
[ 2017-10-15T16:27:21+08:00 ] 118.190.138.146 112.239.19.180 GET /index.php/admin/index/index.html
[ log ] tez.lyzfrj.com/index.php/admin/index/index.html [运行时间：0.014693s][吞吐率：68.06req/s] [内存消耗：1,741.64kb] [文件加载：33]
[ info ] [ LANG ] /www/wwwroot/tez.lyzfrj.com/thinkphp/lang/zh-cn.php
[ info ] [ ROUTE ] array (
  'type' => 'module',
  'module' => 
  array (
    0 => 'admin',
    1 => 'index',
    2 => 'index',
  ),
)
[ info ] [ HEADER ] array (
  'accept' => 'text/html, application/xhtml+xml, */*',
  'accept-language' => 'zh-CN',
  'user-agent' => 'Mozilla/5.0 (Windows NT 6.1; Trident/7.0; rv:11.0) like Gecko',
  'accept-encoding' => 'gzip, deflate',
  'host' => 'tez.lyzfrj.com',
  'connection' => 'Keep-Alive',
  'cookie' => '__guid=258202895.443761569913823900.1506408097596.9116',
  'content-type' => '',
  'content-length' => '',
)
[ info ] [ PARAM ] array (
)
[ info ] [ SESSION ] INIT array (
  'id' => '',
  'var_session_id' => '',
  'prefix' => 'think',
  'type' => '',
  'auto_start' => true,
)
[ info ] [ LOG ] INIT File

---------------------------------------------------------------
[ 2017-10-15T16:27:22+08:00 ] 118.190.138.146 112.239.19.180 GET /index.php/admin/login/login.html
[ log ] tez.lyzfrj.com/index.php/admin/login/login.html [运行时间：0.015397s][吞吐率：64.95req/s] [内存消耗：1,713.52kb] [文件加载：34]
[ info ] [ LANG ] /www/wwwroot/tez.lyzfrj.com/thinkphp/lang/zh-cn.php
[ info ] [ ROUTE ] array (
  'type' => 'module',
  'module' => 
  array (
    0 => 'admin',
    1 => 'login',
    2 => 'login',
  ),
)
[ info ] [ HEADER ] array (
  'accept' => 'text/html, application/xhtml+xml, */*',
  'referer' => 'http://tez.lyzfrj.com/index.php/admin/index/index.html',
  'accept-language' => 'zh-CN',
  'user-agent' => 'Mozilla/5.0 (Windows NT 6.1; Trident/7.0; rv:11.0) like Gecko',
  'accept-encoding' => 'gzip, deflate',
  'host' => 'tez.lyzfrj.com',
  'connection' => 'Keep-Alive',
  'cookie' => '__guid=258202895.443761569913823900.1506408097596.9116; PHPSESSID=qjcnrm3bfcorv3selvq15i2627',
  'content-type' => '',
  'content-length' => '',
)
[ info ] [ PARAM ] array (
)
[ info ] [ RUN ] app\admin\controller\Login->login[ /www/wwwroot/tez.lyzfrj.com/application/admin/controller/Login.php ]
[ info ] [ VIEW ] /www/wwwroot/tez.lyzfrj.com/application/admin/view/login/login.html [ array (
  0 => 'headArr',
) ]
[ info ] [ LOG ] INIT File

---------------------------------------------------------------
[ 2017-10-15T16:27:23+08:00 ] 118.190.138.146 112.239.19.180 GET /index.php/admin/common/verify.html
[ log ] tez.lyzfrj.com/index.php/admin/common/verify.html [运行时间：0.013381s][吞吐率：74.73req/s] [内存消耗：1,460.50kb] [文件加载：28]
[ info ] [ LANG ] /www/wwwroot/tez.lyzfrj.com/thinkphp/lang/zh-cn.php
[ info ] [ ROUTE ] array (
  'type' => 'module',
  'module' => 
  array (
    0 => 'admin',
    1 => 'common',
    2 => 'verify',
  ),
)
[ info ] [ HEADER ] array (
  'accept' => 'image/png, image/svg+xml, image/*;q=0.8, */*;q=0.5',
  'referer' => 'http://tez.lyzfrj.com/index.php/admin/login/login.html',
  'accept-language' => 'zh-CN',
  'user-agent' => 'Mozilla/5.0 (Windows NT 6.1; Trident/7.0; rv:11.0) like Gecko',
  'accept-encoding' => 'gzip, deflate',
  'host' => 'tez.lyzfrj.com',
  'connection' => 'Keep-Alive',
  'cookie' => '__guid=258202895.443761569913823900.1506408097596.9116; PHPSESSID=qjcnrm3bfcorv3selvq15i2627',
  'content-type' => '',
  'content-length' => '',
)
[ info ] [ PARAM ] array (
)
[ info ] [ RUN ] app\admin\controller\Common->verify[ /www/wwwroot/tez.lyzfrj.com/application/admin/controller/Common.php ]
[ info ] [ SESSION ] INIT array (
  'id' => '',
  'var_session_id' => '',
  'prefix' => 'think',
  'type' => '',
  'auto_start' => true,
)
[ info ] [ LOG ] INIT File

---------------------------------------------------------------
[ 2017-10-15T16:27:33+08:00 ] 118.190.138.146 112.239.19.180 POST /index.php/admin/login/do_login.html
[ log ] tez.lyzfrj.com/index.php/admin/login/do_login.html [运行时间：0.028572s][吞吐率：35.00req/s] [内存消耗：2,683.42kb] [文件加载：41]
[ info ] [ LANG ] /www/wwwroot/tez.lyzfrj.com/thinkphp/lang/zh-cn.php
[ info ] [ ROUTE ] array (
  'type' => 'module',
  'module' => 
  array (
    0 => 'admin',
    1 => 'login',
    2 => 'do_login',
  ),
)
[ info ] [ HEADER ] array (
  'accept' => '*/*',
  'content-type' => 'application/x-www-form-urlencoded; charset=UTF-8',
  'x-requested-with' => 'XMLHttpRequest',
  'referer' => 'http://tez.lyzfrj.com/index.php/admin/login/login.html',
  'accept-language' => 'zh-CN',
  'accept-encoding' => 'gzip, deflate',
  'user-agent' => 'Mozilla/5.0 (Windows NT 6.1; Trident/7.0; rv:11.0) like Gecko',
  'host' => 'tez.lyzfrj.com',
  'content-length' => '39',
  'connection' => 'Keep-Alive',
  'cache-control' => 'no-cache',
  'cookie' => '__guid=258202895.443761569913823900.1506408097596.9116; PHPSESSID=qjcnrm3bfcorv3selvq15i2627',
)
[ info ] [ PARAM ] array (
  'username' => 'user',
  'password' => '123456',
  'code' => '5718',
)
[ info ] [ RUN ] app\admin\controller\Login->do_login[ /www/wwwroot/tez.lyzfrj.com/application/admin/controller/Login.php ]
[ info ] [ SESSION ] INIT array (
  'id' => '',
  'var_session_id' => '',
  'prefix' => 'think',
  'type' => '',
  'auto_start' => true,
)
[ info ] [ DB ] INIT mysql
[ info ] [ LOG ] INIT File
[ sql ] [ DB ] CONNECT:[ UseTime:0.000364s ] mysql:dbname=tez_lyzfrj_com;host=127.0.0.1;charset=utf8
[ sql ] [ SQL ] SHOW COLUMNS FROM `zifi_admin_user` [ RunTime:0.000724s ]
[ sql ] [ SQL ] SELECT * FROM `zifi_admin_user` WHERE  `username` = 'user' LIMIT 1 [ RunTime:0.000339s ]
[ sql ] [ SQL ] SELECT * FROM `zifi_admin_user` WHERE  `username` = 'user'  AND `password` = 'e10adc3949ba59abbe56e057f20f883e' LIMIT 1 [ RunTime:0.000280s ]
[ sql ] [ SQL ] SHOW COLUMNS FROM `zifi_admin_role` [ RunTime:0.000455s ]
[ sql ] [ SQL ] SELECT * FROM `zifi_admin_role` WHERE  (  role_id = 2 ) LIMIT 1 [ RunTime:0.000166s ]
[ sql ] [ SQL ] UPDATE `zifi_admin_user`  SET `last_login_ip`='112.239.19.180',`last_login_time`=1508056053  WHERE  `username` = 'user'  AND `password` = 'e10adc3949ba59abbe56e057f20f883e' [ RunTime:0.003809s ]

---------------------------------------------------------------
[ 2017-10-15T16:27:33+08:00 ] 118.190.138.146 112.239.19.180 GET /index.php/admin/index/index.html
[ log ] tez.lyzfrj.com/index.php/admin/index/index.html [运行时间：0.030003s][吞吐率：33.33req/s] [内存消耗：3,157.44kb] [文件加载：45]
[ info ] [ LANG ] /www/wwwroot/tez.lyzfrj.com/thinkphp/lang/zh-cn.php
[ info ] [ ROUTE ] array (
  'type' => 'module',
  'module' => 
  array (
    0 => 'admin',
    1 => 'index',
    2 => 'index',
  ),
)
[ info ] [ HEADER ] array (
  'accept' => 'text/html, application/xhtml+xml, */*',
  'referer' => 'http://tez.lyzfrj.com/index.php/admin/login/login.html',
  'accept-language' => 'zh-CN',
  'user-agent' => 'Mozilla/5.0 (Windows NT 6.1; Trident/7.0; rv:11.0) like Gecko',
  'accept-encoding' => 'gzip, deflate',
  'host' => 'tez.lyzfrj.com',
  'connection' => 'Keep-Alive',
  'cookie' => '__guid=258202895.443761569913823900.1506408097596.9116; PHPSESSID=qjcnrm3bfcorv3selvq15i2627',
  'content-type' => '',
  'content-length' => '',
)
[ info ] [ PARAM ] array (
)
[ info ] [ SESSION ] INIT array (
  'id' => '',
  'var_session_id' => '',
  'prefix' => 'think',
  'type' => '',
  'auto_start' => true,
)
[ info ] [ DB ] INIT mysql
[ info ] [ RUN ] app\admin\controller\Index->index[ /www/wwwroot/tez.lyzfrj.com/application/admin/controller/Index.php ]
[ info ] [ VIEW ] /www/wwwroot/tez.lyzfrj.com/application/admin/view/index/index.html [ array (
  0 => 'controller',
  1 => 'action',
  2 => 'list_menu',
  3 => 'headArr',
) ]
[ info ] [ LOG ] INIT File
[ sql ] [ DB ] CONNECT:[ UseTime:0.000396s ] mysql:dbname=tez_lyzfrj_com;host=127.0.0.1;charset=utf8
[ sql ] [ SQL ] SHOW COLUMNS FROM `zifi_admin_user` [ RunTime:0.000716s ]
[ sql ] [ SQL ] SELECT `role_id` FROM `zifi_admin_user` WHERE  (  admin_id=2 ) LIMIT 1 [ RunTime:0.000280s ]
[ sql ] [ SQL ] SHOW COLUMNS FROM `zifi_admin_role` [ RunTime:0.000485s ]
[ sql ] [ SQL ] SELECT `power` FROM `zifi_admin_role` WHERE  (  role_id=2 ) LIMIT 1 [ RunTime:0.000143s ]
[ sql ] [ SQL ] SHOW COLUMNS FROM `zifi_admin_menu` [ RunTime:0.000561s ]
[ sql ] [ SQL ] SELECT * FROM `zifi_admin_menu` WHERE  (  fid = 0 and shows = 1  ) ORDER BY sort desc [ RunTime:0.000177s ]
[ sql ] [ SQL ] SELECT * FROM `zifi_admin_menu` WHERE  (  fid != 0 and shows = 1 and id in (68,69,11) ) ORDER BY sort desc [ RunTime:0.000197s ]
[ sql ] [ SQL ] SHOW COLUMNS FROM `zifi_param` [ RunTime:0.000534s ]
[ sql ] [ SQL ] SELECT * FROM `zifi_param` [ RunTime:0.000164s ]

---------------------------------------------------------------
[ 2017-10-15T16:27:33+08:00 ] 118.190.138.146 112.239.19.180 GET /index.php/admin/index/main.html
[ log ] tez.lyzfrj.com/index.php/admin/index/main.html [运行时间：0.029025s][吞吐率：34.45req/s] [内存消耗：3,080.24kb] [文件加载：44]
[ info ] [ LANG ] /www/wwwroot/tez.lyzfrj.com/thinkphp/lang/zh-cn.php
[ info ] [ ROUTE ] array (
  'type' => 'module',
  'module' => 
  array (
    0 => 'admin',
    1 => 'index',
    2 => 'main',
  ),
)
[ info ] [ HEADER ] array (
  'accept' => 'text/html, application/xhtml+xml, */*',
  'referer' => 'http://tez.lyzfrj.com/index.php/admin/index/index.html',
  'accept-language' => 'zh-CN',
  'user-agent' => 'Mozilla/5.0 (Windows NT 6.1; Trident/7.0; rv:11.0) like Gecko',
  'accept-encoding' => 'gzip, deflate',
  'host' => 'tez.lyzfrj.com',
  'connection' => 'Keep-Alive',
  'cookie' => '__guid=258202895.443761569913823900.1506408097596.9116; PHPSESSID=qjcnrm3bfcorv3selvq15i2627',
  'content-type' => '',
  'content-length' => '',
)
[ info ] [ PARAM ] array (
)
[ info ] [ SESSION ] INIT array (
  'id' => '',
  'var_session_id' => '',
  'prefix' => 'think',
  'type' => '',
  'auto_start' => true,
)
[ info ] [ DB ] INIT mysql
[ info ] [ RUN ] app\admin\controller\Index->main[ /www/wwwroot/tez.lyzfrj.com/application/admin/controller/Index.php ]
[ info ] [ VIEW ] /www/wwwroot/tez.lyzfrj.com/application/admin/view/index/main.html [ array (
  0 => 'controller',
  1 => 'action',
  2 => 'list_menu',
  3 => 'headArr',
  4 => 'domain',
) ]
[ info ] [ LOG ] INIT File
[ sql ] [ DB ] CONNECT:[ UseTime:0.000395s ] mysql:dbname=tez_lyzfrj_com;host=127.0.0.1;charset=utf8
[ sql ] [ SQL ] SHOW COLUMNS FROM `zifi_admin_user` [ RunTime:0.000731s ]
[ sql ] [ SQL ] SELECT `role_id` FROM `zifi_admin_user` WHERE  (  admin_id=2 ) LIMIT 1 [ RunTime:0.000203s ]
[ sql ] [ SQL ] SHOW COLUMNS FROM `zifi_admin_role` [ RunTime:0.000482s ]
[ sql ] [ SQL ] SELECT `power` FROM `zifi_admin_role` WHERE  (  role_id=2 ) LIMIT 1 [ RunTime:0.000143s ]
[ sql ] [ SQL ] SHOW COLUMNS FROM `zifi_admin_menu` [ RunTime:0.000502s ]
[ sql ] [ SQL ] SELECT * FROM `zifi_admin_menu` WHERE  (  fid = 0 and shows = 1  ) ORDER BY sort desc [ RunTime:0.000170s ]
[ sql ] [ SQL ] SELECT * FROM `zifi_admin_menu` WHERE  (  fid != 0 and shows = 1 and id in (68,69,11) ) ORDER BY sort desc [ RunTime:0.000198s ]
[ sql ] [ SQL ] SHOW COLUMNS FROM `zifi_param` [ RunTime:0.000514s ]
[ sql ] [ SQL ] SELECT * FROM `zifi_param` [ RunTime:0.000199s ]

---------------------------------------------------------------
[ 2017-10-15T16:27:36+08:00 ] 118.190.138.146 112.239.19.180 GET /index.php/admin/vote/export.html
[ log ] tez.lyzfrj.com/index.php/admin/vote/export.html [运行时间：0.031862s][吞吐率：31.39req/s] [内存消耗：3,541.33kb] [文件加载：48]
[ info ] [ LANG ] /www/wwwroot/tez.lyzfrj.com/thinkphp/lang/zh-cn.php
[ info ] [ ROUTE ] array (
  'type' => 'module',
  'module' => 
  array (
    0 => 'admin',
    1 => 'vote',
    2 => 'export',
  ),
)
[ info ] [ HEADER ] array (
  'accept' => 'text/html, application/xhtml+xml, */*',
  'referer' => 'http://tez.lyzfrj.com/index.php/admin/index/index.html',
  'accept-language' => 'zh-CN',
  'user-agent' => 'Mozilla/5.0 (Windows NT 6.1; Trident/7.0; rv:11.0) like Gecko',
  'accept-encoding' => 'gzip, deflate',
  'host' => 'tez.lyzfrj.com',
  'connection' => 'Keep-Alive',
  'cookie' => '__guid=258202895.443761569913823900.1506408097596.9116; PHPSESSID=qjcnrm3bfcorv3selvq15i2627',
  'content-type' => '',
  'content-length' => '',
)
[ info ] [ PARAM ] array (
)
[ info ] [ SESSION ] INIT array (
  'id' => '',
  'var_session_id' => '',
  'prefix' => 'think',
  'type' => '',
  'auto_start' => true,
)
[ info ] [ DB ] INIT mysql
[ info ] [ RUN ] app\admin\controller\Vote->export[ /www/wwwroot/tez.lyzfrj.com/application/admin/controller/Vote.php ]
[ info ] [ VIEW ] /www/wwwroot/tez.lyzfrj.com/application/admin/view/vote/export.html [ array (
  0 => 'controller',
  1 => 'action',
  2 => 'list_menu',
  3 => 'data',
  4 => 'headArr',
) ]
[ info ] [ LOG ] INIT File
[ sql ] [ DB ] CONNECT:[ UseTime:0.000377s ] mysql:dbname=tez_lyzfrj_com;host=127.0.0.1;charset=utf8
[ sql ] [ SQL ] SHOW COLUMNS FROM `zifi_admin_user` [ RunTime:0.000701s ]
[ sql ] [ SQL ] SELECT `role_id` FROM `zifi_admin_user` WHERE  (  admin_id=2 ) LIMIT 1 [ RunTime:0.000212s ]
[ sql ] [ SQL ] SHOW COLUMNS FROM `zifi_admin_role` [ RunTime:0.000450s ]
[ sql ] [ SQL ] SELECT `power` FROM `zifi_admin_role` WHERE  (  role_id=2 ) LIMIT 1 [ RunTime:0.000195s ]
[ sql ] [ SQL ] SHOW COLUMNS FROM `zifi_admin_menu` [ RunTime:0.000527s ]
[ sql ] [ SQL ] SELECT * FROM `zifi_admin_menu` WHERE  (  fid = 0 and shows = 1  ) ORDER BY sort desc [ RunTime:0.000181s ]
[ sql ] [ SQL ] SELECT * FROM `zifi_admin_menu` WHERE  (  fid != 0 and shows = 1 and id in (68,69,11) ) ORDER BY sort desc [ RunTime:0.000179s ]
[ sql ] [ SQL ] SHOW COLUMNS FROM `zifi_param` [ RunTime:0.000540s ]
[ sql ] [ SQL ] SELECT * FROM `zifi_param` [ RunTime:0.000157s ]

---------------------------------------------------------------
[ 2017-10-15T16:27:36+08:00 ] 118.190.138.146 112.239.19.180 POST /index.php/admin/common/get_system_main.html
[ log ] tez.lyzfrj.com/index.php/admin/common/get_system_main.html [运行时间：0.019766s][吞吐率：50.59req/s] [内存消耗：2,296.31kb] [文件加载：35]
[ info ] [ LANG ] /www/wwwroot/tez.lyzfrj.com/thinkphp/lang/zh-cn.php
[ info ] [ ROUTE ] array (
  'type' => 'module',
  'module' => 
  array (
    0 => 'admin',
    1 => 'common',
    2 => 'get_system_main',
  ),
)
[ info ] [ HEADER ] array (
  'accept' => '*/*',
  'content-type' => 'application/x-www-form-urlencoded; charset=UTF-8',
  'x-requested-with' => 'XMLHttpRequest',
  'referer' => 'http://tez.lyzfrj.com/index.php/admin/vote/export.html',
  'accept-language' => 'zh-CN',
  'accept-encoding' => 'gzip, deflate',
  'user-agent' => 'Mozilla/5.0 (Windows NT 6.1; Trident/7.0; rv:11.0) like Gecko',
  'host' => 'tez.lyzfrj.com',
  'content-length' => '5',
  'connection' => 'Keep-Alive',
  'cache-control' => 'no-cache',
  'cookie' => '__guid=258202895.443761569913823900.1506408097596.9116; PHPSESSID=qjcnrm3bfcorv3selvq15i2627',
)
[ info ] [ PARAM ] array (
  'cid' => '0',
)
[ info ] [ RUN ] app\admin\controller\Common->get_system_main[ /www/wwwroot/tez.lyzfrj.com/application/admin/controller/Common.php ]
[ info ] [ DB ] INIT mysql
[ info ] [ LOG ] INIT File
[ sql ] [ DB ] CONNECT:[ UseTime:0.000297s ] mysql:dbname=tez_lyzfrj_com;host=127.0.0.1;charset=utf8
[ error ] [42S02]SQLSTATE[42S02]: Base table or view not found: 1146 Table 'tez_lyzfrj_com.zifi_system_main' doesn't exist[/www/wwwroot/tez.lyzfrj.com/thinkphp/library/think/db/connector/Mysql.php:65]

---------------------------------------------------------------
[ 2017-10-15T16:27:37+08:00 ] 118.190.138.146 112.239.19.180 GET /index.php/admin/vote/user_list.html
[ log ] tez.lyzfrj.com/index.php/admin/vote/user_list.html [运行时间：0.035329s][吞吐率：28.31req/s] [内存消耗：3,443.05kb] [文件加载：48]
[ info ] [ LANG ] /www/wwwroot/tez.lyzfrj.com/thinkphp/lang/zh-cn.php
[ info ] [ ROUTE ] array (
  'type' => 'module',
  'module' => 
  array (
    0 => 'admin',
    1 => 'vote',
    2 => 'user_list',
  ),
)
[ info ] [ HEADER ] array (
  'accept' => 'text/html, application/xhtml+xml, */*',
  'referer' => 'http://tez.lyzfrj.com/index.php/admin/index/index.html',
  'accept-language' => 'zh-CN',
  'user-agent' => 'Mozilla/5.0 (Windows NT 6.1; Trident/7.0; rv:11.0) like Gecko',
  'accept-encoding' => 'gzip, deflate',
  'host' => 'tez.lyzfrj.com',
  'connection' => 'Keep-Alive',
  'cookie' => '__guid=258202895.443761569913823900.1506408097596.9116; PHPSESSID=qjcnrm3bfcorv3selvq15i2627',
  'content-type' => '',
  'content-length' => '',
)
[ info ] [ PARAM ] array (
)
[ info ] [ SESSION ] INIT array (
  'id' => '',
  'var_session_id' => '',
  'prefix' => 'think',
  'type' => '',
  'auto_start' => true,
)
[ info ] [ DB ] INIT mysql
[ info ] [ RUN ] app\admin\controller\Vote->user_list[ /www/wwwroot/tez.lyzfrj.com/application/admin/controller/Vote.php ]
[ info ] [ VIEW ] /www/wwwroot/tez.lyzfrj.com/application/admin/view/vote/user_list.html [ array (
  0 => 'controller',
  1 => 'action',
  2 => 'list_menu',
  3 => 'headArr',
  4 => 'list_data',
  5 => 'keyword',
  6 => 'ip',
) ]
[ info ] [ LOG ] INIT File
[ sql ] [ DB ] CONNECT:[ UseTime:0.000369s ] mysql:dbname=tez_lyzfrj_com;host=127.0.0.1;charset=utf8
[ sql ] [ SQL ] SHOW COLUMNS FROM `zifi_admin_user` [ RunTime:0.000700s ]
[ sql ] [ SQL ] SELECT `role_id` FROM `zifi_admin_user` WHERE  (  admin_id=2 ) LIMIT 1 [ RunTime:0.000201s ]
[ sql ] [ SQL ] SHOW COLUMNS FROM `zifi_admin_role` [ RunTime:0.000462s ]
[ sql ] [ SQL ] SELECT `power` FROM `zifi_admin_role` WHERE  (  role_id=2 ) LIMIT 1 [ RunTime:0.000165s ]
[ sql ] [ SQL ] SHOW COLUMNS FROM `zifi_admin_menu` [ RunTime:0.000481s ]
[ sql ] [ SQL ] SELECT * FROM `zifi_admin_menu` WHERE  (  fid = 0 and shows = 1  ) ORDER BY sort desc [ RunTime:0.000175s ]
[ sql ] [ SQL ] SELECT * FROM `zifi_admin_menu` WHERE  (  fid != 0 and shows = 1 and id in (68,69,11) ) ORDER BY sort desc [ RunTime:0.000176s ]
[ sql ] [ SQL ] SHOW COLUMNS FROM `zifi_param` [ RunTime:0.000493s ]
[ sql ] [ SQL ] SELECT * FROM `zifi_param` [ RunTime:0.000159s ]
[ sql ] [ SQL ] SHOW COLUMNS FROM `zifi_user` [ RunTime:0.000513s ]
[ sql ] [ SQL ] SELECT COUNT(*) AS tp_count FROM `zifi_user` LIMIT 1 [ RunTime:0.000177s ]
[ sql ] [ SQL ] SELECT * FROM `zifi_user` ORDER BY add_time desc LIMIT 0,50 [ RunTime:0.000290s ]
[ sql ] [ SQL ] SELECT COUNT(*) AS tp_count FROM `zifi_user` LIMIT 1 [ RunTime:0.000173s ]

---------------------------------------------------------------
[ 2017-10-15T16:30:01+08:00 ] 118.190.138.146 112.239.19.180 POST /index.php/admin/vote/user_set.html
[ log ] tez.lyzfrj.com/index.php/admin/vote/user_set.html [运行时间：0.031533s][吞吐率：31.71req/s] [内存消耗：3,302.70kb] [文件加载：47]
[ info ] [ LANG ] /www/wwwroot/tez.lyzfrj.com/thinkphp/lang/zh-cn.php
[ info ] [ ROUTE ] array (
  'type' => 'module',
  'module' => 
  array (
    0 => 'admin',
    1 => 'vote',
    2 => 'user_set',
  ),
)
[ info ] [ HEADER ] array (
  'accept' => '*/*',
  'content-type' => 'application/x-www-form-urlencoded; charset=UTF-8',
  'x-requested-with' => 'XMLHttpRequest',
  'referer' => 'http://tez.lyzfrj.com/index.php/admin/vote/user_list.html',
  'accept-language' => 'zh-CN',
  'accept-encoding' => 'gzip, deflate',
  'user-agent' => 'Mozilla/5.0 (Windows NT 6.1; Trident/7.0; rv:11.0) like Gecko',
  'host' => 'tez.lyzfrj.com',
  'content-length' => '6',
  'connection' => 'Keep-Alive',
  'cache-control' => 'no-cache',
  'cookie' => '__guid=258202895.443761569913823900.1506408097596.9116; PHPSESSID=qjcnrm3bfcorv3selvq15i2627',
)
[ info ] [ PARAM ] array (
  'id' => '102',
)
[ info ] [ SESSION ] INIT array (
  'id' => '',
  'var_session_id' => '',
  'prefix' => 'think',
  'type' => '',
  'auto_start' => true,
)
[ info ] [ DB ] INIT mysql
[ info ] [ RUN ] app\admin\controller\Vote->user_set[ /www/wwwroot/tez.lyzfrj.com/application/admin/controller/Vote.php ]
[ info ] [ CACHE ] INIT File
[ info ] [ LOG ] INIT File
[ sql ] [ DB ] CONNECT:[ UseTime:0.000334s ] mysql:dbname=tez_lyzfrj_com;host=127.0.0.1;charset=utf8
[ sql ] [ SQL ] SHOW COLUMNS FROM `zifi_admin_user` [ RunTime:0.000723s ]
[ sql ] [ SQL ] SELECT `role_id` FROM `zifi_admin_user` WHERE  (  admin_id=2 ) LIMIT 1 [ RunTime:0.000214s ]
[ sql ] [ SQL ] SHOW COLUMNS FROM `zifi_admin_role` [ RunTime:0.000471s ]
[ sql ] [ SQL ] SELECT `power` FROM `zifi_admin_role` WHERE  (  role_id=2 ) LIMIT 1 [ RunTime:0.000157s ]
[ sql ] [ SQL ] SHOW COLUMNS FROM `zifi_admin_menu` [ RunTime:0.000464s ]
[ sql ] [ SQL ] SELECT * FROM `zifi_admin_menu` WHERE  (  fid = 0 and shows = 1  ) ORDER BY sort desc [ RunTime:0.000171s ]
[ sql ] [ SQL ] SELECT * FROM `zifi_admin_menu` WHERE  (  fid != 0 and shows = 1 and id in (68,69,11) ) ORDER BY sort desc [ RunTime:0.000183s ]
[ sql ] [ SQL ] SHOW COLUMNS FROM `zifi_param` [ RunTime:0.000503s ]
[ sql ] [ SQL ] SELECT * FROM `zifi_param` [ RunTime:0.000166s ]
[ sql ] [ SQL ] SHOW COLUMNS FROM `zifi_user` [ RunTime:0.000505s ]
[ sql ] [ SQL ] UPDATE `zifi_user`  SET `buy`=2  WHERE  `id` = 102 [ RunTime:0.000299s ]

---------------------------------------------------------------
[ 2017-10-15T16:30:17+08:00 ] 118.190.138.146 112.239.19.180 POST /index.php/admin/vote/user_set.html
[ log ] tez.lyzfrj.com/index.php/admin/vote/user_set.html [运行时间：0.031197s][吞吐率：32.05req/s] [内存消耗：3,302.70kb] [文件加载：47]
[ info ] [ LANG ] /www/wwwroot/tez.lyzfrj.com/thinkphp/lang/zh-cn.php
[ info ] [ ROUTE ] array (
  'type' => 'module',
  'module' => 
  array (
    0 => 'admin',
    1 => 'vote',
    2 => 'user_set',
  ),
)
[ info ] [ HEADER ] array (
  'accept' => '*/*',
  'content-type' => 'application/x-www-form-urlencoded; charset=UTF-8',
  'x-requested-with' => 'XMLHttpRequest',
  'referer' => 'http://tez.lyzfrj.com/index.php/admin/vote/user_list.html',
  'accept-language' => 'zh-CN',
  'accept-encoding' => 'gzip, deflate',
  'user-agent' => 'Mozilla/5.0 (Windows NT 6.1; Trident/7.0; rv:11.0) like Gecko',
  'host' => 'tez.lyzfrj.com',
  'content-length' => '6',
  'connection' => 'Keep-Alive',
  'cache-control' => 'no-cache',
  'cookie' => '__guid=258202895.443761569913823900.1506408097596.9116; PHPSESSID=qjcnrm3bfcorv3selvq15i2627',
)
[ info ] [ PARAM ] array (
  'id' => '102',
)
[ info ] [ SESSION ] INIT array (
  'id' => '',
  'var_session_id' => '',
  'prefix' => 'think',
  'type' => '',
  'auto_start' => true,
)
[ info ] [ DB ] INIT mysql
[ info ] [ RUN ] app\admin\controller\Vote->user_set[ /www/wwwroot/tez.lyzfrj.com/application/admin/controller/Vote.php ]
[ info ] [ CACHE ] INIT File
[ info ] [ LOG ] INIT File
[ sql ] [ DB ] CONNECT:[ UseTime:0.000407s ] mysql:dbname=tez_lyzfrj_com;host=127.0.0.1;charset=utf8
[ sql ] [ SQL ] SHOW COLUMNS FROM `zifi_admin_user` [ RunTime:0.000735s ]
[ sql ] [ SQL ] SELECT `role_id` FROM `zifi_admin_user` WHERE  (  admin_id=2 ) LIMIT 1 [ RunTime:0.000204s ]
[ sql ] [ SQL ] SHOW COLUMNS FROM `zifi_admin_role` [ RunTime:0.000455s ]
[ sql ] [ SQL ] SELECT `power` FROM `zifi_admin_role` WHERE  (  role_id=2 ) LIMIT 1 [ RunTime:0.000133s ]
[ sql ] [ SQL ] SHOW COLUMNS FROM `zifi_admin_menu` [ RunTime:0.000581s ]
[ sql ] [ SQL ] SELECT * FROM `zifi_admin_menu` WHERE  (  fid = 0 and shows = 1  ) ORDER BY sort desc [ RunTime:0.000168s ]
[ sql ] [ SQL ] SELECT * FROM `zifi_admin_menu` WHERE  (  fid != 0 and shows = 1 and id in (68,69,11) ) ORDER BY sort desc [ RunTime:0.000210s ]
[ sql ] [ SQL ] SHOW COLUMNS FROM `zifi_param` [ RunTime:0.000551s ]
[ sql ] [ SQL ] SELECT * FROM `zifi_param` [ RunTime:0.000154s ]
[ sql ] [ SQL ] SHOW COLUMNS FROM `zifi_user` [ RunTime:0.000509s ]
[ sql ] [ SQL ] UPDATE `zifi_user`  SET `buy`=2  WHERE  `id` = 102 [ RunTime:0.000249s ]

---------------------------------------------------------------
[ 2017-10-15T16:30:52+08:00 ] 118.190.138.146 112.239.19.180 POST /index.php/admin/vote/user_set.html
[ log ] tez.lyzfrj.com/index.php/admin/vote/user_set.html [运行时间：0.031610s][吞吐率：31.64req/s] [内存消耗：3,302.70kb] [文件加载：47]
[ info ] [ LANG ] /www/wwwroot/tez.lyzfrj.com/thinkphp/lang/zh-cn.php
[ info ] [ ROUTE ] array (
  'type' => 'module',
  'module' => 
  array (
    0 => 'admin',
    1 => 'vote',
    2 => 'user_set',
  ),
)
[ info ] [ HEADER ] array (
  'accept' => '*/*',
  'content-type' => 'application/x-www-form-urlencoded; charset=UTF-8',
  'x-requested-with' => 'XMLHttpRequest',
  'referer' => 'http://tez.lyzfrj.com/index.php/admin/vote/user_list.html',
  'accept-language' => 'zh-CN',
  'accept-encoding' => 'gzip, deflate',
  'user-agent' => 'Mozilla/5.0 (Windows NT 6.1; Trident/7.0; rv:11.0) like Gecko',
  'host' => 'tez.lyzfrj.com',
  'content-length' => '6',
  'connection' => 'Keep-Alive',
  'cache-control' => 'no-cache',
  'cookie' => '__guid=258202895.443761569913823900.1506408097596.9116; PHPSESSID=qjcnrm3bfcorv3selvq15i2627',
)
[ info ] [ PARAM ] array (
  'id' => '102',
)
[ info ] [ SESSION ] INIT array (
  'id' => '',
  'var_session_id' => '',
  'prefix' => 'think',
  'type' => '',
  'auto_start' => true,
)
[ info ] [ DB ] INIT mysql
[ info ] [ RUN ] app\admin\controller\Vote->user_set[ /www/wwwroot/tez.lyzfrj.com/application/admin/controller/Vote.php ]
[ info ] [ CACHE ] INIT File
[ info ] [ LOG ] INIT File
[ sql ] [ DB ] CONNECT:[ UseTime:0.000362s ] mysql:dbname=tez_lyzfrj_com;host=127.0.0.1;charset=utf8
[ sql ] [ SQL ] SHOW COLUMNS FROM `zifi_admin_user` [ RunTime:0.000756s ]
[ sql ] [ SQL ] SELECT `role_id` FROM `zifi_admin_user` WHERE  (  admin_id=2 ) LIMIT 1 [ RunTime:0.000201s ]
[ sql ] [ SQL ] SHOW COLUMNS FROM `zifi_admin_role` [ RunTime:0.000495s ]
[ sql ] [ SQL ] SELECT `power` FROM `zifi_admin_role` WHERE  (  role_id=2 ) LIMIT 1 [ RunTime:0.000139s ]
[ sql ] [ SQL ] SHOW COLUMNS FROM `zifi_admin_menu` [ RunTime:0.000512s ]
[ sql ] [ SQL ] SELECT * FROM `zifi_admin_menu` WHERE  (  fid = 0 and shows = 1  ) ORDER BY sort desc [ RunTime:0.000166s ]
[ sql ] [ SQL ] SELECT * FROM `zifi_admin_menu` WHERE  (  fid != 0 and shows = 1 and id in (68,69,11) ) ORDER BY sort desc [ RunTime:0.000175s ]
[ sql ] [ SQL ] SHOW COLUMNS FROM `zifi_param` [ RunTime:0.000495s ]
[ sql ] [ SQL ] SELECT * FROM `zifi_param` [ RunTime:0.000169s ]
[ sql ] [ SQL ] SHOW COLUMNS FROM `zifi_user` [ RunTime:0.000543s ]
[ sql ] [ SQL ] UPDATE `zifi_user`  SET `buy`=2  WHERE  `id` = 102 [ RunTime:0.000265s ]

---------------------------------------------------------------
[ 2017-10-15T16:31:00+08:00 ] 118.190.138.146 112.239.19.180 GET /index.php/admin/index/index.html
[ log ] tez.lyzfrj.com/index.php/admin/index/index.html [运行时间：0.029453s][吞吐率：33.95req/s] [内存消耗：3,157.44kb] [文件加载：45]
[ info ] [ LANG ] /www/wwwroot/tez.lyzfrj.com/thinkphp/lang/zh-cn.php
[ info ] [ ROUTE ] array (
  'type' => 'module',
  'module' => 
  array (
    0 => 'admin',
    1 => 'index',
    2 => 'index',
  ),
)
[ info ] [ HEADER ] array (
  'accept' => 'text/html, application/xhtml+xml, */*',
  'referer' => 'http://tez.lyzfrj.com/index.php/admin/login/login.html',
  'accept-language' => 'zh-CN',
  'user-agent' => 'Mozilla/5.0 (Windows NT 6.1; Trident/7.0; rv:11.0) like Gecko',
  'accept-encoding' => 'gzip, deflate',
  'host' => 'tez.lyzfrj.com',
  'connection' => 'Keep-Alive',
  'cookie' => '__guid=258202895.443761569913823900.1506408097596.9116; PHPSESSID=qjcnrm3bfcorv3selvq15i2627',
  'content-type' => '',
  'content-length' => '',
)
[ info ] [ PARAM ] array (
)
[ info ] [ SESSION ] INIT array (
  'id' => '',
  'var_session_id' => '',
  'prefix' => 'think',
  'type' => '',
  'auto_start' => true,
)
[ info ] [ DB ] INIT mysql
[ info ] [ RUN ] app\admin\controller\Index->index[ /www/wwwroot/tez.lyzfrj.com/application/admin/controller/Index.php ]
[ info ] [ VIEW ] /www/wwwroot/tez.lyzfrj.com/application/admin/view/index/index.html [ array (
  0 => 'controller',
  1 => 'action',
  2 => 'list_menu',
  3 => 'headArr',
) ]
[ info ] [ LOG ] INIT File
[ sql ] [ DB ] CONNECT:[ UseTime:0.000355s ] mysql:dbname=tez_lyzfrj_com;host=127.0.0.1;charset=utf8
[ sql ] [ SQL ] SHOW COLUMNS FROM `zifi_admin_user` [ RunTime:0.000730s ]
[ sql ] [ SQL ] SELECT `role_id` FROM `zifi_admin_user` WHERE  (  admin_id=2 ) LIMIT 1 [ RunTime:0.000193s ]
[ sql ] [ SQL ] SHOW COLUMNS FROM `zifi_admin_role` [ RunTime:0.000461s ]
[ sql ] [ SQL ] SELECT `power` FROM `zifi_admin_role` WHERE  (  role_id=2 ) LIMIT 1 [ RunTime:0.000134s ]
[ sql ] [ SQL ] SHOW COLUMNS FROM `zifi_admin_menu` [ RunTime:0.000490s ]
[ sql ] [ SQL ] SELECT * FROM `zifi_admin_menu` WHERE  (  fid = 0 and shows = 1  ) ORDER BY sort desc [ RunTime:0.000161s ]
[ sql ] [ SQL ] SELECT * FROM `zifi_admin_menu` WHERE  (  fid != 0 and shows = 1 and id in (68,69,11) ) ORDER BY sort desc [ RunTime:0.000186s ]
[ sql ] [ SQL ] SHOW COLUMNS FROM `zifi_param` [ RunTime:0.000472s ]
[ sql ] [ SQL ] SELECT * FROM `zifi_param` [ RunTime:0.000159s ]

---------------------------------------------------------------
[ 2017-10-15T16:31:01+08:00 ] 118.190.138.146 112.239.19.180 GET /index.php/admin/index/main.html
[ log ] tez.lyzfrj.com/index.php/admin/index/main.html [运行时间：0.028490s][吞吐率：35.10req/s] [内存消耗：3,080.24kb] [文件加载：44]
[ info ] [ LANG ] /www/wwwroot/tez.lyzfrj.com/thinkphp/lang/zh-cn.php
[ info ] [ ROUTE ] array (
  'type' => 'module',
  'module' => 
  array (
    0 => 'admin',
    1 => 'index',
    2 => 'main',
  ),
)
[ info ] [ HEADER ] array (
  'accept' => 'text/html, application/xhtml+xml, */*',
  'referer' => 'http://tez.lyzfrj.com/index.php/admin/index/index.html',
  'accept-language' => 'zh-CN',
  'user-agent' => 'Mozilla/5.0 (Windows NT 6.1; Trident/7.0; rv:11.0) like Gecko',
  'accept-encoding' => 'gzip, deflate',
  'host' => 'tez.lyzfrj.com',
  'connection' => 'Keep-Alive',
  'cookie' => '__guid=258202895.443761569913823900.1506408097596.9116; PHPSESSID=qjcnrm3bfcorv3selvq15i2627',
  'content-type' => '',
  'content-length' => '',
)
[ info ] [ PARAM ] array (
)
[ info ] [ SESSION ] INIT array (
  'id' => '',
  'var_session_id' => '',
  'prefix' => 'think',
  'type' => '',
  'auto_start' => true,
)
[ info ] [ DB ] INIT mysql
[ info ] [ RUN ] app\admin\controller\Index->main[ /www/wwwroot/tez.lyzfrj.com/application/admin/controller/Index.php ]
[ info ] [ VIEW ] /www/wwwroot/tez.lyzfrj.com/application/admin/view/index/main.html [ array (
  0 => 'controller',
  1 => 'action',
  2 => 'list_menu',
  3 => 'headArr',
  4 => 'domain',
) ]
[ info ] [ LOG ] INIT File
[ sql ] [ DB ] CONNECT:[ UseTime:0.000354s ] mysql:dbname=tez_lyzfrj_com;host=127.0.0.1;charset=utf8
[ sql ] [ SQL ] SHOW COLUMNS FROM `zifi_admin_user` [ RunTime:0.000719s ]
[ sql ] [ SQL ] SELECT `role_id` FROM `zifi_admin_user` WHERE  (  admin_id=2 ) LIMIT 1 [ RunTime:0.000225s ]
[ sql ] [ SQL ] SHOW COLUMNS FROM `zifi_admin_role` [ RunTime:0.000448s ]
[ sql ] [ SQL ] SELECT `power` FROM `zifi_admin_role` WHERE  (  role_id=2 ) LIMIT 1 [ RunTime:0.000149s ]
[ sql ] [ SQL ] SHOW COLUMNS FROM `zifi_admin_menu` [ RunTime:0.000463s ]
[ sql ] [ SQL ] SELECT * FROM `zifi_admin_menu` WHERE  (  fid = 0 and shows = 1  ) ORDER BY sort desc [ RunTime:0.000163s ]
[ sql ] [ SQL ] SELECT * FROM `zifi_admin_menu` WHERE  (  fid != 0 and shows = 1 and id in (68,69,11) ) ORDER BY sort desc [ RunTime:0.000179s ]
[ sql ] [ SQL ] SHOW COLUMNS FROM `zifi_param` [ RunTime:0.000506s ]
[ sql ] [ SQL ] SELECT * FROM `zifi_param` [ RunTime:0.000158s ]

---------------------------------------------------------------
[ 2017-10-15T16:31:07+08:00 ] 118.190.138.146 112.239.19.180 GET /index.php/admin/vote/user_list.html
[ log ] tez.lyzfrj.com/index.php/admin/vote/user_list.html [运行时间：0.033558s][吞吐率：29.80req/s] [内存消耗：3,443.09kb] [文件加载：48]
[ info ] [ LANG ] /www/wwwroot/tez.lyzfrj.com/thinkphp/lang/zh-cn.php
[ info ] [ ROUTE ] array (
  'type' => 'module',
  'module' => 
  array (
    0 => 'admin',
    1 => 'vote',
    2 => 'user_list',
  ),
)
[ info ] [ HEADER ] array (
  'accept' => 'text/html, application/xhtml+xml, */*',
  'referer' => 'http://tez.lyzfrj.com/index.php/admin/index/index.html',
  'accept-language' => 'zh-CN',
  'user-agent' => 'Mozilla/5.0 (Windows NT 6.1; Trident/7.0; rv:11.0) like Gecko',
  'accept-encoding' => 'gzip, deflate',
  'host' => 'tez.lyzfrj.com',
  'connection' => 'Keep-Alive',
  'cookie' => '__guid=258202895.443761569913823900.1506408097596.9116; PHPSESSID=qjcnrm3bfcorv3selvq15i2627',
  'content-type' => '',
  'content-length' => '',
)
[ info ] [ PARAM ] array (
)
[ info ] [ SESSION ] INIT array (
  'id' => '',
  'var_session_id' => '',
  'prefix' => 'think',
  'type' => '',
  'auto_start' => true,
)
[ info ] [ DB ] INIT mysql
[ info ] [ RUN ] app\admin\controller\Vote->user_list[ /www/wwwroot/tez.lyzfrj.com/application/admin/controller/Vote.php ]
[ info ] [ VIEW ] /www/wwwroot/tez.lyzfrj.com/application/admin/view/vote/user_list.html [ array (
  0 => 'controller',
  1 => 'action',
  2 => 'list_menu',
  3 => 'headArr',
  4 => 'list_data',
  5 => 'keyword',
  6 => 'ip',
) ]
[ info ] [ LOG ] INIT File
[ sql ] [ DB ] CONNECT:[ UseTime:0.000394s ] mysql:dbname=tez_lyzfrj_com;host=127.0.0.1;charset=utf8
[ sql ] [ SQL ] SHOW COLUMNS FROM `zifi_admin_user` [ RunTime:0.000729s ]
[ sql ] [ SQL ] SELECT `role_id` FROM `zifi_admin_user` WHERE  (  admin_id=2 ) LIMIT 1 [ RunTime:0.000211s ]
[ sql ] [ SQL ] SHOW COLUMNS FROM `zifi_admin_role` [ RunTime:0.000471s ]
[ sql ] [ SQL ] SELECT `power` FROM `zifi_admin_role` WHERE  (  role_id=2 ) LIMIT 1 [ RunTime:0.000140s ]
[ sql ] [ SQL ] SHOW COLUMNS FROM `zifi_admin_menu` [ RunTime:0.000534s ]
[ sql ] [ SQL ] SELECT * FROM `zifi_admin_menu` WHERE  (  fid = 0 and shows = 1  ) ORDER BY sort desc [ RunTime:0.000181s ]
[ sql ] [ SQL ] SELECT * FROM `zifi_admin_menu` WHERE  (  fid != 0 and shows = 1 and id in (68,69,11) ) ORDER BY sort desc [ RunTime:0.000188s ]
[ sql ] [ SQL ] SHOW COLUMNS FROM `zifi_param` [ RunTime:0.000494s ]
[ sql ] [ SQL ] SELECT * FROM `zifi_param` [ RunTime:0.000155s ]
[ sql ] [ SQL ] SHOW COLUMNS FROM `zifi_user` [ RunTime:0.000480s ]
[ sql ] [ SQL ] SELECT COUNT(*) AS tp_count FROM `zifi_user` LIMIT 1 [ RunTime:0.000175s ]
[ sql ] [ SQL ] SELECT * FROM `zifi_user` ORDER BY add_time desc LIMIT 0,50 [ RunTime:0.000249s ]
[ sql ] [ SQL ] SELECT COUNT(*) AS tp_count FROM `zifi_user` LIMIT 1 [ RunTime:0.000145s ]

---------------------------------------------------------------
