[ 2017-12-29T09:07:39+08:00 ] 127.0.0.1 /
DEBUG: Content标签->lists：参数：catid= ,modelid= ,order=listorder DESC
SQL:SELECT * FROM `zf_content` WHERE `catid` IN ('2') AND `thumb` <> '' AND `status` = 99 ORDER BY listorder DESC LIMIT 5  

[ 2017-12-29T09:09:11+08:00 ] 127.0.0.1 /
DEBUG: Content标签->lists：参数：catid= ,modelid= ,order=listorder DESC
SQL:SELECT * FROM `zf_content` WHERE `catid` IN ('2') AND `thumb` <> '' AND `status` = 99 ORDER BY listorder DESC LIMIT 5  

[ 2017-12-29T09:09:12+08:00 ] 127.0.0.1 /
DEBUG: Content标签->lists：参数：catid= ,modelid= ,order=listorder DESC
SQL:SELECT * FROM `zf_content` WHERE `catid` IN ('2') AND `thumb` <> '' AND `status` = 99 ORDER BY listorder DESC LIMIT 5  

[ 2017-12-29T09:09:26+08:00 ] 127.0.0.1 /index.php?a=lists&catid=2
DEBUG: Content标签->lists：参数：catid= ,modelid= ,order=updatetime DESC
SQL:SELECT * FROM `zf_content` WHERE `catid` IN ('2') AND `status` = 99 ORDER BY updatetime DESC LIMIT 0,20  

[ 2017-12-29T09:09:32+08:00 ] 127.0.0.1 /index.php
DEBUG: Content标签->lists：参数：catid= ,modelid= ,order=listorder DESC
SQL:SELECT * FROM `zf_content` WHERE `catid` IN ('2') AND `thumb` <> '' AND `status` = 99 ORDER BY listorder DESC LIMIT 5  

[ 2017-12-29T09:10:58+08:00 ] 127.0.0.1 /index.php?m=Models&a=edit
INFO: [ app_begin ] --START--
INFO: Run Behavior\ReadHtmlCacheBehavior [ RunTime:0.000679s ]
INFO: Run Common\Behavior\AppBeginBehavior [ RunTime:0.000713s ]
INFO: Run Wap\Behavior\WapBehavior [ RunTime:0.000558s ]
INFO: [ app_begin ] --END-- [ RunTime:0.002021s ]
NOTIC: [8] Undefined index: host D:\www\201712kma\zificms\Common\Common\corefun.php 第 895 行.
NOTIC: [8] Undefined index: g D:\www\201712kma\zificms\Common\Common\corefun.php 第 1035 行.
SQL: SHOW COLUMNS FROM `zf_user` [ RunTime:0.0049s ]
SQL: SELECT * FROM `zf_user` WHERE `id` = 1 LIMIT 1   [ RunTime:0.0003s ]
SQL: SHOW COLUMNS FROM `zf_model` [ RunTime:0.0043s ]
SQL: SELECT * FROM `zf_model` WHERE `modelid` = 12 LIMIT 1   [ RunTime:0.0003s ]
SQL: SELECT * FROM `zf_model` WHERE `tablename` = 'content_student' AND `modelid` <> 12 LIMIT 1   [ RunTime:0.0003s ]
SQL: UPDATE `zf_model` SET `name`='学员段位',`tablename`='content_student',`description`='学员段位',`modelid`='12' WHERE `modelid` = 12 [ RunTime:0.0003s ]
NOTIC: [8] Undefined index: host D:\www\201712kma\zificms\Common\Common\corefun.php 第 895 行.
NOTIC: [8] Undefined index: g D:\www\201712kma\zificms\Common\Common\corefun.php 第 1035 行.
SQL: SHOW COLUMNS FROM `zf_operationlog` [ RunTime:0.0061s ]
SQL: INSERT INTO `zf_operationlog` (`uid`,`status`,`info`,`get`,`time`,`ip`) VALUES ('1','1','提示语：模型修改成功！<br/>模块：Content,控制器：Models,方法：edit<br/>请求方式：Ajax','http://kma.com/index.php?m=Models&a=edit&modelid=12','1514509858','127.0.0.1') [ RunTime:0.0005s ]

[ 2017-12-29T09:11:03+08:00 ] 127.0.0.1 /index.php?m=Field&a=public_field_setting&fieldtype=box
INFO: [ app_begin ] --START--
INFO: Run Behavior\ReadHtmlCacheBehavior [ RunTime:0.000534s ]
INFO: Run Common\Behavior\AppBeginBehavior [ RunTime:0.000639s ]
INFO: Run Wap\Behavior\WapBehavior [ RunTime:0.000496s ]
INFO: [ app_begin ] --END-- [ RunTime:0.001761s ]
NOTIC: [8] Undefined index: host D:\www\201712kma\zificms\Common\Common\corefun.php 第 895 行.
NOTIC: [8] Undefined index: g D:\www\201712kma\zificms\Common\Common\corefun.php 第 1035 行.
SQL: SHOW COLUMNS FROM `zf_user` [ RunTime:0.0051s ]
SQL: SELECT * FROM `zf_user` WHERE `id` = 1 LIMIT 1   [ RunTime:0.0002s ]
SQL: SHOW COLUMNS FROM `zf_model_field` [ RunTime:0.0080s ]
NOTIC: [8] Undefined index: host D:\www\201712kma\zificms\Common\Common\corefun.php 第 895 行.
NOTIC: [8] Undefined index: g D:\www\201712kma\zificms\Common\Common\corefun.php 第 1035 行.
INFO: [ app_end ] --START--
INFO: Run Behavior\ShowPageTraceBehavior [ RunTime:0.000530s ]
INFO: [ app_end ] --END-- [ RunTime:0.000570s ]

[ 2017-12-29T09:12:36+08:00 ] 127.0.0.1 /index.php?m=Field&a=edit
INFO: [ app_begin ] --START--
INFO: Run Behavior\ReadHtmlCacheBehavior [ RunTime:0.000593s ]
INFO: Run Common\Behavior\AppBeginBehavior [ RunTime:0.000870s ]
INFO: Run Wap\Behavior\WapBehavior [ RunTime:0.000663s ]
INFO: [ app_begin ] --END-- [ RunTime:0.002243s ]
NOTIC: [8] Undefined index: host D:\www\201712kma\zificms\Common\Common\corefun.php 第 895 行.
NOTIC: [8] Undefined index: g D:\www\201712kma\zificms\Common\Common\corefun.php 第 1035 行.
SQL: SHOW COLUMNS FROM `zf_user` [ RunTime:0.0047s ]
SQL: SELECT * FROM `zf_user` WHERE `id` = 1 LIMIT 1   [ RunTime:0.0005s ]
SQL: SHOW COLUMNS FROM `zf_model_field` [ RunTime:0.0050s ]
NOTIC: [8] Undefined index: host D:\www\201712kma\zificms\Common\Common\corefun.php 第 895 行.
NOTIC: [8] Undefined index: g D:\www\201712kma\zificms\Common\Common\corefun.php 第 1035 行.
SQL: SELECT * FROM `zf_model_field` WHERE `fieldid` = 137 LIMIT 1   [ RunTime:0.0004s ]
SQL: SHOW TABLES [ RunTime:0.0012s ]
SQL: UPDATE `zf_model_field` SET `formtype`='box',`field`='duanwei',`name`='段位',`tips`='',`setting`='a:12:{s:7:\"options\";s:239:\"一段|一段
二段|二段
三段|三段
四段|四段
五段|五段
六段|六段
七段|七段
八段|八段
九段|九段
十段|十段
十一段|十一段
十二段|十二段
十三段|十三段
十四段|十四段
十五段|十五段\";s:7:\"boxtype\";s:8:\"checkbox\";s:9:\"fieldtype\";s:7:\"varchar\";s:9:\"minnumber\";s:1:\"1\";s:5:\"width\";s:2:\"80\";s:4:\"size\";s:1:\"1\";s:12:\"defaultvalue\";s:3:\"无\";s:10:\"outputtype\";s:1:\"1\";s:12:\"backstagefun\";s:0:\"\";s:17:\"backstagefun_type\";s:1:\"1\";s:8:\"frontfun\";s:0:\"\";s:13:\"frontfun_type\";s:1:\"1\";}',`minlength`='0',`maxlength`='0',`pattern`='',`errortips`='',`isbase`='1',`issearch`='0',`isadd`='1',`isomnipotent`='0',`isposition`='0',`modelid`='12',`fieldid`='137' WHERE `fieldid` = 137 [ RunTime:0.0004s ]
NOTIC: [2] unlink(D:\www\201712kma/#runtime/Temp/AWK_5acfbf31a87eb2336d843cddfb62b84f.php): No such file or directory D:\www\201712kma\zificms\Core\Library\Think\Cache\Driver\File.class.php 第 157 行.
NOTIC: [8] Undefined index: decimaldigits D:\www\201712kma\zificms\Application\Content\Model\ModelFieldModel.class.php 第 340 行.
SQL: ALTER TABLE `zf_content_student_data` CHANGE `duanwei` `duanwei` VARCHAR( 255 ) NOT NULL DEFAULT '无' [ RunTime:0.0091s ]
NOTIC: [8] Undefined index: host D:\www\201712kma\zificms\Common\Common\corefun.php 第 895 行.
NOTIC: [8] Undefined index: g D:\www\201712kma\zificms\Common\Common\corefun.php 第 1035 行.
SQL: SHOW COLUMNS FROM `zf_operationlog` [ RunTime:0.0047s ]
SQL: INSERT INTO `zf_operationlog` (`uid`,`status`,`info`,`get`,`time`,`ip`) VALUES ('1','1','提示语：更新成功！<br/>模块：Content,控制器：Field,方法：edit<br/>请求方式：Ajax','http://kma.com/index.php?m=Field&a=edit&fieldid=137&modelid=12','1514509956','127.0.0.1') [ RunTime:0.0003s ]

[ 2017-12-29T09:12:53+08:00 ] 127.0.0.1 /index.php?m=Category&a=edit
INFO: [ app_begin ] --START--
INFO: Run Behavior\ReadHtmlCacheBehavior [ RunTime:0.000590s ]
INFO: Run Common\Behavior\AppBeginBehavior [ RunTime:0.000708s ]
INFO: Run Wap\Behavior\WapBehavior [ RunTime:0.000583s ]
INFO: [ app_begin ] --END-- [ RunTime:0.001956s ]
NOTIC: [8] Undefined index: host D:\www\201712kma\zificms\Common\Common\corefun.php 第 895 行.
NOTIC: [8] Undefined index: g D:\www\201712kma\zificms\Common\Common\corefun.php 第 1035 行.
SQL: SHOW COLUMNS FROM `zf_user` [ RunTime:0.0044s ]
SQL: SELECT * FROM `zf_user` WHERE `id` = 1 LIMIT 1   [ RunTime:0.0003s ]
SQL: SHOW COLUMNS FROM `zf_category` [ RunTime:0.0056s ]
SQL: SELECT * FROM `zf_category` WHERE `catid` = 3 LIMIT 1   [ RunTime:0.0004s ]
NOTIC: [8] Undefined index: __hash__ D:\www\201712kma\zificms\Application\Content\Model\CategoryModel.class.php 第 174 行.
NOTIC: [8] Undefined index: type D:\www\201712kma\zificms\Core\Library\Think\Model.class.php 第 1292 行.
SQL: UPDATE `zf_category` SET `modelid`='12',`parentid`='0',`catname`='学员风采',`encatname`='student',`catdir`='student',`image`='',`description`='',`ismenu`='1',`listorder`='0',`url`='',`setting`='a:14:{s:6:\"seturl\";s:0:\"\";s:12:\"generatehtml\";s:1:\"1\";s:12:\"generatelish\";s:1:\"0\";s:10:\"meta_title\";s:0:\"\";s:13:\"meta_keywords\";s:0:\"\";s:16:\"meta_description\";s:0:\"\";s:13:\"list_template\";s:8:\"list.php\";s:13:\"show_template\";s:8:\"show.php\";s:19:\"list_customtemplate\";s:0:\"\";s:6:\"ishtml\";s:1:\"0\";s:9:\"repagenum\";s:0:\"\";s:14:\"content_ishtml\";s:1:\"0\";s:15:\"category_ruleid\";s:1:\"1\";s:11:\"show_ruleid\";s:1:\"4\";}',`sethtml`='0',`letter`='xueyuanfengcai',`domain`='' WHERE `catid` = 3 [ RunTime:0.0005s ]
SQL: SHOW COLUMNS FROM `zf_category` [ RunTime:0.0044s ]
SQL: SELECT * FROM `zf_category` WHERE `catid` = 3 LIMIT 1   [ RunTime:0.0004s ]
NOTIC: [8] Undefined index: extend D:\www\201712kma\zificms\Common\Common\common.php 第 421 行.
NOTIC: [8] Undefined index: extend D:\www\201712kma\zificms\Application\Content\Model\CategoryModel.class.php 第 240 行.
SQL: SHOW COLUMNS FROM `zf_category_priv` [ RunTime:0.0051s ]
NOTIC: [8] Undefined index: priv_roleid D:\www\201712kma\zificms\Application\Content\Controller\CategoryController.class.php 第 273 行.
SQL: DELETE FROM `zf_category_priv` WHERE `catid` = 3 AND `is_admin` = 1 [ RunTime:0.0003s ]
NOTIC: [8] Undefined index: host D:\www\201712kma\zificms\Common\Common\corefun.php 第 895 行.
NOTIC: [8] Undefined index: g D:\www\201712kma\zificms\Common\Common\corefun.php 第 1035 行.
SQL: SHOW COLUMNS FROM `zf_operationlog` [ RunTime:0.0049s ]
SQL: INSERT INTO `zf_operationlog` (`uid`,`status`,`info`,`get`,`time`,`ip`) VALUES ('1','1','提示语：更新成功！<br/>模块：Content,控制器：Category,方法：edit<br/>请求方式：Ajax','http://kma.com/index.php?m=Category&a=edit&catid=3','1514509973','127.0.0.1') [ RunTime:0.0003s ]

[ 2017-12-29T09:15:45+08:00 ] 127.0.0.1 /index.php?m=Field&a=public_field_setting&fieldtype=box
INFO: [ app_begin ] --START--
INFO: Run Behavior\ReadHtmlCacheBehavior [ RunTime:0.000789s ]
INFO: Run Common\Behavior\AppBeginBehavior [ RunTime:0.001077s ]
INFO: Run Wap\Behavior\WapBehavior [ RunTime:0.000527s ]
INFO: [ app_begin ] --END-- [ RunTime:0.002510s ]
NOTIC: [8] Undefined index: host D:\www\201712kma\zificms\Common\Common\corefun.php 第 895 行.
NOTIC: [8] Undefined index: g D:\www\201712kma\zificms\Common\Common\corefun.php 第 1035 行.
SQL: SHOW COLUMNS FROM `zf_user` [ RunTime:0.0073s ]
SQL: SELECT * FROM `zf_user` WHERE `id` = 1 LIMIT 1   [ RunTime:0.0004s ]
SQL: SHOW COLUMNS FROM `zf_model_field` [ RunTime:0.0060s ]
NOTIC: [8] Undefined index: host D:\www\201712kma\zificms\Common\Common\corefun.php 第 895 行.
NOTIC: [8] Undefined index: g D:\www\201712kma\zificms\Common\Common\corefun.php 第 1035 行.
INFO: [ app_end ] --START--
INFO: Run Behavior\ShowPageTraceBehavior [ RunTime:0.000590s ]
INFO: [ app_end ] --END-- [ RunTime:0.000626s ]

[ 2017-12-29T09:15:55+08:00 ] 127.0.0.1 /index.php?m=Field&a=edit
INFO: [ app_begin ] --START--
INFO: Run Behavior\ReadHtmlCacheBehavior [ RunTime:0.000923s ]
INFO: Run Common\Behavior\AppBeginBehavior [ RunTime:0.000756s ]
INFO: Run Wap\Behavior\WapBehavior [ RunTime:0.000587s ]
INFO: [ app_begin ] --END-- [ RunTime:0.002396s ]
NOTIC: [8] Undefined index: host D:\www\201712kma\zificms\Common\Common\corefun.php 第 895 行.
NOTIC: [8] Undefined index: g D:\www\201712kma\zificms\Common\Common\corefun.php 第 1035 行.
SQL: SHOW COLUMNS FROM `zf_user` [ RunTime:0.0051s ]
SQL: SELECT * FROM `zf_user` WHERE `id` = 1 LIMIT 1   [ RunTime:0.0004s ]
SQL: SHOW COLUMNS FROM `zf_model_field` [ RunTime:0.0055s ]
NOTIC: [8] Undefined index: host D:\www\201712kma\zificms\Common\Common\corefun.php 第 895 行.
NOTIC: [8] Undefined index: g D:\www\201712kma\zificms\Common\Common\corefun.php 第 1035 行.
SQL: SELECT * FROM `zf_model_field` WHERE `fieldid` = 137 LIMIT 1   [ RunTime:0.0004s ]
SQL: SHOW TABLES [ RunTime:0.0011s ]
SQL: UPDATE `zf_model_field` SET `formtype`='box',`field`='duanwei',`name`='段位',`tips`='',`setting`='a:12:{s:7:\"options\";s:239:\"一段|一段
二段|二段
三段|三段
四段|四段
五段|五段
六段|六段
七段|七段
八段|八段
九段|九段
十段|十段
十一段|十一段
十二段|十二段
十三段|十三段
十四段|十四段
十五段|十五段\";s:7:\"boxtype\";s:6:\"select\";s:9:\"fieldtype\";s:7:\"varchar\";s:9:\"minnumber\";s:1:\"1\";s:5:\"width\";s:2:\"80\";s:4:\"size\";s:1:\"1\";s:12:\"defaultvalue\";s:3:\"无\";s:10:\"outputtype\";s:1:\"1\";s:12:\"backstagefun\";s:0:\"\";s:17:\"backstagefun_type\";s:1:\"1\";s:8:\"frontfun\";s:0:\"\";s:13:\"frontfun_type\";s:1:\"1\";}',`minlength`='0',`maxlength`='0',`pattern`='',`errortips`='',`isbase`='1',`issearch`='0',`isadd`='1',`isomnipotent`='0',`isposition`='0',`modelid`='12',`fieldid`='137' WHERE `fieldid` = 137 [ RunTime:0.0004s ]
NOTIC: [8] Undefined index: decimaldigits D:\www\201712kma\zificms\Application\Content\Model\ModelFieldModel.class.php 第 340 行.
SQL: ALTER TABLE `zf_content_student_data` CHANGE `duanwei` `duanwei` VARCHAR( 255 ) NOT NULL DEFAULT '无' [ RunTime:0.0069s ]
NOTIC: [8] Undefined index: host D:\www\201712kma\zificms\Common\Common\corefun.php 第 895 行.
NOTIC: [8] Undefined index: g D:\www\201712kma\zificms\Common\Common\corefun.php 第 1035 行.
SQL: SHOW COLUMNS FROM `zf_operationlog` [ RunTime:0.0050s ]
SQL: INSERT INTO `zf_operationlog` (`uid`,`status`,`info`,`get`,`time`,`ip`) VALUES ('1','1','提示语：更新成功！<br/>模块：Content,控制器：Field,方法：edit<br/>请求方式：Ajax','http://kma.com/index.php?m=Field&a=edit&fieldid=137&modelid=12','1514510155','127.0.0.1') [ RunTime:0.0003s ]

[ 2017-12-29T10:18:10+08:00 ] 127.0.0.1 /index.php?m=Field&a=public_field_setting&fieldtype=text
INFO: [ app_begin ] --START--
INFO: Run Behavior\ReadHtmlCacheBehavior [ RunTime:0.000647s ]
INFO: Run Common\Behavior\AppBeginBehavior [ RunTime:0.000783s ]
INFO: Run Wap\Behavior\WapBehavior [ RunTime:0.000682s ]
INFO: [ app_begin ] --END-- [ RunTime:0.002188s ]
NOTIC: [8] Undefined index: host D:\www\201712kma\zificms\Common\Common\corefun.php 第 895 行.
NOTIC: [8] Undefined index: g D:\www\201712kma\zificms\Common\Common\corefun.php 第 1035 行.
SQL: SHOW COLUMNS FROM `zf_user` [ RunTime:0.0046s ]
SQL: SELECT * FROM `zf_user` WHERE `id` = 1 LIMIT 1   [ RunTime:0.0004s ]
SQL: SHOW COLUMNS FROM `zf_model_field` [ RunTime:0.0050s ]
NOTIC: [8] Undefined index: host D:\www\201712kma\zificms\Common\Common\corefun.php 第 895 行.
NOTIC: [8] Undefined index: g D:\www\201712kma\zificms\Common\Common\corefun.php 第 1035 行.
INFO: [ app_end ] --START--
INFO: Run Behavior\ShowPageTraceBehavior [ RunTime:0.000638s ]
INFO: [ app_end ] --END-- [ RunTime:0.000691s ]

[ 2017-12-29T10:18:19+08:00 ] 127.0.0.1 /index.php?m=Field&a=add
INFO: [ app_begin ] --START--
INFO: Run Behavior\ReadHtmlCacheBehavior [ RunTime:0.000614s ]
INFO: Run Common\Behavior\AppBeginBehavior [ RunTime:0.000754s ]
INFO: Run Wap\Behavior\WapBehavior [ RunTime:0.000614s ]
INFO: [ app_begin ] --END-- [ RunTime:0.002068s ]
NOTIC: [8] Undefined index: host D:\www\201712kma\zificms\Common\Common\corefun.php 第 895 行.
NOTIC: [8] Undefined index: g D:\www\201712kma\zificms\Common\Common\corefun.php 第 1035 行.
SQL: SHOW COLUMNS FROM `zf_user` [ RunTime:0.0047s ]
SQL: SELECT * FROM `zf_user` WHERE `id` = 1 LIMIT 1   [ RunTime:0.0003s ]
SQL: SHOW COLUMNS FROM `zf_model_field` [ RunTime:0.0045s ]
NOTIC: [8] Undefined index: host D:\www\201712kma\zificms\Common\Common\corefun.php 第 895 行.
NOTIC: [8] Undefined index: g D:\www\201712kma\zificms\Common\Common\corefun.php 第 1035 行.
SQL: SHOW TABLES [ RunTime:0.0012s ]
SQL: SELECT COUNT(*) AS tp_count FROM `zf_model_field` WHERE `modelid` = null AND `field` = 'uname' LIMIT 1   [ RunTime:0.0005s ]
SQL: SHOW COLUMNS FROM zf_content_student_data [ RunTime:0.0072s ]
NOTIC: [8] Undefined index: minnumber D:\www\201712kma\zificms\Application\Content\Model\ModelFieldModel.class.php 第 232 行.
NOTIC: [8] Undefined index: decimaldigits D:\www\201712kma\zificms\Application\Content\Model\ModelFieldModel.class.php 第 233 行.
SQL: ALTER TABLE `zf_content_student_data` ADD `uname` VARCHAR( 255 ) NOT NULL DEFAULT '' [ RunTime:0.0119s ]
SQL: INSERT INTO `zf_model_field` (`formtype`,`issystem`,`field`,`name`,`tips`,`setting`,`formattribute`,`css`,`minlength`,`maxlength`,`pattern`,`errortips`,`isunique`,`isbase`,`issearch`,`isadd`,`isfulltext`,`isomnipotent`,`isposition`,`modelid`,`unsetgroupids`,`unsetroleids`,`iscore`,`listorder`,`disabled`) VALUES ('text','0','uname','姓名','','a:7:{s:4:\"size\";s:3:\"200\";s:12:\"defaultvalue\";s:0:\"\";s:10:\"ispassword\";s:1:\"0\";s:12:\"backstagefun\";s:0:\"\";s:17:\"backstagefun_type\";s:1:\"1\";s:8:\"frontfun\";s:0:\"\";s:13:\"frontfun_type\";s:1:\"1\";}','','','0','0','','','0','1','0','1','1','0','0','12','','','0','0','0') [ RunTime:0.0004s ]
NOTIC: [8] Undefined index: host D:\www\201712kma\zificms\Common\Common\corefun.php 第 895 行.
NOTIC: [8] Undefined index: g D:\www\201712kma\zificms\Common\Common\corefun.php 第 1035 行.
SQL: SHOW COLUMNS FROM `zf_operationlog` [ RunTime:0.0047s ]
SQL: INSERT INTO `zf_operationlog` (`uid`,`status`,`info`,`get`,`time`,`ip`) VALUES ('1','1','提示语：添加成功！<br/>模块：Content,控制器：Field,方法：add<br/>请求方式：Ajax','http://kma.com/index.php?m=Field&a=add&modelid=12','1514513899','127.0.0.1') [ RunTime:0.0003s ]

[ 2017-12-29T10:18:23+08:00 ] 127.0.0.1 /index.php?m=Field&a=public_field_setting&fieldtype=text
INFO: [ app_begin ] --START--
INFO: Run Behavior\ReadHtmlCacheBehavior [ RunTime:0.000761s ]
INFO: Run Common\Behavior\AppBeginBehavior [ RunTime:0.000727s ]
INFO: Run Wap\Behavior\WapBehavior [ RunTime:0.000760s ]
INFO: [ app_begin ] --END-- [ RunTime:0.002328s ]
NOTIC: [8] Undefined index: host D:\www\201712kma\zificms\Common\Common\corefun.php 第 895 行.
NOTIC: [8] Undefined index: g D:\www\201712kma\zificms\Common\Common\corefun.php 第 1035 行.
SQL: SHOW COLUMNS FROM `zf_user` [ RunTime:0.0050s ]
SQL: SELECT * FROM `zf_user` WHERE `id` = 1 LIMIT 1   [ RunTime:0.0003s ]
SQL: SHOW COLUMNS FROM `zf_model_field` [ RunTime:0.0048s ]
NOTIC: [8] Undefined index: host D:\www\201712kma\zificms\Common\Common\corefun.php 第 895 行.
NOTIC: [8] Undefined index: g D:\www\201712kma\zificms\Common\Common\corefun.php 第 1035 行.
INFO: [ app_end ] --START--
INFO: Run Behavior\ShowPageTraceBehavior [ RunTime:0.000845s ]
INFO: [ app_end ] --END-- [ RunTime:0.000888s ]

[ 2017-12-29T10:18:30+08:00 ] 127.0.0.1 /index.php?m=Field&a=add
INFO: [ app_begin ] --START--
INFO: Run Behavior\ReadHtmlCacheBehavior [ RunTime:0.000548s ]
INFO: Run Common\Behavior\AppBeginBehavior [ RunTime:0.000772s ]
INFO: Run Wap\Behavior\WapBehavior [ RunTime:0.000680s ]
INFO: [ app_begin ] --END-- [ RunTime:0.002128s ]
NOTIC: [8] Undefined index: host D:\www\201712kma\zificms\Common\Common\corefun.php 第 895 行.
NOTIC: [8] Undefined index: g D:\www\201712kma\zificms\Common\Common\corefun.php 第 1035 行.
SQL: SHOW COLUMNS FROM `zf_user` [ RunTime:0.0046s ]
SQL: SELECT * FROM `zf_user` WHERE `id` = 1 LIMIT 1   [ RunTime:0.0003s ]
SQL: SHOW COLUMNS FROM `zf_model_field` [ RunTime:0.0047s ]
NOTIC: [8] Undefined index: host D:\www\201712kma\zificms\Common\Common\corefun.php 第 895 行.
NOTIC: [8] Undefined index: g D:\www\201712kma\zificms\Common\Common\corefun.php 第 1035 行.
SQL: SHOW TABLES [ RunTime:0.0011s ]
SQL: SELECT COUNT(*) AS tp_count FROM `zf_model_field` WHERE `modelid` = null AND `field` = 'ucard' LIMIT 1   [ RunTime:0.0002s ]
SQL: SHOW COLUMNS FROM zf_content_student_data [ RunTime:0.0068s ]
NOTIC: [8] Undefined index: minnumber D:\www\201712kma\zificms\Application\Content\Model\ModelFieldModel.class.php 第 232 行.
NOTIC: [8] Undefined index: decimaldigits D:\www\201712kma\zificms\Application\Content\Model\ModelFieldModel.class.php 第 233 行.
SQL: ALTER TABLE `zf_content_student_data` ADD `ucard` VARCHAR( 255 ) NOT NULL DEFAULT '' [ RunTime:0.0120s ]
SQL: INSERT INTO `zf_model_field` (`formtype`,`issystem`,`field`,`name`,`tips`,`setting`,`formattribute`,`css`,`minlength`,`maxlength`,`pattern`,`errortips`,`isunique`,`isbase`,`issearch`,`isadd`,`isfulltext`,`isomnipotent`,`isposition`,`modelid`,`unsetgroupids`,`unsetroleids`,`iscore`,`listorder`,`disabled`) VALUES ('text','0','ucard','身份证','','a:7:{s:4:\"size\";s:3:\"200\";s:12:\"defaultvalue\";s:0:\"\";s:10:\"ispassword\";s:1:\"0\";s:12:\"backstagefun\";s:0:\"\";s:17:\"backstagefun_type\";s:1:\"1\";s:8:\"frontfun\";s:0:\"\";s:13:\"frontfun_type\";s:1:\"1\";}','','','0','0','','','0','1','0','1','1','0','0','12','','','0','0','0') [ RunTime:0.0004s ]
NOTIC: [2] unlink(D:\www\201712kma/#runtime/Temp/AWK_5acfbf31a87eb2336d843cddfb62b84f.php): No such file or directory D:\www\201712kma\zificms\Core\Library\Think\Cache\Driver\File.class.php 第 157 行.
NOTIC: [8] Undefined index: host D:\www\201712kma\zificms\Common\Common\corefun.php 第 895 行.
NOTIC: [8] Undefined index: g D:\www\201712kma\zificms\Common\Common\corefun.php 第 1035 行.
SQL: SHOW COLUMNS FROM `zf_operationlog` [ RunTime:0.0046s ]
SQL: INSERT INTO `zf_operationlog` (`uid`,`status`,`info`,`get`,`time`,`ip`) VALUES ('1','1','提示语：添加成功！<br/>模块：Content,控制器：Field,方法：add<br/>请求方式：Ajax','http://kma.com/index.php?m=Field&a=add&modelid=12','1514513910','127.0.0.1') [ RunTime:0.0003s ]

[ 2017-12-29T10:18:43+08:00 ] 127.0.0.1 /index.php?m=Field&a=listorder
INFO: [ app_begin ] --START--
INFO: Run Behavior\ReadHtmlCacheBehavior [ RunTime:0.000652s ]
INFO: Run Common\Behavior\AppBeginBehavior [ RunTime:0.001120s ]
INFO: Run Wap\Behavior\WapBehavior [ RunTime:0.000881s ]
INFO: [ app_begin ] --END-- [ RunTime:0.002817s ]
NOTIC: [8] Undefined index: host D:\www\201712kma\zificms\Common\Common\corefun.php 第 895 行.
NOTIC: [8] Undefined index: g D:\www\201712kma\zificms\Common\Common\corefun.php 第 1035 行.
SQL: SHOW COLUMNS FROM `zf_user` [ RunTime:0.0045s ]
SQL: SELECT * FROM `zf_user` WHERE `id` = 1 LIMIT 1   [ RunTime:0.0004s ]
SQL: SHOW COLUMNS FROM `zf_model_field` [ RunTime:0.0048s ]
NOTIC: [8] Undefined index: host D:\www\201712kma\zificms\Common\Common\corefun.php 第 895 行.
NOTIC: [8] Undefined index: g D:\www\201712kma\zificms\Common\Common\corefun.php 第 1035 行.
SQL: UPDATE `zf_model_field` SET `listorder`='4' WHERE `fieldid` = 139 [ RunTime:0.0005s ]
SQL: UPDATE `zf_model_field` SET `listorder`='4' WHERE `fieldid` = 138 [ RunTime:0.0003s ]
SQL: UPDATE `zf_model_field` SET `listorder`='1' WHERE `fieldid` = 123 [ RunTime:0.0003s ]
SQL: UPDATE `zf_model_field` SET `listorder`='2' WHERE `fieldid` = 124 [ RunTime:0.0003s ]
SQL: UPDATE `zf_model_field` SET `listorder`='3' WHERE `fieldid` = 125 [ RunTime:0.0003s ]
SQL: UPDATE `zf_model_field` SET `listorder`='4' WHERE `fieldid` = 126 [ RunTime:0.0002s ]
SQL: UPDATE `zf_model_field` SET `listorder`='4' WHERE `fieldid` = 127 [ RunTime:0.0002s ]
SQL: UPDATE `zf_model_field` SET `listorder`='4' WHERE `fieldid` = 137 [ RunTime:0.0002s ]
SQL: UPDATE `zf_model_field` SET `listorder`='5' WHERE `fieldid` = 128 [ RunTime:0.0002s ]
SQL: UPDATE `zf_model_field` SET `listorder`='6' WHERE `fieldid` = 130 [ RunTime:0.0002s ]
SQL: UPDATE `zf_model_field` SET `listorder`='7' WHERE `fieldid` = 122 [ RunTime:0.0002s ]
SQL: UPDATE `zf_model_field` SET `listorder`='8' WHERE `fieldid` = 121 [ RunTime:0.0001s ]
SQL: UPDATE `zf_model_field` SET `listorder`='9' WHERE `fieldid` = 116 [ RunTime:0.0002s ]
SQL: UPDATE `zf_model_field` SET `listorder`='10' WHERE `fieldid` = 129 [ RunTime:0.0002s ]
SQL: UPDATE `zf_model_field` SET `listorder`='11' WHERE `fieldid` = 117 [ RunTime:0.0002s ]
SQL: UPDATE `zf_model_field` SET `listorder`='11' WHERE `fieldid` = 118 [ RunTime:0.0002s ]
SQL: UPDATE `zf_model_field` SET `listorder`='12' WHERE `fieldid` = 119 [ RunTime:0.0002s ]
SQL: UPDATE `zf_model_field` SET `listorder`='13' WHERE `fieldid` = 114 [ RunTime:0.0001s ]
SQL: UPDATE `zf_model_field` SET `listorder`='14' WHERE `fieldid` = 115 [ RunTime:0.0002s ]
SQL: UPDATE `zf_model_field` SET `listorder`='15' WHERE `fieldid` = 111 [ RunTime:0.0002s ]
SQL: UPDATE `zf_model_field` SET `listorder`='16' WHERE `fieldid` = 112 [ RunTime:0.0002s ]
SQL: UPDATE `zf_model_field` SET `listorder`='17' WHERE `fieldid` = 113 [ RunTime:0.0003s ]
SQL: UPDATE `zf_model_field` SET `listorder`='18' WHERE `fieldid` = 120 [ RunTime:0.0002s ]
NOTIC: [2] unlink(D:\www\201712kma/#runtime/Temp/AWK_5acfbf31a87eb2336d843cddfb62b84f.php): No such file or directory D:\www\201712kma\zificms\Core\Library\Think\Cache\Driver\File.class.php 第 157 行.
SQL: SHOW COLUMNS FROM `zf_operationlog` [ RunTime:0.0044s ]
SQL: INSERT INTO `zf_operationlog` (`uid`,`status`,`info`,`get`,`time`,`ip`) VALUES ('1','1','提示语：排序更新成功！<br/>模块：Content,控制器：Field,方法：listorder<br/>请求方式：Ajax','http://kma.com/index.php?m=Field&modelid=12','1514513923','127.0.0.1') [ RunTime:0.0004s ]

[ 2017-12-29T10:19:14+08:00 ] 127.0.0.1 /index.php?m=Field&a=listorder
INFO: [ app_begin ] --START--
INFO: Run Behavior\ReadHtmlCacheBehavior [ RunTime:0.000616s ]
INFO: Run Common\Behavior\AppBeginBehavior [ RunTime:0.000708s ]
INFO: Run Wap\Behavior\WapBehavior [ RunTime:0.000535s ]
INFO: [ app_begin ] --END-- [ RunTime:0.001942s ]
NOTIC: [8] Undefined index: host D:\www\201712kma\zificms\Common\Common\corefun.php 第 895 行.
NOTIC: [8] Undefined index: g D:\www\201712kma\zificms\Common\Common\corefun.php 第 1035 行.
SQL: SHOW COLUMNS FROM `zf_user` [ RunTime:0.0049s ]
SQL: SELECT * FROM `zf_user` WHERE `id` = 1 LIMIT 1   [ RunTime:0.0003s ]
SQL: SHOW COLUMNS FROM `zf_model_field` [ RunTime:0.0050s ]
NOTIC: [8] Undefined index: host D:\www\201712kma\zificms\Common\Common\corefun.php 第 895 行.
NOTIC: [8] Undefined index: g D:\www\201712kma\zificms\Common\Common\corefun.php 第 1035 行.
SQL: UPDATE `zf_model_field` SET `listorder`='1' WHERE `fieldid` = 123 [ RunTime:0.0004s ]
SQL: UPDATE `zf_model_field` SET `listorder`='2' WHERE `fieldid` = 124 [ RunTime:0.0003s ]
SQL: UPDATE `zf_model_field` SET `listorder`='3' WHERE `fieldid` = 125 [ RunTime:0.0002s ]
SQL: UPDATE `zf_model_field` SET `listorder`='4' WHERE `fieldid` = 126 [ RunTime:0.0002s ]
SQL: UPDATE `zf_model_field` SET `listorder`='4' WHERE `fieldid` = 127 [ RunTime:0.0002s ]
SQL: UPDATE `zf_model_field` SET `listorder`='5' WHERE `fieldid` = 139 [ RunTime:0.0002s ]
SQL: UPDATE `zf_model_field` SET `listorder`='4' WHERE `fieldid` = 137 [ RunTime:0.0002s ]
SQL: UPDATE `zf_model_field` SET `listorder`='5' WHERE `fieldid` = 138 [ RunTime:0.0002s ]
SQL: UPDATE `zf_model_field` SET `listorder`='5' WHERE `fieldid` = 128 [ RunTime:0.0002s ]
SQL: UPDATE `zf_model_field` SET `listorder`='6' WHERE `fieldid` = 130 [ RunTime:0.0002s ]
SQL: UPDATE `zf_model_field` SET `listorder`='7' WHERE `fieldid` = 122 [ RunTime:0.0002s ]
SQL: UPDATE `zf_model_field` SET `listorder`='8' WHERE `fieldid` = 121 [ RunTime:0.0002s ]
SQL: UPDATE `zf_model_field` SET `listorder`='9' WHERE `fieldid` = 116 [ RunTime:0.0002s ]
SQL: UPDATE `zf_model_field` SET `listorder`='10' WHERE `fieldid` = 129 [ RunTime:0.0002s ]
SQL: UPDATE `zf_model_field` SET `listorder`='11' WHERE `fieldid` = 117 [ RunTime:0.0002s ]
SQL: UPDATE `zf_model_field` SET `listorder`='11' WHERE `fieldid` = 118 [ RunTime:0.0002s ]
SQL: UPDATE `zf_model_field` SET `listorder`='12' WHERE `fieldid` = 119 [ RunTime:0.0002s ]
SQL: UPDATE `zf_model_field` SET `listorder`='13' WHERE `fieldid` = 114 [ RunTime:0.0002s ]
SQL: UPDATE `zf_model_field` SET `listorder`='14' WHERE `fieldid` = 115 [ RunTime:0.0002s ]
SQL: UPDATE `zf_model_field` SET `listorder`='15' WHERE `fieldid` = 111 [ RunTime:0.0002s ]
SQL: UPDATE `zf_model_field` SET `listorder`='16' WHERE `fieldid` = 112 [ RunTime:0.0002s ]
SQL: UPDATE `zf_model_field` SET `listorder`='17' WHERE `fieldid` = 113 [ RunTime:0.0001s ]
SQL: UPDATE `zf_model_field` SET `listorder`='18' WHERE `fieldid` = 120 [ RunTime:0.0001s ]
SQL: SHOW COLUMNS FROM `zf_operationlog` [ RunTime:0.0049s ]
SQL: INSERT INTO `zf_operationlog` (`uid`,`status`,`info`,`get`,`time`,`ip`) VALUES ('1','1','提示语：排序更新成功！<br/>模块：Content,控制器：Field,方法：listorder<br/>请求方式：Ajax','http://kma.com/index.php?m=Field&modelid=12','1514513954','127.0.0.1') [ RunTime:0.0004s ]

[ 2017-12-29T10:20:04+08:00 ] 127.0.0.1 /index.php?m=Field&a=listorder
INFO: [ app_begin ] --START--
INFO: Run Behavior\ReadHtmlCacheBehavior [ RunTime:0.000604s ]
INFO: Run Common\Behavior\AppBeginBehavior [ RunTime:0.000767s ]
INFO: Run Wap\Behavior\WapBehavior [ RunTime:0.000583s ]
INFO: [ app_begin ] --END-- [ RunTime:0.002025s ]
NOTIC: [8] Undefined index: host D:\www\201712kma\zificms\Common\Common\corefun.php 第 895 行.
NOTIC: [8] Undefined index: g D:\www\201712kma\zificms\Common\Common\corefun.php 第 1035 行.
SQL: SHOW COLUMNS FROM `zf_user` [ RunTime:0.0050s ]
SQL: SELECT * FROM `zf_user` WHERE `id` = 1 LIMIT 1   [ RunTime:0.0003s ]
SQL: SHOW COLUMNS FROM `zf_model_field` [ RunTime:0.0053s ]
NOTIC: [8] Undefined index: host D:\www\201712kma\zificms\Common\Common\corefun.php 第 895 行.
NOTIC: [8] Undefined index: g D:\www\201712kma\zificms\Common\Common\corefun.php 第 1035 行.
SQL: UPDATE `zf_model_field` SET `listorder`='1' WHERE `fieldid` = 123 [ RunTime:0.0003s ]
SQL: UPDATE `zf_model_field` SET `listorder`='2' WHERE `fieldid` = 124 [ RunTime:0.0003s ]
SQL: UPDATE `zf_model_field` SET `listorder`='3' WHERE `fieldid` = 125 [ RunTime:0.0002s ]
SQL: UPDATE `zf_model_field` SET `listorder`='4' WHERE `fieldid` = 126 [ RunTime:0.0002s ]
SQL: UPDATE `zf_model_field` SET `listorder`='5' WHERE `fieldid` = 127 [ RunTime:0.0003s ]
SQL: UPDATE `zf_model_field` SET `listorder`='6' WHERE `fieldid` = 137 [ RunTime:0.0003s ]
SQL: UPDATE `zf_model_field` SET `listorder`='7' WHERE `fieldid` = 128 [ RunTime:0.0003s ]
SQL: UPDATE `zf_model_field` SET `listorder`='9' WHERE `fieldid` = 139 [ RunTime:0.0003s ]
SQL: UPDATE `zf_model_field` SET `listorder`='8' WHERE `fieldid` = 138 [ RunTime:0.0003s ]
SQL: UPDATE `zf_model_field` SET `listorder`='10' WHERE `fieldid` = 130 [ RunTime:0.0003s ]
SQL: UPDATE `zf_model_field` SET `listorder`='11' WHERE `fieldid` = 122 [ RunTime:0.0002s ]
SQL: UPDATE `zf_model_field` SET `listorder`='12' WHERE `fieldid` = 121 [ RunTime:0.0003s ]
SQL: UPDATE `zf_model_field` SET `listorder`='13' WHERE `fieldid` = 116 [ RunTime:0.0002s ]
SQL: UPDATE `zf_model_field` SET `listorder`='14' WHERE `fieldid` = 129 [ RunTime:0.0003s ]
SQL: UPDATE `zf_model_field` SET `listorder`='15' WHERE `fieldid` = 117 [ RunTime:0.0003s ]
SQL: UPDATE `zf_model_field` SET `listorder`='16' WHERE `fieldid` = 118 [ RunTime:0.0003s ]
SQL: UPDATE `zf_model_field` SET `listorder`='17' WHERE `fieldid` = 119 [ RunTime:0.0003s ]
SQL: UPDATE `zf_model_field` SET `listorder`='18' WHERE `fieldid` = 114 [ RunTime:0.0003s ]
SQL: UPDATE `zf_model_field` SET `listorder`='19' WHERE `fieldid` = 115 [ RunTime:0.0002s ]
SQL: UPDATE `zf_model_field` SET `listorder`='20' WHERE `fieldid` = 111 [ RunTime:0.0003s ]
SQL: UPDATE `zf_model_field` SET `listorder`='21' WHERE `fieldid` = 112 [ RunTime:0.0003s ]
SQL: UPDATE `zf_model_field` SET `listorder`='22' WHERE `fieldid` = 113 [ RunTime:0.0003s ]
SQL: UPDATE `zf_model_field` SET `listorder`='23' WHERE `fieldid` = 120 [ RunTime:0.0003s ]
SQL: SHOW COLUMNS FROM `zf_operationlog` [ RunTime:0.0055s ]
SQL: INSERT INTO `zf_operationlog` (`uid`,`status`,`info`,`get`,`time`,`ip`) VALUES ('1','1','提示语：排序更新成功！<br/>模块：Content,控制器：Field,方法：listorder<br/>请求方式：Ajax','http://kma.com/index.php?m=Field&modelid=12','1514514004','127.0.0.1') [ RunTime:0.0003s ]

[ 2017-12-29T10:22:09+08:00 ] 127.0.0.1 /index.php
DEBUG: Content标签->lists：参数：catid= ,modelid= ,order=listorder DESC
SQL:SELECT * FROM `zf_content` WHERE `catid` IN ('2') AND `thumb` <> '' AND `status` = 99 ORDER BY listorder DESC LIMIT 5  

[ 2017-12-29T10:23:01+08:00 ] 127.0.0.1 /index.php
DEBUG: Content标签->lists：参数：catid= ,modelid= ,order=listorder DESC
SQL:SELECT * FROM `zf_content` WHERE `catid` IN ('2') AND `thumb` <> '' AND `status` = 99 ORDER BY listorder DESC LIMIT 5  

[ 2017-12-29T10:28:11+08:00 ] 127.0.0.1 /index.php
DEBUG: Content标签->lists：参数：catid= ,modelid= ,order=listorder DESC
SQL:SELECT * FROM `zf_content` WHERE `catid` IN ('2') AND `thumb` <> '' AND `status` = 99 ORDER BY listorder DESC LIMIT 5  

[ 2017-12-29T10:32:54+08:00 ] 127.0.0.1 /index.php?m=Content&a=add
INFO: [ app_begin ] --START--
INFO: Run Behavior\ReadHtmlCacheBehavior [ RunTime:0.000689s ]
INFO: Run Common\Behavior\AppBeginBehavior [ RunTime:0.000835s ]
INFO: Run Wap\Behavior\WapBehavior [ RunTime:0.000789s ]
INFO: [ app_begin ] --END-- [ RunTime:0.002406s ]
NOTIC: [8] Undefined index: host D:\www\201712kma\zificms\Common\Common\corefun.php 第 895 行.
NOTIC: [8] Undefined index: g D:\www\201712kma\zificms\Common\Common\corefun.php 第 1035 行.
SQL: SHOW COLUMNS FROM `zf_user` [ RunTime:0.0047s ]
SQL: SELECT * FROM `zf_user` WHERE `id` = 1 LIMIT 1   [ RunTime:0.0003s ]
NOTIC: [8] Undefined index: __hash__ D:\www\201712kma\zificms\Libs\System\Content.class.php 第 87 行.
NOTIC: [8] Undefined index: inputtime D:\www\201712kma\zificms\Libs\System\Content.class.php 第 123 行.
NOTIC: [8] Undefined index: inputtime D:\www\201712kma\zificms\Libs\System\Content.class.php 第 125 行.
NOTIC: [8] Undefined index: description D:\www\201712kma\zificms\Libs\System\Content.class.php 第 780 行.
SQL: SHOW COLUMNS FROM `zf_content_student` [ RunTime:0.0048s ]
NOTIC: [8] Undefined index: backstagefun D:\www\201712kma\#runtime\content_input.class.php 第 150 行.
NOTIC: [8] Undefined index: frontfun D:\www\201712kma\#runtime\content_input.class.php 第 150 行.
NOTIC: [8] Undefined index: typeid D:\www\201712kma\#runtime\content_input.class.php 第 101 行.
NOTIC: [8] Undefined index: backstagefun D:\www\201712kma\#runtime\content_input.class.php 第 150 行.
NOTIC: [8] Undefined index: frontfun D:\www\201712kma\#runtime\content_input.class.php 第 150 行.
SQL: SHOW COLUMNS FROM `zf_attachment` [ RunTime:0.0056s ]
NOTIC: [8] Undefined index: backstagefun D:\www\201712kma\#runtime\content_input.class.php 第 150 行.
NOTIC: [8] Undefined index: frontfun D:\www\201712kma\#runtime\content_input.class.php 第 150 行.
NOTIC: [8] Undefined index: backstagefun D:\www\201712kma\#runtime\content_input.class.php 第 150 行.
NOTIC: [8] Undefined index: frontfun D:\www\201712kma\#runtime\content_input.class.php 第 150 行.
NOTIC: [8] Undefined index: backstagefun D:\www\201712kma\#runtime\content_input.class.php 第 150 行.
NOTIC: [8] Undefined index: frontfun D:\www\201712kma\#runtime\content_input.class.php 第 150 行.
NOTIC: [8] Undefined index: url D:\www\201712kma\#runtime\content_input.class.php 第 101 行.
NOTIC: [8] Undefined index: backstagefun D:\www\201712kma\#runtime\content_input.class.php 第 150 行.
NOTIC: [8] Undefined index: frontfun D:\www\201712kma\#runtime\content_input.class.php 第 150 行.
NOTIC: [8] Undefined index: backstagefun D:\www\201712kma\#runtime\content_input.class.php 第 150 行.
NOTIC: [8] Undefined index: frontfun D:\www\201712kma\#runtime\content_input.class.php 第 150 行.
NOTIC: [8] Undefined index: listorder D:\www\201712kma\#runtime\content_input.class.php 第 101 行.
NOTIC: [8] Undefined index: mapping_name D:\www\201712kma\zificms\Application\Content\Model\ContentModel.class.php 第 153 行.
SQL: SHOW COLUMNS FROM `zf_content_student_data` [ RunTime:0.0052s ]
NOTIC: [8] Undefined variable: _validateSideTables D:\www\201712kma\zificms\Application\Content\Model\ContentModel.class.php 第 209 行.
NOTIC: [8] Undefined variable: _autoSideTables D:\www\201712kma\zificms\Application\Content\Model\ContentModel.class.php 第 209 行.
NOTIC: [8] Undefined offset: 0 D:\www\201712kma\zificms\Core\Library\Think\Db\Driver.class.php 第 800 行.
SQL: INSERT INTO `zf_content_student` (`sysadd`,`description`,`catid`,`title`,`thumb`,`updatetime`,`inputtime`,`posid`,`status`,`username`,`islink`,`style`) VALUES ('1','123','3','测试','','1514514774','1514514774','0','99','zhifeng','0','') [ RunTime:0.0006s ]
NOTIC: [8] Undefined index: mapping_name D:\www\201712kma\zificms\Common\Model\RelationModel.class.php 第 258 行.
SQL: INSERT INTO `zf_content_student_data` (`duanwei`,`uname`,`ucard`,`content`,`relation`,`paginationtype`,`maxcharperpage`,`template`,`allow_comment`,`id`,`paytype`) VALUES ('一段','123','123','<p>123</p>','','2','10000','','1','18','0') [ RunTime:0.0006s ]
NOTIC: [8] Undefined index: prefix D:\www\201712kma\zificms\Libs\System\Url.class.php 第 146 行.
NOTIC: [8] Undefined variable: domain D:\www\201712kma\zificms\Libs\System\Url.class.php 第 278 行.
SQL: UPDATE `zf_content_student` SET `url`='/index.php?a=shows&catid=3&id=18' WHERE `id` = 18 [ RunTime:0.0004s ]
NOTIC: [8] Undefined index: backstagefun D:\www\201712kma\#runtime\content_update.class.php 第 96 行.
NOTIC: [8] Undefined index: frontfun D:\www\201712kma\#runtime\content_update.class.php 第 96 行.
NOTIC: [8] Undefined index: backstagefun D:\www\201712kma\#runtime\content_update.class.php 第 96 行.
NOTIC: [8] Undefined index: frontfun D:\www\201712kma\#runtime\content_update.class.php 第 96 行.
NOTIC: [8] Undefined index: backstagefun D:\www\201712kma\#runtime\content_update.class.php 第 96 行.
NOTIC: [8] Undefined index: frontfun D:\www\201712kma\#runtime\content_update.class.php 第 96 行.
NOTIC: [8] Undefined index: backstagefun D:\www\201712kma\#runtime\content_update.class.php 第 96 行.
NOTIC: [8] Undefined index: frontfun D:\www\201712kma\#runtime\content_update.class.php 第 96 行.
SQL: SHOW COLUMNS FROM `zf_position` [ RunTime:0.0049s ]
SQL: SHOW COLUMNS FROM `zf_position_data` [ RunTime:0.0048s ]
NOTIC: [8] Undefined index: backstagefun D:\www\201712kma\#runtime\content_update.class.php 第 96 行.
NOTIC: [8] Undefined index: frontfun D:\www\201712kma\#runtime\content_update.class.php 第 96 行.
NOTIC: [8] Undefined index: backstagefun D:\www\201712kma\#runtime\content_update.class.php 第 96 行.
NOTIC: [8] Undefined index: frontfun D:\www\201712kma\#runtime\content_update.class.php 第 96 行.
NOTIC: [8] Undefined index: othor_catid D:\www\201712kma\zificms\Libs\System\Content.class.php 第 178 行.
SQL: SHOW COLUMNS FROM `zf_attachment_index` [ RunTime:0.0049s ]
INFO: [ content_add_end ] --START--
INFO: Run Search\Behavior\SearchApi [ RunTime:0.001831s ]
SQL: SELECT * FROM `zf_content_student` WHERE `catid` = 3 AND `status` = 99 AND `id` < '18' ORDER BY `id` DESC LIMIT 1   [ RunTime:0.0003s ]
SQL: SHOW COLUMNS FROM `zf_operationlog` [ RunTime:0.0051s ]
SQL: INSERT INTO `zf_operationlog` (`uid`,`status`,`info`,`get`,`time`,`ip`) VALUES ('1','1','提示语：添加成功！<br/>模块：Content,控制器：Content,方法：add<br/>请求方式：Ajax','http://kma.com/index.php?m=Content&a=add&catid=3','1514514774','127.0.0.1') [ RunTime:0.0004s ]

[ 2017-12-29T10:32:57+08:00 ] 127.0.0.1 /index.php
DEBUG: Content标签->lists：参数：catid= ,modelid= ,order=listorder DESC
SQL:SELECT * FROM `zf_content` WHERE `catid` IN ('2') AND `thumb` <> '' AND `status` = 99 ORDER BY listorder DESC LIMIT 5  

[ 2017-12-29T10:36:44+08:00 ] 127.0.0.1 /index.php
DEBUG: Content标签->lists：参数：catid= ,modelid= ,order=listorder DESC
SQL:SELECT * FROM `zf_content` WHERE `catid` IN ('2') AND `thumb` <> '' AND `status` = 99 ORDER BY listorder DESC LIMIT 5  

[ 2017-12-29T10:36:45+08:00 ] 127.0.0.1 /index.php
DEBUG: Content标签->lists：参数：catid= ,modelid= ,order=listorder DESC
SQL:SELECT * FROM `zf_content` WHERE `catid` IN ('2') AND `thumb` <> '' AND `status` = 99 ORDER BY listorder DESC LIMIT 5  

[ 2017-12-29T10:36:54+08:00 ] 127.0.0.1 /index.php?m=Gbook&a=findstudent
INFO: [ app_begin ] --START--
INFO: Run Behavior\ReadHtmlCacheBehavior [ RunTime:0.000584s ]
INFO: Run Common\Behavior\AppBeginBehavior [ RunTime:0.000749s ]
INFO: Run Wap\Behavior\WapBehavior [ RunTime:0.000700s ]
INFO: [ app_begin ] --END-- [ RunTime:0.002118s ]
INFO: [ app_end ] --START--
INFO: Run Behavior\ShowPageTraceBehavior [ RunTime:0.001057s ]
INFO: [ app_end ] --END-- [ RunTime:0.001122s ]

[ 2017-12-29T10:37:03+08:00 ] 127.0.0.1 /index.php?m=Gbook&a=findstudent
INFO: [ app_begin ] --START--
INFO: Run Behavior\ReadHtmlCacheBehavior [ RunTime:0.001090s ]
INFO: Run Common\Behavior\AppBeginBehavior [ RunTime:0.001221s ]
INFO: Run Wap\Behavior\WapBehavior [ RunTime:0.001257s ]
INFO: [ app_begin ] --END-- [ RunTime:0.003785s ]
INFO: [ app_end ] --START--
INFO: Run Behavior\ShowPageTraceBehavior [ RunTime:0.000851s ]
INFO: [ app_end ] --END-- [ RunTime:0.000893s ]

[ 2017-12-29T10:37:21+08:00 ] 127.0.0.1 /index.php?m=Gbook&a=findstudent
INFO: [ app_begin ] --START--
INFO: Run Behavior\ReadHtmlCacheBehavior [ RunTime:0.000747s ]
INFO: Run Common\Behavior\AppBeginBehavior [ RunTime:0.000857s ]
INFO: Run Wap\Behavior\WapBehavior [ RunTime:0.000740s ]
INFO: [ app_begin ] --END-- [ RunTime:0.002452s ]

[ 2017-12-29T10:37:35+08:00 ] 127.0.0.1 /index.php?m=Gbook&a=findstudent
INFO: [ app_begin ] --START--
INFO: Run Behavior\ReadHtmlCacheBehavior [ RunTime:0.000597s ]
INFO: Run Common\Behavior\AppBeginBehavior [ RunTime:0.001168s ]
INFO: Run Wap\Behavior\WapBehavior [ RunTime:0.000942s ]
INFO: [ app_begin ] --END-- [ RunTime:0.002872s ]

[ 2017-12-29T10:37:42+08:00 ] 127.0.0.1 /index.php?m=Gbook&a=findstudent
INFO: [ app_begin ] --START--
INFO: Run Behavior\ReadHtmlCacheBehavior [ RunTime:0.000798s ]
INFO: Run Common\Behavior\AppBeginBehavior [ RunTime:0.001086s ]
INFO: Run Wap\Behavior\WapBehavior [ RunTime:0.000590s ]
INFO: [ app_begin ] --END-- [ RunTime:0.002697s ]
INFO: [ app_end ] --START--
INFO: Run Behavior\ShowPageTraceBehavior [ RunTime:0.000701s ]
INFO: [ app_end ] --END-- [ RunTime:0.000748s ]

[ 2017-12-29T10:37:59+08:00 ] 127.0.0.1 /index.php?m=Gbook&a=findstudent
INFO: [ app_begin ] --START--
INFO: Run Behavior\ReadHtmlCacheBehavior [ RunTime:0.000810s ]
INFO: Run Common\Behavior\AppBeginBehavior [ RunTime:0.000910s ]
INFO: Run Wap\Behavior\WapBehavior [ RunTime:0.000701s ]
INFO: [ app_begin ] --END-- [ RunTime:0.002517s ]

[ 2017-12-29T10:38:06+08:00 ] 127.0.0.1 /index.php?m=Gbook&a=findstudent
INFO: [ app_begin ] --START--
INFO: Run Behavior\ReadHtmlCacheBehavior [ RunTime:0.001159s ]
INFO: Run Common\Behavior\AppBeginBehavior [ RunTime:0.001713s ]
INFO: Run Wap\Behavior\WapBehavior [ RunTime:0.001587s ]
INFO: [ app_begin ] --END-- [ RunTime:0.004663s ]
INFO: [ app_end ] --START--
INFO: Run Behavior\ShowPageTraceBehavior [ RunTime:0.000966s ]
INFO: [ app_end ] --END-- [ RunTime:0.001034s ]

[ 2017-12-29T10:38:18+08:00 ] 127.0.0.1 /index.php?m=Gbook&a=findstudent
INFO: [ app_begin ] --START--
INFO: Run Behavior\ReadHtmlCacheBehavior [ RunTime:0.000560s ]
INFO: Run Common\Behavior\AppBeginBehavior [ RunTime:0.000740s ]
INFO: Run Wap\Behavior\WapBehavior [ RunTime:0.000701s ]
INFO: [ app_begin ] --END-- [ RunTime:0.002075s ]
INFO: [ app_end ] --START--
INFO: Run Behavior\ShowPageTraceBehavior [ RunTime:0.000956s ]
INFO: [ app_end ] --END-- [ RunTime:0.001028s ]

[ 2017-12-29T10:38:27+08:00 ] 127.0.0.1 /index.php?m=Gbook&a=findstudent
INFO: [ app_begin ] --START--
INFO: Run Behavior\ReadHtmlCacheBehavior [ RunTime:0.001167s ]
INFO: Run Common\Behavior\AppBeginBehavior [ RunTime:0.001129s ]
INFO: Run Wap\Behavior\WapBehavior [ RunTime:0.000744s ]
INFO: [ app_begin ] --END-- [ RunTime:0.003198s ]
INFO: [ app_end ] --START--
INFO: Run Behavior\ShowPageTraceBehavior [ RunTime:0.000874s ]
INFO: [ app_end ] --END-- [ RunTime:0.000910s ]

[ 2017-12-29T10:39:11+08:00 ] 127.0.0.1 /index.php
DEBUG: Content标签->lists：参数：catid= ,modelid= ,order=listorder DESC
SQL:SELECT * FROM `zf_content` WHERE `catid` IN ('2') AND `thumb` <> '' AND `status` = 99 ORDER BY listorder DESC LIMIT 5  

[ 2017-12-29T10:39:19+08:00 ] 127.0.0.1 /index.php?m=Gbook&a=findstudent
INFO: [ app_begin ] --START--
INFO: Run Behavior\ReadHtmlCacheBehavior [ RunTime:0.000705s ]
INFO: Run Common\Behavior\AppBeginBehavior [ RunTime:0.000841s ]
INFO: Run Wap\Behavior\WapBehavior [ RunTime:0.000602s ]
INFO: [ app_begin ] --END-- [ RunTime:0.002267s ]
INFO: [ app_end ] --START--
INFO: Run Behavior\ShowPageTraceBehavior [ RunTime:0.001029s ]
INFO: [ app_end ] --END-- [ RunTime:0.001106s ]

[ 2017-12-29T10:39:46+08:00 ] 127.0.0.1 /index.php
DEBUG: Content标签->lists：参数：catid= ,modelid= ,order=listorder DESC
SQL:SELECT * FROM `zf_content` WHERE `catid` IN ('2') AND `thumb` <> '' AND `status` = 99 ORDER BY listorder DESC LIMIT 5  

[ 2017-12-29T10:39:54+08:00 ] 127.0.0.1 /index.php?m=Gbook&a=findstudent
INFO: [ app_begin ] --START--
INFO: Run Behavior\ReadHtmlCacheBehavior [ RunTime:0.000687s ]
INFO: Run Common\Behavior\AppBeginBehavior [ RunTime:0.000957s ]
INFO: Run Wap\Behavior\WapBehavior [ RunTime:0.000686s ]
INFO: [ app_begin ] --END-- [ RunTime:0.002448s ]
INFO: [ app_end ] --START--
INFO: Run Behavior\ShowPageTraceBehavior [ RunTime:0.000908s ]
INFO: [ app_end ] --END-- [ RunTime:0.000949s ]

[ 2017-12-29T10:40:01+08:00 ] 127.0.0.1 /index.php
DEBUG: Content标签->lists：参数：catid= ,modelid= ,order=listorder DESC
SQL:SELECT * FROM `zf_content` WHERE `catid` IN ('2') AND `thumb` <> '' AND `status` = 99 ORDER BY listorder DESC LIMIT 5  

[ 2017-12-29T10:40:13+08:00 ] 127.0.0.1 /index.php?m=Gbook&a=findstudent
INFO: [ app_begin ] --START--
INFO: Run Behavior\ReadHtmlCacheBehavior [ RunTime:0.000991s ]
INFO: Run Common\Behavior\AppBeginBehavior [ RunTime:0.000822s ]
INFO: Run Wap\Behavior\WapBehavior [ RunTime:0.000565s ]
INFO: [ app_begin ] --END-- [ RunTime:0.002538s ]
INFO: [ app_end ] --START--
INFO: Run Behavior\ShowPageTraceBehavior [ RunTime:0.000690s ]
INFO: [ app_end ] --END-- [ RunTime:0.000743s ]

[ 2017-12-29T10:41:07+08:00 ] 127.0.0.1 /index.php?m=Gbook&a=findstudent
INFO: [ app_begin ] --START--
INFO: Run Behavior\ReadHtmlCacheBehavior [ RunTime:0.001451s ]
INFO: Run Common\Behavior\AppBeginBehavior [ RunTime:0.002140s ]
INFO: Run Wap\Behavior\WapBehavior [ RunTime:0.001021s ]
INFO: [ app_begin ] --END-- [ RunTime:0.004924s ]
INFO: [ app_end ] --START--
INFO: Run Behavior\ShowPageTraceBehavior [ RunTime:0.000791s ]
INFO: [ app_end ] --END-- [ RunTime:0.000862s ]

[ 2017-12-29T10:41:51+08:00 ] 127.0.0.1 /index.php?m=Gbook&a=findstudent
INFO: [ app_begin ] --START--
INFO: Run Behavior\ReadHtmlCacheBehavior [ RunTime:0.000571s ]
INFO: Run Common\Behavior\AppBeginBehavior [ RunTime:0.000668s ]
INFO: Run Wap\Behavior\WapBehavior [ RunTime:0.000479s ]
INFO: [ app_begin ] --END-- [ RunTime:0.001806s ]
INFO: [ app_end ] --START--
INFO: Run Behavior\ShowPageTraceBehavior [ RunTime:0.000809s ]
INFO: [ app_end ] --END-- [ RunTime:0.000872s ]

[ 2017-12-29T10:41:59+08:00 ] 127.0.0.1 /index.php?m=Gbook&a=findstudent
INFO: [ app_begin ] --START--
INFO: Run Behavior\ReadHtmlCacheBehavior [ RunTime:0.001372s ]
INFO: Run Common\Behavior\AppBeginBehavior [ RunTime:0.001078s ]
INFO: Run Wap\Behavior\WapBehavior [ RunTime:0.000705s ]
INFO: [ app_begin ] --END-- [ RunTime:0.003309s ]
INFO: [ app_end ] --START--
INFO: Run Behavior\ShowPageTraceBehavior [ RunTime:0.000920s ]
INFO: [ app_end ] --END-- [ RunTime:0.000973s ]

[ 2017-12-29T10:42:05+08:00 ] 127.0.0.1 /index.php?m=Gbook&a=findstudent
INFO: [ app_begin ] --START--
INFO: Run Behavior\ReadHtmlCacheBehavior [ RunTime:0.000986s ]
INFO: Run Common\Behavior\AppBeginBehavior [ RunTime:0.000960s ]
INFO: Run Wap\Behavior\WapBehavior [ RunTime:0.000706s ]
INFO: [ app_begin ] --END-- [ RunTime:0.002848s ]
INFO: [ app_end ] --START--
INFO: Run Behavior\ShowPageTraceBehavior [ RunTime:0.001744s ]
INFO: [ app_end ] --END-- [ RunTime:0.001801s ]

[ 2017-12-29T10:42:12+08:00 ] 127.0.0.1 /index.php?m=Gbook&a=findstudent
INFO: [ app_begin ] --START--
INFO: Run Behavior\ReadHtmlCacheBehavior [ RunTime:0.000588s ]
INFO: Run Common\Behavior\AppBeginBehavior [ RunTime:0.000648s ]
INFO: Run Wap\Behavior\WapBehavior [ RunTime:0.000482s ]
INFO: [ app_begin ] --END-- [ RunTime:0.001822s ]
INFO: [ app_end ] --START--
INFO: Run Behavior\ShowPageTraceBehavior [ RunTime:0.001744s ]
INFO: [ app_end ] --END-- [ RunTime:0.001856s ]

[ 2017-12-29T10:42:18+08:00 ] 127.0.0.1 /index.php?m=Gbook&a=findstudent
INFO: [ app_begin ] --START--
INFO: Run Behavior\ReadHtmlCacheBehavior [ RunTime:0.001251s ]
INFO: Run Common\Behavior\AppBeginBehavior [ RunTime:0.001009s ]
INFO: Run Wap\Behavior\WapBehavior [ RunTime:0.001280s ]
INFO: [ app_begin ] --END-- [ RunTime:0.003759s ]
INFO: [ app_end ] --START--
INFO: Run Behavior\ShowPageTraceBehavior [ RunTime:0.000915s ]
INFO: [ app_end ] --END-- [ RunTime:0.000973s ]

[ 2017-12-29T10:42:47+08:00 ] 127.0.0.1 /index.php
DEBUG: Content标签->lists：参数：catid= ,modelid= ,order=listorder DESC
SQL:SELECT * FROM `zf_content` WHERE `catid` IN ('2') AND `thumb` <> '' AND `status` = 99 ORDER BY listorder DESC LIMIT 5  

[ 2017-12-29T10:43:15+08:00 ] 127.0.0.1 /index.php?m=Gbook&a=findstudent
INFO: [ app_begin ] --START--
INFO: Run Behavior\ReadHtmlCacheBehavior [ RunTime:0.000850s ]
INFO: Run Common\Behavior\AppBeginBehavior [ RunTime:0.001485s ]
INFO: Run Wap\Behavior\WapBehavior [ RunTime:0.001004s ]
INFO: [ app_begin ] --END-- [ RunTime:0.003480s ]
INFO: [ app_end ] --START--
INFO: Run Behavior\ShowPageTraceBehavior [ RunTime:0.000576s ]
INFO: [ app_end ] --END-- [ RunTime:0.000610s ]

[ 2017-12-29T10:44:17+08:00 ] 127.0.0.1 /index.php?m=Gbook&a=findstudent
INFO: [ app_begin ] --START--
INFO: Run Behavior\ReadHtmlCacheBehavior [ RunTime:0.000959s ]
INFO: Run Common\Behavior\AppBeginBehavior [ RunTime:0.000906s ]
INFO: Run Wap\Behavior\WapBehavior [ RunTime:0.000483s ]
INFO: [ app_begin ] --END-- [ RunTime:0.002496s ]
INFO: [ app_end ] --START--
INFO: Run Behavior\ShowPageTraceBehavior [ RunTime:0.000746s ]
INFO: [ app_end ] --END-- [ RunTime:0.000805s ]

[ 2017-12-29T10:45:55+08:00 ] 127.0.0.1 /index.php?m=Gbook&a=findstudent
INFO: [ app_begin ] --START--
INFO: Run Behavior\ReadHtmlCacheBehavior [ RunTime:0.000532s ]
INFO: Run Common\Behavior\AppBeginBehavior [ RunTime:0.000718s ]
INFO: Run Wap\Behavior\WapBehavior [ RunTime:0.000574s ]
INFO: [ app_begin ] --END-- [ RunTime:0.001918s ]
INFO: [ app_end ] --START--
INFO: Run Behavior\ShowPageTraceBehavior [ RunTime:0.000627s ]
INFO: [ app_end ] --END-- [ RunTime:0.000666s ]

[ 2017-12-29T10:46:13+08:00 ] 127.0.0.1 /index.php?m=Gbook&a=findstudent
INFO: [ app_begin ] --START--
INFO: Run Behavior\ReadHtmlCacheBehavior [ RunTime:0.000642s ]
INFO: Run Common\Behavior\AppBeginBehavior [ RunTime:0.000681s ]
INFO: Run Wap\Behavior\WapBehavior [ RunTime:0.000566s ]
INFO: [ app_begin ] --END-- [ RunTime:0.001967s ]
INFO: [ app_end ] --START--
INFO: Run Behavior\ShowPageTraceBehavior [ RunTime:0.002408s ]
INFO: [ app_end ] --END-- [ RunTime:0.002573s ]

[ 2017-12-29T10:49:16+08:00 ] 127.0.0.1 /index.php?m=Gbook&a=findstudent
INFO: [ app_begin ] --START--
INFO: Run Behavior\ReadHtmlCacheBehavior [ RunTime:0.000452s ]
INFO: Run Common\Behavior\AppBeginBehavior [ RunTime:0.000642s ]
INFO: Run Wap\Behavior\WapBehavior [ RunTime:0.000441s ]
INFO: [ app_begin ] --END-- [ RunTime:0.001624s ]
INFO: [ app_end ] --START--
INFO: Run Behavior\ShowPageTraceBehavior [ RunTime:0.000569s ]
INFO: [ app_end ] --END-- [ RunTime:0.000610s ]

[ 2017-12-29T10:49:52+08:00 ] 127.0.0.1 /index.php?m=Gbook&a=findstudent
INFO: [ app_begin ] --START--
INFO: Run Behavior\ReadHtmlCacheBehavior [ RunTime:0.000547s ]
INFO: Run Common\Behavior\AppBeginBehavior [ RunTime:0.002224s ]
INFO: Run Wap\Behavior\WapBehavior [ RunTime:0.000524s ]
INFO: [ app_begin ] --END-- [ RunTime:0.003488s ]
INFO: [ app_end ] --START--
INFO: Run Behavior\ShowPageTraceBehavior [ RunTime:0.000557s ]
INFO: [ app_end ] --END-- [ RunTime:0.000604s ]

[ 2017-12-29T10:54:48+08:00 ] 127.0.0.1 /index.php?m=Gbook&a=findstudent
INFO: [ app_begin ] --START--
INFO: Run Behavior\ReadHtmlCacheBehavior [ RunTime:0.002020s ]
INFO: Run Common\Behavior\AppBeginBehavior [ RunTime:0.001677s ]
INFO: Run Wap\Behavior\WapBehavior [ RunTime:0.001148s ]
INFO: [ app_begin ] --END-- [ RunTime:0.005058s ]
INFO: [ app_end ] --START--
INFO: Run Behavior\ShowPageTraceBehavior [ RunTime:0.000626s ]
INFO: [ app_end ] --END-- [ RunTime:0.000700s ]

[ 2017-12-29T10:55:05+08:00 ] 127.0.0.1 /index.php?m=Gbook&a=findstudent
INFO: [ app_begin ] --START--
INFO: Run Behavior\ReadHtmlCacheBehavior [ RunTime:0.000463s ]
INFO: Run Common\Behavior\AppBeginBehavior [ RunTime:0.000570s ]
INFO: Run Wap\Behavior\WapBehavior [ RunTime:0.000396s ]
INFO: [ app_begin ] --END-- [ RunTime:0.001495s ]
INFO: [ app_end ] --START--
INFO: Run Behavior\ShowPageTraceBehavior [ RunTime:0.000688s ]
INFO: [ app_end ] --END-- [ RunTime:0.000743s ]

[ 2017-12-29T10:56:31+08:00 ] 127.0.0.1 /index.php?m=Gbook&a=findstudent
INFO: [ app_begin ] --START--
INFO: Run Behavior\ReadHtmlCacheBehavior [ RunTime:0.000612s ]
INFO: Run Common\Behavior\AppBeginBehavior [ RunTime:0.001367s ]
INFO: Run Wap\Behavior\WapBehavior [ RunTime:0.000651s ]
INFO: [ app_begin ] --END-- [ RunTime:0.002763s ]

[ 2017-12-29T10:56:56+08:00 ] 127.0.0.1 /index.php?m=Gbook&a=findstudent
INFO: [ app_begin ] --START--
INFO: Run Behavior\ReadHtmlCacheBehavior [ RunTime:0.000576s ]
INFO: Run Common\Behavior\AppBeginBehavior [ RunTime:0.000808s ]
INFO: Run Wap\Behavior\WapBehavior [ RunTime:0.000630s ]
INFO: [ app_begin ] --END-- [ RunTime:0.002108s ]
INFO: [ app_end ] --START--
INFO: Run Behavior\ShowPageTraceBehavior [ RunTime:0.000757s ]
INFO: [ app_end ] --END-- [ RunTime:0.000822s ]

[ 2017-12-29T10:57:35+08:00 ] 127.0.0.1 /index.php?m=Gbook&a=findstudent
INFO: [ app_begin ] --START--
INFO: Run Behavior\ReadHtmlCacheBehavior [ RunTime:0.000581s ]
INFO: Run Common\Behavior\AppBeginBehavior [ RunTime:0.000766s ]
INFO: Run Wap\Behavior\WapBehavior [ RunTime:0.000462s ]
INFO: [ app_begin ] --END-- [ RunTime:0.001886s ]
INFO: [ app_end ] --START--
INFO: Run Behavior\ShowPageTraceBehavior [ RunTime:0.001274s ]
INFO: [ app_end ] --END-- [ RunTime:0.001400s ]

[ 2017-12-29T10:57:49+08:00 ] 127.0.0.1 /index.php?m=Gbook&a=findstudent
INFO: [ app_begin ] --START--
INFO: Run Behavior\ReadHtmlCacheBehavior [ RunTime:0.000485s ]
INFO: Run Common\Behavior\AppBeginBehavior [ RunTime:0.000746s ]
INFO: Run Wap\Behavior\WapBehavior [ RunTime:0.000715s ]
INFO: [ app_begin ] --END-- [ RunTime:0.002043s ]
INFO: [ app_end ] --START--
INFO: Run Behavior\ShowPageTraceBehavior [ RunTime:0.000547s ]
INFO: [ app_end ] --END-- [ RunTime:0.000587s ]

[ 2017-12-29T11:00:25+08:00 ] 127.0.0.1 /index.php?m=Gbook&a=findstudent
INFO: [ app_begin ] --START--
INFO: Run Behavior\ReadHtmlCacheBehavior [ RunTime:0.001026s ]
INFO: Run Common\Behavior\AppBeginBehavior [ RunTime:0.000781s ]
INFO: Run Wap\Behavior\WapBehavior [ RunTime:0.000529s ]
INFO: [ app_begin ] --END-- [ RunTime:0.002672s ]
INFO: [ app_end ] --START--
INFO: Run Behavior\ShowPageTraceBehavior [ RunTime:0.000605s ]
INFO: [ app_end ] --END-- [ RunTime:0.000648s ]

[ 2017-12-29T11:00:31+08:00 ] 127.0.0.1 /index.php?m=Gbook&a=findstudent
INFO: [ app_begin ] --START--
INFO: Run Behavior\ReadHtmlCacheBehavior [ RunTime:0.000764s ]
INFO: Run Common\Behavior\AppBeginBehavior [ RunTime:0.001086s ]
INFO: Run Wap\Behavior\WapBehavior [ RunTime:0.000688s ]
INFO: [ app_begin ] --END-- [ RunTime:0.002661s ]
INFO: [ app_end ] --START--
INFO: Run Behavior\ShowPageTraceBehavior [ RunTime:0.000579s ]
INFO: [ app_end ] --END-- [ RunTime:0.000611s ]

[ 2017-12-29T11:00:43+08:00 ] 127.0.0.1 /index.php?m=Gbook&a=findstudent
INFO: [ app_begin ] --START--
INFO: Run Behavior\ReadHtmlCacheBehavior [ RunTime:0.000592s ]
INFO: Run Common\Behavior\AppBeginBehavior [ RunTime:0.000708s ]
INFO: Run Wap\Behavior\WapBehavior [ RunTime:0.000504s ]
INFO: [ app_begin ] --END-- [ RunTime:0.001888s ]
INFO: [ app_end ] --START--
INFO: Run Behavior\ShowPageTraceBehavior [ RunTime:0.001721s ]
INFO: [ app_end ] --END-- [ RunTime:0.001869s ]

[ 2017-12-29T11:00:46+08:00 ] 127.0.0.1 /index.php?m=Gbook&a=findstudent
INFO: [ app_begin ] --START--
INFO: Run Behavior\ReadHtmlCacheBehavior [ RunTime:0.000836s ]
INFO: Run Common\Behavior\AppBeginBehavior [ RunTime:0.000938s ]
INFO: Run Wap\Behavior\WapBehavior [ RunTime:0.000832s ]
INFO: [ app_begin ] --END-- [ RunTime:0.002721s ]
INFO: [ app_end ] --START--
INFO: Run Behavior\ShowPageTraceBehavior [ RunTime:0.000525s ]
INFO: [ app_end ] --END-- [ RunTime:0.000570s ]

[ 2017-12-29T11:00:48+08:00 ] 127.0.0.1 /index.php?m=Gbook&a=findstudent
INFO: [ app_begin ] --START--
INFO: Run Behavior\ReadHtmlCacheBehavior [ RunTime:0.000601s ]
INFO: Run Common\Behavior\AppBeginBehavior [ RunTime:0.001190s ]
INFO: Run Wap\Behavior\WapBehavior [ RunTime:0.001255s ]
INFO: [ app_begin ] --END-- [ RunTime:0.003324s ]
INFO: [ app_end ] --START--
INFO: Run Behavior\ShowPageTraceBehavior [ RunTime:0.000445s ]
INFO: [ app_end ] --END-- [ RunTime:0.000480s ]

[ 2017-12-29T11:00:52+08:00 ] 127.0.0.1 /index.php?m=Gbook&a=findstudent
INFO: [ app_begin ] --START--
INFO: Run Behavior\ReadHtmlCacheBehavior [ RunTime:0.001267s ]
INFO: Run Common\Behavior\AppBeginBehavior [ RunTime:0.002203s ]
INFO: Run Wap\Behavior\WapBehavior [ RunTime:0.000655s ]
INFO: [ app_begin ] --END-- [ RunTime:0.004447s ]
INFO: [ app_end ] --START--
INFO: Run Behavior\ShowPageTraceBehavior [ RunTime:0.000648s ]
INFO: [ app_end ] --END-- [ RunTime:0.000695s ]

[ 2017-12-29T11:01:17+08:00 ] 127.0.0.1 /index.php?m=Gbook&a=findstudent
INFO: [ app_begin ] --START--
INFO: Run Behavior\ReadHtmlCacheBehavior [ RunTime:0.000529s ]
INFO: Run Common\Behavior\AppBeginBehavior [ RunTime:0.000807s ]
INFO: Run Wap\Behavior\WapBehavior [ RunTime:0.000540s ]
INFO: [ app_begin ] --END-- [ RunTime:0.001977s ]
INFO: [ app_end ] --START--
INFO: Run Behavior\ShowPageTraceBehavior [ RunTime:0.001568s ]
INFO: [ app_end ] --END-- [ RunTime:0.001633s ]

[ 2017-12-29T11:01:22+08:00 ] 127.0.0.1 /index.php?m=Gbook&a=findstudent
INFO: [ app_begin ] --START--
INFO: Run Behavior\ReadHtmlCacheBehavior [ RunTime:0.000642s ]
INFO: Run Common\Behavior\AppBeginBehavior [ RunTime:0.002125s ]
INFO: Run Wap\Behavior\WapBehavior [ RunTime:0.001340s ]
INFO: [ app_begin ] --END-- [ RunTime:0.004322s ]
INFO: [ app_end ] --START--
INFO: Run Behavior\ShowPageTraceBehavior [ RunTime:0.000629s ]
INFO: [ app_end ] --END-- [ RunTime:0.000859s ]

[ 2017-12-29T11:01:28+08:00 ] 127.0.0.1 /index.php?m=Gbook&a=findstudent
INFO: [ app_begin ] --START--
INFO: Run Behavior\ReadHtmlCacheBehavior [ RunTime:0.000478s ]
INFO: Run Common\Behavior\AppBeginBehavior [ RunTime:0.000687s ]
INFO: Run Wap\Behavior\WapBehavior [ RunTime:0.000487s ]
INFO: [ app_begin ] --END-- [ RunTime:0.001739s ]
INFO: [ app_end ] --START--
INFO: Run Behavior\ShowPageTraceBehavior [ RunTime:0.000711s ]
INFO: [ app_end ] --END-- [ RunTime:0.000851s ]

[ 2017-12-29T11:01:36+08:00 ] 127.0.0.1 /index.php?m=Gbook&a=findstudent
INFO: [ app_begin ] --START--
INFO: Run Behavior\ReadHtmlCacheBehavior [ RunTime:0.000621s ]
INFO: Run Common\Behavior\AppBeginBehavior [ RunTime:0.000830s ]
INFO: Run Wap\Behavior\WapBehavior [ RunTime:0.000589s ]
INFO: [ app_begin ] --END-- [ RunTime:0.002135s ]
INFO: [ app_end ] --START--
INFO: Run Behavior\ShowPageTraceBehavior [ RunTime:0.000617s ]
INFO: [ app_end ] --END-- [ RunTime:0.000673s ]

[ 2017-12-29T11:01:51+08:00 ] 127.0.0.1 /index.php?m=Gbook&a=findstudent
INFO: [ app_begin ] --START--
INFO: Run Behavior\ReadHtmlCacheBehavior [ RunTime:0.000607s ]
INFO: Run Common\Behavior\AppBeginBehavior [ RunTime:0.000923s ]
INFO: Run Wap\Behavior\WapBehavior [ RunTime:0.001041s ]
INFO: [ app_begin ] --END-- [ RunTime:0.002721s ]
INFO: [ app_end ] --START--
INFO: Run Behavior\ShowPageTraceBehavior [ RunTime:0.000588s ]
INFO: [ app_end ] --END-- [ RunTime:0.000634s ]

[ 2017-12-29T11:02:00+08:00 ] 127.0.0.1 /index.php?m=Gbook&a=findstudent
INFO: [ app_begin ] --START--
INFO: Run Behavior\ReadHtmlCacheBehavior [ RunTime:0.000828s ]
INFO: Run Common\Behavior\AppBeginBehavior [ RunTime:0.000947s ]
INFO: Run Wap\Behavior\WapBehavior [ RunTime:0.000646s ]
INFO: [ app_begin ] --END-- [ RunTime:0.002528s ]
INFO: [ app_end ] --START--
INFO: Run Behavior\ShowPageTraceBehavior [ RunTime:0.001758s ]
INFO: [ app_end ] --END-- [ RunTime:0.001915s ]

[ 2017-12-29T11:02:12+08:00 ] 127.0.0.1 /index.php?m=Gbook&a=findstudent
INFO: [ app_begin ] --START--
INFO: Run Behavior\ReadHtmlCacheBehavior [ RunTime:0.000898s ]
INFO: Run Common\Behavior\AppBeginBehavior [ RunTime:0.002420s ]
INFO: Run Wap\Behavior\WapBehavior [ RunTime:0.001020s ]
INFO: [ app_begin ] --END-- [ RunTime:0.004701s ]
INFO: [ app_end ] --START--
INFO: Run Behavior\ShowPageTraceBehavior [ RunTime:0.000575s ]
INFO: [ app_end ] --END-- [ RunTime:0.000673s ]

[ 2017-12-29T11:02:38+08:00 ] 127.0.0.1 /index.php?m=Gbook&a=findstudent
INFO: [ app_begin ] --START--
INFO: Run Behavior\ReadHtmlCacheBehavior [ RunTime:0.000603s ]
INFO: Run Common\Behavior\AppBeginBehavior [ RunTime:0.000970s ]
INFO: Run Wap\Behavior\WapBehavior [ RunTime:0.001531s ]
INFO: [ app_begin ] --END-- [ RunTime:0.003276s ]

[ 2017-12-29T11:02:48+08:00 ] 127.0.0.1 /index.php?m=Gbook&a=findstudent
INFO: [ app_begin ] --START--
INFO: Run Behavior\ReadHtmlCacheBehavior [ RunTime:0.001018s ]
INFO: Run Common\Behavior\AppBeginBehavior [ RunTime:0.001631s ]
INFO: Run Wap\Behavior\WapBehavior [ RunTime:0.000962s ]
INFO: [ app_begin ] --END-- [ RunTime:0.003825s ]

[ 2017-12-29T11:02:53+08:00 ] 127.0.0.1 /index.php?m=Gbook&a=findstudent
INFO: [ app_begin ] --START--
INFO: Run Behavior\ReadHtmlCacheBehavior [ RunTime:0.000822s ]
INFO: Run Common\Behavior\AppBeginBehavior [ RunTime:0.001376s ]
INFO: Run Wap\Behavior\WapBehavior [ RunTime:0.001807s ]
INFO: [ app_begin ] --END-- [ RunTime:0.004229s ]

[ 2017-12-29T11:02:54+08:00 ] 127.0.0.1 /index.php?m=Gbook&a=findstudent
INFO: [ app_begin ] --START--
INFO: Run Behavior\ReadHtmlCacheBehavior [ RunTime:0.000513s ]
INFO: Run Common\Behavior\AppBeginBehavior [ RunTime:0.000670s ]
INFO: Run Wap\Behavior\WapBehavior [ RunTime:0.000600s ]
INFO: [ app_begin ] --END-- [ RunTime:0.001889s ]

[ 2017-12-29T11:03:05+08:00 ] 127.0.0.1 /index.php
DEBUG: Content标签->lists：参数：catid= ,modelid= ,order=listorder DESC
SQL:SELECT * FROM `zf_content` WHERE `catid` IN ('2') AND `thumb` <> '' AND `status` = 99 ORDER BY listorder DESC LIMIT 5  

[ 2017-12-29T11:03:15+08:00 ] 127.0.0.1 /index.php?m=Gbook&a=findstudent
INFO: [ app_begin ] --START--
INFO: Run Behavior\ReadHtmlCacheBehavior [ RunTime:0.000536s ]
INFO: Run Common\Behavior\AppBeginBehavior [ RunTime:0.000789s ]
INFO: Run Wap\Behavior\WapBehavior [ RunTime:0.000530s ]
INFO: [ app_begin ] --END-- [ RunTime:0.001962s ]

[ 2017-12-29T11:18:37+08:00 ] 127.0.0.1 /index.php?m=Gbook&a=findstudent
INFO: [ app_begin ] --START--
INFO: Run Behavior\ReadHtmlCacheBehavior [ RunTime:0.000576s ]
INFO: Run Common\Behavior\AppBeginBehavior [ RunTime:0.002407s ]
INFO: Run Wap\Behavior\WapBehavior [ RunTime:0.000881s ]
INFO: [ app_begin ] --END-- [ RunTime:0.004034s ]
SQL: SHOW COLUMNS FROM `zf_content_student_data` [ RunTime:0.0069s ]
SQL: SELECT * FROM `zf_content_student_data` WHERE `uname` = '123' LIMIT 1   [ RunTime:0.0004s ]
INFO: [ app_end ] --START--
INFO: Run Behavior\ShowPageTraceBehavior [ RunTime:0.000787s ]
INFO: [ app_end ] --END-- [ RunTime:0.000816s ]

[ 2017-12-29T11:19:32+08:00 ] 127.0.0.1 /index.php?m=Gbook&a=findstudent
INFO: [ app_begin ] --START--
INFO: Run Behavior\ReadHtmlCacheBehavior [ RunTime:0.000697s ]
INFO: Run Common\Behavior\AppBeginBehavior [ RunTime:0.001294s ]
INFO: Run Wap\Behavior\WapBehavior [ RunTime:0.001452s ]
INFO: [ app_begin ] --END-- [ RunTime:0.003753s ]

[ 2017-12-29T11:19:40+08:00 ] 127.0.0.1 /index.php?m=Gbook&a=findstudent
INFO: [ app_begin ] --START--
INFO: Run Behavior\ReadHtmlCacheBehavior [ RunTime:0.000503s ]
INFO: Run Common\Behavior\AppBeginBehavior [ RunTime:0.000704s ]
INFO: Run Wap\Behavior\WapBehavior [ RunTime:0.000498s ]
INFO: [ app_begin ] --END-- [ RunTime:0.001783s ]
SQL: SHOW COLUMNS FROM `zf_content_student_data` [ RunTime:0.0078s ]
SQL: SELECT * FROM `zf_content_student_data` WHERE `uname` = '123' LIMIT 1   [ RunTime:0.0004s ]

[ 2017-12-29T11:21:32+08:00 ] 127.0.0.1 /index.php
DEBUG: Content标签->lists：参数：catid= ,modelid= ,order=listorder DESC
SQL:SELECT * FROM `zf_content` WHERE `catid` IN ('2') AND `thumb` <> '' AND `status` = 99 ORDER BY listorder DESC LIMIT 5  

[ 2017-12-29T11:21:40+08:00 ] 127.0.0.1 /index.php?m=Gbook&a=findstudent
INFO: [ app_begin ] --START--
INFO: Run Behavior\ReadHtmlCacheBehavior [ RunTime:0.000643s ]
INFO: Run Common\Behavior\AppBeginBehavior [ RunTime:0.000769s ]
INFO: Run Wap\Behavior\WapBehavior [ RunTime:0.000559s ]
INFO: [ app_begin ] --END-- [ RunTime:0.002075s ]
SQL: SHOW COLUMNS FROM `zf_content_student_data` [ RunTime:0.0106s ]
SQL: SELECT * FROM `zf_content_student_data` WHERE `uname` = '123' LIMIT 1   [ RunTime:0.0003s ]

[ 2017-12-29T11:21:57+08:00 ] 127.0.0.1 /index.php
DEBUG: Content标签->lists：参数：catid= ,modelid= ,order=listorder DESC
SQL:SELECT * FROM `zf_content` WHERE `catid` IN ('2') AND `thumb` <> '' AND `status` = 99 ORDER BY listorder DESC LIMIT 5  

[ 2017-12-29T11:22:05+08:00 ] 127.0.0.1 /index.php?m=Gbook&a=findstudent
INFO: [ app_begin ] --START--
INFO: Run Behavior\ReadHtmlCacheBehavior [ RunTime:0.000752s ]
INFO: Run Common\Behavior\AppBeginBehavior [ RunTime:0.000834s ]
INFO: Run Wap\Behavior\WapBehavior [ RunTime:0.000615s ]
INFO: [ app_begin ] --END-- [ RunTime:0.002339s ]
SQL: SHOW COLUMNS FROM `zf_content_student_data` [ RunTime:0.0087s ]
SQL: SELECT * FROM `zf_content_student_data` WHERE `uname` = '123' LIMIT 1   [ RunTime:0.0004s ]

[ 2017-12-29T11:22:12+08:00 ] 127.0.0.1 /index.php?m=Gbook&a=findstudent
INFO: [ app_begin ] --START--
INFO: Run Behavior\ReadHtmlCacheBehavior [ RunTime:0.000560s ]
INFO: Run Common\Behavior\AppBeginBehavior [ RunTime:0.000823s ]
INFO: Run Wap\Behavior\WapBehavior [ RunTime:0.000637s ]
INFO: [ app_begin ] --END-- [ RunTime:0.002113s ]

[ 2017-12-29T11:22:18+08:00 ] 127.0.0.1 /index.php?m=Gbook&a=findstudent
INFO: [ app_begin ] --START--
INFO: Run Behavior\ReadHtmlCacheBehavior [ RunTime:0.000535s ]
INFO: Run Common\Behavior\AppBeginBehavior [ RunTime:0.000709s ]
INFO: Run Wap\Behavior\WapBehavior [ RunTime:0.000536s ]
INFO: [ app_begin ] --END-- [ RunTime:0.001865s ]
SQL: SHOW COLUMNS FROM `zf_content_student_data` [ RunTime:0.0063s ]
SQL: SELECT * FROM `zf_content_student_data` WHERE `uname` = '123' LIMIT 1   [ RunTime:0.0004s ]

[ 2017-12-29T11:24:08+08:00 ] 127.0.0.1 /index.php
DEBUG: Content标签->lists：参数：catid= ,modelid= ,order=listorder DESC
SQL:SELECT * FROM `zf_content` WHERE `catid` IN ('2') AND `thumb` <> '' AND `status` = 99 ORDER BY listorder DESC LIMIT 5  

[ 2017-12-29T11:24:15+08:00 ] 127.0.0.1 /index.php?m=Gbook&a=findstudent
INFO: [ app_begin ] --START--
INFO: Run Behavior\ReadHtmlCacheBehavior [ RunTime:0.000508s ]
INFO: Run Common\Behavior\AppBeginBehavior [ RunTime:0.000987s ]
INFO: Run Wap\Behavior\WapBehavior [ RunTime:0.000548s ]
INFO: [ app_begin ] --END-- [ RunTime:0.002145s ]

[ 2017-12-29T11:24:29+08:00 ] 127.0.0.1 /index.php?m=Gbook&a=findstudent
INFO: [ app_begin ] --START--
INFO: Run Behavior\ReadHtmlCacheBehavior [ RunTime:0.000576s ]
INFO: Run Common\Behavior\AppBeginBehavior [ RunTime:0.000651s ]
INFO: Run Wap\Behavior\WapBehavior [ RunTime:0.000608s ]
INFO: [ app_begin ] --END-- [ RunTime:0.001932s ]
SQL: SHOW COLUMNS FROM `zf_content_student_data` [ RunTime:0.0078s ]
SQL: SELECT * FROM `zf_content_student_data` WHERE `uname` = '123' LIMIT 1   [ RunTime:0.0004s ]

[ 2017-12-29T11:25:05+08:00 ] 127.0.0.1 /index.php?m=indexa=shows&catid=3&id=18
ERR: 无法加载控制器:Indexa=shows

[ 2017-12-29T11:25:46+08:00 ] 127.0.0.1 /index.php
DEBUG: Content标签->lists：参数：catid= ,modelid= ,order=listorder DESC
SQL:SELECT * FROM `zf_content` WHERE `catid` IN ('2') AND `thumb` <> '' AND `status` = 99 ORDER BY listorder DESC LIMIT 5  

[ 2017-12-29T11:25:54+08:00 ] 127.0.0.1 /index.php?m=Gbook&a=findstudent
INFO: [ app_begin ] --START--
INFO: Run Behavior\ReadHtmlCacheBehavior [ RunTime:0.001831s ]
INFO: Run Common\Behavior\AppBeginBehavior [ RunTime:0.001074s ]
INFO: Run Wap\Behavior\WapBehavior [ RunTime:0.000535s ]
INFO: [ app_begin ] --END-- [ RunTime:0.003628s ]
SQL: SHOW COLUMNS FROM `zf_content_student_data` [ RunTime:0.0066s ]
SQL: SELECT * FROM `zf_content_student_data` WHERE `uname` = '123' LIMIT 1   [ RunTime:0.0004s ]

[ 2017-12-29T11:27:13+08:00 ] 127.0.0.1 /index.php
DEBUG: Content标签->lists：参数：catid= ,modelid= ,order=listorder DESC
SQL:SELECT * FROM `zf_content` WHERE `catid` IN ('2') AND `thumb` <> '' AND `status` = 99 ORDER BY listorder DESC LIMIT 5  

[ 2017-12-29T11:27:21+08:00 ] 127.0.0.1 /index.php?m=Gbook&a=findstudent
INFO: [ app_begin ] --START--
INFO: Run Behavior\ReadHtmlCacheBehavior [ RunTime:0.001897s ]
INFO: Run Common\Behavior\AppBeginBehavior [ RunTime:0.001354s ]
INFO: Run Wap\Behavior\WapBehavior [ RunTime:0.000668s ]
INFO: [ app_begin ] --END-- [ RunTime:0.004137s ]
SQL: SHOW COLUMNS FROM `zf_content_student_data` [ RunTime:0.0071s ]
SQL: SELECT * FROM `zf_content_student_data` WHERE `uname` = '123' LIMIT 1   [ RunTime:0.0003s ]

[ 2017-12-29T13:50:14+08:00 ] 127.0.0.1 /index.php
DEBUG: Content标签->lists：参数：catid= ,modelid= ,order=listorder DESC
SQL:SELECT * FROM `zf_content` WHERE `catid` IN ('2') AND `thumb` <> '' AND `status` = 99 ORDER BY listorder DESC LIMIT 5  

[ 2017-12-29T16:40:02+08:00 ] 127.0.0.1 /index.php
DEBUG: Content标签->lists：参数：catid= ,modelid= ,order=listorder DESC
SQL:SELECT * FROM `zf_content` WHERE `catid` IN ('2') AND `thumb` <> '' AND `status` = 99 ORDER BY listorder DESC LIMIT 5  

[ 2017-12-29T16:45:55+08:00 ] 127.0.0.1 /index.php
DEBUG: Content标签->lists：参数：catid= ,modelid= ,order=listorder DESC
SQL:SELECT * FROM `zf_content` WHERE `catid` IN ('2') AND `thumb` <> '' AND `status` = 99 ORDER BY listorder DESC LIMIT 5  

[ 2017-12-29T16:45:56+08:00 ] 127.0.0.1 /index.php
DEBUG: Content标签->lists：参数：catid= ,modelid= ,order=listorder DESC
SQL:SELECT * FROM `zf_content` WHERE `catid` IN ('2') AND `thumb` <> '' AND `status` = 99 ORDER BY listorder DESC LIMIT 5  

